[0.465s] DEBUG:colcon:Command line arguments: ['/usr/bin/colcon', 'build']
[0.465s] DEBUG:colcon:Parsed command line arguments: Namespace(log_base=None, log_level=None, verb_name='build', build_base='build', install_base='install', merge_install=False, symlink_install=False, test_result_base=None, continue_on_error=False, executor='parallel', parallel_workers=4, event_handlers=None, ignore_user_meta=False, metas=['./colcon.meta'], base_paths=['.'], packages_ignore=None, packages_ignore_regex=None, paths=None, packages_up_to=None, packages_up_to_regex=None, packages_above=None, packages_above_and_dependencies=None, packages_above_depth=None, packages_select_by_dep=None, packages_skip_by_dep=None, packages_skip_up_to=None, packages_select_build_failed=False, packages_skip_build_finished=False, packages_select_test_failures=False, packages_skip_test_passed=False, packages_select=None, packages_skip=None, packages_select_regex=None, packages_skip_regex=None, packages_start=None, packages_end=None, allow_overriding=[], cmake_args=None, cmake_target=None, cmake_target_skip_unavailable=False, cmake_clean_cache=False, cmake_clean_first=False, cmake_force_configure=False, ament_cmake_args=None, catkin_cmake_args=None, catkin_skip_building_tests=False, verb_parser=<colcon_defaults.argument_parser.defaults.DefaultArgumentsDecorator object at 0xffff80073f70>, verb_extension=<colcon_core.verb.build.BuildVerb object at 0xffff801b15a0>, main=<bound method BuildVerb.main of <colcon_core.verb.build.BuildVerb object at 0xffff801b15a0>>)
[1.268s] Level 1:colcon.colcon_core.package_discovery:discover_packages(colcon_meta) check parameters
[1.269s] Level 1:colcon.colcon_core.package_discovery:discover_packages(recursive) check parameters
[1.269s] Level 1:colcon.colcon_core.package_discovery:discover_packages(ignore) check parameters
[1.269s] Level 1:colcon.colcon_core.package_discovery:discover_packages(path) check parameters
[1.269s] Level 1:colcon.colcon_core.package_discovery:discover_packages(colcon_meta) discover
[1.270s] Level 1:colcon.colcon_core.package_discovery:discover_packages(recursive) discover
[1.270s] INFO:colcon.colcon_core.package_discovery:Crawling recursively for packages in '/home/ubuntu/dualshock'
[1.270s] Level 1:colcon.colcon_core.package_identification:_identify(.) by extensions ['ignore', 'ignore_ament_install']
[1.271s] Level 1:colcon.colcon_core.package_identification:_identify(.) by extension 'ignore'
[1.271s] Level 1:colcon.colcon_core.package_identification:_identify(.) by extension 'ignore_ament_install'
[1.272s] Level 1:colcon.colcon_core.package_identification:_identify(.) by extensions ['colcon_pkg']
[1.272s] Level 1:colcon.colcon_core.package_identification:_identify(.) by extension 'colcon_pkg'
[1.272s] Level 1:colcon.colcon_core.package_identification:_identify(.) by extensions ['colcon_meta']
[1.272s] Level 1:colcon.colcon_core.package_identification:_identify(.) by extension 'colcon_meta'
[1.272s] Level 1:colcon.colcon_core.package_identification:_identify(.) by extensions ['ros']
[1.273s] Level 1:colcon.colcon_core.package_identification:_identify(.) by extension 'ros'
[1.318s] Level 1:colcon.colcon_core.package_identification:_identify(.) by extensions ['cmake', 'python']
[1.319s] Level 1:colcon.colcon_core.package_identification:_identify(.) by extension 'cmake'
[1.319s] Level 1:colcon.colcon_core.package_identification:_identify(.) by extension 'python'
[1.319s] Level 1:colcon.colcon_core.package_identification:_identify(.) by extensions ['python_setup_py']
[1.319s] Level 1:colcon.colcon_core.package_identification:_identify(.) by extension 'python_setup_py'
[1.320s] Level 1:colcon.colcon_core.package_identification:_identify(build) by extensions ['ignore', 'ignore_ament_install']
[1.325s] Level 1:colcon.colcon_core.package_identification:_identify(build) by extension 'ignore'
[1.325s] Level 1:colcon.colcon_core.package_identification:_identify(build) ignored
[1.326s] Level 1:colcon.colcon_core.package_identification:_identify(install) by extensions ['ignore', 'ignore_ament_install']
[1.327s] Level 1:colcon.colcon_core.package_identification:_identify(install) by extension 'ignore'
[1.327s] Level 1:colcon.colcon_core.package_identification:_identify(install) ignored
[1.328s] Level 1:colcon.colcon_core.package_identification:_identify(log) by extensions ['ignore', 'ignore_ament_install']
[1.329s] Level 1:colcon.colcon_core.package_identification:_identify(log) by extension 'ignore'
[1.329s] Level 1:colcon.colcon_core.package_identification:_identify(log) ignored
[1.330s] Level 1:colcon.colcon_core.package_identification:_identify(src) by extensions ['ignore', 'ignore_ament_install']
[1.330s] Level 1:colcon.colcon_core.package_identification:_identify(src) by extension 'ignore'
[1.330s] Level 1:colcon.colcon_core.package_identification:_identify(src) by extension 'ignore_ament_install'
[1.331s] Level 1:colcon.colcon_core.package_identification:_identify(src) by extensions ['colcon_pkg']
[1.331s] Level 1:colcon.colcon_core.package_identification:_identify(src) by extension 'colcon_pkg'
[1.331s] Level 1:colcon.colcon_core.package_identification:_identify(src) by extensions ['colcon_meta']
[1.331s] Level 1:colcon.colcon_core.package_identification:_identify(src) by extension 'colcon_meta'
[1.331s] Level 1:colcon.colcon_core.package_identification:_identify(src) by extensions ['ros']
[1.332s] Level 1:colcon.colcon_core.package_identification:_identify(src) by extension 'ros'
[1.332s] Level 1:colcon.colcon_core.package_identification:_identify(src) by extensions ['cmake', 'python']
[1.332s] Level 1:colcon.colcon_core.package_identification:_identify(src) by extension 'cmake'
[1.332s] Level 1:colcon.colcon_core.package_identification:_identify(src) by extension 'python'
[1.332s] Level 1:colcon.colcon_core.package_identification:_identify(src) by extensions ['python_setup_py']
[1.333s] Level 1:colcon.colcon_core.package_identification:_identify(src) by extension 'python_setup_py'
[1.333s] Level 1:colcon.colcon_core.package_identification:_identify(src/ds4_driver) by extensions ['ignore', 'ignore_ament_install']
[1.333s] Level 1:colcon.colcon_core.package_identification:_identify(src/ds4_driver) by extension 'ignore'
[1.334s] Level 1:colcon.colcon_core.package_identification:_identify(src/ds4_driver) by extension 'ignore_ament_install'
[1.334s] Level 1:colcon.colcon_core.package_identification:_identify(src/ds4_driver) by extensions ['colcon_pkg']
[1.334s] Level 1:colcon.colcon_core.package_identification:_identify(src/ds4_driver) by extension 'colcon_pkg'
[1.334s] Level 1:colcon.colcon_core.package_identification:_identify(src/ds4_driver) by extensions ['colcon_meta']
[1.334s] Level 1:colcon.colcon_core.package_identification:_identify(src/ds4_driver) by extension 'colcon_meta'
[1.335s] Level 1:colcon.colcon_core.package_identification:_identify(src/ds4_driver) by extensions ['ros']
[1.335s] Level 1:colcon.colcon_core.package_identification:_identify(src/ds4_driver) by extension 'ros'
[1.335s] Level 1:colcon.colcon_core.package_identification:_identify(src/ds4_driver) by extensions ['cmake', 'python']
[1.335s] Level 1:colcon.colcon_core.package_identification:_identify(src/ds4_driver) by extension 'cmake'
[1.335s] Level 1:colcon.colcon_core.package_identification:_identify(src/ds4_driver) by extension 'python'
[1.336s] Level 1:colcon.colcon_core.package_identification:_identify(src/ds4_driver) by extensions ['python_setup_py']
[1.336s] Level 1:colcon.colcon_core.package_identification:_identify(src/ds4_driver) by extension 'python_setup_py'
[1.336s] Level 1:colcon.colcon_core.package_identification:_identify(src/ds4_driver/docker) by extensions ['ignore', 'ignore_ament_install']
[1.337s] Level 1:colcon.colcon_core.package_identification:_identify(src/ds4_driver/docker) by extension 'ignore'
[1.337s] Level 1:colcon.colcon_core.package_identification:_identify(src/ds4_driver/docker) by extension 'ignore_ament_install'
[1.337s] Level 1:colcon.colcon_core.package_identification:_identify(src/ds4_driver/docker) by extensions ['colcon_pkg']
[1.337s] Level 1:colcon.colcon_core.package_identification:_identify(src/ds4_driver/docker) by extension 'colcon_pkg'
[1.338s] Level 1:colcon.colcon_core.package_identification:_identify(src/ds4_driver/docker) by extensions ['colcon_meta']
[1.338s] Level 1:colcon.colcon_core.package_identification:_identify(src/ds4_driver/docker) by extension 'colcon_meta'
[1.338s] Level 1:colcon.colcon_core.package_identification:_identify(src/ds4_driver/docker) by extensions ['ros']
[1.338s] Level 1:colcon.colcon_core.package_identification:_identify(src/ds4_driver/docker) by extension 'ros'
[1.338s] Level 1:colcon.colcon_core.package_identification:_identify(src/ds4_driver/docker) by extensions ['cmake', 'python']
[1.339s] Level 1:colcon.colcon_core.package_identification:_identify(src/ds4_driver/docker) by extension 'cmake'
[1.339s] Level 1:colcon.colcon_core.package_identification:_identify(src/ds4_driver/docker) by extension 'python'
[1.339s] Level 1:colcon.colcon_core.package_identification:_identify(src/ds4_driver/docker) by extensions ['python_setup_py']
[1.339s] Level 1:colcon.colcon_core.package_identification:_identify(src/ds4_driver/docker) by extension 'python_setup_py'
[1.340s] Level 1:colcon.colcon_core.package_identification:_identify(src/ds4_driver/ds4_driver) by extensions ['ignore', 'ignore_ament_install']
[1.340s] Level 1:colcon.colcon_core.package_identification:_identify(src/ds4_driver/ds4_driver) by extension 'ignore'
[1.340s] Level 1:colcon.colcon_core.package_identification:_identify(src/ds4_driver/ds4_driver) by extension 'ignore_ament_install'
[1.340s] Level 1:colcon.colcon_core.package_identification:_identify(src/ds4_driver/ds4_driver) by extensions ['colcon_pkg']
[1.341s] Level 1:colcon.colcon_core.package_identification:_identify(src/ds4_driver/ds4_driver) by extension 'colcon_pkg'
[1.341s] Level 1:colcon.colcon_core.package_identification:_identify(src/ds4_driver/ds4_driver) by extensions ['colcon_meta']
[1.341s] Level 1:colcon.colcon_core.package_identification:_identify(src/ds4_driver/ds4_driver) by extension 'colcon_meta'
[1.341s] Level 1:colcon.colcon_core.package_identification:_identify(src/ds4_driver/ds4_driver) by extensions ['ros']
[1.342s] Level 1:colcon.colcon_core.package_identification:_identify(src/ds4_driver/ds4_driver) by extension 'ros'
[1.351s] DEBUG:colcon.colcon_core.package_identification:Package 'src/ds4_driver/ds4_driver' with type 'ros.ament_cmake' and name 'ds4_driver'
[1.352s] Level 1:colcon.colcon_core.package_identification:_identify(src/ds4_driver/ds4_driver_msgs) by extensions ['ignore', 'ignore_ament_install']
[1.352s] Level 1:colcon.colcon_core.package_identification:_identify(src/ds4_driver/ds4_driver_msgs) by extension 'ignore'
[1.353s] Level 1:colcon.colcon_core.package_identification:_identify(src/ds4_driver/ds4_driver_msgs) by extension 'ignore_ament_install'
[1.353s] Level 1:colcon.colcon_core.package_identification:_identify(src/ds4_driver/ds4_driver_msgs) by extensions ['colcon_pkg']
[1.353s] Level 1:colcon.colcon_core.package_identification:_identify(src/ds4_driver/ds4_driver_msgs) by extension 'colcon_pkg'
[1.353s] Level 1:colcon.colcon_core.package_identification:_identify(src/ds4_driver/ds4_driver_msgs) by extensions ['colcon_meta']
[1.353s] Level 1:colcon.colcon_core.package_identification:_identify(src/ds4_driver/ds4_driver_msgs) by extension 'colcon_meta'
[1.353s] Level 1:colcon.colcon_core.package_identification:_identify(src/ds4_driver/ds4_driver_msgs) by extensions ['ros']
[1.354s] Level 1:colcon.colcon_core.package_identification:_identify(src/ds4_driver/ds4_driver_msgs) by extension 'ros'
[1.356s] DEBUG:colcon.colcon_core.package_identification:Package 'src/ds4_driver/ds4_driver_msgs' with type 'ros.ament_cmake' and name 'ds4_driver_msgs'
[1.357s] Level 1:colcon.colcon_core.package_discovery:discover_packages(recursive) using defaults
[1.357s] Level 1:colcon.colcon_core.package_discovery:discover_packages(ignore) discover
[1.358s] Level 1:colcon.colcon_core.package_discovery:discover_packages(ignore) using defaults
[1.358s] Level 1:colcon.colcon_core.package_discovery:discover_packages(path) discover
[1.358s] Level 1:colcon.colcon_core.package_discovery:discover_packages(path) using defaults
[1.435s] Level 1:colcon.colcon_core.package_discovery:discover_packages(prefix_path) check parameters
[1.436s] Level 1:colcon.colcon_core.package_discovery:discover_packages(prefix_path) discover
[1.445s] DEBUG:colcon.colcon_installed_package_information.package_discovery:Found 2 installed packages in /home/ubuntu/dualshock/install
[1.454s] DEBUG:colcon.colcon_installed_package_information.package_discovery:Found 271 installed packages in /opt/ros/humble
[1.460s] Level 1:colcon.colcon_core.package_discovery:discover_packages(prefix_path) using defaults
[1.671s] Level 5:colcon.colcon_core.verb:set package 'ds4_driver_msgs' build argument 'cmake_args' from command line to 'None'
[1.672s] Level 5:colcon.colcon_core.verb:set package 'ds4_driver_msgs' build argument 'cmake_target' from command line to 'None'
[1.672s] Level 5:colcon.colcon_core.verb:set package 'ds4_driver_msgs' build argument 'cmake_target_skip_unavailable' from command line to 'False'
[1.672s] Level 5:colcon.colcon_core.verb:set package 'ds4_driver_msgs' build argument 'cmake_clean_cache' from command line to 'False'
[1.672s] Level 5:colcon.colcon_core.verb:set package 'ds4_driver_msgs' build argument 'cmake_clean_first' from command line to 'False'
[1.672s] Level 5:colcon.colcon_core.verb:set package 'ds4_driver_msgs' build argument 'cmake_force_configure' from command line to 'False'
[1.672s] Level 5:colcon.colcon_core.verb:set package 'ds4_driver_msgs' build argument 'ament_cmake_args' from command line to 'None'
[1.672s] Level 5:colcon.colcon_core.verb:set package 'ds4_driver_msgs' build argument 'catkin_cmake_args' from command line to 'None'
[1.673s] Level 5:colcon.colcon_core.verb:set package 'ds4_driver_msgs' build argument 'catkin_skip_building_tests' from command line to 'False'
[1.673s] DEBUG:colcon.colcon_core.verb:Building package 'ds4_driver_msgs' with the following arguments: {'ament_cmake_args': None, 'build_base': '/home/ubuntu/dualshock/build/ds4_driver_msgs', 'catkin_cmake_args': None, 'catkin_skip_building_tests': False, 'cmake_args': None, 'cmake_clean_cache': False, 'cmake_clean_first': False, 'cmake_force_configure': False, 'cmake_target': None, 'cmake_target_skip_unavailable': False, 'install_base': '/home/ubuntu/dualshock/install/ds4_driver_msgs', 'merge_install': False, 'path': '/home/ubuntu/dualshock/src/ds4_driver/ds4_driver_msgs', 'symlink_install': False, 'test_result_base': None}
[1.674s] Level 5:colcon.colcon_core.verb:set package 'ds4_driver' build argument 'cmake_args' from command line to 'None'
[1.674s] Level 5:colcon.colcon_core.verb:set package 'ds4_driver' build argument 'cmake_target' from command line to 'None'
[1.674s] Level 5:colcon.colcon_core.verb:set package 'ds4_driver' build argument 'cmake_target_skip_unavailable' from command line to 'False'
[1.675s] Level 5:colcon.colcon_core.verb:set package 'ds4_driver' build argument 'cmake_clean_cache' from command line to 'False'
[1.675s] Level 5:colcon.colcon_core.verb:set package 'ds4_driver' build argument 'cmake_clean_first' from command line to 'False'
[1.675s] Level 5:colcon.colcon_core.verb:set package 'ds4_driver' build argument 'cmake_force_configure' from command line to 'False'
[1.675s] Level 5:colcon.colcon_core.verb:set package 'ds4_driver' build argument 'ament_cmake_args' from command line to 'None'
[1.675s] Level 5:colcon.colcon_core.verb:set package 'ds4_driver' build argument 'catkin_cmake_args' from command line to 'None'
[1.675s] Level 5:colcon.colcon_core.verb:set package 'ds4_driver' build argument 'catkin_skip_building_tests' from command line to 'False'
[1.675s] DEBUG:colcon.colcon_core.verb:Building package 'ds4_driver' with the following arguments: {'ament_cmake_args': None, 'build_base': '/home/ubuntu/dualshock/build/ds4_driver', 'catkin_cmake_args': None, 'catkin_skip_building_tests': False, 'cmake_args': None, 'cmake_clean_cache': False, 'cmake_clean_first': False, 'cmake_force_configure': False, 'cmake_target': None, 'cmake_target_skip_unavailable': False, 'install_base': '/home/ubuntu/dualshock/install/ds4_driver', 'merge_install': False, 'path': '/home/ubuntu/dualshock/src/ds4_driver/ds4_driver', 'symlink_install': False, 'test_result_base': None}
[1.676s] INFO:colcon.colcon_core.executor:Executing jobs using 'parallel' executor
[1.680s] DEBUG:colcon.colcon_parallel_executor.executor.parallel:run_until_complete
[1.681s] INFO:colcon.colcon_ros.task.ament_cmake.build:Building ROS package in '/home/ubuntu/dualshock/src/ds4_driver/ds4_driver_msgs' with build type 'ament_cmake'
[1.681s] INFO:colcon.colcon_cmake.task.cmake.build:Building CMake package in '/home/ubuntu/dualshock/src/ds4_driver/ds4_driver_msgs'
[1.691s] INFO:colcon.colcon_core.plugin_system:Skipping extension 'colcon_core.shell.bat': Not used on non-Windows systems
[1.692s] INFO:colcon.colcon_core.shell:Skip shell extension 'powershell' for command environment: Not usable outside of PowerShell
[1.692s] DEBUG:colcon.colcon_core.shell:Skip shell extension 'dsv' for command environment
[1.732s] DEBUG:colcon.colcon_core.event_handler.log_command:Invoking command in '/home/ubuntu/dualshock/build/ds4_driver_msgs': CMAKE_PREFIX_PATH=${CMAKE_PREFIX_PATH}:/opt/ros/humble /usr/bin/cmake --build /home/ubuntu/dualshock/build/ds4_driver_msgs -- -j4 -l4
[3.623s] DEBUG:colcon.colcon_core.event_handler.log_command:Invoked command in '/home/ubuntu/dualshock/build/ds4_driver_msgs' returned '0': CMAKE_PREFIX_PATH=${CMAKE_PREFIX_PATH}:/opt/ros/humble /usr/bin/cmake --build /home/ubuntu/dualshock/build/ds4_driver_msgs -- -j4 -l4
[4.399s] DEBUG:colcon.colcon_core.event_handler.log_command:Invoking command in '/home/ubuntu/dualshock/build/ds4_driver_msgs': CMAKE_PREFIX_PATH=${CMAKE_PREFIX_PATH}:/opt/ros/humble /usr/bin/cmake --install /home/ubuntu/dualshock/build/ds4_driver_msgs
[4.708s] Level 1:colcon.colcon_core.environment:create_environment_scripts_only(ds4_driver_msgs)
[4.710s] DEBUG:colcon.colcon_core.event_handler.log_command:Invoked command in '/home/ubuntu/dualshock/build/ds4_driver_msgs' returned '0': CMAKE_PREFIX_PATH=${CMAKE_PREFIX_PATH}:/opt/ros/humble /usr/bin/cmake --install /home/ubuntu/dualshock/build/ds4_driver_msgs
[4.721s] Level 1:colcon.colcon_core.environment:checking '/home/ubuntu/dualshock/install/ds4_driver_msgs' for CMake module files
[4.725s] Level 1:colcon.colcon_core.environment:checking '/home/ubuntu/dualshock/install/ds4_driver_msgs' for CMake config files
[4.730s] Level 1:colcon.colcon_core.shell:create_environment_hook('ds4_driver_msgs', 'cmake_prefix_path')
[4.731s] INFO:colcon.colcon_core.shell:Creating environment hook '/home/ubuntu/dualshock/install/ds4_driver_msgs/share/ds4_driver_msgs/hook/cmake_prefix_path.ps1'
[4.733s] INFO:colcon.colcon_core.shell:Creating environment descriptor '/home/ubuntu/dualshock/install/ds4_driver_msgs/share/ds4_driver_msgs/hook/cmake_prefix_path.dsv'
[4.735s] INFO:colcon.colcon_core.shell:Creating environment hook '/home/ubuntu/dualshock/install/ds4_driver_msgs/share/ds4_driver_msgs/hook/cmake_prefix_path.sh'
[4.740s] Level 1:colcon.colcon_core.environment:checking '/home/ubuntu/dualshock/install/ds4_driver_msgs/lib'
[4.741s] Level 1:colcon.colcon_core.shell:create_environment_hook('ds4_driver_msgs', 'ld_library_path_lib')
[4.741s] INFO:colcon.colcon_core.shell:Creating environment hook '/home/ubuntu/dualshock/install/ds4_driver_msgs/share/ds4_driver_msgs/hook/ld_library_path_lib.ps1'
[4.743s] INFO:colcon.colcon_core.shell:Creating environment descriptor '/home/ubuntu/dualshock/install/ds4_driver_msgs/share/ds4_driver_msgs/hook/ld_library_path_lib.dsv'
[4.746s] INFO:colcon.colcon_core.shell:Creating environment hook '/home/ubuntu/dualshock/install/ds4_driver_msgs/share/ds4_driver_msgs/hook/ld_library_path_lib.sh'
[4.748s] Level 1:colcon.colcon_core.environment:checking '/home/ubuntu/dualshock/install/ds4_driver_msgs/bin'
[4.748s] Level 1:colcon.colcon_core.environment:checking '/home/ubuntu/dualshock/install/ds4_driver_msgs/lib/pkgconfig/ds4_driver_msgs.pc'
[4.750s] Level 1:colcon.colcon_core.environment:checking '/home/ubuntu/dualshock/install/ds4_driver_msgs/lib/python3.10/site-packages'
[4.751s] Level 1:colcon.colcon_core.environment:checking '/home/ubuntu/dualshock/install/ds4_driver_msgs/bin'
[4.752s] INFO:colcon.colcon_core.shell:Creating package script '/home/ubuntu/dualshock/install/ds4_driver_msgs/share/ds4_driver_msgs/package.ps1'
[4.756s] INFO:colcon.colcon_core.shell:Creating package descriptor '/home/ubuntu/dualshock/install/ds4_driver_msgs/share/ds4_driver_msgs/package.dsv'
[4.759s] INFO:colcon.colcon_core.shell:Creating package script '/home/ubuntu/dualshock/install/ds4_driver_msgs/share/ds4_driver_msgs/package.sh'
[4.762s] INFO:colcon.colcon_core.shell:Creating package script '/home/ubuntu/dualshock/install/ds4_driver_msgs/share/ds4_driver_msgs/package.bash'
[4.766s] INFO:colcon.colcon_core.shell:Creating package script '/home/ubuntu/dualshock/install/ds4_driver_msgs/share/ds4_driver_msgs/package.zsh'
[4.769s] Level 1:colcon.colcon_core.environment:create_file_with_runtime_dependencies(/home/ubuntu/dualshock/install/ds4_driver_msgs/share/colcon-core/packages/ds4_driver_msgs)
[5.427s] Level 1:colcon.colcon_core.environment:create_environment_scripts_only(ds4_driver_msgs)
[5.428s] Level 1:colcon.colcon_core.environment:checking '/home/ubuntu/dualshock/install/ds4_driver_msgs' for CMake module files
[5.433s] Level 1:colcon.colcon_core.environment:checking '/home/ubuntu/dualshock/install/ds4_driver_msgs' for CMake config files
[5.439s] Level 1:colcon.colcon_core.shell:create_environment_hook('ds4_driver_msgs', 'cmake_prefix_path')
[5.440s] INFO:colcon.colcon_core.shell:Creating environment hook '/home/ubuntu/dualshock/install/ds4_driver_msgs/share/ds4_driver_msgs/hook/cmake_prefix_path.ps1'
[5.442s] INFO:colcon.colcon_core.shell:Creating environment descriptor '/home/ubuntu/dualshock/install/ds4_driver_msgs/share/ds4_driver_msgs/hook/cmake_prefix_path.dsv'
[5.444s] INFO:colcon.colcon_core.shell:Creating environment hook '/home/ubuntu/dualshock/install/ds4_driver_msgs/share/ds4_driver_msgs/hook/cmake_prefix_path.sh'
[5.447s] Level 1:colcon.colcon_core.environment:checking '/home/ubuntu/dualshock/install/ds4_driver_msgs/lib'
[5.448s] Level 1:colcon.colcon_core.shell:create_environment_hook('ds4_driver_msgs', 'ld_library_path_lib')
[5.449s] INFO:colcon.colcon_core.shell:Creating environment hook '/home/ubuntu/dualshock/install/ds4_driver_msgs/share/ds4_driver_msgs/hook/ld_library_path_lib.ps1'
[5.451s] INFO:colcon.colcon_core.shell:Creating environment descriptor '/home/ubuntu/dualshock/install/ds4_driver_msgs/share/ds4_driver_msgs/hook/ld_library_path_lib.dsv'
[5.453s] INFO:colcon.colcon_core.shell:Creating environment hook '/home/ubuntu/dualshock/install/ds4_driver_msgs/share/ds4_driver_msgs/hook/ld_library_path_lib.sh'
[5.456s] Level 1:colcon.colcon_core.environment:checking '/home/ubuntu/dualshock/install/ds4_driver_msgs/bin'
[5.456s] Level 1:colcon.colcon_core.environment:checking '/home/ubuntu/dualshock/install/ds4_driver_msgs/lib/pkgconfig/ds4_driver_msgs.pc'
[5.457s] Level 1:colcon.colcon_core.environment:checking '/home/ubuntu/dualshock/install/ds4_driver_msgs/lib/python3.10/site-packages'
[5.458s] Level 1:colcon.colcon_core.environment:checking '/home/ubuntu/dualshock/install/ds4_driver_msgs/bin'
[5.460s] INFO:colcon.colcon_core.shell:Creating package script '/home/ubuntu/dualshock/install/ds4_driver_msgs/share/ds4_driver_msgs/package.ps1'
[5.463s] INFO:colcon.colcon_core.shell:Creating package descriptor '/home/ubuntu/dualshock/install/ds4_driver_msgs/share/ds4_driver_msgs/package.dsv'
[5.466s] INFO:colcon.colcon_core.shell:Creating package script '/home/ubuntu/dualshock/install/ds4_driver_msgs/share/ds4_driver_msgs/package.sh'
[5.469s] INFO:colcon.colcon_core.shell:Creating package script '/home/ubuntu/dualshock/install/ds4_driver_msgs/share/ds4_driver_msgs/package.bash'
[5.471s] INFO:colcon.colcon_core.shell:Creating package script '/home/ubuntu/dualshock/install/ds4_driver_msgs/share/ds4_driver_msgs/package.zsh'
[5.474s] Level 1:colcon.colcon_core.environment:create_file_with_runtime_dependencies(/home/ubuntu/dualshock/install/ds4_driver_msgs/share/colcon-core/packages/ds4_driver_msgs)
[5.478s] INFO:colcon.colcon_ros.task.ament_cmake.build:Building ROS package in '/home/ubuntu/dualshock/src/ds4_driver/ds4_driver' with build type 'ament_cmake'
[5.479s] INFO:colcon.colcon_cmake.task.cmake.build:Building CMake package in '/home/ubuntu/dualshock/src/ds4_driver/ds4_driver'
[5.480s] INFO:colcon.colcon_core.shell:Skip shell extension 'powershell' for command environment: Not usable outside of PowerShell
[5.480s] DEBUG:colcon.colcon_core.shell:Skip shell extension 'dsv' for command environment
[5.532s] DEBUG:colcon.colcon_core.event_handler.log_command:Invoking command in '/home/ubuntu/dualshock/build/ds4_driver': CMAKE_PREFIX_PATH=/home/ubuntu/dualshock/install/ds4_driver_msgs:/home/ubuntu/dualshock/install/ds4_driver:/opt/ros/humble /usr/bin/cmake --build /home/ubuntu/dualshock/build/ds4_driver -- -j4 -l4
[7.955s] DEBUG:colcon.colcon_core.event_handler.log_command:Invoked command in '/home/ubuntu/dualshock/build/ds4_driver' returned '0': CMAKE_PREFIX_PATH=/home/ubuntu/dualshock/install/ds4_driver_msgs:/home/ubuntu/dualshock/install/ds4_driver:/opt/ros/humble /usr/bin/cmake --build /home/ubuntu/dualshock/build/ds4_driver -- -j4 -l4
[8.193s] DEBUG:colcon.colcon_core.event_handler.log_command:Invoking command in '/home/ubuntu/dualshock/build/ds4_driver': CMAKE_PREFIX_PATH=/home/ubuntu/dualshock/install/ds4_driver_msgs:/home/ubuntu/dualshock/install/ds4_driver:/opt/ros/humble /usr/bin/cmake --install /home/ubuntu/dualshock/build/ds4_driver
[8.557s] Level 1:colcon.colcon_core.environment:create_environment_scripts_only(ds4_driver)
[8.559s] Level 1:colcon.colcon_core.environment:checking '/home/ubuntu/dualshock/install/ds4_driver' for CMake module files
[8.568s] DEBUG:colcon.colcon_core.event_handler.log_command:Invoked command in '/home/ubuntu/dualshock/build/ds4_driver' returned '0': CMAKE_PREFIX_PATH=/home/ubuntu/dualshock/install/ds4_driver_msgs:/home/ubuntu/dualshock/install/ds4_driver:/opt/ros/humble /usr/bin/cmake --install /home/ubuntu/dualshock/build/ds4_driver
[8.569s] Level 1:colcon.colcon_core.environment:checking '/home/ubuntu/dualshock/install/ds4_driver' for CMake config files
[8.574s] Level 1:colcon.colcon_core.shell:create_environment_hook('ds4_driver', 'cmake_prefix_path')
[8.576s] INFO:colcon.colcon_core.shell:Creating environment hook '/home/ubuntu/dualshock/install/ds4_driver/share/ds4_driver/hook/cmake_prefix_path.ps1'
[8.578s] INFO:colcon.colcon_core.shell:Creating environment descriptor '/home/ubuntu/dualshock/install/ds4_driver/share/ds4_driver/hook/cmake_prefix_path.dsv'
[8.581s] INFO:colcon.colcon_core.shell:Creating environment hook '/home/ubuntu/dualshock/install/ds4_driver/share/ds4_driver/hook/cmake_prefix_path.sh'
[8.588s] Level 1:colcon.colcon_core.environment:checking '/home/ubuntu/dualshock/install/ds4_driver/lib'
[8.589s] Level 1:colcon.colcon_core.environment:checking '/home/ubuntu/dualshock/install/ds4_driver/bin'
[8.589s] Level 1:colcon.colcon_core.environment:checking '/home/ubuntu/dualshock/install/ds4_driver/lib/pkgconfig/ds4_driver.pc'
[8.591s] Level 1:colcon.colcon_core.environment:checking '/home/ubuntu/dualshock/install/ds4_driver/lib/python3.10/site-packages'
[8.592s] Level 1:colcon.colcon_core.environment:checking '/home/ubuntu/dualshock/install/ds4_driver/bin'
[8.595s] INFO:colcon.colcon_core.shell:Creating package script '/home/ubuntu/dualshock/install/ds4_driver/share/ds4_driver/package.ps1'
[8.601s] INFO:colcon.colcon_core.shell:Creating package descriptor '/home/ubuntu/dualshock/install/ds4_driver/share/ds4_driver/package.dsv'
[8.604s] INFO:colcon.colcon_core.shell:Creating package script '/home/ubuntu/dualshock/install/ds4_driver/share/ds4_driver/package.sh'
[8.607s] INFO:colcon.colcon_core.shell:Creating package script '/home/ubuntu/dualshock/install/ds4_driver/share/ds4_driver/package.bash'
[8.616s] INFO:colcon.colcon_core.shell:Creating package script '/home/ubuntu/dualshock/install/ds4_driver/share/ds4_driver/package.zsh'
[8.621s] Level 1:colcon.colcon_core.environment:create_file_with_runtime_dependencies(/home/ubuntu/dualshock/install/ds4_driver/share/colcon-core/packages/ds4_driver)
[8.742s] Level 1:colcon.colcon_core.environment:create_environment_scripts_only(ds4_driver)
[8.743s] Level 1:colcon.colcon_core.environment:checking '/home/ubuntu/dualshock/install/ds4_driver' for CMake module files
[8.747s] Level 1:colcon.colcon_core.environment:checking '/home/ubuntu/dualshock/install/ds4_driver' for CMake config files
[8.750s] Level 1:colcon.colcon_core.shell:create_environment_hook('ds4_driver', 'cmake_prefix_path')
[8.751s] INFO:colcon.colcon_core.shell:Creating environment hook '/home/ubuntu/dualshock/install/ds4_driver/share/ds4_driver/hook/cmake_prefix_path.ps1'
[8.754s] INFO:colcon.colcon_core.shell:Creating environment descriptor '/home/ubuntu/dualshock/install/ds4_driver/share/ds4_driver/hook/cmake_prefix_path.dsv'
[8.757s] INFO:colcon.colcon_core.shell:Creating environment hook '/home/ubuntu/dualshock/install/ds4_driver/share/ds4_driver/hook/cmake_prefix_path.sh'
[8.760s] Level 1:colcon.colcon_core.environment:checking '/home/ubuntu/dualshock/install/ds4_driver/lib'
[8.761s] Level 1:colcon.colcon_core.environment:checking '/home/ubuntu/dualshock/install/ds4_driver/bin'
[8.761s] Level 1:colcon.colcon_core.environment:checking '/home/ubuntu/dualshock/install/ds4_driver/lib/pkgconfig/ds4_driver.pc'
[8.762s] Level 1:colcon.colcon_core.environment:checking '/home/ubuntu/dualshock/install/ds4_driver/lib/python3.10/site-packages'
[8.764s] Level 1:colcon.colcon_core.environment:checking '/home/ubuntu/dualshock/install/ds4_driver/bin'
[8.765s] INFO:colcon.colcon_core.shell:Creating package script '/home/ubuntu/dualshock/install/ds4_driver/share/ds4_driver/package.ps1'
[8.768s] INFO:colcon.colcon_core.shell:Creating package descriptor '/home/ubuntu/dualshock/install/ds4_driver/share/ds4_driver/package.dsv'
[8.771s] INFO:colcon.colcon_core.shell:Creating package script '/home/ubuntu/dualshock/install/ds4_driver/share/ds4_driver/package.sh'
[8.773s] INFO:colcon.colcon_core.shell:Creating package script '/home/ubuntu/dualshock/install/ds4_driver/share/ds4_driver/package.bash'
[8.776s] INFO:colcon.colcon_core.shell:Creating package script '/home/ubuntu/dualshock/install/ds4_driver/share/ds4_driver/package.zsh'
[8.778s] Level 1:colcon.colcon_core.environment:create_file_with_runtime_dependencies(/home/ubuntu/dualshock/install/ds4_driver/share/colcon-core/packages/ds4_driver)
[8.780s] DEBUG:colcon.colcon_parallel_executor.executor.parallel:closing loop
[8.782s] DEBUG:colcon.colcon_parallel_executor.executor.parallel:loop closed
[8.784s] DEBUG:colcon.colcon_parallel_executor.executor.parallel:run_until_complete finished with '0'
[8.784s] DEBUG:colcon.colcon_core.event_reactor:joining thread
[8.809s] INFO:colcon.colcon_core.plugin_system:Skipping extension 'colcon_notification.desktop_notification.notify_send': Could not find 'notify-send'
[8.809s] INFO:colcon.colcon_core.plugin_system:Skipping extension 'colcon_notification.desktop_notification.terminal_notifier': Not used on non-Darwin systems
[8.810s] INFO:colcon.colcon_core.plugin_system:Skipping extension 'colcon_notification.desktop_notification.win32': Not used on non-Windows systems
[8.810s] INFO:colcon.colcon_notification.desktop_notification:Sending desktop notification using 'notify2'
[8.813s] DEBUG:colcon.colcon_notification.desktop_notification.notify2:Failed to initialize notify2: org.freedesktop.DBus.Error.ServiceUnknown: The name org.freedesktop.Notifications was not provided by any .service files
[8.814s] DEBUG:colcon.colcon_core.event_reactor:joined thread
[8.815s] INFO:colcon.colcon_core.shell:Creating prefix script '/home/ubuntu/dualshock/install/local_setup.ps1'
[8.820s] INFO:colcon.colcon_core.shell:Creating prefix util module '/home/ubuntu/dualshock/install/_local_setup_util_ps1.py'
[8.826s] INFO:colcon.colcon_core.shell:Creating prefix chain script '/home/ubuntu/dualshock/install/setup.ps1'
[8.832s] INFO:colcon.colcon_core.shell:Creating prefix script '/home/ubuntu/dualshock/install/local_setup.sh'
[8.835s] INFO:colcon.colcon_core.shell:Creating prefix util module '/home/ubuntu/dualshock/install/_local_setup_util_sh.py'
[8.839s] INFO:colcon.colcon_core.shell:Creating prefix chain script '/home/ubuntu/dualshock/install/setup.sh'
[8.844s] INFO:colcon.colcon_core.shell:Creating prefix script '/home/ubuntu/dualshock/install/local_setup.bash'
[8.847s] INFO:colcon.colcon_core.shell:Creating prefix chain script '/home/ubuntu/dualshock/install/setup.bash'
[8.852s] INFO:colcon.colcon_core.shell:Creating prefix script '/home/ubuntu/dualshock/install/local_setup.zsh'
[8.855s] INFO:colcon.colcon_core.shell:Creating prefix chain script '/home/ubuntu/dualshock/install/setup.zsh'
