-- Found ament_cmake: 1.3.10 (/opt/ros/humble/share/ament_cmake/cmake)
-- Found sensor_msgs: 4.2.4 (/opt/ros/humble/share/sensor_msgs/cmake)
-- Found rosidl_generator_c: 3.1.5 (/opt/ros/humble/share/rosidl_generator_c/cmake)
-- Found rosidl_adapter: 3.1.5 (/opt/ros/humble/share/rosidl_adapter/cmake)
-- Found rosidl_generator_cpp: 3.1.5 (/opt/ros/humble/share/rosidl_generator_cpp/cmake)
-- Using all available rosidl_typesupport_c: rosidl_typesupport_fastrtps_c;rosidl_typesupport_introspection_c
-- Using all available rosidl_typesupport_cpp: rosidl_typesupport_fastrtps_cpp;rosidl_typesupport_introspection_cpp
-- Found ds4_driver_msgs: 0.0.0 (/home/ubuntu/dualshock/install/ds4_driver_msgs/share/ds4_driver_msgs/cmake)
-- Found rclpy: 3.3.14 (/opt/ros/humble/share/rclpy/cmake)
[31mCMake Error at CMakeLists.txt:28 (find_package):
  By not providing "Finddynamixel_sdk.cmake" in CMAKE_MODULE_PATH this
  project has asked CMake to find a package configuration file provided by
  "dynamixel_sdk", but CMake did not find one.

  Could not find a package configuration file provided by "dynamixel_sdk"
  with any of the following names:

    dynamixel_sdkConfig.cmake
    dynamixel_sdk-config.cmake

  Add the installation prefix of "dynamixel_sdk" to CMAKE_PREFIX_PATH or set
  "dynamixel_sdk_DIR" to a directory containing one of the above files.  If
  "dynamixel_sdk" provides a separate development package or SDK, be sure it
  has been installed.

[0m
-- Configuring incomplete, errors occurred!
See also "/home/ubuntu/dualshock/build/ds4_driver/CMakeFiles/CMakeOutput.log".
gmake: *** [Makefile:254: cmake_check_build_system] Error 1
