[0.054s] Invoking command in '/home/ubuntu/dualshock/build/ds4_driver': AMENT_PREFIX_PATH=/home/ubuntu/dualshock/install/ds4_driver_msgs:${AMENT_PREFIX_PATH} CMAKE_PREFIX_PATH=/home/ubuntu/dualshock/install/ds4_driver_msgs LD_LIBRARY_PATH=/home/ubuntu/dualshock/install/ds4_driver_msgs/lib:${LD_LIBRARY_PATH} PYTHONPATH=/home/ubuntu/dualshock/install/ds4_driver_msgs/local/lib/python3.10/dist-packages:${PYTHONPATH} /usr/bin/cmake --build /home/ubuntu/dualshock/build/ds4_driver -- -j4 -l4
[0.208s] -- Found ament_cmake: 1.3.10 (/opt/ros/humble/share/ament_cmake/cmake)
[1.148s] -- Found sensor_msgs: 4.2.4 (/opt/ros/humble/share/sensor_msgs/cmake)
[1.479s] -- Found rosidl_generator_c: 3.1.5 (/opt/ros/humble/share/rosidl_generator_c/cmake)
[1.503s] -- Found rosidl_adapter: 3.1.5 (/opt/ros/humble/share/rosidl_adapter/cmake)
[1.592s] -- Found rosidl_generator_cpp: 3.1.5 (/opt/ros/humble/share/rosidl_generator_cpp/cmake)
[1.677s] -- Using all available rosidl_typesupport_c: rosidl_typesupport_fastrtps_c;rosidl_typesupport_introspection_c
[1.823s] -- Using all available rosidl_typesupport_cpp: rosidl_typesupport_fastrtps_cpp;rosidl_typesupport_introspection_cpp
[2.145s] -- Found ds4_driver_msgs: 0.0.0 (/home/ubuntu/dualshock/install/ds4_driver_msgs/share/ds4_driver_msgs/cmake)
[2.270s] -- Found rclpy: 3.3.14 (/opt/ros/humble/share/rclpy/cmake)
[2.415s] [31mCMake Error at CMakeLists.txt:25 (find_package):
[2.416s]   By not providing "Finddynamixel_sdk.cmake" in CMAKE_MODULE_PATH this
[2.416s]   project has asked CMake to find a package configuration file provided by
[2.417s]   "dynamixel_sdk", but CMake did not find one.
[2.417s] 
[2.418s]   Could not find a package configuration file provided by "dynamixel_sdk"
[2.418s]   with any of the following names:
[2.420s] 
[2.421s]     dynamixel_sdkConfig.cmake
[2.421s]     dynamixel_sdk-config.cmake
[2.422s] 
[2.423s]   Add the installation prefix of "dynamixel_sdk" to CMAKE_PREFIX_PATH or set
[2.423s]   "dynamixel_sdk_DIR" to a directory containing one of the above files.  If
[2.425s]   "dynamixel_sdk" provides a separate development package or SDK, be sure it
[2.426s]   has been installed.
[2.427s] 
[2.428s] [0m
[2.429s] -- Configuring incomplete, errors occurred!
[2.430s] See also "/home/ubuntu/dualshock/build/ds4_driver/CMakeFiles/CMakeOutput.log".
[2.435s] gmake: *** [Makefile:254: cmake_check_build_system] Error 1
[2.441s] Invoked command in '/home/ubuntu/dualshock/build/ds4_driver' returned '2': AMENT_PREFIX_PATH=/home/ubuntu/dualshock/install/ds4_driver_msgs:${AMENT_PREFIX_PATH} CMAKE_PREFIX_PATH=/home/ubuntu/dualshock/install/ds4_driver_msgs LD_LIBRARY_PATH=/home/ubuntu/dualshock/install/ds4_driver_msgs/lib:${LD_LIBRARY_PATH} PYTHONPATH=/home/ubuntu/dualshock/install/ds4_driver_msgs/local/lib/python3.10/dist-packages:${PYTHONPATH} /usr/bin/cmake --build /home/ubuntu/dualshock/build/ds4_driver -- -j4 -l4
