[0.045s] Invoking command in '/home/ubuntu/dualshock/build/ds4_driver': AMENT_PREFIX_PATH=/home/ubuntu/dualshock/install/ds4_driver_msgs:${AMENT_PREFIX_PATH} CMAKE_PREFIX_PATH=/home/ubuntu/dualshock/install/ds4_driver_msgs:/opt/ros/humble LD_LIBRARY_PATH=/home/ubuntu/dualshock/install/ds4_driver_msgs/lib:${LD_LIBRARY_PATH} PYTHONPATH=/home/ubuntu/dualshock/install/ds4_driver_msgs/local/lib/python3.10/dist-packages:${PYTHONPATH} /usr/bin/cmake --build /home/ubuntu/dualshock/build/ds4_driver -- -j4 -l4
[0.269s] Built target ament_cmake_python_copy_ds4_driver
[1.346s] running egg_info
[1.349s] writing ds4_driver.egg-info/PKG-INFO
[1.351s] writing dependency_links to ds4_driver.egg-info/dependency_links.txt
[1.352s] writing top-level names to ds4_driver.egg-info/top_level.txt
[1.361s] reading manifest file 'ds4_driver.egg-info/SOURCES.txt'
[1.364s] writing manifest file 'ds4_driver.egg-info/SOURCES.txt'
[1.486s] Built target ament_cmake_python_build_ds4_driver_egg
[1.522s] Invoked command in '/home/ubuntu/dualshock/build/ds4_driver' returned '0': AMENT_PREFIX_PATH=/home/ubuntu/dualshock/install/ds4_driver_msgs:${AMENT_PREFIX_PATH} CMAKE_PREFIX_PATH=/home/ubuntu/dualshock/install/ds4_driver_msgs:/opt/ros/humble LD_LIBRARY_PATH=/home/ubuntu/dualshock/install/ds4_driver_msgs/lib:${LD_LIBRARY_PATH} PYTHONPATH=/home/ubuntu/dualshock/install/ds4_driver_msgs/local/lib/python3.10/dist-packages:${PYTHONPATH} /usr/bin/cmake --build /home/ubuntu/dualshock/build/ds4_driver -- -j4 -l4
[1.646s] Invoking command in '/home/ubuntu/dualshock/build/ds4_driver': AMENT_PREFIX_PATH=/home/ubuntu/dualshock/install/ds4_driver_msgs:${AMENT_PREFIX_PATH} CMAKE_PREFIX_PATH=/home/ubuntu/dualshock/install/ds4_driver_msgs:/opt/ros/humble LD_LIBRARY_PATH=/home/ubuntu/dualshock/install/ds4_driver_msgs/lib:${LD_LIBRARY_PATH} PYTHONPATH=/home/ubuntu/dualshock/install/ds4_driver_msgs/local/lib/python3.10/dist-packages:${PYTHONPATH} /usr/bin/cmake --install /home/ubuntu/dualshock/build/ds4_driver
[1.674s] -- Install configuration: ""
[1.674s] -- Up-to-date: /home/ubuntu/dualshock/install/ds4_driver/share/ds4_driver/environment/pythonpath.sh
[1.675s] -- Up-to-date: /home/ubuntu/dualshock/install/ds4_driver/share/ds4_driver/environment/pythonpath.dsv
[1.675s] -- Up-to-date: /home/ubuntu/dualshock/install/ds4_driver/local/lib/python3.10/dist-packages/ds4_driver-0.2.1-py3.10.egg-info
[1.675s] -- Installing: /home/ubuntu/dualshock/install/ds4_driver/local/lib/python3.10/dist-packages/ds4_driver-0.2.1-py3.10.egg-info/SOURCES.txt
[1.676s] -- Installing: /home/ubuntu/dualshock/install/ds4_driver/local/lib/python3.10/dist-packages/ds4_driver-0.2.1-py3.10.egg-info/dependency_links.txt
[1.678s] -- Installing: /home/ubuntu/dualshock/install/ds4_driver/local/lib/python3.10/dist-packages/ds4_driver-0.2.1-py3.10.egg-info/PKG-INFO
[1.679s] -- Installing: /home/ubuntu/dualshock/install/ds4_driver/local/lib/python3.10/dist-packages/ds4_driver-0.2.1-py3.10.egg-info/top_level.txt
[1.680s] -- Up-to-date: /home/ubuntu/dualshock/install/ds4_driver/local/lib/python3.10/dist-packages/ds4_driver
[1.681s] -- Up-to-date: /home/ubuntu/dualshock/install/ds4_driver/local/lib/python3.10/dist-packages/ds4_driver/__init__.py
[1.681s] -- Up-to-date: /home/ubuntu/dualshock/install/ds4_driver/local/lib/python3.10/dist-packages/ds4_driver/logger.py
[1.682s] -- Up-to-date: /home/ubuntu/dualshock/install/ds4_driver/local/lib/python3.10/dist-packages/ds4_driver/controller_ros.py
[1.682s] -- Up-to-date: /home/ubuntu/dualshock/install/ds4_driver/local/lib/python3.10/dist-packages/ds4_driver/controller.py
[1.818s] Listing '/home/ubuntu/dualshock/install/ds4_driver/local/lib/python3.10/dist-packages/ds4_driver'...
[1.839s] -- Up-to-date: /home/ubuntu/dualshock/install/ds4_driver/share/ds4_driver//config
[1.840s] -- Up-to-date: /home/ubuntu/dualshock/install/ds4_driver/share/ds4_driver//config/params.yaml
[1.841s] -- Up-to-date: /home/ubuntu/dualshock/install/ds4_driver/share/ds4_driver//config/twist_6dof.yaml
[1.841s] -- Up-to-date: /home/ubuntu/dualshock/install/ds4_driver/share/ds4_driver//config/twist_2dof.yaml
[1.842s] -- Up-to-date: /home/ubuntu/dualshock/install/ds4_driver/share/ds4_driver//launch
[1.842s] -- Up-to-date: /home/ubuntu/dualshock/install/ds4_driver/share/ds4_driver//launch/ds4_driver.launch.xml
[1.843s] -- Up-to-date: /home/ubuntu/dualshock/install/ds4_driver/share/ds4_driver//launch/ds4_twist.launch.xml
[1.843s] -- Up-to-date: /home/ubuntu/dualshock/install/ds4_driver/share/ds4_driver//launch/test.launch.py
[1.844s] -- Up-to-date: /home/ubuntu/dualshock/install/ds4_driver/share/ds4_driver//launch/demo.launch.xml
[1.845s] -- Up-to-date: /home/ubuntu/dualshock/install/ds4_driver/share/ds4_driver//nodes
[1.845s] -- Up-to-date: /home/ubuntu/dualshock/install/ds4_driver/share/ds4_driver//nodes/ds4_driver_node.py
[1.846s] -- Up-to-date: /home/ubuntu/dualshock/install/ds4_driver/share/ds4_driver//nodes/ds4_twist_node.py
[1.846s] -- Up-to-date: /home/ubuntu/dualshock/install/ds4_driver/share/ds4_driver//nodes/ds4_test_node.py
[1.847s] -- Up-to-date: /home/ubuntu/dualshock/install/ds4_driver/share/ds4_driver//nodes/demo.py
[1.848s] -- Up-to-date: /home/ubuntu/dualshock/install/ds4_driver/lib/ds4_driver/demo.py
[1.848s] -- Up-to-date: /home/ubuntu/dualshock/install/ds4_driver/lib/ds4_driver/ds4_driver_node.py
[1.849s] -- Up-to-date: /home/ubuntu/dualshock/install/ds4_driver/lib/ds4_driver/ds4_twist_node.py
[1.849s] -- Up-to-date: /home/ubuntu/dualshock/install/ds4_driver/lib/ds4_driver/ds4_test_node.py
[1.850s] -- Up-to-date: /home/ubuntu/dualshock/install/ds4_driver/share/ament_index/resource_index/package_run_dependencies/ds4_driver
[1.851s] -- Up-to-date: /home/ubuntu/dualshock/install/ds4_driver/share/ament_index/resource_index/parent_prefix_path/ds4_driver
[1.851s] -- Up-to-date: /home/ubuntu/dualshock/install/ds4_driver/share/ds4_driver/environment/ament_prefix_path.sh
[1.852s] -- Up-to-date: /home/ubuntu/dualshock/install/ds4_driver/share/ds4_driver/environment/ament_prefix_path.dsv
[1.853s] -- Up-to-date: /home/ubuntu/dualshock/install/ds4_driver/share/ds4_driver/environment/path.sh
[1.853s] -- Up-to-date: /home/ubuntu/dualshock/install/ds4_driver/share/ds4_driver/environment/path.dsv
[1.854s] -- Up-to-date: /home/ubuntu/dualshock/install/ds4_driver/share/ds4_driver/local_setup.bash
[1.854s] -- Up-to-date: /home/ubuntu/dualshock/install/ds4_driver/share/ds4_driver/local_setup.sh
[1.855s] -- Up-to-date: /home/ubuntu/dualshock/install/ds4_driver/share/ds4_driver/local_setup.zsh
[1.856s] -- Up-to-date: /home/ubuntu/dualshock/install/ds4_driver/share/ds4_driver/local_setup.dsv
[1.857s] -- Installing: /home/ubuntu/dualshock/install/ds4_driver/share/ds4_driver/package.dsv
[1.858s] -- Up-to-date: /home/ubuntu/dualshock/install/ds4_driver/share/ament_index/resource_index/packages/ds4_driver
[1.859s] -- Up-to-date: /home/ubuntu/dualshock/install/ds4_driver/share/ds4_driver/cmake/ds4_driverConfig.cmake
[1.862s] -- Up-to-date: /home/ubuntu/dualshock/install/ds4_driver/share/ds4_driver/cmake/ds4_driverConfig-version.cmake
[1.862s] -- Up-to-date: /home/ubuntu/dualshock/install/ds4_driver/share/ds4_driver/package.xml
[1.863s] Invoked command in '/home/ubuntu/dualshock/build/ds4_driver' returned '0': AMENT_PREFIX_PATH=/home/ubuntu/dualshock/install/ds4_driver_msgs:${AMENT_PREFIX_PATH} CMAKE_PREFIX_PATH=/home/ubuntu/dualshock/install/ds4_driver_msgs:/opt/ros/humble LD_LIBRARY_PATH=/home/ubuntu/dualshock/install/ds4_driver_msgs/lib:${LD_LIBRARY_PATH} PYTHONPATH=/home/ubuntu/dualshock/install/ds4_driver_msgs/local/lib/python3.10/dist-packages:${PYTHONPATH} /usr/bin/cmake --install /home/ubuntu/dualshock/build/ds4_driver
