[0.048s] Invoking command in '/home/ubuntu/dualshock/build/ds4_driver': CMAKE_PREFIX_PATH=/home/ubuntu/dualshock/install/ds4_driver_msgs:/home/ubuntu/dualshock/install/ds4_driver:/home/ubuntu/DynamixelSDK:/opt/ros/humble /usr/bin/cmake --build /home/ubuntu/dualshock/build/ds4_driver -- -j4 -l4
[0.139s] -- Found ament_cmake: 1.3.10 (/opt/ros/humble/share/ament_cmake/cmake)
[0.697s] -- Found sensor_msgs: 4.2.4 (/opt/ros/humble/share/sensor_msgs/cmake)
[0.830s] -- Found rosidl_generator_c: 3.1.5 (/opt/ros/humble/share/rosidl_generator_c/cmake)
[0.840s] -- Found rosidl_adapter: 3.1.5 (/opt/ros/humble/share/rosidl_adapter/cmake)
[0.864s] -- Found rosidl_generator_cpp: 3.1.5 (/opt/ros/humble/share/rosidl_generator_cpp/cmake)
[0.903s] -- Using all available rosidl_typesupport_c: rosidl_typesupport_fastrtps_c;rosidl_typesupport_introspection_c
[0.951s] -- Using all available rosidl_typesupport_cpp: rosidl_typesupport_fastrtps_cpp;rosidl_typesupport_introspection_cpp
[1.156s] -- Found ds4_driver_msgs: 0.0.0 (/home/ubuntu/dualshock/install/ds4_driver_msgs/share/ds4_driver_msgs/cmake)
[1.219s] -- Found rclpy: 3.3.14 (/opt/ros/humble/share/rclpy/cmake)
[1.351s] [31mCMake Error at CMakeLists.txt:28 (find_package):
[1.351s]   By not providing "Finddynamixel_sdk.cmake" in CMAKE_MODULE_PATH this
[1.351s]   project has asked CMake to find a package configuration file provided by
[1.352s]   "dynamixel_sdk", but CMake did not find one.
[1.352s] 
[1.353s]   Could not find a package configuration file provided by "dynamixel_sdk"
[1.353s]   with any of the following names:
[1.354s] 
[1.355s]     dynamixel_sdkConfig.cmake
[1.356s]     dynamixel_sdk-config.cmake
[1.356s] 
[1.357s]   Add the installation prefix of "dynamixel_sdk" to CMAKE_PREFIX_PATH or set
[1.359s]   "dynamixel_sdk_DIR" to a directory containing one of the above files.  If
[1.360s]   "dynamixel_sdk" provides a separate development package or SDK, be sure it
[1.361s]   has been installed.
[1.362s] 
[1.362s] [0m
[1.363s] -- Configuring incomplete, errors occurred!
[1.363s] See also "/home/ubuntu/dualshock/build/ds4_driver/CMakeFiles/CMakeOutput.log".
[1.367s] gmake: *** [Makefile:254: cmake_check_build_system] Error 1
[1.372s] Invoked command in '/home/ubuntu/dualshock/build/ds4_driver' returned '2': CMAKE_PREFIX_PATH=/home/ubuntu/dualshock/install/ds4_driver_msgs:/home/ubuntu/dualshock/install/ds4_driver:/home/ubuntu/DynamixelSDK:/opt/ros/humble /usr/bin/cmake --build /home/ubuntu/dualshock/build/ds4_driver -- -j4 -l4
