[0.057s] Invoking command in '/home/ubuntu/dualshock/build/ds4_driver_msgs': CMAKE_PREFIX_PATH=/opt/ros/humble /usr/bin/cmake --build /home/ubuntu/dualshock/build/ds4_driver_msgs -- -j4 -l4
[0.393s] [  1%] Built target ds4_driver_msgs__cpp
[0.448s] [ 12%] Built target ds4_driver_msgs__rosidl_generator_c
[0.511s] [ 12%] Built target ament_cmake_python_copy_ds4_driver_msgs
[0.586s] [ 34%] Built target ds4_driver_msgs__rosidl_typesupport_fastrtps_cpp
[0.587s] [ 34%] Built target ds4_driver_msgs__rosidl_typesupport_cpp
[0.611s] [ 45%] Built target ds4_driver_msgs__rosidl_typesupport_introspection_cpp
[0.653s] [ 56%] Built target ds4_driver_msgs__rosidl_typesupport_fastrtps_c
[0.701s] [ 67%] Built target ds4_driver_msgs__rosidl_typesupport_introspection_c
[0.702s] [ 78%] Built target ds4_driver_msgs__rosidl_typesupport_c
[0.786s] [ 78%] Built target ds4_driver_msgs
[0.879s] [ 80%] Built target ds4_driver_msgs__py
[0.991s] [ 89%] Built target ds4_driver_msgs__rosidl_generator_py
[1.107s] [ 92%] Built target ds4_driver_msgs__rosidl_typesupport_c__pyext
[1.112s] [ 96%] Built target ds4_driver_msgs__rosidl_typesupport_fastrtps_c__pyext
[1.115s] [100%] Built target ds4_driver_msgs__rosidl_typesupport_introspection_c__pyext
[1.808s] running egg_info
[1.812s] writing ds4_driver_msgs.egg-info/PKG-INFO
[1.813s] writing dependency_links to ds4_driver_msgs.egg-info/dependency_links.txt
[1.815s] writing top-level names to ds4_driver_msgs.egg-info/top_level.txt
[1.829s] reading manifest file 'ds4_driver_msgs.egg-info/SOURCES.txt'
[1.833s] writing manifest file 'ds4_driver_msgs.egg-info/SOURCES.txt'
[1.956s] [100%] Built target ament_cmake_python_build_ds4_driver_msgs_egg
[1.999s] Invoked command in '/home/ubuntu/dualshock/build/ds4_driver_msgs' returned '0': CMAKE_PREFIX_PATH=/opt/ros/humble /usr/bin/cmake --build /home/ubuntu/dualshock/build/ds4_driver_msgs -- -j4 -l4
[2.735s] Invoking command in '/home/ubuntu/dualshock/build/ds4_driver_msgs': CMAKE_PREFIX_PATH=/opt/ros/humble /usr/bin/cmake --install /home/ubuntu/dualshock/build/ds4_driver_msgs
[2.766s] -- Install configuration: ""
[2.769s] -- Up-to-date: /home/ubuntu/dualshock/install/ds4_driver_msgs/share/ament_index/resource_index/rosidl_interfaces/ds4_driver_msgs
[2.769s] -- Up-to-date: /home/ubuntu/dualshock/install/ds4_driver_msgs/include/ds4_driver_msgs/ds4_driver_msgs
[2.770s] -- Up-to-date: /home/ubuntu/dualshock/install/ds4_driver_msgs/include/ds4_driver_msgs/ds4_driver_msgs/msg
[2.770s] -- Up-to-date: /home/ubuntu/dualshock/install/ds4_driver_msgs/include/ds4_driver_msgs/ds4_driver_msgs/msg/report.h
[2.771s] -- Up-to-date: /home/ubuntu/dualshock/install/ds4_driver_msgs/include/ds4_driver_msgs/ds4_driver_msgs/msg/feedback.h
[2.771s] -- Up-to-date: /home/ubuntu/dualshock/install/ds4_driver_msgs/include/ds4_driver_msgs/ds4_driver_msgs/msg/status.h
[2.772s] -- Up-to-date: /home/ubuntu/dualshock/install/ds4_driver_msgs/include/ds4_driver_msgs/ds4_driver_msgs/msg/detail
[2.773s] -- Up-to-date: /home/ubuntu/dualshock/install/ds4_driver_msgs/include/ds4_driver_msgs/ds4_driver_msgs/msg/detail/feedback__type_support.h
[2.773s] -- Up-to-date: /home/ubuntu/dualshock/install/ds4_driver_msgs/include/ds4_driver_msgs/ds4_driver_msgs/msg/detail/report__struct.h
[2.774s] -- Up-to-date: /home/ubuntu/dualshock/install/ds4_driver_msgs/include/ds4_driver_msgs/ds4_driver_msgs/msg/detail/feedback__functions.h
[2.775s] -- Up-to-date: /home/ubuntu/dualshock/install/ds4_driver_msgs/include/ds4_driver_msgs/ds4_driver_msgs/msg/detail/status__functions.h
[2.775s] -- Up-to-date: /home/ubuntu/dualshock/install/ds4_driver_msgs/include/ds4_driver_msgs/ds4_driver_msgs/msg/detail/trackpad__functions.h
[2.776s] -- Up-to-date: /home/ubuntu/dualshock/install/ds4_driver_msgs/include/ds4_driver_msgs/ds4_driver_msgs/msg/detail/report__functions.h
[2.776s] -- Up-to-date: /home/ubuntu/dualshock/install/ds4_driver_msgs/include/ds4_driver_msgs/ds4_driver_msgs/msg/detail/report__type_support.h
[2.777s] -- Up-to-date: /home/ubuntu/dualshock/install/ds4_driver_msgs/include/ds4_driver_msgs/ds4_driver_msgs/msg/detail/status__type_support.h
[2.778s] -- Up-to-date: /home/ubuntu/dualshock/install/ds4_driver_msgs/include/ds4_driver_msgs/ds4_driver_msgs/msg/detail/status__functions.c
[2.778s] -- Up-to-date: /home/ubuntu/dualshock/install/ds4_driver_msgs/include/ds4_driver_msgs/ds4_driver_msgs/msg/detail/trackpad__struct.h
[2.779s] -- Up-to-date: /home/ubuntu/dualshock/install/ds4_driver_msgs/include/ds4_driver_msgs/ds4_driver_msgs/msg/detail/feedback__functions.c
[2.779s] -- Up-to-date: /home/ubuntu/dualshock/install/ds4_driver_msgs/include/ds4_driver_msgs/ds4_driver_msgs/msg/detail/status__struct.h
[2.780s] -- Up-to-date: /home/ubuntu/dualshock/install/ds4_driver_msgs/include/ds4_driver_msgs/ds4_driver_msgs/msg/detail/feedback__struct.h
[2.780s] -- Up-to-date: /home/ubuntu/dualshock/install/ds4_driver_msgs/include/ds4_driver_msgs/ds4_driver_msgs/msg/detail/report__functions.c
[2.781s] -- Up-to-date: /home/ubuntu/dualshock/install/ds4_driver_msgs/include/ds4_driver_msgs/ds4_driver_msgs/msg/detail/trackpad__functions.c
[2.782s] -- Up-to-date: /home/ubuntu/dualshock/install/ds4_driver_msgs/include/ds4_driver_msgs/ds4_driver_msgs/msg/detail/trackpad__type_support.h
[2.782s] -- Up-to-date: /home/ubuntu/dualshock/install/ds4_driver_msgs/include/ds4_driver_msgs/ds4_driver_msgs/msg/rosidl_generator_c__visibility_control.h
[2.782s] -- Up-to-date: /home/ubuntu/dualshock/install/ds4_driver_msgs/include/ds4_driver_msgs/ds4_driver_msgs/msg/trackpad.h
[2.783s] -- Up-to-date: /home/ubuntu/dualshock/install/ds4_driver_msgs/share/ds4_driver_msgs/environment/library_path.sh
[2.783s] -- Up-to-date: /home/ubuntu/dualshock/install/ds4_driver_msgs/share/ds4_driver_msgs/environment/library_path.dsv
[2.784s] -- Up-to-date: /home/ubuntu/dualshock/install/ds4_driver_msgs/lib/libds4_driver_msgs__rosidl_generator_c.so
[2.785s] -- Up-to-date: /home/ubuntu/dualshock/install/ds4_driver_msgs/include/ds4_driver_msgs/ds4_driver_msgs
[2.786s] -- Up-to-date: /home/ubuntu/dualshock/install/ds4_driver_msgs/include/ds4_driver_msgs/ds4_driver_msgs/msg
[2.786s] -- Up-to-date: /home/ubuntu/dualshock/install/ds4_driver_msgs/include/ds4_driver_msgs/ds4_driver_msgs/msg/rosidl_typesupport_fastrtps_c__visibility_control.h
[2.786s] -- Up-to-date: /home/ubuntu/dualshock/install/ds4_driver_msgs/include/ds4_driver_msgs/ds4_driver_msgs/msg/detail
[2.787s] -- Up-to-date: /home/ubuntu/dualshock/install/ds4_driver_msgs/include/ds4_driver_msgs/ds4_driver_msgs/msg/detail/trackpad__rosidl_typesupport_fastrtps_c.h
[2.788s] -- Up-to-date: /home/ubuntu/dualshock/install/ds4_driver_msgs/include/ds4_driver_msgs/ds4_driver_msgs/msg/detail/report__rosidl_typesupport_fastrtps_c.h
[2.788s] -- Up-to-date: /home/ubuntu/dualshock/install/ds4_driver_msgs/include/ds4_driver_msgs/ds4_driver_msgs/msg/detail/feedback__rosidl_typesupport_fastrtps_c.h
[2.788s] -- Up-to-date: /home/ubuntu/dualshock/install/ds4_driver_msgs/include/ds4_driver_msgs/ds4_driver_msgs/msg/detail/status__rosidl_typesupport_fastrtps_c.h
[2.791s] -- Up-to-date: /home/ubuntu/dualshock/install/ds4_driver_msgs/lib/libds4_driver_msgs__rosidl_typesupport_fastrtps_c.so
[2.793s] -- Up-to-date: /home/ubuntu/dualshock/install/ds4_driver_msgs/include/ds4_driver_msgs/ds4_driver_msgs
[2.793s] -- Up-to-date: /home/ubuntu/dualshock/install/ds4_driver_msgs/include/ds4_driver_msgs/ds4_driver_msgs/msg
[2.793s] -- Up-to-date: /home/ubuntu/dualshock/install/ds4_driver_msgs/include/ds4_driver_msgs/ds4_driver_msgs/msg/status.hpp
[2.794s] -- Up-to-date: /home/ubuntu/dualshock/install/ds4_driver_msgs/include/ds4_driver_msgs/ds4_driver_msgs/msg/report.hpp
[2.794s] -- Up-to-date: /home/ubuntu/dualshock/install/ds4_driver_msgs/include/ds4_driver_msgs/ds4_driver_msgs/msg/trackpad.hpp
[2.795s] -- Up-to-date: /home/ubuntu/dualshock/install/ds4_driver_msgs/include/ds4_driver_msgs/ds4_driver_msgs/msg/detail
[2.795s] -- Up-to-date: /home/ubuntu/dualshock/install/ds4_driver_msgs/include/ds4_driver_msgs/ds4_driver_msgs/msg/detail/feedback__traits.hpp
[2.796s] -- Up-to-date: /home/ubuntu/dualshock/install/ds4_driver_msgs/include/ds4_driver_msgs/ds4_driver_msgs/msg/detail/feedback__builder.hpp
[2.796s] -- Up-to-date: /home/ubuntu/dualshock/install/ds4_driver_msgs/include/ds4_driver_msgs/ds4_driver_msgs/msg/detail/status__builder.hpp
[2.796s] -- Up-to-date: /home/ubuntu/dualshock/install/ds4_driver_msgs/include/ds4_driver_msgs/ds4_driver_msgs/msg/detail/status__traits.hpp
[2.797s] -- Up-to-date: /home/ubuntu/dualshock/install/ds4_driver_msgs/include/ds4_driver_msgs/ds4_driver_msgs/msg/detail/report__struct.hpp
[2.797s] -- Up-to-date: /home/ubuntu/dualshock/install/ds4_driver_msgs/include/ds4_driver_msgs/ds4_driver_msgs/msg/detail/status__struct.hpp
[2.798s] -- Up-to-date: /home/ubuntu/dualshock/install/ds4_driver_msgs/include/ds4_driver_msgs/ds4_driver_msgs/msg/detail/feedback__struct.hpp
[2.798s] -- Up-to-date: /home/ubuntu/dualshock/install/ds4_driver_msgs/include/ds4_driver_msgs/ds4_driver_msgs/msg/detail/trackpad__struct.hpp
[2.799s] -- Up-to-date: /home/ubuntu/dualshock/install/ds4_driver_msgs/include/ds4_driver_msgs/ds4_driver_msgs/msg/detail/report__builder.hpp
[2.799s] -- Up-to-date: /home/ubuntu/dualshock/install/ds4_driver_msgs/include/ds4_driver_msgs/ds4_driver_msgs/msg/detail/trackpad__traits.hpp
[2.800s] -- Up-to-date: /home/ubuntu/dualshock/install/ds4_driver_msgs/include/ds4_driver_msgs/ds4_driver_msgs/msg/detail/report__traits.hpp
[2.800s] -- Up-to-date: /home/ubuntu/dualshock/install/ds4_driver_msgs/include/ds4_driver_msgs/ds4_driver_msgs/msg/detail/trackpad__builder.hpp
[2.800s] -- Up-to-date: /home/ubuntu/dualshock/install/ds4_driver_msgs/include/ds4_driver_msgs/ds4_driver_msgs/msg/feedback.hpp
[2.801s] -- Up-to-date: /home/ubuntu/dualshock/install/ds4_driver_msgs/include/ds4_driver_msgs/ds4_driver_msgs
[2.801s] -- Up-to-date: /home/ubuntu/dualshock/install/ds4_driver_msgs/include/ds4_driver_msgs/ds4_driver_msgs/msg
[2.802s] -- Up-to-date: /home/ubuntu/dualshock/install/ds4_driver_msgs/include/ds4_driver_msgs/ds4_driver_msgs/msg/rosidl_typesupport_fastrtps_cpp__visibility_control.h
[2.802s] -- Up-to-date: /home/ubuntu/dualshock/install/ds4_driver_msgs/include/ds4_driver_msgs/ds4_driver_msgs/msg/detail
[2.802s] -- Up-to-date: /home/ubuntu/dualshock/install/ds4_driver_msgs/include/ds4_driver_msgs/ds4_driver_msgs/msg/detail/report__rosidl_typesupport_fastrtps_cpp.hpp
[2.803s] -- Up-to-date: /home/ubuntu/dualshock/install/ds4_driver_msgs/include/ds4_driver_msgs/ds4_driver_msgs/msg/detail/dds_fastrtps
[2.803s] -- Up-to-date: /home/ubuntu/dualshock/install/ds4_driver_msgs/include/ds4_driver_msgs/ds4_driver_msgs/msg/detail/feedback__rosidl_typesupport_fastrtps_cpp.hpp
[2.803s] -- Up-to-date: /home/ubuntu/dualshock/install/ds4_driver_msgs/include/ds4_driver_msgs/ds4_driver_msgs/msg/detail/status__rosidl_typesupport_fastrtps_cpp.hpp
[2.804s] -- Up-to-date: /home/ubuntu/dualshock/install/ds4_driver_msgs/include/ds4_driver_msgs/ds4_driver_msgs/msg/detail/trackpad__rosidl_typesupport_fastrtps_cpp.hpp
[2.805s] -- Up-to-date: /home/ubuntu/dualshock/install/ds4_driver_msgs/lib/libds4_driver_msgs__rosidl_typesupport_fastrtps_cpp.so
[2.806s] -- Up-to-date: /home/ubuntu/dualshock/install/ds4_driver_msgs/include/ds4_driver_msgs/ds4_driver_msgs
[2.807s] -- Up-to-date: /home/ubuntu/dualshock/install/ds4_driver_msgs/include/ds4_driver_msgs/ds4_driver_msgs/msg
[2.807s] -- Up-to-date: /home/ubuntu/dualshock/install/ds4_driver_msgs/include/ds4_driver_msgs/ds4_driver_msgs/msg/detail
[2.807s] -- Up-to-date: /home/ubuntu/dualshock/install/ds4_driver_msgs/include/ds4_driver_msgs/ds4_driver_msgs/msg/detail/status__type_support.c
[2.808s] -- Up-to-date: /home/ubuntu/dualshock/install/ds4_driver_msgs/include/ds4_driver_msgs/ds4_driver_msgs/msg/detail/status__rosidl_typesupport_introspection_c.h
[2.808s] -- Up-to-date: /home/ubuntu/dualshock/install/ds4_driver_msgs/include/ds4_driver_msgs/ds4_driver_msgs/msg/detail/feedback__type_support.c
[2.809s] -- Up-to-date: /home/ubuntu/dualshock/install/ds4_driver_msgs/include/ds4_driver_msgs/ds4_driver_msgs/msg/detail/report__rosidl_typesupport_introspection_c.h
[2.809s] -- Up-to-date: /home/ubuntu/dualshock/install/ds4_driver_msgs/include/ds4_driver_msgs/ds4_driver_msgs/msg/detail/trackpad__type_support.c
[2.810s] -- Up-to-date: /home/ubuntu/dualshock/install/ds4_driver_msgs/include/ds4_driver_msgs/ds4_driver_msgs/msg/detail/trackpad__rosidl_typesupport_introspection_c.h
[2.810s] -- Up-to-date: /home/ubuntu/dualshock/install/ds4_driver_msgs/include/ds4_driver_msgs/ds4_driver_msgs/msg/detail/feedback__rosidl_typesupport_introspection_c.h
[2.811s] -- Up-to-date: /home/ubuntu/dualshock/install/ds4_driver_msgs/include/ds4_driver_msgs/ds4_driver_msgs/msg/detail/report__type_support.c
[2.811s] -- Up-to-date: /home/ubuntu/dualshock/install/ds4_driver_msgs/include/ds4_driver_msgs/ds4_driver_msgs/msg/rosidl_typesupport_introspection_c__visibility_control.h
[2.814s] -- Up-to-date: /home/ubuntu/dualshock/install/ds4_driver_msgs/lib/libds4_driver_msgs__rosidl_typesupport_introspection_c.so
[2.817s] -- Up-to-date: /home/ubuntu/dualshock/install/ds4_driver_msgs/lib/libds4_driver_msgs__rosidl_typesupport_c.so
[2.819s] -- Up-to-date: /home/ubuntu/dualshock/install/ds4_driver_msgs/include/ds4_driver_msgs/ds4_driver_msgs
[2.819s] -- Up-to-date: /home/ubuntu/dualshock/install/ds4_driver_msgs/include/ds4_driver_msgs/ds4_driver_msgs/msg
[2.820s] -- Up-to-date: /home/ubuntu/dualshock/install/ds4_driver_msgs/include/ds4_driver_msgs/ds4_driver_msgs/msg/detail
[2.820s] -- Up-to-date: /home/ubuntu/dualshock/install/ds4_driver_msgs/include/ds4_driver_msgs/ds4_driver_msgs/msg/detail/feedback__type_support.cpp
[2.821s] -- Up-to-date: /home/ubuntu/dualshock/install/ds4_driver_msgs/include/ds4_driver_msgs/ds4_driver_msgs/msg/detail/status__type_support.cpp
[2.821s] -- Up-to-date: /home/ubuntu/dualshock/install/ds4_driver_msgs/include/ds4_driver_msgs/ds4_driver_msgs/msg/detail/report__rosidl_typesupport_introspection_cpp.hpp
[2.822s] -- Up-to-date: /home/ubuntu/dualshock/install/ds4_driver_msgs/include/ds4_driver_msgs/ds4_driver_msgs/msg/detail/feedback__rosidl_typesupport_introspection_cpp.hpp
[2.822s] -- Up-to-date: /home/ubuntu/dualshock/install/ds4_driver_msgs/include/ds4_driver_msgs/ds4_driver_msgs/msg/detail/report__type_support.cpp
[2.822s] -- Up-to-date: /home/ubuntu/dualshock/install/ds4_driver_msgs/include/ds4_driver_msgs/ds4_driver_msgs/msg/detail/trackpad__type_support.cpp
[2.823s] -- Up-to-date: /home/ubuntu/dualshock/install/ds4_driver_msgs/include/ds4_driver_msgs/ds4_driver_msgs/msg/detail/status__rosidl_typesupport_introspection_cpp.hpp
[2.823s] -- Up-to-date: /home/ubuntu/dualshock/install/ds4_driver_msgs/include/ds4_driver_msgs/ds4_driver_msgs/msg/detail/trackpad__rosidl_typesupport_introspection_cpp.hpp
[2.825s] -- Up-to-date: /home/ubuntu/dualshock/install/ds4_driver_msgs/lib/libds4_driver_msgs__rosidl_typesupport_introspection_cpp.so
[2.829s] -- Up-to-date: /home/ubuntu/dualshock/install/ds4_driver_msgs/lib/libds4_driver_msgs__rosidl_typesupport_cpp.so
[2.830s] -- Up-to-date: /home/ubuntu/dualshock/install/ds4_driver_msgs/share/ds4_driver_msgs/environment/pythonpath.sh
[2.830s] -- Up-to-date: /home/ubuntu/dualshock/install/ds4_driver_msgs/share/ds4_driver_msgs/environment/pythonpath.dsv
[2.831s] -- Up-to-date: /home/ubuntu/dualshock/install/ds4_driver_msgs/local/lib/python3.10/dist-packages/ds4_driver_msgs-0.0.0-py3.10.egg-info
[2.831s] -- Installing: /home/ubuntu/dualshock/install/ds4_driver_msgs/local/lib/python3.10/dist-packages/ds4_driver_msgs-0.0.0-py3.10.egg-info/SOURCES.txt
[2.832s] -- Installing: /home/ubuntu/dualshock/install/ds4_driver_msgs/local/lib/python3.10/dist-packages/ds4_driver_msgs-0.0.0-py3.10.egg-info/dependency_links.txt
[2.834s] -- Installing: /home/ubuntu/dualshock/install/ds4_driver_msgs/local/lib/python3.10/dist-packages/ds4_driver_msgs-0.0.0-py3.10.egg-info/PKG-INFO
[2.835s] -- Installing: /home/ubuntu/dualshock/install/ds4_driver_msgs/local/lib/python3.10/dist-packages/ds4_driver_msgs-0.0.0-py3.10.egg-info/top_level.txt
[2.836s] -- Up-to-date: /home/ubuntu/dualshock/install/ds4_driver_msgs/local/lib/python3.10/dist-packages/ds4_driver_msgs
[2.837s] -- Up-to-date: /home/ubuntu/dualshock/install/ds4_driver_msgs/local/lib/python3.10/dist-packages/ds4_driver_msgs/__init__.py
[2.837s] -- Up-to-date: /home/ubuntu/dualshock/install/ds4_driver_msgs/local/lib/python3.10/dist-packages/ds4_driver_msgs/ds4_driver_msgs_s__rosidl_typesupport_fastrtps_c.cpython-310-aarch64-linux-gnu.so
[2.838s] -- Up-to-date: /home/ubuntu/dualshock/install/ds4_driver_msgs/local/lib/python3.10/dist-packages/ds4_driver_msgs/_ds4_driver_msgs_s.ep.rosidl_typesupport_c.c
[2.838s] -- Up-to-date: /home/ubuntu/dualshock/install/ds4_driver_msgs/local/lib/python3.10/dist-packages/ds4_driver_msgs/ds4_driver_msgs_s__rosidl_typesupport_c.cpython-310-aarch64-linux-gnu.so
[2.839s] -- Up-to-date: /home/ubuntu/dualshock/install/ds4_driver_msgs/local/lib/python3.10/dist-packages/ds4_driver_msgs/_ds4_driver_msgs_s.ep.rosidl_typesupport_fastrtps_c.c
[2.839s] -- Up-to-date: /home/ubuntu/dualshock/install/ds4_driver_msgs/local/lib/python3.10/dist-packages/ds4_driver_msgs/libds4_driver_msgs__rosidl_generator_py.so
[2.839s] -- Up-to-date: /home/ubuntu/dualshock/install/ds4_driver_msgs/local/lib/python3.10/dist-packages/ds4_driver_msgs/_ds4_driver_msgs_s.ep.rosidl_typesupport_introspection_c.c
[2.840s] -- Up-to-date: /home/ubuntu/dualshock/install/ds4_driver_msgs/local/lib/python3.10/dist-packages/ds4_driver_msgs/msg
[2.840s] -- Up-to-date: /home/ubuntu/dualshock/install/ds4_driver_msgs/local/lib/python3.10/dist-packages/ds4_driver_msgs/msg/__init__.py
[2.841s] -- Up-to-date: /home/ubuntu/dualshock/install/ds4_driver_msgs/local/lib/python3.10/dist-packages/ds4_driver_msgs/msg/_trackpad.py
[2.841s] -- Up-to-date: /home/ubuntu/dualshock/install/ds4_driver_msgs/local/lib/python3.10/dist-packages/ds4_driver_msgs/msg/_trackpad_s.c
[2.842s] -- Up-to-date: /home/ubuntu/dualshock/install/ds4_driver_msgs/local/lib/python3.10/dist-packages/ds4_driver_msgs/msg/_report.py
[2.842s] -- Up-to-date: /home/ubuntu/dualshock/install/ds4_driver_msgs/local/lib/python3.10/dist-packages/ds4_driver_msgs/msg/_feedback_s.c
[2.842s] -- Up-to-date: /home/ubuntu/dualshock/install/ds4_driver_msgs/local/lib/python3.10/dist-packages/ds4_driver_msgs/msg/_report_s.c
[2.843s] -- Up-to-date: /home/ubuntu/dualshock/install/ds4_driver_msgs/local/lib/python3.10/dist-packages/ds4_driver_msgs/msg/_status_s.c
[2.843s] -- Up-to-date: /home/ubuntu/dualshock/install/ds4_driver_msgs/local/lib/python3.10/dist-packages/ds4_driver_msgs/msg/_feedback.py
[2.844s] -- Up-to-date: /home/ubuntu/dualshock/install/ds4_driver_msgs/local/lib/python3.10/dist-packages/ds4_driver_msgs/msg/_status.py
[2.844s] -- Up-to-date: /home/ubuntu/dualshock/install/ds4_driver_msgs/local/lib/python3.10/dist-packages/ds4_driver_msgs/ds4_driver_msgs_s__rosidl_typesupport_introspection_c.cpython-310-aarch64-linux-gnu.so
[2.994s] Listing '/home/ubuntu/dualshock/install/ds4_driver_msgs/local/lib/python3.10/dist-packages/ds4_driver_msgs'...
[2.995s] Listing '/home/ubuntu/dualshock/install/ds4_driver_msgs/local/lib/python3.10/dist-packages/ds4_driver_msgs/msg'...
[3.020s] -- Up-to-date: /home/ubuntu/dualshock/install/ds4_driver_msgs/local/lib/python3.10/dist-packages/ds4_driver_msgs/ds4_driver_msgs_s__rosidl_typesupport_fastrtps_c.cpython-310-aarch64-linux-gnu.so
[3.023s] -- Up-to-date: /home/ubuntu/dualshock/install/ds4_driver_msgs/local/lib/python3.10/dist-packages/ds4_driver_msgs/ds4_driver_msgs_s__rosidl_typesupport_introspection_c.cpython-310-aarch64-linux-gnu.so
[3.028s] -- Up-to-date: /home/ubuntu/dualshock/install/ds4_driver_msgs/local/lib/python3.10/dist-packages/ds4_driver_msgs/ds4_driver_msgs_s__rosidl_typesupport_c.cpython-310-aarch64-linux-gnu.so
[3.034s] -- Up-to-date: /home/ubuntu/dualshock/install/ds4_driver_msgs/lib/libds4_driver_msgs__rosidl_generator_py.so
[3.035s] -- Up-to-date: /home/ubuntu/dualshock/install/ds4_driver_msgs/share/ds4_driver_msgs/msg/Feedback.idl
[3.036s] -- Up-to-date: /home/ubuntu/dualshock/install/ds4_driver_msgs/share/ds4_driver_msgs/msg/Status.idl
[3.036s] -- Up-to-date: /home/ubuntu/dualshock/install/ds4_driver_msgs/share/ds4_driver_msgs/msg/Report.idl
[3.037s] -- Up-to-date: /home/ubuntu/dualshock/install/ds4_driver_msgs/share/ds4_driver_msgs/msg/Trackpad.idl
[3.038s] -- Up-to-date: /home/ubuntu/dualshock/install/ds4_driver_msgs/share/ds4_driver_msgs/msg/Feedback.msg
[3.038s] -- Up-to-date: /home/ubuntu/dualshock/install/ds4_driver_msgs/share/ds4_driver_msgs/msg/Status.msg
[3.039s] -- Up-to-date: /home/ubuntu/dualshock/install/ds4_driver_msgs/share/ds4_driver_msgs/msg/Report.msg
[3.039s] -- Up-to-date: /home/ubuntu/dualshock/install/ds4_driver_msgs/share/ds4_driver_msgs/msg/Trackpad.msg
[3.040s] -- Up-to-date: /home/ubuntu/dualshock/install/ds4_driver_msgs/share/ament_index/resource_index/package_run_dependencies/ds4_driver_msgs
[3.040s] -- Up-to-date: /home/ubuntu/dualshock/install/ds4_driver_msgs/share/ament_index/resource_index/parent_prefix_path/ds4_driver_msgs
[3.041s] -- Up-to-date: /home/ubuntu/dualshock/install/ds4_driver_msgs/share/ds4_driver_msgs/environment/ament_prefix_path.sh
[3.041s] -- Up-to-date: /home/ubuntu/dualshock/install/ds4_driver_msgs/share/ds4_driver_msgs/environment/ament_prefix_path.dsv
[3.042s] -- Up-to-date: /home/ubuntu/dualshock/install/ds4_driver_msgs/share/ds4_driver_msgs/environment/path.sh
[3.043s] -- Up-to-date: /home/ubuntu/dualshock/install/ds4_driver_msgs/share/ds4_driver_msgs/environment/path.dsv
[3.043s] -- Up-to-date: /home/ubuntu/dualshock/install/ds4_driver_msgs/share/ds4_driver_msgs/local_setup.bash
[3.044s] -- Up-to-date: /home/ubuntu/dualshock/install/ds4_driver_msgs/share/ds4_driver_msgs/local_setup.sh
[3.044s] -- Up-to-date: /home/ubuntu/dualshock/install/ds4_driver_msgs/share/ds4_driver_msgs/local_setup.zsh
[3.044s] -- Up-to-date: /home/ubuntu/dualshock/install/ds4_driver_msgs/share/ds4_driver_msgs/local_setup.dsv
[3.045s] -- Installing: /home/ubuntu/dualshock/install/ds4_driver_msgs/share/ds4_driver_msgs/package.dsv
[3.046s] -- Up-to-date: /home/ubuntu/dualshock/install/ds4_driver_msgs/share/ament_index/resource_index/packages/ds4_driver_msgs
[3.048s] -- Up-to-date: /home/ubuntu/dualshock/install/ds4_driver_msgs/share/ds4_driver_msgs/cmake/export_ds4_driver_msgs__rosidl_generator_cExport.cmake
[3.049s] -- Up-to-date: /home/ubuntu/dualshock/install/ds4_driver_msgs/share/ds4_driver_msgs/cmake/export_ds4_driver_msgs__rosidl_generator_cExport-noconfig.cmake
[3.051s] -- Up-to-date: /home/ubuntu/dualshock/install/ds4_driver_msgs/share/ds4_driver_msgs/cmake/export_ds4_driver_msgs__rosidl_typesupport_fastrtps_cExport.cmake
[3.051s] -- Up-to-date: /home/ubuntu/dualshock/install/ds4_driver_msgs/share/ds4_driver_msgs/cmake/export_ds4_driver_msgs__rosidl_typesupport_fastrtps_cExport-noconfig.cmake
[3.053s] -- Up-to-date: /home/ubuntu/dualshock/install/ds4_driver_msgs/share/ds4_driver_msgs/cmake/export_ds4_driver_msgs__rosidl_generator_cppExport.cmake
[3.055s] -- Up-to-date: /home/ubuntu/dualshock/install/ds4_driver_msgs/share/ds4_driver_msgs/cmake/export_ds4_driver_msgs__rosidl_typesupport_fastrtps_cppExport.cmake
[3.056s] -- Up-to-date: /home/ubuntu/dualshock/install/ds4_driver_msgs/share/ds4_driver_msgs/cmake/export_ds4_driver_msgs__rosidl_typesupport_fastrtps_cppExport-noconfig.cmake
[3.059s] -- Up-to-date: /home/ubuntu/dualshock/install/ds4_driver_msgs/share/ds4_driver_msgs/cmake/ds4_driver_msgs__rosidl_typesupport_introspection_cExport.cmake
[3.060s] -- Up-to-date: /home/ubuntu/dualshock/install/ds4_driver_msgs/share/ds4_driver_msgs/cmake/ds4_driver_msgs__rosidl_typesupport_introspection_cExport-noconfig.cmake
[3.062s] -- Up-to-date: /home/ubuntu/dualshock/install/ds4_driver_msgs/share/ds4_driver_msgs/cmake/ds4_driver_msgs__rosidl_typesupport_cExport.cmake
[3.063s] -- Up-to-date: /home/ubuntu/dualshock/install/ds4_driver_msgs/share/ds4_driver_msgs/cmake/ds4_driver_msgs__rosidl_typesupport_cExport-noconfig.cmake
[3.065s] -- Up-to-date: /home/ubuntu/dualshock/install/ds4_driver_msgs/share/ds4_driver_msgs/cmake/ds4_driver_msgs__rosidl_typesupport_introspection_cppExport.cmake
[3.065s] -- Up-to-date: /home/ubuntu/dualshock/install/ds4_driver_msgs/share/ds4_driver_msgs/cmake/ds4_driver_msgs__rosidl_typesupport_introspection_cppExport-noconfig.cmake
[3.067s] -- Up-to-date: /home/ubuntu/dualshock/install/ds4_driver_msgs/share/ds4_driver_msgs/cmake/ds4_driver_msgs__rosidl_typesupport_cppExport.cmake
[3.068s] -- Up-to-date: /home/ubuntu/dualshock/install/ds4_driver_msgs/share/ds4_driver_msgs/cmake/ds4_driver_msgs__rosidl_typesupport_cppExport-noconfig.cmake
[3.070s] -- Up-to-date: /home/ubuntu/dualshock/install/ds4_driver_msgs/share/ds4_driver_msgs/cmake/export_ds4_driver_msgs__rosidl_generator_pyExport.cmake
[3.071s] -- Up-to-date: /home/ubuntu/dualshock/install/ds4_driver_msgs/share/ds4_driver_msgs/cmake/export_ds4_driver_msgs__rosidl_generator_pyExport-noconfig.cmake
[3.071s] -- Up-to-date: /home/ubuntu/dualshock/install/ds4_driver_msgs/share/ds4_driver_msgs/cmake/rosidl_cmake-extras.cmake
[3.072s] -- Up-to-date: /home/ubuntu/dualshock/install/ds4_driver_msgs/share/ds4_driver_msgs/cmake/ament_cmake_export_dependencies-extras.cmake
[3.072s] -- Up-to-date: /home/ubuntu/dualshock/install/ds4_driver_msgs/share/ds4_driver_msgs/cmake/ament_cmake_export_include_directories-extras.cmake
[3.073s] -- Up-to-date: /home/ubuntu/dualshock/install/ds4_driver_msgs/share/ds4_driver_msgs/cmake/ament_cmake_export_libraries-extras.cmake
[3.073s] -- Up-to-date: /home/ubuntu/dualshock/install/ds4_driver_msgs/share/ds4_driver_msgs/cmake/ament_cmake_export_targets-extras.cmake
[3.074s] -- Up-to-date: /home/ubuntu/dualshock/install/ds4_driver_msgs/share/ds4_driver_msgs/cmake/rosidl_cmake_export_typesupport_targets-extras.cmake
[3.074s] -- Up-to-date: /home/ubuntu/dualshock/install/ds4_driver_msgs/share/ds4_driver_msgs/cmake/rosidl_cmake_export_typesupport_libraries-extras.cmake
[3.075s] -- Up-to-date: /home/ubuntu/dualshock/install/ds4_driver_msgs/share/ds4_driver_msgs/cmake/ds4_driver_msgsConfig.cmake
[3.075s] -- Up-to-date: /home/ubuntu/dualshock/install/ds4_driver_msgs/share/ds4_driver_msgs/cmake/ds4_driver_msgsConfig-version.cmake
[3.075s] -- Up-to-date: /home/ubuntu/dualshock/install/ds4_driver_msgs/share/ds4_driver_msgs/package.xml
[3.098s] Invoked command in '/home/ubuntu/dualshock/build/ds4_driver_msgs' returned '0': CMAKE_PREFIX_PATH=/opt/ros/humble /usr/bin/cmake --install /home/ubuntu/dualshock/build/ds4_driver_msgs
