[0.457s] DEBUG:colcon:Command line arguments: ['/usr/bin/colcon', 'build']
[0.458s] DEBUG:colcon:Parsed command line arguments: Namespace(log_base=None, log_level=None, verb_name='build', build_base='build', install_base='install', merge_install=False, symlink_install=False, test_result_base=None, continue_on_error=False, executor='parallel', parallel_workers=4, event_handlers=None, ignore_user_meta=False, metas=['./colcon.meta'], base_paths=['.'], packages_ignore=None, packages_ignore_regex=None, paths=None, packages_up_to=None, packages_up_to_regex=None, packages_above=None, packages_above_and_dependencies=None, packages_above_depth=None, packages_select_by_dep=None, packages_skip_by_dep=None, packages_skip_up_to=None, packages_select_build_failed=False, packages_skip_build_finished=False, packages_select_test_failures=False, packages_skip_test_passed=False, packages_select=None, packages_skip=None, packages_select_regex=None, packages_skip_regex=None, packages_start=None, packages_end=None, allow_overriding=[], cmake_args=None, cmake_target=None, cmake_target_skip_unavailable=False, cmake_clean_cache=False, cmake_clean_first=False, cmake_force_configure=False, ament_cmake_args=None, catkin_cmake_args=None, catkin_skip_building_tests=False, verb_parser=<colcon_defaults.argument_parser.defaults.DefaultArgumentsDecorator object at 0xffffb2043f70>, verb_extension=<colcon_core.verb.build.BuildVerb object at 0xffffb21855a0>, main=<bound method BuildVerb.main of <colcon_core.verb.build.BuildVerb object at 0xffffb21855a0>>)
[1.255s] Level 1:colcon.colcon_core.package_discovery:discover_packages(colcon_meta) check parameters
[1.255s] Level 1:colcon.colcon_core.package_discovery:discover_packages(recursive) check parameters
[1.256s] Level 1:colcon.colcon_core.package_discovery:discover_packages(ignore) check parameters
[1.256s] Level 1:colcon.colcon_core.package_discovery:discover_packages(path) check parameters
[1.256s] Level 1:colcon.colcon_core.package_discovery:discover_packages(colcon_meta) discover
[1.256s] Level 1:colcon.colcon_core.package_discovery:discover_packages(recursive) discover
[1.257s] INFO:colcon.colcon_core.package_discovery:Crawling recursively for packages in '/home/ubuntu/dualshock'
[1.257s] Level 1:colcon.colcon_core.package_identification:_identify(.) by extensions ['ignore', 'ignore_ament_install']
[1.257s] Level 1:colcon.colcon_core.package_identification:_identify(.) by extension 'ignore'
[1.258s] Level 1:colcon.colcon_core.package_identification:_identify(.) by extension 'ignore_ament_install'
[1.258s] Level 1:colcon.colcon_core.package_identification:_identify(.) by extensions ['colcon_pkg']
[1.258s] Level 1:colcon.colcon_core.package_identification:_identify(.) by extension 'colcon_pkg'
[1.258s] Level 1:colcon.colcon_core.package_identification:_identify(.) by extensions ['colcon_meta']
[1.258s] Level 1:colcon.colcon_core.package_identification:_identify(.) by extension 'colcon_meta'
[1.259s] Level 1:colcon.colcon_core.package_identification:_identify(.) by extensions ['ros']
[1.259s] Level 1:colcon.colcon_core.package_identification:_identify(.) by extension 'ros'
[1.304s] Level 1:colcon.colcon_core.package_identification:_identify(.) by extensions ['cmake', 'python']
[1.304s] Level 1:colcon.colcon_core.package_identification:_identify(.) by extension 'cmake'
[1.304s] Level 1:colcon.colcon_core.package_identification:_identify(.) by extension 'python'
[1.304s] Level 1:colcon.colcon_core.package_identification:_identify(.) by extensions ['python_setup_py']
[1.305s] Level 1:colcon.colcon_core.package_identification:_identify(.) by extension 'python_setup_py'
[1.305s] Level 1:colcon.colcon_core.package_identification:_identify(build) by extensions ['ignore', 'ignore_ament_install']
[1.311s] Level 1:colcon.colcon_core.package_identification:_identify(build) by extension 'ignore'
[1.311s] Level 1:colcon.colcon_core.package_identification:_identify(build) ignored
[1.312s] Level 1:colcon.colcon_core.package_identification:_identify(install) by extensions ['ignore', 'ignore_ament_install']
[1.312s] Level 1:colcon.colcon_core.package_identification:_identify(install) by extension 'ignore'
[1.313s] Level 1:colcon.colcon_core.package_identification:_identify(install) ignored
[1.314s] Level 1:colcon.colcon_core.package_identification:_identify(log) by extensions ['ignore', 'ignore_ament_install']
[1.315s] Level 1:colcon.colcon_core.package_identification:_identify(log) by extension 'ignore'
[1.315s] Level 1:colcon.colcon_core.package_identification:_identify(log) ignored
[1.315s] Level 1:colcon.colcon_core.package_identification:_identify(src) by extensions ['ignore', 'ignore_ament_install']
[1.316s] Level 1:colcon.colcon_core.package_identification:_identify(src) by extension 'ignore'
[1.316s] Level 1:colcon.colcon_core.package_identification:_identify(src) by extension 'ignore_ament_install'
[1.316s] Level 1:colcon.colcon_core.package_identification:_identify(src) by extensions ['colcon_pkg']
[1.317s] Level 1:colcon.colcon_core.package_identification:_identify(src) by extension 'colcon_pkg'
[1.317s] Level 1:colcon.colcon_core.package_identification:_identify(src) by extensions ['colcon_meta']
[1.317s] Level 1:colcon.colcon_core.package_identification:_identify(src) by extension 'colcon_meta'
[1.317s] Level 1:colcon.colcon_core.package_identification:_identify(src) by extensions ['ros']
[1.317s] Level 1:colcon.colcon_core.package_identification:_identify(src) by extension 'ros'
[1.318s] Level 1:colcon.colcon_core.package_identification:_identify(src) by extensions ['cmake', 'python']
[1.318s] Level 1:colcon.colcon_core.package_identification:_identify(src) by extension 'cmake'
[1.318s] Level 1:colcon.colcon_core.package_identification:_identify(src) by extension 'python'
[1.318s] Level 1:colcon.colcon_core.package_identification:_identify(src) by extensions ['python_setup_py']
[1.318s] Level 1:colcon.colcon_core.package_identification:_identify(src) by extension 'python_setup_py'
[1.319s] Level 1:colcon.colcon_core.package_identification:_identify(src/ds4_driver) by extensions ['ignore', 'ignore_ament_install']
[1.319s] Level 1:colcon.colcon_core.package_identification:_identify(src/ds4_driver) by extension 'ignore'
[1.319s] Level 1:colcon.colcon_core.package_identification:_identify(src/ds4_driver) by extension 'ignore_ament_install'
[1.319s] Level 1:colcon.colcon_core.package_identification:_identify(src/ds4_driver) by extensions ['colcon_pkg']
[1.320s] Level 1:colcon.colcon_core.package_identification:_identify(src/ds4_driver) by extension 'colcon_pkg'
[1.320s] Level 1:colcon.colcon_core.package_identification:_identify(src/ds4_driver) by extensions ['colcon_meta']
[1.320s] Level 1:colcon.colcon_core.package_identification:_identify(src/ds4_driver) by extension 'colcon_meta'
[1.320s] Level 1:colcon.colcon_core.package_identification:_identify(src/ds4_driver) by extensions ['ros']
[1.320s] Level 1:colcon.colcon_core.package_identification:_identify(src/ds4_driver) by extension 'ros'
[1.321s] Level 1:colcon.colcon_core.package_identification:_identify(src/ds4_driver) by extensions ['cmake', 'python']
[1.321s] Level 1:colcon.colcon_core.package_identification:_identify(src/ds4_driver) by extension 'cmake'
[1.321s] Level 1:colcon.colcon_core.package_identification:_identify(src/ds4_driver) by extension 'python'
[1.321s] Level 1:colcon.colcon_core.package_identification:_identify(src/ds4_driver) by extensions ['python_setup_py']
[1.321s] Level 1:colcon.colcon_core.package_identification:_identify(src/ds4_driver) by extension 'python_setup_py'
[1.322s] Level 1:colcon.colcon_core.package_identification:_identify(src/ds4_driver/docker) by extensions ['ignore', 'ignore_ament_install']
[1.322s] Level 1:colcon.colcon_core.package_identification:_identify(src/ds4_driver/docker) by extension 'ignore'
[1.322s] Level 1:colcon.colcon_core.package_identification:_identify(src/ds4_driver/docker) by extension 'ignore_ament_install'
[1.323s] Level 1:colcon.colcon_core.package_identification:_identify(src/ds4_driver/docker) by extensions ['colcon_pkg']
[1.323s] Level 1:colcon.colcon_core.package_identification:_identify(src/ds4_driver/docker) by extension 'colcon_pkg'
[1.323s] Level 1:colcon.colcon_core.package_identification:_identify(src/ds4_driver/docker) by extensions ['colcon_meta']
[1.323s] Level 1:colcon.colcon_core.package_identification:_identify(src/ds4_driver/docker) by extension 'colcon_meta'
[1.323s] Level 1:colcon.colcon_core.package_identification:_identify(src/ds4_driver/docker) by extensions ['ros']
[1.324s] Level 1:colcon.colcon_core.package_identification:_identify(src/ds4_driver/docker) by extension 'ros'
[1.324s] Level 1:colcon.colcon_core.package_identification:_identify(src/ds4_driver/docker) by extensions ['cmake', 'python']
[1.324s] Level 1:colcon.colcon_core.package_identification:_identify(src/ds4_driver/docker) by extension 'cmake'
[1.324s] Level 1:colcon.colcon_core.package_identification:_identify(src/ds4_driver/docker) by extension 'python'
[1.324s] Level 1:colcon.colcon_core.package_identification:_identify(src/ds4_driver/docker) by extensions ['python_setup_py']
[1.324s] Level 1:colcon.colcon_core.package_identification:_identify(src/ds4_driver/docker) by extension 'python_setup_py'
[1.325s] Level 1:colcon.colcon_core.package_identification:_identify(src/ds4_driver/ds4_driver) by extensions ['ignore', 'ignore_ament_install']
[1.326s] Level 1:colcon.colcon_core.package_identification:_identify(src/ds4_driver/ds4_driver) by extension 'ignore'
[1.326s] Level 1:colcon.colcon_core.package_identification:_identify(src/ds4_driver/ds4_driver) by extension 'ignore_ament_install'
[1.326s] Level 1:colcon.colcon_core.package_identification:_identify(src/ds4_driver/ds4_driver) by extensions ['colcon_pkg']
[1.327s] Level 1:colcon.colcon_core.package_identification:_identify(src/ds4_driver/ds4_driver) by extension 'colcon_pkg'
[1.327s] Level 1:colcon.colcon_core.package_identification:_identify(src/ds4_driver/ds4_driver) by extensions ['colcon_meta']
[1.327s] Level 1:colcon.colcon_core.package_identification:_identify(src/ds4_driver/ds4_driver) by extension 'colcon_meta'
[1.328s] Level 1:colcon.colcon_core.package_identification:_identify(src/ds4_driver/ds4_driver) by extensions ['ros']
[1.328s] Level 1:colcon.colcon_core.package_identification:_identify(src/ds4_driver/ds4_driver) by extension 'ros'
[1.337s] DEBUG:colcon.colcon_core.package_identification:Package 'src/ds4_driver/ds4_driver' with type 'ros.ament_cmake' and name 'ds4_driver'
[1.338s] Level 1:colcon.colcon_core.package_identification:_identify(src/ds4_driver/ds4_driver_msgs) by extensions ['ignore', 'ignore_ament_install']
[1.338s] Level 1:colcon.colcon_core.package_identification:_identify(src/ds4_driver/ds4_driver_msgs) by extension 'ignore'
[1.338s] Level 1:colcon.colcon_core.package_identification:_identify(src/ds4_driver/ds4_driver_msgs) by extension 'ignore_ament_install'
[1.339s] Level 1:colcon.colcon_core.package_identification:_identify(src/ds4_driver/ds4_driver_msgs) by extensions ['colcon_pkg']
[1.339s] Level 1:colcon.colcon_core.package_identification:_identify(src/ds4_driver/ds4_driver_msgs) by extension 'colcon_pkg'
[1.339s] Level 1:colcon.colcon_core.package_identification:_identify(src/ds4_driver/ds4_driver_msgs) by extensions ['colcon_meta']
[1.339s] Level 1:colcon.colcon_core.package_identification:_identify(src/ds4_driver/ds4_driver_msgs) by extension 'colcon_meta'
[1.339s] Level 1:colcon.colcon_core.package_identification:_identify(src/ds4_driver/ds4_driver_msgs) by extensions ['ros']
[1.339s] Level 1:colcon.colcon_core.package_identification:_identify(src/ds4_driver/ds4_driver_msgs) by extension 'ros'
[1.342s] DEBUG:colcon.colcon_core.package_identification:Package 'src/ds4_driver/ds4_driver_msgs' with type 'ros.ament_cmake' and name 'ds4_driver_msgs'
[1.342s] Level 1:colcon.colcon_core.package_discovery:discover_packages(recursive) using defaults
[1.343s] Level 1:colcon.colcon_core.package_discovery:discover_packages(ignore) discover
[1.344s] Level 1:colcon.colcon_core.package_discovery:discover_packages(ignore) using defaults
[1.344s] Level 1:colcon.colcon_core.package_discovery:discover_packages(path) discover
[1.344s] Level 1:colcon.colcon_core.package_discovery:discover_packages(path) using defaults
[1.422s] Level 1:colcon.colcon_core.package_discovery:discover_packages(prefix_path) check parameters
[1.422s] Level 1:colcon.colcon_core.package_discovery:discover_packages(prefix_path) discover
[1.431s] DEBUG:colcon.colcon_installed_package_information.package_discovery:Found 2 installed packages in /home/ubuntu/dualshock/install
[1.440s] DEBUG:colcon.colcon_installed_package_information.package_discovery:Found 271 installed packages in /opt/ros/humble
[1.446s] Level 1:colcon.colcon_core.package_discovery:discover_packages(prefix_path) using defaults
[1.658s] Level 5:colcon.colcon_core.verb:set package 'ds4_driver_msgs' build argument 'cmake_args' from command line to 'None'
[1.658s] Level 5:colcon.colcon_core.verb:set package 'ds4_driver_msgs' build argument 'cmake_target' from command line to 'None'
[1.658s] Level 5:colcon.colcon_core.verb:set package 'ds4_driver_msgs' build argument 'cmake_target_skip_unavailable' from command line to 'False'
[1.658s] Level 5:colcon.colcon_core.verb:set package 'ds4_driver_msgs' build argument 'cmake_clean_cache' from command line to 'False'
[1.658s] Level 5:colcon.colcon_core.verb:set package 'ds4_driver_msgs' build argument 'cmake_clean_first' from command line to 'False'
[1.659s] Level 5:colcon.colcon_core.verb:set package 'ds4_driver_msgs' build argument 'cmake_force_configure' from command line to 'False'
[1.659s] Level 5:colcon.colcon_core.verb:set package 'ds4_driver_msgs' build argument 'ament_cmake_args' from command line to 'None'
[1.659s] Level 5:colcon.colcon_core.verb:set package 'ds4_driver_msgs' build argument 'catkin_cmake_args' from command line to 'None'
[1.659s] Level 5:colcon.colcon_core.verb:set package 'ds4_driver_msgs' build argument 'catkin_skip_building_tests' from command line to 'False'
[1.659s] DEBUG:colcon.colcon_core.verb:Building package 'ds4_driver_msgs' with the following arguments: {'ament_cmake_args': None, 'build_base': '/home/ubuntu/dualshock/build/ds4_driver_msgs', 'catkin_cmake_args': None, 'catkin_skip_building_tests': False, 'cmake_args': None, 'cmake_clean_cache': False, 'cmake_clean_first': False, 'cmake_force_configure': False, 'cmake_target': None, 'cmake_target_skip_unavailable': False, 'install_base': '/home/ubuntu/dualshock/install/ds4_driver_msgs', 'merge_install': False, 'path': '/home/ubuntu/dualshock/src/ds4_driver/ds4_driver_msgs', 'symlink_install': False, 'test_result_base': None}
[1.661s] Level 5:colcon.colcon_core.verb:set package 'ds4_driver' build argument 'cmake_args' from command line to 'None'
[1.661s] Level 5:colcon.colcon_core.verb:set package 'ds4_driver' build argument 'cmake_target' from command line to 'None'
[1.661s] Level 5:colcon.colcon_core.verb:set package 'ds4_driver' build argument 'cmake_target_skip_unavailable' from command line to 'False'
[1.661s] Level 5:colcon.colcon_core.verb:set package 'ds4_driver' build argument 'cmake_clean_cache' from command line to 'False'
[1.661s] Level 5:colcon.colcon_core.verb:set package 'ds4_driver' build argument 'cmake_clean_first' from command line to 'False'
[1.662s] Level 5:colcon.colcon_core.verb:set package 'ds4_driver' build argument 'cmake_force_configure' from command line to 'False'
[1.662s] Level 5:colcon.colcon_core.verb:set package 'ds4_driver' build argument 'ament_cmake_args' from command line to 'None'
[1.662s] Level 5:colcon.colcon_core.verb:set package 'ds4_driver' build argument 'catkin_cmake_args' from command line to 'None'
[1.662s] Level 5:colcon.colcon_core.verb:set package 'ds4_driver' build argument 'catkin_skip_building_tests' from command line to 'False'
[1.662s] DEBUG:colcon.colcon_core.verb:Building package 'ds4_driver' with the following arguments: {'ament_cmake_args': None, 'build_base': '/home/ubuntu/dualshock/build/ds4_driver', 'catkin_cmake_args': None, 'catkin_skip_building_tests': False, 'cmake_args': None, 'cmake_clean_cache': False, 'cmake_clean_first': False, 'cmake_force_configure': False, 'cmake_target': None, 'cmake_target_skip_unavailable': False, 'install_base': '/home/ubuntu/dualshock/install/ds4_driver', 'merge_install': False, 'path': '/home/ubuntu/dualshock/src/ds4_driver/ds4_driver', 'symlink_install': False, 'test_result_base': None}
[1.663s] INFO:colcon.colcon_core.executor:Executing jobs using 'parallel' executor
[1.666s] DEBUG:colcon.colcon_parallel_executor.executor.parallel:run_until_complete
[1.667s] INFO:colcon.colcon_ros.task.ament_cmake.build:Building ROS package in '/home/ubuntu/dualshock/src/ds4_driver/ds4_driver_msgs' with build type 'ament_cmake'
[1.667s] INFO:colcon.colcon_cmake.task.cmake.build:Building CMake package in '/home/ubuntu/dualshock/src/ds4_driver/ds4_driver_msgs'
[1.677s] INFO:colcon.colcon_core.plugin_system:Skipping extension 'colcon_core.shell.bat': Not used on non-Windows systems
[1.678s] INFO:colcon.colcon_core.shell:Skip shell extension 'powershell' for command environment: Not usable outside of PowerShell
[1.679s] DEBUG:colcon.colcon_core.shell:Skip shell extension 'dsv' for command environment
[1.718s] DEBUG:colcon.colcon_core.event_handler.log_command:Invoking command in '/home/ubuntu/dualshock/build/ds4_driver_msgs': CMAKE_PREFIX_PATH=${CMAKE_PREFIX_PATH}:/opt/ros/humble /usr/bin/cmake --build /home/ubuntu/dualshock/build/ds4_driver_msgs -- -j4 -l4
[3.538s] DEBUG:colcon.colcon_core.event_handler.log_command:Invoked command in '/home/ubuntu/dualshock/build/ds4_driver_msgs' returned '0': CMAKE_PREFIX_PATH=${CMAKE_PREFIX_PATH}:/opt/ros/humble /usr/bin/cmake --build /home/ubuntu/dualshock/build/ds4_driver_msgs -- -j4 -l4
[4.339s] DEBUG:colcon.colcon_core.event_handler.log_command:Invoking command in '/home/ubuntu/dualshock/build/ds4_driver_msgs': CMAKE_PREFIX_PATH=${CMAKE_PREFIX_PATH}:/opt/ros/humble /usr/bin/cmake --install /home/ubuntu/dualshock/build/ds4_driver_msgs
[4.645s] Level 1:colcon.colcon_core.environment:create_environment_scripts_only(ds4_driver_msgs)
[4.647s] DEBUG:colcon.colcon_core.event_handler.log_command:Invoked command in '/home/ubuntu/dualshock/build/ds4_driver_msgs' returned '0': CMAKE_PREFIX_PATH=${CMAKE_PREFIX_PATH}:/opt/ros/humble /usr/bin/cmake --install /home/ubuntu/dualshock/build/ds4_driver_msgs
[4.658s] Level 1:colcon.colcon_core.environment:checking '/home/ubuntu/dualshock/install/ds4_driver_msgs' for CMake module files
[4.663s] Level 1:colcon.colcon_core.environment:checking '/home/ubuntu/dualshock/install/ds4_driver_msgs' for CMake config files
[4.667s] Level 1:colcon.colcon_core.shell:create_environment_hook('ds4_driver_msgs', 'cmake_prefix_path')
[4.668s] INFO:colcon.colcon_core.shell:Creating environment hook '/home/ubuntu/dualshock/install/ds4_driver_msgs/share/ds4_driver_msgs/hook/cmake_prefix_path.ps1'
[4.670s] INFO:colcon.colcon_core.shell:Creating environment descriptor '/home/ubuntu/dualshock/install/ds4_driver_msgs/share/ds4_driver_msgs/hook/cmake_prefix_path.dsv'
[4.672s] INFO:colcon.colcon_core.shell:Creating environment hook '/home/ubuntu/dualshock/install/ds4_driver_msgs/share/ds4_driver_msgs/hook/cmake_prefix_path.sh'
[4.677s] Level 1:colcon.colcon_core.environment:checking '/home/ubuntu/dualshock/install/ds4_driver_msgs/lib'
[4.678s] Level 1:colcon.colcon_core.shell:create_environment_hook('ds4_driver_msgs', 'ld_library_path_lib')
[4.679s] INFO:colcon.colcon_core.shell:Creating environment hook '/home/ubuntu/dualshock/install/ds4_driver_msgs/share/ds4_driver_msgs/hook/ld_library_path_lib.ps1'
[4.681s] INFO:colcon.colcon_core.shell:Creating environment descriptor '/home/ubuntu/dualshock/install/ds4_driver_msgs/share/ds4_driver_msgs/hook/ld_library_path_lib.dsv'
[4.683s] INFO:colcon.colcon_core.shell:Creating environment hook '/home/ubuntu/dualshock/install/ds4_driver_msgs/share/ds4_driver_msgs/hook/ld_library_path_lib.sh'
[4.685s] Level 1:colcon.colcon_core.environment:checking '/home/ubuntu/dualshock/install/ds4_driver_msgs/bin'
[4.686s] Level 1:colcon.colcon_core.environment:checking '/home/ubuntu/dualshock/install/ds4_driver_msgs/lib/pkgconfig/ds4_driver_msgs.pc'
[4.687s] Level 1:colcon.colcon_core.environment:checking '/home/ubuntu/dualshock/install/ds4_driver_msgs/lib/python3.10/site-packages'
[4.688s] Level 1:colcon.colcon_core.environment:checking '/home/ubuntu/dualshock/install/ds4_driver_msgs/bin'
[4.689s] INFO:colcon.colcon_core.shell:Creating package script '/home/ubuntu/dualshock/install/ds4_driver_msgs/share/ds4_driver_msgs/package.ps1'
[4.693s] INFO:colcon.colcon_core.shell:Creating package descriptor '/home/ubuntu/dualshock/install/ds4_driver_msgs/share/ds4_driver_msgs/package.dsv'
[4.695s] INFO:colcon.colcon_core.shell:Creating package script '/home/ubuntu/dualshock/install/ds4_driver_msgs/share/ds4_driver_msgs/package.sh'
[4.699s] INFO:colcon.colcon_core.shell:Creating package script '/home/ubuntu/dualshock/install/ds4_driver_msgs/share/ds4_driver_msgs/package.bash'
[4.702s] INFO:colcon.colcon_core.shell:Creating package script '/home/ubuntu/dualshock/install/ds4_driver_msgs/share/ds4_driver_msgs/package.zsh'
[4.705s] Level 1:colcon.colcon_core.environment:create_file_with_runtime_dependencies(/home/ubuntu/dualshock/install/ds4_driver_msgs/share/colcon-core/packages/ds4_driver_msgs)
[5.546s] Level 1:colcon.colcon_core.environment:create_environment_scripts_only(ds4_driver_msgs)
[5.547s] Level 1:colcon.colcon_core.environment:checking '/home/ubuntu/dualshock/install/ds4_driver_msgs' for CMake module files
[5.551s] Level 1:colcon.colcon_core.environment:checking '/home/ubuntu/dualshock/install/ds4_driver_msgs' for CMake config files
[5.556s] Level 1:colcon.colcon_core.shell:create_environment_hook('ds4_driver_msgs', 'cmake_prefix_path')
[5.557s] INFO:colcon.colcon_core.shell:Creating environment hook '/home/ubuntu/dualshock/install/ds4_driver_msgs/share/ds4_driver_msgs/hook/cmake_prefix_path.ps1'
[5.560s] INFO:colcon.colcon_core.shell:Creating environment descriptor '/home/ubuntu/dualshock/install/ds4_driver_msgs/share/ds4_driver_msgs/hook/cmake_prefix_path.dsv'
[5.562s] INFO:colcon.colcon_core.shell:Creating environment hook '/home/ubuntu/dualshock/install/ds4_driver_msgs/share/ds4_driver_msgs/hook/cmake_prefix_path.sh'
[5.565s] Level 1:colcon.colcon_core.environment:checking '/home/ubuntu/dualshock/install/ds4_driver_msgs/lib'
[5.566s] Level 1:colcon.colcon_core.shell:create_environment_hook('ds4_driver_msgs', 'ld_library_path_lib')
[5.567s] INFO:colcon.colcon_core.shell:Creating environment hook '/home/ubuntu/dualshock/install/ds4_driver_msgs/share/ds4_driver_msgs/hook/ld_library_path_lib.ps1'
[5.568s] INFO:colcon.colcon_core.shell:Creating environment descriptor '/home/ubuntu/dualshock/install/ds4_driver_msgs/share/ds4_driver_msgs/hook/ld_library_path_lib.dsv'
[5.571s] INFO:colcon.colcon_core.shell:Creating environment hook '/home/ubuntu/dualshock/install/ds4_driver_msgs/share/ds4_driver_msgs/hook/ld_library_path_lib.sh'
[5.573s] Level 1:colcon.colcon_core.environment:checking '/home/ubuntu/dualshock/install/ds4_driver_msgs/bin'
[5.573s] Level 1:colcon.colcon_core.environment:checking '/home/ubuntu/dualshock/install/ds4_driver_msgs/lib/pkgconfig/ds4_driver_msgs.pc'
[5.574s] Level 1:colcon.colcon_core.environment:checking '/home/ubuntu/dualshock/install/ds4_driver_msgs/lib/python3.10/site-packages'
[5.575s] Level 1:colcon.colcon_core.environment:checking '/home/ubuntu/dualshock/install/ds4_driver_msgs/bin'
[5.576s] INFO:colcon.colcon_core.shell:Creating package script '/home/ubuntu/dualshock/install/ds4_driver_msgs/share/ds4_driver_msgs/package.ps1'
[5.579s] INFO:colcon.colcon_core.shell:Creating package descriptor '/home/ubuntu/dualshock/install/ds4_driver_msgs/share/ds4_driver_msgs/package.dsv'
[5.582s] INFO:colcon.colcon_core.shell:Creating package script '/home/ubuntu/dualshock/install/ds4_driver_msgs/share/ds4_driver_msgs/package.sh'
[5.584s] INFO:colcon.colcon_core.shell:Creating package script '/home/ubuntu/dualshock/install/ds4_driver_msgs/share/ds4_driver_msgs/package.bash'
[5.586s] INFO:colcon.colcon_core.shell:Creating package script '/home/ubuntu/dualshock/install/ds4_driver_msgs/share/ds4_driver_msgs/package.zsh'
[5.588s] Level 1:colcon.colcon_core.environment:create_file_with_runtime_dependencies(/home/ubuntu/dualshock/install/ds4_driver_msgs/share/colcon-core/packages/ds4_driver_msgs)
[5.590s] INFO:colcon.colcon_ros.task.ament_cmake.build:Building ROS package in '/home/ubuntu/dualshock/src/ds4_driver/ds4_driver' with build type 'ament_cmake'
[5.590s] INFO:colcon.colcon_cmake.task.cmake.build:Building CMake package in '/home/ubuntu/dualshock/src/ds4_driver/ds4_driver'
[5.591s] INFO:colcon.colcon_core.shell:Skip shell extension 'powershell' for command environment: Not usable outside of PowerShell
[5.592s] DEBUG:colcon.colcon_core.shell:Skip shell extension 'dsv' for command environment
[5.645s] DEBUG:colcon.colcon_core.event_handler.log_command:Invoking command in '/home/ubuntu/dualshock/build/ds4_driver': CMAKE_PREFIX_PATH=/home/ubuntu/dualshock/install/ds4_driver_msgs:/home/ubuntu/dualshock/install/ds4_driver:/opt/ros/humble /usr/bin/cmake --build /home/ubuntu/dualshock/build/ds4_driver -- -j4 -l4
[7.589s] DEBUG:colcon.colcon_core.event_handler.log_command:Invoked command in '/home/ubuntu/dualshock/build/ds4_driver' returned '0': CMAKE_PREFIX_PATH=/home/ubuntu/dualshock/install/ds4_driver_msgs:/home/ubuntu/dualshock/install/ds4_driver:/opt/ros/humble /usr/bin/cmake --build /home/ubuntu/dualshock/build/ds4_driver -- -j4 -l4
[7.733s] DEBUG:colcon.colcon_core.event_handler.log_command:Invoking command in '/home/ubuntu/dualshock/build/ds4_driver': CMAKE_PREFIX_PATH=/home/ubuntu/dualshock/install/ds4_driver_msgs:/home/ubuntu/dualshock/install/ds4_driver:/opt/ros/humble /usr/bin/cmake --install /home/ubuntu/dualshock/build/ds4_driver
[8.128s] Level 1:colcon.colcon_core.environment:create_environment_scripts_only(ds4_driver)
[8.129s] Level 1:colcon.colcon_core.environment:checking '/home/ubuntu/dualshock/install/ds4_driver' for CMake module files
[8.136s] Level 1:colcon.colcon_core.environment:checking '/home/ubuntu/dualshock/install/ds4_driver' for CMake config files
[8.144s] Level 1:colcon.colcon_core.shell:create_environment_hook('ds4_driver', 'cmake_prefix_path')
[8.146s] INFO:colcon.colcon_core.shell:Creating environment hook '/home/ubuntu/dualshock/install/ds4_driver/share/ds4_driver/hook/cmake_prefix_path.ps1'
[8.153s] DEBUG:colcon.colcon_core.event_handler.log_command:Invoked command in '/home/ubuntu/dualshock/build/ds4_driver' returned '0': CMAKE_PREFIX_PATH=/home/ubuntu/dualshock/install/ds4_driver_msgs:/home/ubuntu/dualshock/install/ds4_driver:/opt/ros/humble /usr/bin/cmake --install /home/ubuntu/dualshock/build/ds4_driver
[8.153s] INFO:colcon.colcon_core.shell:Creating environment descriptor '/home/ubuntu/dualshock/install/ds4_driver/share/ds4_driver/hook/cmake_prefix_path.dsv'
[8.157s] INFO:colcon.colcon_core.shell:Creating environment hook '/home/ubuntu/dualshock/install/ds4_driver/share/ds4_driver/hook/cmake_prefix_path.sh'
[8.161s] Level 1:colcon.colcon_core.environment:checking '/home/ubuntu/dualshock/install/ds4_driver/lib'
[8.162s] Level 1:colcon.colcon_core.environment:checking '/home/ubuntu/dualshock/install/ds4_driver/bin'
[8.162s] Level 1:colcon.colcon_core.environment:checking '/home/ubuntu/dualshock/install/ds4_driver/lib/pkgconfig/ds4_driver.pc'
[8.164s] Level 1:colcon.colcon_core.environment:checking '/home/ubuntu/dualshock/install/ds4_driver/lib/python3.10/site-packages'
[8.165s] Level 1:colcon.colcon_core.environment:checking '/home/ubuntu/dualshock/install/ds4_driver/bin'
[8.167s] INFO:colcon.colcon_core.shell:Creating package script '/home/ubuntu/dualshock/install/ds4_driver/share/ds4_driver/package.ps1'
[8.170s] INFO:colcon.colcon_core.shell:Creating package descriptor '/home/ubuntu/dualshock/install/ds4_driver/share/ds4_driver/package.dsv'
[8.172s] INFO:colcon.colcon_core.shell:Creating package script '/home/ubuntu/dualshock/install/ds4_driver/share/ds4_driver/package.sh'
[8.175s] INFO:colcon.colcon_core.shell:Creating package script '/home/ubuntu/dualshock/install/ds4_driver/share/ds4_driver/package.bash'
[8.178s] INFO:colcon.colcon_core.shell:Creating package script '/home/ubuntu/dualshock/install/ds4_driver/share/ds4_driver/package.zsh'
[8.181s] Level 1:colcon.colcon_core.environment:create_file_with_runtime_dependencies(/home/ubuntu/dualshock/install/ds4_driver/share/colcon-core/packages/ds4_driver)
[8.355s] Level 1:colcon.colcon_core.environment:create_environment_scripts_only(ds4_driver)
[8.357s] Level 1:colcon.colcon_core.environment:checking '/home/ubuntu/dualshock/install/ds4_driver' for CMake module files
[8.361s] Level 1:colcon.colcon_core.environment:checking '/home/ubuntu/dualshock/install/ds4_driver' for CMake config files
[8.368s] Level 1:colcon.colcon_core.shell:create_environment_hook('ds4_driver', 'cmake_prefix_path')
[8.369s] INFO:colcon.colcon_core.shell:Creating environment hook '/home/ubuntu/dualshock/install/ds4_driver/share/ds4_driver/hook/cmake_prefix_path.ps1'
[8.372s] INFO:colcon.colcon_core.shell:Creating environment descriptor '/home/ubuntu/dualshock/install/ds4_driver/share/ds4_driver/hook/cmake_prefix_path.dsv'
[8.375s] INFO:colcon.colcon_core.shell:Creating environment hook '/home/ubuntu/dualshock/install/ds4_driver/share/ds4_driver/hook/cmake_prefix_path.sh'
[8.379s] Level 1:colcon.colcon_core.environment:checking '/home/ubuntu/dualshock/install/ds4_driver/lib'
[8.380s] Level 1:colcon.colcon_core.environment:checking '/home/ubuntu/dualshock/install/ds4_driver/bin'
[8.381s] Level 1:colcon.colcon_core.environment:checking '/home/ubuntu/dualshock/install/ds4_driver/lib/pkgconfig/ds4_driver.pc'
[8.382s] Level 1:colcon.colcon_core.environment:checking '/home/ubuntu/dualshock/install/ds4_driver/lib/python3.10/site-packages'
[8.383s] Level 1:colcon.colcon_core.environment:checking '/home/ubuntu/dualshock/install/ds4_driver/bin'
[8.385s] INFO:colcon.colcon_core.shell:Creating package script '/home/ubuntu/dualshock/install/ds4_driver/share/ds4_driver/package.ps1'
[8.389s] INFO:colcon.colcon_core.shell:Creating package descriptor '/home/ubuntu/dualshock/install/ds4_driver/share/ds4_driver/package.dsv'
[8.411s] INFO:colcon.colcon_core.shell:Creating package script '/home/ubuntu/dualshock/install/ds4_driver/share/ds4_driver/package.sh'
[8.415s] INFO:colcon.colcon_core.shell:Creating package script '/home/ubuntu/dualshock/install/ds4_driver/share/ds4_driver/package.bash'
[8.420s] INFO:colcon.colcon_core.shell:Creating package script '/home/ubuntu/dualshock/install/ds4_driver/share/ds4_driver/package.zsh'
[8.423s] Level 1:colcon.colcon_core.environment:create_file_with_runtime_dependencies(/home/ubuntu/dualshock/install/ds4_driver/share/colcon-core/packages/ds4_driver)
[8.426s] DEBUG:colcon.colcon_parallel_executor.executor.parallel:closing loop
[8.430s] DEBUG:colcon.colcon_parallel_executor.executor.parallel:loop closed
[8.430s] DEBUG:colcon.colcon_parallel_executor.executor.parallel:run_until_complete finished with '0'
[8.431s] DEBUG:colcon.colcon_core.event_reactor:joining thread
[8.480s] INFO:colcon.colcon_core.plugin_system:Skipping extension 'colcon_notification.desktop_notification.notify_send': Could not find 'notify-send'
[8.481s] INFO:colcon.colcon_core.plugin_system:Skipping extension 'colcon_notification.desktop_notification.terminal_notifier': Not used on non-Darwin systems
[8.482s] INFO:colcon.colcon_core.plugin_system:Skipping extension 'colcon_notification.desktop_notification.win32': Not used on non-Windows systems
[8.482s] INFO:colcon.colcon_notification.desktop_notification:Sending desktop notification using 'notify2'
[8.488s] DEBUG:colcon.colcon_notification.desktop_notification.notify2:Failed to initialize notify2: org.freedesktop.DBus.Error.ServiceUnknown: The name org.freedesktop.Notifications was not provided by any .service files
[8.489s] DEBUG:colcon.colcon_core.event_reactor:joined thread
[8.490s] INFO:colcon.colcon_core.shell:Creating prefix script '/home/ubuntu/dualshock/install/local_setup.ps1'
[8.497s] INFO:colcon.colcon_core.shell:Creating prefix util module '/home/ubuntu/dualshock/install/_local_setup_util_ps1.py'
[8.506s] INFO:colcon.colcon_core.shell:Creating prefix chain script '/home/ubuntu/dualshock/install/setup.ps1'
[8.514s] INFO:colcon.colcon_core.shell:Creating prefix script '/home/ubuntu/dualshock/install/local_setup.sh'
[8.518s] INFO:colcon.colcon_core.shell:Creating prefix util module '/home/ubuntu/dualshock/install/_local_setup_util_sh.py'
[8.521s] INFO:colcon.colcon_core.shell:Creating prefix chain script '/home/ubuntu/dualshock/install/setup.sh'
[8.527s] INFO:colcon.colcon_core.shell:Creating prefix script '/home/ubuntu/dualshock/install/local_setup.bash'
[8.531s] INFO:colcon.colcon_core.shell:Creating prefix chain script '/home/ubuntu/dualshock/install/setup.bash'
[8.537s] INFO:colcon.colcon_core.shell:Creating prefix script '/home/ubuntu/dualshock/install/local_setup.zsh'
[8.541s] INFO:colcon.colcon_core.shell:Creating prefix chain script '/home/ubuntu/dualshock/install/setup.zsh'
