running egg_info
creating ../../../../build/prototype_move/prototype_move.egg-info
writing ../../../../build/prototype_move/prototype_move.egg-info/PKG-INFO
writing dependency_links to ../../../../build/prototype_move/prototype_move.egg-info/dependency_links.txt
writing entry points to ../../../../build/prototype_move/prototype_move.egg-info/entry_points.txt
writing requirements to ../../../../build/prototype_move/prototype_move.egg-info/requires.txt
writing top-level names to ../../../../build/prototype_move/prototype_move.egg-info/top_level.txt
writing manifest file '../../../../build/prototype_move/prototype_move.egg-info/SOURCES.txt'
reading manifest file '../../../../build/prototype_move/prototype_move.egg-info/SOURCES.txt'
writing manifest file '../../../../build/prototype_move/prototype_move.egg-info/SOURCES.txt'
running build
running build_py
creating /home/ubuntu/dualshock/build/prototype_move/build
creating /home/ubuntu/dualshock/build/prototype_move/build/lib
creating /home/ubuntu/dualshock/build/prototype_move/build/lib/prototype_move
copying prototype_move/__init__.py -> /home/ubuntu/dualshock/build/prototype_move/build/lib/prototype_move
copying prototype_move/teleop_keyboard.py -> /home/ubuntu/dualshock/build/prototype_move/build/lib/prototype_move
copying prototype_move/detection.py -> /home/ubuntu/dualshock/build/prototype_move/build/lib/prototype_move
running install
running install_lib
creating /home/ubuntu/dualshock/install/prototype_move/lib/python3.10/site-packages/prototype_move
copying /home/ubuntu/dualshock/build/prototype_move/build/lib/prototype_move/__init__.py -> /home/ubuntu/dualshock/install/prototype_move/lib/python3.10/site-packages/prototype_move
copying /home/ubuntu/dualshock/build/prototype_move/build/lib/prototype_move/teleop_keyboard.py -> /home/ubuntu/dualshock/install/prototype_move/lib/python3.10/site-packages/prototype_move
copying /home/ubuntu/dualshock/build/prototype_move/build/lib/prototype_move/detection.py -> /home/ubuntu/dualshock/install/prototype_move/lib/python3.10/site-packages/prototype_move
byte-compiling /home/ubuntu/dualshock/install/prototype_move/lib/python3.10/site-packages/prototype_move/__init__.py to __init__.cpython-310.pyc
byte-compiling /home/ubuntu/dualshock/install/prototype_move/lib/python3.10/site-packages/prototype_move/teleop_keyboard.py to teleop_keyboard.cpython-310.pyc
byte-compiling /home/ubuntu/dualshock/install/prototype_move/lib/python3.10/site-packages/prototype_move/detection.py to detection.cpython-310.pyc
running install_data
creating /home/ubuntu/dualshock/install/prototype_move/share/ament_index
creating /home/ubuntu/dualshock/install/prototype_move/share/ament_index/resource_index
creating /home/ubuntu/dualshock/install/prototype_move/share/ament_index/resource_index/packages
copying resource/prototype_move -> /home/ubuntu/dualshock/install/prototype_move/share/ament_index/resource_index/packages
copying package.xml -> /home/ubuntu/dualshock/install/prototype_move/share/prototype_move
creating /home/ubuntu/dualshock/install/prototype_move/share/prototype_move/launch
copying launch/prototype_move_launch.py -> /home/ubuntu/dualshock/install/prototype_move/share/prototype_move/launch
running install_egg_info
Copying ../../../../build/prototype_move/prototype_move.egg-info to /home/ubuntu/dualshock/install/prototype_move/lib/python3.10/site-packages/prototype_move-0.0.0-py3.10.egg-info
running install_scripts
Installing teleop_keyboard script to /home/ubuntu/dualshock/install/prototype_move/lib/prototype_move
writing list of installed files to '/home/ubuntu/dualshock/build/prototype_move/install.log'
