[0.045s] Invoking command in '/home/ubuntu/dualshock/build/ds4_driver': AMENT_PREFIX_PATH=/home/ubuntu/dualshock/install/ds4_driver_msgs:${AMENT_PREFIX_PATH} CMAKE_PREFIX_PATH=/home/ubuntu/dualshock/install/ds4_driver_msgs:/home/ubuntu/DynamixelSDK:/opt/ros/humble LD_LIBRARY_PATH=/home/ubuntu/dualshock/install/ds4_driver_msgs/lib:${LD_LIBRARY_PATH} PYTHONPATH=/home/ubuntu/dualshock/install/ds4_driver_msgs/local/lib/python3.10/dist-packages:${PYTHONPATH} /usr/bin/cmake --build /home/ubuntu/dualshock/build/ds4_driver -- -j4 -l4
[0.135s] -- Found ament_cmake: 1.3.10 (/opt/ros/humble/share/ament_cmake/cmake)
[0.687s] -- Found sensor_msgs: 4.2.4 (/opt/ros/humble/share/sensor_msgs/cmake)
[0.824s] -- Found rosidl_generator_c: 3.1.5 (/opt/ros/humble/share/rosidl_generator_c/cmake)
[0.837s] -- Found rosidl_adapter: 3.1.5 (/opt/ros/humble/share/rosidl_adapter/cmake)
[0.864s] -- Found rosidl_generator_cpp: 3.1.5 (/opt/ros/humble/share/rosidl_generator_cpp/cmake)
[0.905s] -- Using all available rosidl_typesupport_c: rosidl_typesupport_fastrtps_c;rosidl_typesupport_introspection_c
[0.958s] -- Using all available rosidl_typesupport_cpp: rosidl_typesupport_fastrtps_cpp;rosidl_typesupport_introspection_cpp
[1.188s] -- Found ds4_driver_msgs: 0.0.0 (/home/ubuntu/dualshock/install/ds4_driver_msgs/share/ds4_driver_msgs/cmake)
[1.260s] -- Found rclpy: 3.3.14 (/opt/ros/humble/share/rclpy/cmake)
[1.397s] [31mCMake Error at CMakeLists.txt:30 (find_package):
[1.398s]   By not providing "FindDynamixelSDK.cmake" in CMAKE_MODULE_PATH this project
[1.398s]   has asked CMake to find a package configuration file provided by
[1.399s]   "DynamixelSDK", but CMake did not find one.
[1.399s] 
[1.400s]   Could not find a package configuration file provided by "DynamixelSDK" with
[1.402s]   any of the following names:
[1.402s] 
[1.403s]     DynamixelSDKConfig.cmake
[1.404s]     dynamixelsdk-config.cmake
[1.405s] 
[1.406s]   Add the installation prefix of "DynamixelSDK" to CMAKE_PREFIX_PATH or set
[1.408s]   "DynamixelSDK_DIR" to a directory containing one of the above files.  If
[1.409s]   "DynamixelSDK" provides a separate development package or SDK, be sure it
[1.410s]   has been installed.
[1.412s] 
[1.412s] [0m
[1.413s] -- Configuring incomplete, errors occurred!
[1.413s] See also "/home/ubuntu/dualshock/build/ds4_driver/CMakeFiles/CMakeOutput.log".
[1.417s] gmake: *** [Makefile:254: cmake_check_build_system] Error 1
[1.423s] Invoked command in '/home/ubuntu/dualshock/build/ds4_driver' returned '2': AMENT_PREFIX_PATH=/home/ubuntu/dualshock/install/ds4_driver_msgs:${AMENT_PREFIX_PATH} CMAKE_PREFIX_PATH=/home/ubuntu/dualshock/install/ds4_driver_msgs:/home/ubuntu/DynamixelSDK:/opt/ros/humble LD_LIBRARY_PATH=/home/ubuntu/dualshock/install/ds4_driver_msgs/lib:${LD_LIBRARY_PATH} PYTHONPATH=/home/ubuntu/dualshock/install/ds4_driver_msgs/local/lib/python3.10/dist-packages:${PYTHONPATH} /usr/bin/cmake --build /home/ubuntu/dualshock/build/ds4_driver -- -j4 -l4
