[0.049s] Invoking command in '/home/ubuntu/dualshock/build/ds4_driver': CMAKE_PREFIX_PATH=/home/ubuntu/dualshock/install/ds4_driver_msgs:/home/ubuntu/dualshock/install/ds4_driver:/opt/ros/humble /usr/bin/cmake --build /home/ubuntu/dualshock/build/ds4_driver -- -j4 -l4
[0.282s] Built target ament_cmake_python_copy_ds4_driver
[1.439s] running egg_info
[1.442s] writing ds4_driver.egg-info/PKG-INFO
[1.444s] writing dependency_links to ds4_driver.egg-info/dependency_links.txt
[1.445s] writing top-level names to ds4_driver.egg-info/top_level.txt
[1.454s] reading manifest file 'ds4_driver.egg-info/SOURCES.txt'
[1.456s] writing manifest file 'ds4_driver.egg-info/SOURCES.txt'
[1.588s] Built target ament_cmake_python_build_ds4_driver_egg
[1.627s] Invoked command in '/home/ubuntu/dualshock/build/ds4_driver' returned '0': CMAKE_PREFIX_PATH=/home/ubuntu/dualshock/install/ds4_driver_msgs:/home/ubuntu/dualshock/install/ds4_driver:/opt/ros/humble /usr/bin/cmake --build /home/ubuntu/dualshock/build/ds4_driver -- -j4 -l4
[1.763s] Invoking command in '/home/ubuntu/dualshock/build/ds4_driver': CMAKE_PREFIX_PATH=/home/ubuntu/dualshock/install/ds4_driver_msgs:/home/ubuntu/dualshock/install/ds4_driver:/opt/ros/humble /usr/bin/cmake --install /home/ubuntu/dualshock/build/ds4_driver
[1.794s] -- Install configuration: ""
[1.794s] -- Up-to-date: /home/ubuntu/dualshock/install/ds4_driver/share/ds4_driver/environment/pythonpath.sh
[1.795s] -- Up-to-date: /home/ubuntu/dualshock/install/ds4_driver/share/ds4_driver/environment/pythonpath.dsv
[1.795s] -- Up-to-date: /home/ubuntu/dualshock/install/ds4_driver/local/lib/python3.10/dist-packages/ds4_driver-0.2.1-py3.10.egg-info
[1.796s] -- Installing: /home/ubuntu/dualshock/install/ds4_driver/local/lib/python3.10/dist-packages/ds4_driver-0.2.1-py3.10.egg-info/SOURCES.txt
[1.798s] -- Installing: /home/ubuntu/dualshock/install/ds4_driver/local/lib/python3.10/dist-packages/ds4_driver-0.2.1-py3.10.egg-info/dependency_links.txt
[1.800s] -- Installing: /home/ubuntu/dualshock/install/ds4_driver/local/lib/python3.10/dist-packages/ds4_driver-0.2.1-py3.10.egg-info/PKG-INFO
[1.801s] -- Installing: /home/ubuntu/dualshock/install/ds4_driver/local/lib/python3.10/dist-packages/ds4_driver-0.2.1-py3.10.egg-info/top_level.txt
[1.803s] -- Up-to-date: /home/ubuntu/dualshock/install/ds4_driver/local/lib/python3.10/dist-packages/ds4_driver
[1.804s] -- Up-to-date: /home/ubuntu/dualshock/install/ds4_driver/local/lib/python3.10/dist-packages/ds4_driver/__init__.py
[1.804s] -- Up-to-date: /home/ubuntu/dualshock/install/ds4_driver/local/lib/python3.10/dist-packages/ds4_driver/logger.py
[1.804s] -- Up-to-date: /home/ubuntu/dualshock/install/ds4_driver/local/lib/python3.10/dist-packages/ds4_driver/controller_ros.py
[1.805s] -- Up-to-date: /home/ubuntu/dualshock/install/ds4_driver/local/lib/python3.10/dist-packages/ds4_driver/controller.py
[1.949s] Listing '/home/ubuntu/dualshock/install/ds4_driver/local/lib/python3.10/dist-packages/ds4_driver'...
[1.973s] -- Up-to-date: /home/ubuntu/dualshock/install/ds4_driver/share/ds4_driver//config
[1.973s] -- Up-to-date: /home/ubuntu/dualshock/install/ds4_driver/share/ds4_driver//config/params.yaml
[1.974s] -- Up-to-date: /home/ubuntu/dualshock/install/ds4_driver/share/ds4_driver//config/twist_6dof.yaml
[1.974s] -- Up-to-date: /home/ubuntu/dualshock/install/ds4_driver/share/ds4_driver//config/twist_2dof.yaml
[1.975s] -- Up-to-date: /home/ubuntu/dualshock/install/ds4_driver/share/ds4_driver//launch
[1.975s] -- Up-to-date: /home/ubuntu/dualshock/install/ds4_driver/share/ds4_driver//launch/ds4_driver.launch.xml
[1.976s] -- Up-to-date: /home/ubuntu/dualshock/install/ds4_driver/share/ds4_driver//launch/ds4_twist.launch.xml
[1.976s] -- Up-to-date: /home/ubuntu/dualshock/install/ds4_driver/share/ds4_driver//launch/test.launch.py
[1.976s] -- Up-to-date: /home/ubuntu/dualshock/install/ds4_driver/share/ds4_driver//launch/demo.launch.xml
[1.977s] -- Up-to-date: /home/ubuntu/dualshock/install/ds4_driver/share/ds4_driver//nodes
[1.977s] -- Up-to-date: /home/ubuntu/dualshock/install/ds4_driver/share/ds4_driver//nodes/ds4_driver_node.py
[1.978s] -- Up-to-date: /home/ubuntu/dualshock/install/ds4_driver/share/ds4_driver//nodes/ds4_twist_node.py
[1.978s] -- Installing: /home/ubuntu/dualshock/install/ds4_driver/share/ds4_driver//nodes/ds4_test_node.py
[1.979s] -- Up-to-date: /home/ubuntu/dualshock/install/ds4_driver/share/ds4_driver//nodes/demo.py
[1.979s] -- Up-to-date: /home/ubuntu/dualshock/install/ds4_driver/lib/ds4_driver/demo.py
[1.980s] -- Up-to-date: /home/ubuntu/dualshock/install/ds4_driver/lib/ds4_driver/ds4_driver_node.py
[1.980s] -- Up-to-date: /home/ubuntu/dualshock/install/ds4_driver/lib/ds4_driver/ds4_twist_node.py
[1.981s] -- Installing: /home/ubuntu/dualshock/install/ds4_driver/lib/ds4_driver/ds4_test_node.py
[1.981s] -- Up-to-date: /home/ubuntu/dualshock/install/ds4_driver/share/ament_index/resource_index/package_run_dependencies/ds4_driver
[1.982s] -- Up-to-date: /home/ubuntu/dualshock/install/ds4_driver/share/ament_index/resource_index/parent_prefix_path/ds4_driver
[1.982s] -- Up-to-date: /home/ubuntu/dualshock/install/ds4_driver/share/ds4_driver/environment/ament_prefix_path.sh
[1.983s] -- Up-to-date: /home/ubuntu/dualshock/install/ds4_driver/share/ds4_driver/environment/ament_prefix_path.dsv
[1.983s] -- Up-to-date: /home/ubuntu/dualshock/install/ds4_driver/share/ds4_driver/environment/path.sh
[1.984s] -- Up-to-date: /home/ubuntu/dualshock/install/ds4_driver/share/ds4_driver/environment/path.dsv
[1.984s] -- Up-to-date: /home/ubuntu/dualshock/install/ds4_driver/share/ds4_driver/local_setup.bash
[1.985s] -- Up-to-date: /home/ubuntu/dualshock/install/ds4_driver/share/ds4_driver/local_setup.sh
[1.985s] -- Up-to-date: /home/ubuntu/dualshock/install/ds4_driver/share/ds4_driver/local_setup.zsh
[1.986s] -- Up-to-date: /home/ubuntu/dualshock/install/ds4_driver/share/ds4_driver/local_setup.dsv
[1.986s] -- Installing: /home/ubuntu/dualshock/install/ds4_driver/share/ds4_driver/package.dsv
[1.986s] -- Up-to-date: /home/ubuntu/dualshock/install/ds4_driver/share/ament_index/resource_index/packages/ds4_driver
[1.987s] -- Up-to-date: /home/ubuntu/dualshock/install/ds4_driver/share/ds4_driver/cmake/ds4_driverConfig.cmake
[1.987s] -- Up-to-date: /home/ubuntu/dualshock/install/ds4_driver/share/ds4_driver/cmake/ds4_driverConfig-version.cmake
[1.988s] -- Up-to-date: /home/ubuntu/dualshock/install/ds4_driver/share/ds4_driver/package.xml
[1.993s] Invoked command in '/home/ubuntu/dualshock/build/ds4_driver' returned '0': CMAKE_PREFIX_PATH=/home/ubuntu/dualshock/install/ds4_driver_msgs:/home/ubuntu/dualshock/install/ds4_driver:/opt/ros/humble /usr/bin/cmake --install /home/ubuntu/dualshock/build/ds4_driver
