[0.463s] DEBUG:colcon:Command line arguments: ['/usr/bin/colcon', 'build']
[0.463s] DEBUG:colcon:Parsed command line arguments: Namespace(log_base=None, log_level=None, verb_name='build', build_base='build', install_base='install', merge_install=False, symlink_install=False, test_result_base=None, continue_on_error=False, executor='parallel', parallel_workers=4, event_handlers=None, ignore_user_meta=False, metas=['./colcon.meta'], base_paths=['.'], packages_ignore=None, packages_ignore_regex=None, paths=None, packages_up_to=None, packages_up_to_regex=None, packages_above=None, packages_above_and_dependencies=None, packages_above_depth=None, packages_select_by_dep=None, packages_skip_by_dep=None, packages_skip_up_to=None, packages_select_build_failed=False, packages_skip_build_finished=False, packages_select_test_failures=False, packages_skip_test_passed=False, packages_select=None, packages_skip=None, packages_select_regex=None, packages_skip_regex=None, packages_start=None, packages_end=None, allow_overriding=[], cmake_args=None, cmake_target=None, cmake_target_skip_unavailable=False, cmake_clean_cache=False, cmake_clean_first=False, cmake_force_configure=False, ament_cmake_args=None, catkin_cmake_args=None, catkin_skip_building_tests=False, verb_parser=<colcon_defaults.argument_parser.defaults.DefaultArgumentsDecorator object at 0xffff940b8310>, verb_extension=<colcon_core.verb.build.BuildVerb object at 0xffff941d1900>, main=<bound method BuildVerb.main of <colcon_core.verb.build.BuildVerb object at 0xffff941d1900>>)
[1.281s] Level 1:colcon.colcon_core.package_discovery:discover_packages(colcon_meta) check parameters
[1.281s] Level 1:colcon.colcon_core.package_discovery:discover_packages(recursive) check parameters
[1.281s] Level 1:colcon.colcon_core.package_discovery:discover_packages(ignore) check parameters
[1.281s] Level 1:colcon.colcon_core.package_discovery:discover_packages(path) check parameters
[1.281s] Level 1:colcon.colcon_core.package_discovery:discover_packages(colcon_meta) discover
[1.282s] Level 1:colcon.colcon_core.package_discovery:discover_packages(recursive) discover
[1.282s] INFO:colcon.colcon_core.package_discovery:Crawling recursively for packages in '/home/ubuntu/dualshock'
[1.282s] Level 1:colcon.colcon_core.package_identification:_identify(.) by extensions ['ignore', 'ignore_ament_install']
[1.283s] Level 1:colcon.colcon_core.package_identification:_identify(.) by extension 'ignore'
[1.283s] Level 1:colcon.colcon_core.package_identification:_identify(.) by extension 'ignore_ament_install'
[1.283s] Level 1:colcon.colcon_core.package_identification:_identify(.) by extensions ['colcon_pkg']
[1.284s] Level 1:colcon.colcon_core.package_identification:_identify(.) by extension 'colcon_pkg'
[1.284s] Level 1:colcon.colcon_core.package_identification:_identify(.) by extensions ['colcon_meta']
[1.284s] Level 1:colcon.colcon_core.package_identification:_identify(.) by extension 'colcon_meta'
[1.284s] Level 1:colcon.colcon_core.package_identification:_identify(.) by extensions ['ros']
[1.284s] Level 1:colcon.colcon_core.package_identification:_identify(.) by extension 'ros'
[1.335s] Level 1:colcon.colcon_core.package_identification:_identify(.) by extensions ['cmake', 'python']
[1.336s] Level 1:colcon.colcon_core.package_identification:_identify(.) by extension 'cmake'
[1.336s] Level 1:colcon.colcon_core.package_identification:_identify(.) by extension 'python'
[1.336s] Level 1:colcon.colcon_core.package_identification:_identify(.) by extensions ['python_setup_py']
[1.336s] Level 1:colcon.colcon_core.package_identification:_identify(.) by extension 'python_setup_py'
[1.337s] Level 1:colcon.colcon_core.package_identification:_identify(build) by extensions ['ignore', 'ignore_ament_install']
[1.337s] Level 1:colcon.colcon_core.package_identification:_identify(build) by extension 'ignore'
[1.338s] Level 1:colcon.colcon_core.package_identification:_identify(build) ignored
[1.339s] Level 1:colcon.colcon_core.package_identification:_identify(install) by extensions ['ignore', 'ignore_ament_install']
[1.339s] Level 1:colcon.colcon_core.package_identification:_identify(install) by extension 'ignore'
[1.339s] Level 1:colcon.colcon_core.package_identification:_identify(install) ignored
[1.340s] Level 1:colcon.colcon_core.package_identification:_identify(log) by extensions ['ignore', 'ignore_ament_install']
[1.340s] Level 1:colcon.colcon_core.package_identification:_identify(log) by extension 'ignore'
[1.341s] Level 1:colcon.colcon_core.package_identification:_identify(log) ignored
[1.341s] Level 1:colcon.colcon_core.package_identification:_identify(src) by extensions ['ignore', 'ignore_ament_install']
[1.341s] Level 1:colcon.colcon_core.package_identification:_identify(src) by extension 'ignore'
[1.342s] Level 1:colcon.colcon_core.package_identification:_identify(src) by extension 'ignore_ament_install'
[1.342s] Level 1:colcon.colcon_core.package_identification:_identify(src) by extensions ['colcon_pkg']
[1.342s] Level 1:colcon.colcon_core.package_identification:_identify(src) by extension 'colcon_pkg'
[1.342s] Level 1:colcon.colcon_core.package_identification:_identify(src) by extensions ['colcon_meta']
[1.343s] Level 1:colcon.colcon_core.package_identification:_identify(src) by extension 'colcon_meta'
[1.343s] Level 1:colcon.colcon_core.package_identification:_identify(src) by extensions ['ros']
[1.343s] Level 1:colcon.colcon_core.package_identification:_identify(src) by extension 'ros'
[1.343s] Level 1:colcon.colcon_core.package_identification:_identify(src) by extensions ['cmake', 'python']
[1.343s] Level 1:colcon.colcon_core.package_identification:_identify(src) by extension 'cmake'
[1.344s] Level 1:colcon.colcon_core.package_identification:_identify(src) by extension 'python'
[1.344s] Level 1:colcon.colcon_core.package_identification:_identify(src) by extensions ['python_setup_py']
[1.344s] Level 1:colcon.colcon_core.package_identification:_identify(src) by extension 'python_setup_py'
[1.345s] Level 1:colcon.colcon_core.package_identification:_identify(src/ds4_driver) by extensions ['ignore', 'ignore_ament_install']
[1.345s] Level 1:colcon.colcon_core.package_identification:_identify(src/ds4_driver) by extension 'ignore'
[1.345s] Level 1:colcon.colcon_core.package_identification:_identify(src/ds4_driver) by extension 'ignore_ament_install'
[1.346s] Level 1:colcon.colcon_core.package_identification:_identify(src/ds4_driver) by extensions ['colcon_pkg']
[1.346s] Level 1:colcon.colcon_core.package_identification:_identify(src/ds4_driver) by extension 'colcon_pkg'
[1.346s] Level 1:colcon.colcon_core.package_identification:_identify(src/ds4_driver) by extensions ['colcon_meta']
[1.346s] Level 1:colcon.colcon_core.package_identification:_identify(src/ds4_driver) by extension 'colcon_meta'
[1.346s] Level 1:colcon.colcon_core.package_identification:_identify(src/ds4_driver) by extensions ['ros']
[1.347s] Level 1:colcon.colcon_core.package_identification:_identify(src/ds4_driver) by extension 'ros'
[1.347s] Level 1:colcon.colcon_core.package_identification:_identify(src/ds4_driver) by extensions ['cmake', 'python']
[1.347s] Level 1:colcon.colcon_core.package_identification:_identify(src/ds4_driver) by extension 'cmake'
[1.347s] Level 1:colcon.colcon_core.package_identification:_identify(src/ds4_driver) by extension 'python'
[1.348s] Level 1:colcon.colcon_core.package_identification:_identify(src/ds4_driver) by extensions ['python_setup_py']
[1.348s] Level 1:colcon.colcon_core.package_identification:_identify(src/ds4_driver) by extension 'python_setup_py'
[1.348s] Level 1:colcon.colcon_core.package_identification:_identify(src/ds4_driver/docker) by extensions ['ignore', 'ignore_ament_install']
[1.349s] Level 1:colcon.colcon_core.package_identification:_identify(src/ds4_driver/docker) by extension 'ignore'
[1.349s] Level 1:colcon.colcon_core.package_identification:_identify(src/ds4_driver/docker) by extension 'ignore_ament_install'
[1.349s] Level 1:colcon.colcon_core.package_identification:_identify(src/ds4_driver/docker) by extensions ['colcon_pkg']
[1.349s] Level 1:colcon.colcon_core.package_identification:_identify(src/ds4_driver/docker) by extension 'colcon_pkg'
[1.350s] Level 1:colcon.colcon_core.package_identification:_identify(src/ds4_driver/docker) by extensions ['colcon_meta']
[1.350s] Level 1:colcon.colcon_core.package_identification:_identify(src/ds4_driver/docker) by extension 'colcon_meta'
[1.350s] Level 1:colcon.colcon_core.package_identification:_identify(src/ds4_driver/docker) by extensions ['ros']
[1.350s] Level 1:colcon.colcon_core.package_identification:_identify(src/ds4_driver/docker) by extension 'ros'
[1.351s] Level 1:colcon.colcon_core.package_identification:_identify(src/ds4_driver/docker) by extensions ['cmake', 'python']
[1.351s] Level 1:colcon.colcon_core.package_identification:_identify(src/ds4_driver/docker) by extension 'cmake'
[1.351s] Level 1:colcon.colcon_core.package_identification:_identify(src/ds4_driver/docker) by extension 'python'
[1.351s] Level 1:colcon.colcon_core.package_identification:_identify(src/ds4_driver/docker) by extensions ['python_setup_py']
[1.352s] Level 1:colcon.colcon_core.package_identification:_identify(src/ds4_driver/docker) by extension 'python_setup_py'
[1.352s] Level 1:colcon.colcon_core.package_identification:_identify(src/ds4_driver/ds4_driver) by extensions ['ignore', 'ignore_ament_install']
[1.353s] Level 1:colcon.colcon_core.package_identification:_identify(src/ds4_driver/ds4_driver) by extension 'ignore'
[1.353s] Level 1:colcon.colcon_core.package_identification:_identify(src/ds4_driver/ds4_driver) by extension 'ignore_ament_install'
[1.353s] Level 1:colcon.colcon_core.package_identification:_identify(src/ds4_driver/ds4_driver) by extensions ['colcon_pkg']
[1.353s] Level 1:colcon.colcon_core.package_identification:_identify(src/ds4_driver/ds4_driver) by extension 'colcon_pkg'
[1.353s] Level 1:colcon.colcon_core.package_identification:_identify(src/ds4_driver/ds4_driver) by extensions ['colcon_meta']
[1.354s] Level 1:colcon.colcon_core.package_identification:_identify(src/ds4_driver/ds4_driver) by extension 'colcon_meta'
[1.354s] Level 1:colcon.colcon_core.package_identification:_identify(src/ds4_driver/ds4_driver) by extensions ['ros']
[1.354s] Level 1:colcon.colcon_core.package_identification:_identify(src/ds4_driver/ds4_driver) by extension 'ros'
[1.363s] DEBUG:colcon.colcon_core.package_identification:Package 'src/ds4_driver/ds4_driver' with type 'ros.ament_cmake' and name 'ds4_driver'
[1.364s] Level 1:colcon.colcon_core.package_identification:_identify(src/ds4_driver/ds4_driver_msgs) by extensions ['ignore', 'ignore_ament_install']
[1.364s] Level 1:colcon.colcon_core.package_identification:_identify(src/ds4_driver/ds4_driver_msgs) by extension 'ignore'
[1.365s] Level 1:colcon.colcon_core.package_identification:_identify(src/ds4_driver/ds4_driver_msgs) by extension 'ignore_ament_install'
[1.365s] Level 1:colcon.colcon_core.package_identification:_identify(src/ds4_driver/ds4_driver_msgs) by extensions ['colcon_pkg']
[1.365s] Level 1:colcon.colcon_core.package_identification:_identify(src/ds4_driver/ds4_driver_msgs) by extension 'colcon_pkg'
[1.366s] Level 1:colcon.colcon_core.package_identification:_identify(src/ds4_driver/ds4_driver_msgs) by extensions ['colcon_meta']
[1.366s] Level 1:colcon.colcon_core.package_identification:_identify(src/ds4_driver/ds4_driver_msgs) by extension 'colcon_meta'
[1.366s] Level 1:colcon.colcon_core.package_identification:_identify(src/ds4_driver/ds4_driver_msgs) by extensions ['ros']
[1.366s] Level 1:colcon.colcon_core.package_identification:_identify(src/ds4_driver/ds4_driver_msgs) by extension 'ros'
[1.369s] DEBUG:colcon.colcon_core.package_identification:Package 'src/ds4_driver/ds4_driver_msgs' with type 'ros.ament_cmake' and name 'ds4_driver_msgs'
[1.369s] Level 1:colcon.colcon_core.package_discovery:discover_packages(recursive) using defaults
[1.370s] Level 1:colcon.colcon_core.package_discovery:discover_packages(ignore) discover
[1.370s] Level 1:colcon.colcon_core.package_discovery:discover_packages(ignore) using defaults
[1.370s] Level 1:colcon.colcon_core.package_discovery:discover_packages(path) discover
[1.370s] Level 1:colcon.colcon_core.package_discovery:discover_packages(path) using defaults
[1.450s] Level 1:colcon.colcon_core.package_discovery:discover_packages(prefix_path) check parameters
[1.450s] Level 1:colcon.colcon_core.package_discovery:discover_packages(prefix_path) discover
[1.459s] DEBUG:colcon.colcon_installed_package_information.package_discovery:Found 2 installed packages in /home/ubuntu/dualshock/install
[1.467s] DEBUG:colcon.colcon_installed_package_information.package_discovery:Found 270 installed packages in /opt/ros/humble
[1.474s] Level 1:colcon.colcon_core.package_discovery:discover_packages(prefix_path) using defaults
[1.689s] Level 5:colcon.colcon_core.verb:set package 'ds4_driver_msgs' build argument 'cmake_args' from command line to 'None'
[1.689s] Level 5:colcon.colcon_core.verb:set package 'ds4_driver_msgs' build argument 'cmake_target' from command line to 'None'
[1.689s] Level 5:colcon.colcon_core.verb:set package 'ds4_driver_msgs' build argument 'cmake_target_skip_unavailable' from command line to 'False'
[1.689s] Level 5:colcon.colcon_core.verb:set package 'ds4_driver_msgs' build argument 'cmake_clean_cache' from command line to 'False'
[1.689s] Level 5:colcon.colcon_core.verb:set package 'ds4_driver_msgs' build argument 'cmake_clean_first' from command line to 'False'
[1.689s] Level 5:colcon.colcon_core.verb:set package 'ds4_driver_msgs' build argument 'cmake_force_configure' from command line to 'False'
[1.690s] Level 5:colcon.colcon_core.verb:set package 'ds4_driver_msgs' build argument 'ament_cmake_args' from command line to 'None'
[1.690s] Level 5:colcon.colcon_core.verb:set package 'ds4_driver_msgs' build argument 'catkin_cmake_args' from command line to 'None'
[1.690s] Level 5:colcon.colcon_core.verb:set package 'ds4_driver_msgs' build argument 'catkin_skip_building_tests' from command line to 'False'
[1.690s] DEBUG:colcon.colcon_core.verb:Building package 'ds4_driver_msgs' with the following arguments: {'ament_cmake_args': None, 'build_base': '/home/ubuntu/dualshock/build/ds4_driver_msgs', 'catkin_cmake_args': None, 'catkin_skip_building_tests': False, 'cmake_args': None, 'cmake_clean_cache': False, 'cmake_clean_first': False, 'cmake_force_configure': False, 'cmake_target': None, 'cmake_target_skip_unavailable': False, 'install_base': '/home/ubuntu/dualshock/install/ds4_driver_msgs', 'merge_install': False, 'path': '/home/ubuntu/dualshock/src/ds4_driver/ds4_driver_msgs', 'symlink_install': False, 'test_result_base': None}
[1.692s] Level 5:colcon.colcon_core.verb:set package 'ds4_driver' build argument 'cmake_args' from command line to 'None'
[1.692s] Level 5:colcon.colcon_core.verb:set package 'ds4_driver' build argument 'cmake_target' from command line to 'None'
[1.692s] Level 5:colcon.colcon_core.verb:set package 'ds4_driver' build argument 'cmake_target_skip_unavailable' from command line to 'False'
[1.692s] Level 5:colcon.colcon_core.verb:set package 'ds4_driver' build argument 'cmake_clean_cache' from command line to 'False'
[1.692s] Level 5:colcon.colcon_core.verb:set package 'ds4_driver' build argument 'cmake_clean_first' from command line to 'False'
[1.692s] Level 5:colcon.colcon_core.verb:set package 'ds4_driver' build argument 'cmake_force_configure' from command line to 'False'
[1.692s] Level 5:colcon.colcon_core.verb:set package 'ds4_driver' build argument 'ament_cmake_args' from command line to 'None'
[1.692s] Level 5:colcon.colcon_core.verb:set package 'ds4_driver' build argument 'catkin_cmake_args' from command line to 'None'
[1.693s] Level 5:colcon.colcon_core.verb:set package 'ds4_driver' build argument 'catkin_skip_building_tests' from command line to 'False'
[1.693s] DEBUG:colcon.colcon_core.verb:Building package 'ds4_driver' with the following arguments: {'ament_cmake_args': None, 'build_base': '/home/ubuntu/dualshock/build/ds4_driver', 'catkin_cmake_args': None, 'catkin_skip_building_tests': False, 'cmake_args': None, 'cmake_clean_cache': False, 'cmake_clean_first': False, 'cmake_force_configure': False, 'cmake_target': None, 'cmake_target_skip_unavailable': False, 'install_base': '/home/ubuntu/dualshock/install/ds4_driver', 'merge_install': False, 'path': '/home/ubuntu/dualshock/src/ds4_driver/ds4_driver', 'symlink_install': False, 'test_result_base': None}
[1.693s] INFO:colcon.colcon_core.executor:Executing jobs using 'parallel' executor
[1.697s] DEBUG:colcon.colcon_parallel_executor.executor.parallel:run_until_complete
[1.698s] INFO:colcon.colcon_ros.task.ament_cmake.build:Building ROS package in '/home/ubuntu/dualshock/src/ds4_driver/ds4_driver_msgs' with build type 'ament_cmake'
[1.698s] INFO:colcon.colcon_cmake.task.cmake.build:Building CMake package in '/home/ubuntu/dualshock/src/ds4_driver/ds4_driver_msgs'
[1.708s] INFO:colcon.colcon_core.plugin_system:Skipping extension 'colcon_core.shell.bat': Not used on non-Windows systems
[1.709s] INFO:colcon.colcon_core.shell:Skip shell extension 'powershell' for command environment: Not usable outside of PowerShell
[1.710s] DEBUG:colcon.colcon_core.shell:Skip shell extension 'dsv' for command environment
[1.749s] DEBUG:colcon.colcon_core.event_handler.log_command:Invoking command in '/home/ubuntu/dualshock/build/ds4_driver_msgs': CMAKE_PREFIX_PATH=${CMAKE_PREFIX_PATH}:/opt/ros/humble /usr/bin/cmake --build /home/ubuntu/dualshock/build/ds4_driver_msgs -- -j4 -l4
[3.646s] DEBUG:colcon.colcon_core.event_handler.log_command:Invoked command in '/home/ubuntu/dualshock/build/ds4_driver_msgs' returned '0': CMAKE_PREFIX_PATH=${CMAKE_PREFIX_PATH}:/opt/ros/humble /usr/bin/cmake --build /home/ubuntu/dualshock/build/ds4_driver_msgs -- -j4 -l4
[4.441s] DEBUG:colcon.colcon_core.event_handler.log_command:Invoking command in '/home/ubuntu/dualshock/build/ds4_driver_msgs': CMAKE_PREFIX_PATH=${CMAKE_PREFIX_PATH}:/opt/ros/humble /usr/bin/cmake --install /home/ubuntu/dualshock/build/ds4_driver_msgs
[4.757s] Level 1:colcon.colcon_core.environment:create_environment_scripts_only(ds4_driver_msgs)
[4.759s] DEBUG:colcon.colcon_core.event_handler.log_command:Invoked command in '/home/ubuntu/dualshock/build/ds4_driver_msgs' returned '0': CMAKE_PREFIX_PATH=${CMAKE_PREFIX_PATH}:/opt/ros/humble /usr/bin/cmake --install /home/ubuntu/dualshock/build/ds4_driver_msgs
[4.772s] Level 1:colcon.colcon_core.environment:checking '/home/ubuntu/dualshock/install/ds4_driver_msgs' for CMake module files
[4.776s] Level 1:colcon.colcon_core.environment:checking '/home/ubuntu/dualshock/install/ds4_driver_msgs' for CMake config files
[4.781s] Level 1:colcon.colcon_core.shell:create_environment_hook('ds4_driver_msgs', 'cmake_prefix_path')
[4.782s] INFO:colcon.colcon_core.shell:Creating environment hook '/home/ubuntu/dualshock/install/ds4_driver_msgs/share/ds4_driver_msgs/hook/cmake_prefix_path.ps1'
[4.784s] INFO:colcon.colcon_core.shell:Creating environment descriptor '/home/ubuntu/dualshock/install/ds4_driver_msgs/share/ds4_driver_msgs/hook/cmake_prefix_path.dsv'
[4.787s] INFO:colcon.colcon_core.shell:Creating environment hook '/home/ubuntu/dualshock/install/ds4_driver_msgs/share/ds4_driver_msgs/hook/cmake_prefix_path.sh'
[4.791s] Level 1:colcon.colcon_core.environment:checking '/home/ubuntu/dualshock/install/ds4_driver_msgs/lib'
[4.792s] Level 1:colcon.colcon_core.shell:create_environment_hook('ds4_driver_msgs', 'ld_library_path_lib')
[4.793s] INFO:colcon.colcon_core.shell:Creating environment hook '/home/ubuntu/dualshock/install/ds4_driver_msgs/share/ds4_driver_msgs/hook/ld_library_path_lib.ps1'
[4.795s] INFO:colcon.colcon_core.shell:Creating environment descriptor '/home/ubuntu/dualshock/install/ds4_driver_msgs/share/ds4_driver_msgs/hook/ld_library_path_lib.dsv'
[4.797s] INFO:colcon.colcon_core.shell:Creating environment hook '/home/ubuntu/dualshock/install/ds4_driver_msgs/share/ds4_driver_msgs/hook/ld_library_path_lib.sh'
[4.800s] Level 1:colcon.colcon_core.environment:checking '/home/ubuntu/dualshock/install/ds4_driver_msgs/bin'
[4.800s] Level 1:colcon.colcon_core.environment:checking '/home/ubuntu/dualshock/install/ds4_driver_msgs/lib/pkgconfig/ds4_driver_msgs.pc'
[4.801s] Level 1:colcon.colcon_core.environment:checking '/home/ubuntu/dualshock/install/ds4_driver_msgs/lib/python3.10/site-packages'
[4.802s] Level 1:colcon.colcon_core.environment:checking '/home/ubuntu/dualshock/install/ds4_driver_msgs/bin'
[4.804s] INFO:colcon.colcon_core.shell:Creating package script '/home/ubuntu/dualshock/install/ds4_driver_msgs/share/ds4_driver_msgs/package.ps1'
[4.808s] INFO:colcon.colcon_core.shell:Creating package descriptor '/home/ubuntu/dualshock/install/ds4_driver_msgs/share/ds4_driver_msgs/package.dsv'
[4.811s] INFO:colcon.colcon_core.shell:Creating package script '/home/ubuntu/dualshock/install/ds4_driver_msgs/share/ds4_driver_msgs/package.sh'
[4.815s] INFO:colcon.colcon_core.shell:Creating package script '/home/ubuntu/dualshock/install/ds4_driver_msgs/share/ds4_driver_msgs/package.bash'
[4.819s] INFO:colcon.colcon_core.shell:Creating package script '/home/ubuntu/dualshock/install/ds4_driver_msgs/share/ds4_driver_msgs/package.zsh'
[4.823s] Level 1:colcon.colcon_core.environment:create_file_with_runtime_dependencies(/home/ubuntu/dualshock/install/ds4_driver_msgs/share/colcon-core/packages/ds4_driver_msgs)
[5.589s] Level 1:colcon.colcon_core.environment:create_environment_scripts_only(ds4_driver_msgs)
[5.590s] Level 1:colcon.colcon_core.environment:checking '/home/ubuntu/dualshock/install/ds4_driver_msgs' for CMake module files
[5.596s] Level 1:colcon.colcon_core.environment:checking '/home/ubuntu/dualshock/install/ds4_driver_msgs' for CMake config files
[5.601s] Level 1:colcon.colcon_core.shell:create_environment_hook('ds4_driver_msgs', 'cmake_prefix_path')
[5.602s] INFO:colcon.colcon_core.shell:Creating environment hook '/home/ubuntu/dualshock/install/ds4_driver_msgs/share/ds4_driver_msgs/hook/cmake_prefix_path.ps1'
[5.604s] INFO:colcon.colcon_core.shell:Creating environment descriptor '/home/ubuntu/dualshock/install/ds4_driver_msgs/share/ds4_driver_msgs/hook/cmake_prefix_path.dsv'
[5.606s] INFO:colcon.colcon_core.shell:Creating environment hook '/home/ubuntu/dualshock/install/ds4_driver_msgs/share/ds4_driver_msgs/hook/cmake_prefix_path.sh'
[5.609s] Level 1:colcon.colcon_core.environment:checking '/home/ubuntu/dualshock/install/ds4_driver_msgs/lib'
[5.609s] Level 1:colcon.colcon_core.shell:create_environment_hook('ds4_driver_msgs', 'ld_library_path_lib')
[5.610s] INFO:colcon.colcon_core.shell:Creating environment hook '/home/ubuntu/dualshock/install/ds4_driver_msgs/share/ds4_driver_msgs/hook/ld_library_path_lib.ps1'
[5.612s] INFO:colcon.colcon_core.shell:Creating environment descriptor '/home/ubuntu/dualshock/install/ds4_driver_msgs/share/ds4_driver_msgs/hook/ld_library_path_lib.dsv'
[5.614s] INFO:colcon.colcon_core.shell:Creating environment hook '/home/ubuntu/dualshock/install/ds4_driver_msgs/share/ds4_driver_msgs/hook/ld_library_path_lib.sh'
[5.616s] Level 1:colcon.colcon_core.environment:checking '/home/ubuntu/dualshock/install/ds4_driver_msgs/bin'
[5.616s] Level 1:colcon.colcon_core.environment:checking '/home/ubuntu/dualshock/install/ds4_driver_msgs/lib/pkgconfig/ds4_driver_msgs.pc'
[5.617s] Level 1:colcon.colcon_core.environment:checking '/home/ubuntu/dualshock/install/ds4_driver_msgs/lib/python3.10/site-packages'
[5.619s] Level 1:colcon.colcon_core.environment:checking '/home/ubuntu/dualshock/install/ds4_driver_msgs/bin'
[5.620s] INFO:colcon.colcon_core.shell:Creating package script '/home/ubuntu/dualshock/install/ds4_driver_msgs/share/ds4_driver_msgs/package.ps1'
[5.623s] INFO:colcon.colcon_core.shell:Creating package descriptor '/home/ubuntu/dualshock/install/ds4_driver_msgs/share/ds4_driver_msgs/package.dsv'
[5.625s] INFO:colcon.colcon_core.shell:Creating package script '/home/ubuntu/dualshock/install/ds4_driver_msgs/share/ds4_driver_msgs/package.sh'
[5.627s] INFO:colcon.colcon_core.shell:Creating package script '/home/ubuntu/dualshock/install/ds4_driver_msgs/share/ds4_driver_msgs/package.bash'
[5.629s] INFO:colcon.colcon_core.shell:Creating package script '/home/ubuntu/dualshock/install/ds4_driver_msgs/share/ds4_driver_msgs/package.zsh'
[5.631s] Level 1:colcon.colcon_core.environment:create_file_with_runtime_dependencies(/home/ubuntu/dualshock/install/ds4_driver_msgs/share/colcon-core/packages/ds4_driver_msgs)
[5.633s] INFO:colcon.colcon_ros.task.ament_cmake.build:Building ROS package in '/home/ubuntu/dualshock/src/ds4_driver/ds4_driver' with build type 'ament_cmake'
[5.633s] INFO:colcon.colcon_cmake.task.cmake.build:Building CMake package in '/home/ubuntu/dualshock/src/ds4_driver/ds4_driver'
[5.635s] INFO:colcon.colcon_core.shell:Skip shell extension 'powershell' for command environment: Not usable outside of PowerShell
[5.635s] DEBUG:colcon.colcon_core.shell:Skip shell extension 'dsv' for command environment
[5.687s] DEBUG:colcon.colcon_core.event_handler.log_command:Invoking command in '/home/ubuntu/dualshock/build/ds4_driver': CMAKE_PREFIX_PATH=/home/ubuntu/dualshock/install/ds4_driver_msgs:/home/ubuntu/dualshock/install/ds4_driver:/opt/ros/humble /usr/bin/cmake --build /home/ubuntu/dualshock/build/ds4_driver -- -j4 -l4
[7.191s] DEBUG:colcon.colcon_core.event_handler.log_command:Invoked command in '/home/ubuntu/dualshock/build/ds4_driver' returned '0': CMAKE_PREFIX_PATH=/home/ubuntu/dualshock/install/ds4_driver_msgs:/home/ubuntu/dualshock/install/ds4_driver:/opt/ros/humble /usr/bin/cmake --build /home/ubuntu/dualshock/build/ds4_driver -- -j4 -l4
[7.322s] DEBUG:colcon.colcon_core.event_handler.log_command:Invoking command in '/home/ubuntu/dualshock/build/ds4_driver': CMAKE_PREFIX_PATH=/home/ubuntu/dualshock/install/ds4_driver_msgs:/home/ubuntu/dualshock/install/ds4_driver:/opt/ros/humble /usr/bin/cmake --install /home/ubuntu/dualshock/build/ds4_driver
[7.539s] Level 1:colcon.colcon_core.environment:create_environment_scripts_only(ds4_driver)
[7.540s] Level 1:colcon.colcon_core.environment:checking '/home/ubuntu/dualshock/install/ds4_driver' for CMake module files
[7.543s] DEBUG:colcon.colcon_core.event_handler.log_command:Invoked command in '/home/ubuntu/dualshock/build/ds4_driver' returned '0': CMAKE_PREFIX_PATH=/home/ubuntu/dualshock/install/ds4_driver_msgs:/home/ubuntu/dualshock/install/ds4_driver:/opt/ros/humble /usr/bin/cmake --install /home/ubuntu/dualshock/build/ds4_driver
[7.545s] Level 1:colcon.colcon_core.environment:checking '/home/ubuntu/dualshock/install/ds4_driver' for CMake config files
[7.548s] Level 1:colcon.colcon_core.shell:create_environment_hook('ds4_driver', 'cmake_prefix_path')
[7.549s] INFO:colcon.colcon_core.shell:Creating environment hook '/home/ubuntu/dualshock/install/ds4_driver/share/ds4_driver/hook/cmake_prefix_path.ps1'
[7.551s] INFO:colcon.colcon_core.shell:Creating environment descriptor '/home/ubuntu/dualshock/install/ds4_driver/share/ds4_driver/hook/cmake_prefix_path.dsv'
[7.552s] INFO:colcon.colcon_core.shell:Creating environment hook '/home/ubuntu/dualshock/install/ds4_driver/share/ds4_driver/hook/cmake_prefix_path.sh'
[7.555s] Level 1:colcon.colcon_core.environment:checking '/home/ubuntu/dualshock/install/ds4_driver/lib'
[7.556s] Level 1:colcon.colcon_core.environment:checking '/home/ubuntu/dualshock/install/ds4_driver/bin'
[7.556s] Level 1:colcon.colcon_core.environment:checking '/home/ubuntu/dualshock/install/ds4_driver/lib/pkgconfig/ds4_driver.pc'
[7.557s] Level 1:colcon.colcon_core.environment:checking '/home/ubuntu/dualshock/install/ds4_driver/lib/python3.10/site-packages'
[7.558s] Level 1:colcon.colcon_core.environment:checking '/home/ubuntu/dualshock/install/ds4_driver/bin'
[7.559s] INFO:colcon.colcon_core.shell:Creating package script '/home/ubuntu/dualshock/install/ds4_driver/share/ds4_driver/package.ps1'
[7.561s] INFO:colcon.colcon_core.shell:Creating package descriptor '/home/ubuntu/dualshock/install/ds4_driver/share/ds4_driver/package.dsv'
[7.563s] INFO:colcon.colcon_core.shell:Creating package script '/home/ubuntu/dualshock/install/ds4_driver/share/ds4_driver/package.sh'
[7.565s] INFO:colcon.colcon_core.shell:Creating package script '/home/ubuntu/dualshock/install/ds4_driver/share/ds4_driver/package.bash'
[7.567s] INFO:colcon.colcon_core.shell:Creating package script '/home/ubuntu/dualshock/install/ds4_driver/share/ds4_driver/package.zsh'
[7.569s] Level 1:colcon.colcon_core.environment:create_file_with_runtime_dependencies(/home/ubuntu/dualshock/install/ds4_driver/share/colcon-core/packages/ds4_driver)
[7.693s] Level 1:colcon.colcon_core.environment:create_environment_scripts_only(ds4_driver)
[7.694s] Level 1:colcon.colcon_core.environment:checking '/home/ubuntu/dualshock/install/ds4_driver' for CMake module files
[7.699s] Level 1:colcon.colcon_core.environment:checking '/home/ubuntu/dualshock/install/ds4_driver' for CMake config files
[7.702s] Level 1:colcon.colcon_core.shell:create_environment_hook('ds4_driver', 'cmake_prefix_path')
[7.703s] INFO:colcon.colcon_core.shell:Creating environment hook '/home/ubuntu/dualshock/install/ds4_driver/share/ds4_driver/hook/cmake_prefix_path.ps1'
[7.705s] INFO:colcon.colcon_core.shell:Creating environment descriptor '/home/ubuntu/dualshock/install/ds4_driver/share/ds4_driver/hook/cmake_prefix_path.dsv'
[7.707s] INFO:colcon.colcon_core.shell:Creating environment hook '/home/ubuntu/dualshock/install/ds4_driver/share/ds4_driver/hook/cmake_prefix_path.sh'
[7.710s] Level 1:colcon.colcon_core.environment:checking '/home/ubuntu/dualshock/install/ds4_driver/lib'
[7.710s] Level 1:colcon.colcon_core.environment:checking '/home/ubuntu/dualshock/install/ds4_driver/bin'
[7.711s] Level 1:colcon.colcon_core.environment:checking '/home/ubuntu/dualshock/install/ds4_driver/lib/pkgconfig/ds4_driver.pc'
[7.712s] Level 1:colcon.colcon_core.environment:checking '/home/ubuntu/dualshock/install/ds4_driver/lib/python3.10/site-packages'
[7.713s] Level 1:colcon.colcon_core.environment:checking '/home/ubuntu/dualshock/install/ds4_driver/bin'
[7.714s] INFO:colcon.colcon_core.shell:Creating package script '/home/ubuntu/dualshock/install/ds4_driver/share/ds4_driver/package.ps1'
[7.716s] INFO:colcon.colcon_core.shell:Creating package descriptor '/home/ubuntu/dualshock/install/ds4_driver/share/ds4_driver/package.dsv'
[7.718s] INFO:colcon.colcon_core.shell:Creating package script '/home/ubuntu/dualshock/install/ds4_driver/share/ds4_driver/package.sh'
[7.720s] INFO:colcon.colcon_core.shell:Creating package script '/home/ubuntu/dualshock/install/ds4_driver/share/ds4_driver/package.bash'
[7.722s] INFO:colcon.colcon_core.shell:Creating package script '/home/ubuntu/dualshock/install/ds4_driver/share/ds4_driver/package.zsh'
[7.724s] Level 1:colcon.colcon_core.environment:create_file_with_runtime_dependencies(/home/ubuntu/dualshock/install/ds4_driver/share/colcon-core/packages/ds4_driver)
[7.726s] DEBUG:colcon.colcon_parallel_executor.executor.parallel:closing loop
[7.727s] DEBUG:colcon.colcon_parallel_executor.executor.parallel:loop closed
[7.728s] DEBUG:colcon.colcon_parallel_executor.executor.parallel:run_until_complete finished with '0'
[7.728s] DEBUG:colcon.colcon_core.event_reactor:joining thread
[7.749s] INFO:colcon.colcon_core.plugin_system:Skipping extension 'colcon_notification.desktop_notification.notify_send': Could not find 'notify-send'
[7.749s] INFO:colcon.colcon_core.plugin_system:Skipping extension 'colcon_notification.desktop_notification.terminal_notifier': Not used on non-Darwin systems
[7.749s] INFO:colcon.colcon_core.plugin_system:Skipping extension 'colcon_notification.desktop_notification.win32': Not used on non-Windows systems
[7.750s] INFO:colcon.colcon_notification.desktop_notification:Sending desktop notification using 'notify2'
[7.752s] DEBUG:colcon.colcon_notification.desktop_notification.notify2:Failed to initialize notify2: org.freedesktop.DBus.Error.ServiceUnknown: The name org.freedesktop.Notifications was not provided by any .service files
[7.753s] DEBUG:colcon.colcon_core.event_reactor:joined thread
[7.754s] INFO:colcon.colcon_core.shell:Creating prefix script '/home/ubuntu/dualshock/install/local_setup.ps1'
[7.758s] INFO:colcon.colcon_core.shell:Creating prefix util module '/home/ubuntu/dualshock/install/_local_setup_util_ps1.py'
[7.764s] INFO:colcon.colcon_core.shell:Creating prefix chain script '/home/ubuntu/dualshock/install/setup.ps1'
[7.769s] INFO:colcon.colcon_core.shell:Creating prefix script '/home/ubuntu/dualshock/install/local_setup.sh'
[7.772s] INFO:colcon.colcon_core.shell:Creating prefix util module '/home/ubuntu/dualshock/install/_local_setup_util_sh.py'
[7.774s] INFO:colcon.colcon_core.shell:Creating prefix chain script '/home/ubuntu/dualshock/install/setup.sh'
[7.779s] INFO:colcon.colcon_core.shell:Creating prefix script '/home/ubuntu/dualshock/install/local_setup.bash'
[7.781s] INFO:colcon.colcon_core.shell:Creating prefix chain script '/home/ubuntu/dualshock/install/setup.bash'
[7.786s] INFO:colcon.colcon_core.shell:Creating prefix script '/home/ubuntu/dualshock/install/local_setup.zsh'
[7.789s] INFO:colcon.colcon_core.shell:Creating prefix chain script '/home/ubuntu/dualshock/install/setup.zsh'
