[0.096s] Invoking command in '/home/ubuntu/dualshock/build/prototype_motor': CMAKE_PREFIX_PATH=${CMAKE_PREFIX_PATH}:/home/ubuntu/dualshock/install/prototype_move:/opt/ros/humble /usr/bin/cmake --build /home/ubuntu/dualshock/build/prototype_motor -- -j4 -l4
[0.492s] [ 50%] [32mBuilding CXX object CMakeFiles/nurimotor.dir/src/nurimotor_control.cpp.o[0m
[44.458s] [100%] [32m[1mLinking CXX executable nurimotor[0m
[47.467s] [100%] Built target nurimotor
[47.511s] Invoked command in '/home/ubuntu/dualshock/build/prototype_motor' returned '0': CMAKE_PREFIX_PATH=${CMAKE_PREFIX_PATH}:/home/ubuntu/dualshock/install/prototype_move:/opt/ros/humble /usr/bin/cmake --build /home/ubuntu/dualshock/build/prototype_motor -- -j4 -l4
[47.655s] Invoking command in '/home/ubuntu/dualshock/build/prototype_motor': CMAKE_PREFIX_PATH=${CMAKE_PREFIX_PATH}:/home/ubuntu/dualshock/install/prototype_move:/opt/ros/humble /usr/bin/cmake --install /home/ubuntu/dualshock/build/prototype_motor
[47.684s] -- Install configuration: ""
[47.688s] -- Installing: /home/ubuntu/dualshock/install/prototype_motor/lib/prototype_motor/nurimotor
[47.723s] -- Set runtime path of "/home/ubuntu/dualshock/install/prototype_motor/lib/prototype_motor/nurimotor" to ""
[47.723s] -- Up-to-date: /home/ubuntu/dualshock/install/prototype_motor/share/ament_index/resource_index/package_run_dependencies/prototype_motor
[47.724s] -- Up-to-date: /home/ubuntu/dualshock/install/prototype_motor/share/ament_index/resource_index/parent_prefix_path/prototype_motor
[47.724s] -- Up-to-date: /home/ubuntu/dualshock/install/prototype_motor/share/prototype_motor/environment/ament_prefix_path.sh
[47.724s] -- Up-to-date: /home/ubuntu/dualshock/install/prototype_motor/share/prototype_motor/environment/ament_prefix_path.dsv
[47.725s] -- Up-to-date: /home/ubuntu/dualshock/install/prototype_motor/share/prototype_motor/environment/path.sh
[47.725s] -- Up-to-date: /home/ubuntu/dualshock/install/prototype_motor/share/prototype_motor/environment/path.dsv
[47.726s] -- Up-to-date: /home/ubuntu/dualshock/install/prototype_motor/share/prototype_motor/local_setup.bash
[47.726s] -- Up-to-date: /home/ubuntu/dualshock/install/prototype_motor/share/prototype_motor/local_setup.sh
[47.726s] -- Up-to-date: /home/ubuntu/dualshock/install/prototype_motor/share/prototype_motor/local_setup.zsh
[47.727s] -- Up-to-date: /home/ubuntu/dualshock/install/prototype_motor/share/prototype_motor/local_setup.dsv
[47.727s] -- Installing: /home/ubuntu/dualshock/install/prototype_motor/share/prototype_motor/package.dsv
[47.729s] -- Up-to-date: /home/ubuntu/dualshock/install/prototype_motor/share/ament_index/resource_index/packages/prototype_motor
[47.729s] -- Up-to-date: /home/ubuntu/dualshock/install/prototype_motor/share/prototype_motor/cmake/prototype_motorConfig.cmake
[47.730s] -- Up-to-date: /home/ubuntu/dualshock/install/prototype_motor/share/prototype_motor/cmake/prototype_motorConfig-version.cmake
[47.730s] -- Up-to-date: /home/ubuntu/dualshock/install/prototype_motor/share/prototype_motor/package.xml
[47.736s] Invoked command in '/home/ubuntu/dualshock/build/prototype_motor' returned '0': CMAKE_PREFIX_PATH=${CMAKE_PREFIX_PATH}:/home/ubuntu/dualshock/install/prototype_move:/opt/ros/humble /usr/bin/cmake --install /home/ubuntu/dualshock/build/prototype_motor
