[0.044s] Invoking command in '/home/ubuntu/dualshock/build/ds4_driver': AMENT_PREFIX_PATH=/home/ubuntu/dualshock/install/ds4_driver_msgs:${AMENT_PREFIX_PATH} CMAKE_PREFIX_PATH=/home/ubuntu/dualshock/install/ds4_driver_msgs:/home/ubuntu/DynamixelSDK:/opt/ros/humble LD_LIBRARY_PATH=/home/ubuntu/dualshock/install/ds4_driver_msgs/lib:${LD_LIBRARY_PATH} PYTHONPATH=/home/ubuntu/dualshock/install/ds4_driver_msgs/local/lib/python3.10/dist-packages:${PYTHONPATH} /usr/bin/cmake --build /home/ubuntu/dualshock/build/ds4_driver -- -j4 -l4
[0.135s] -- Found ament_cmake: 1.3.10 (/opt/ros/humble/share/ament_cmake/cmake)
[0.690s] -- Found sensor_msgs: 4.2.4 (/opt/ros/humble/share/sensor_msgs/cmake)
[0.821s] -- Found rosidl_generator_c: 3.1.5 (/opt/ros/humble/share/rosidl_generator_c/cmake)
[0.832s] -- Found rosidl_adapter: 3.1.5 (/opt/ros/humble/share/rosidl_adapter/cmake)
[0.855s] -- Found rosidl_generator_cpp: 3.1.5 (/opt/ros/humble/share/rosidl_generator_cpp/cmake)
[0.893s] -- Using all available rosidl_typesupport_c: rosidl_typesupport_fastrtps_c;rosidl_typesupport_introspection_c
[0.941s] -- Using all available rosidl_typesupport_cpp: rosidl_typesupport_fastrtps_cpp;rosidl_typesupport_introspection_cpp
[1.146s] -- Found ds4_driver_msgs: 0.0.0 (/home/ubuntu/dualshock/install/ds4_driver_msgs/share/ds4_driver_msgs/cmake)
[1.209s] -- Found rclpy: 3.3.14 (/opt/ros/humble/share/rclpy/cmake)
[1.341s] [31mCMake Error at CMakeLists.txt:28 (find_package):
[1.341s]   By not providing "Finddynamixel_sdk.cmake" in CMAKE_MODULE_PATH this
[1.341s]   project has asked CMake to find a package configuration file provided by
[1.342s]   "dynamixel_sdk", but CMake did not find one.
[1.342s] 
[1.343s]   Could not find a package configuration file provided by "dynamixel_sdk"
[1.344s]   with any of the following names:
[1.345s] 
[1.345s]     dynamixel_sdkConfig.cmake
[1.346s]     dynamixel_sdk-config.cmake
[1.346s] 
[1.347s]   Add the installation prefix of "dynamixel_sdk" to CMAKE_PREFIX_PATH or set
[1.347s]   "dynamixel_sdk_DIR" to a directory containing one of the above files.  If
[1.348s]   "dynamixel_sdk" provides a separate development package or SDK, be sure it
[1.350s]   has been installed.
[1.351s] 
[1.353s] [0m
[1.353s] -- Configuring incomplete, errors occurred!
[1.354s] See also "/home/ubuntu/dualshock/build/ds4_driver/CMakeFiles/CMakeOutput.log".
[1.357s] gmake: *** [Makefile:254: cmake_check_build_system] Error 1
[1.363s] Invoked command in '/home/ubuntu/dualshock/build/ds4_driver' returned '2': AMENT_PREFIX_PATH=/home/ubuntu/dualshock/install/ds4_driver_msgs:${AMENT_PREFIX_PATH} CMAKE_PREFIX_PATH=/home/ubuntu/dualshock/install/ds4_driver_msgs:/home/ubuntu/DynamixelSDK:/opt/ros/humble LD_LIBRARY_PATH=/home/ubuntu/dualshock/install/ds4_driver_msgs/lib:${LD_LIBRARY_PATH} PYTHONPATH=/home/ubuntu/dualshock/install/ds4_driver_msgs/local/lib/python3.10/dist-packages:${PYTHONPATH} /usr/bin/cmake --build /home/ubuntu/dualshock/build/ds4_driver -- -j4 -l4
