[0.425s] DEBUG:colcon:Command line arguments: ['/usr/bin/colcon', 'build']
[0.425s] DEBUG:colcon:Parsed command line arguments: Namespace(log_base=None, log_level=None, verb_name='build', build_base='build', install_base='install', merge_install=False, symlink_install=False, test_result_base=None, continue_on_error=False, executor='parallel', parallel_workers=4, event_handlers=None, ignore_user_meta=False, metas=['./colcon.meta'], base_paths=['.'], packages_ignore=None, packages_ignore_regex=None, paths=None, packages_up_to=None, packages_up_to_regex=None, packages_above=None, packages_above_and_dependencies=None, packages_above_depth=None, packages_select_by_dep=None, packages_skip_by_dep=None, packages_skip_up_to=None, packages_select_build_failed=False, packages_skip_build_finished=False, packages_select_test_failures=False, packages_skip_test_passed=False, packages_select=None, packages_skip=None, packages_select_regex=None, packages_skip_regex=None, packages_start=None, packages_end=None, allow_overriding=[], cmake_args=None, cmake_target=None, cmake_target_skip_unavailable=False, cmake_clean_cache=False, cmake_clean_first=False, cmake_force_configure=False, ament_cmake_args=None, catkin_cmake_args=None, catkin_skip_building_tests=False, verb_parser=<colcon_defaults.argument_parser.defaults.DefaultArgumentsDecorator object at 0xffffa15d3df0>, verb_extension=<colcon_core.verb.build.BuildVerb object at 0xffffa1719420>, main=<bound method BuildVerb.main of <colcon_core.verb.build.BuildVerb object at 0xffffa1719420>>)
[1.171s] Level 1:colcon.colcon_core.package_discovery:discover_packages(colcon_meta) check parameters
[1.171s] Level 1:colcon.colcon_core.package_discovery:discover_packages(recursive) check parameters
[1.172s] Level 1:colcon.colcon_core.package_discovery:discover_packages(ignore) check parameters
[1.172s] Level 1:colcon.colcon_core.package_discovery:discover_packages(path) check parameters
[1.172s] Level 1:colcon.colcon_core.package_discovery:discover_packages(colcon_meta) discover
[1.172s] Level 1:colcon.colcon_core.package_discovery:discover_packages(recursive) discover
[1.172s] INFO:colcon.colcon_core.package_discovery:Crawling recursively for packages in '/home/ubuntu/dualshock'
[1.173s] Level 1:colcon.colcon_core.package_identification:_identify(.) by extensions ['ignore', 'ignore_ament_install']
[1.173s] Level 1:colcon.colcon_core.package_identification:_identify(.) by extension 'ignore'
[1.173s] Level 1:colcon.colcon_core.package_identification:_identify(.) by extension 'ignore_ament_install'
[1.174s] Level 1:colcon.colcon_core.package_identification:_identify(.) by extensions ['colcon_pkg']
[1.174s] Level 1:colcon.colcon_core.package_identification:_identify(.) by extension 'colcon_pkg'
[1.174s] Level 1:colcon.colcon_core.package_identification:_identify(.) by extensions ['colcon_meta']
[1.174s] Level 1:colcon.colcon_core.package_identification:_identify(.) by extension 'colcon_meta'
[1.174s] Level 1:colcon.colcon_core.package_identification:_identify(.) by extensions ['ros']
[1.174s] Level 1:colcon.colcon_core.package_identification:_identify(.) by extension 'ros'
[1.217s] Level 1:colcon.colcon_core.package_identification:_identify(.) by extensions ['cmake', 'python']
[1.217s] Level 1:colcon.colcon_core.package_identification:_identify(.) by extension 'cmake'
[1.218s] Level 1:colcon.colcon_core.package_identification:_identify(.) by extension 'python'
[1.218s] Level 1:colcon.colcon_core.package_identification:_identify(.) by extensions ['python_setup_py']
[1.218s] Level 1:colcon.colcon_core.package_identification:_identify(.) by extension 'python_setup_py'
[1.218s] Level 1:colcon.colcon_core.package_identification:_identify(build) by extensions ['ignore', 'ignore_ament_install']
[1.224s] Level 1:colcon.colcon_core.package_identification:_identify(build) by extension 'ignore'
[1.224s] Level 1:colcon.colcon_core.package_identification:_identify(build) ignored
[1.225s] Level 1:colcon.colcon_core.package_identification:_identify(install) by extensions ['ignore', 'ignore_ament_install']
[1.225s] Level 1:colcon.colcon_core.package_identification:_identify(install) by extension 'ignore'
[1.225s] Level 1:colcon.colcon_core.package_identification:_identify(install) ignored
[1.226s] Level 1:colcon.colcon_core.package_identification:_identify(log) by extensions ['ignore', 'ignore_ament_install']
[1.226s] Level 1:colcon.colcon_core.package_identification:_identify(log) by extension 'ignore'
[1.227s] Level 1:colcon.colcon_core.package_identification:_identify(log) ignored
[1.227s] Level 1:colcon.colcon_core.package_identification:_identify(src) by extensions ['ignore', 'ignore_ament_install']
[1.228s] Level 1:colcon.colcon_core.package_identification:_identify(src) by extension 'ignore'
[1.228s] Level 1:colcon.colcon_core.package_identification:_identify(src) by extension 'ignore_ament_install'
[1.228s] Level 1:colcon.colcon_core.package_identification:_identify(src) by extensions ['colcon_pkg']
[1.228s] Level 1:colcon.colcon_core.package_identification:_identify(src) by extension 'colcon_pkg'
[1.228s] Level 1:colcon.colcon_core.package_identification:_identify(src) by extensions ['colcon_meta']
[1.228s] Level 1:colcon.colcon_core.package_identification:_identify(src) by extension 'colcon_meta'
[1.229s] Level 1:colcon.colcon_core.package_identification:_identify(src) by extensions ['ros']
[1.229s] Level 1:colcon.colcon_core.package_identification:_identify(src) by extension 'ros'
[1.229s] Level 1:colcon.colcon_core.package_identification:_identify(src) by extensions ['cmake', 'python']
[1.229s] Level 1:colcon.colcon_core.package_identification:_identify(src) by extension 'cmake'
[1.229s] Level 1:colcon.colcon_core.package_identification:_identify(src) by extension 'python'
[1.230s] Level 1:colcon.colcon_core.package_identification:_identify(src) by extensions ['python_setup_py']
[1.230s] Level 1:colcon.colcon_core.package_identification:_identify(src) by extension 'python_setup_py'
[1.230s] Level 1:colcon.colcon_core.package_identification:_identify(src/ds4_driver) by extensions ['ignore', 'ignore_ament_install']
[1.231s] Level 1:colcon.colcon_core.package_identification:_identify(src/ds4_driver) by extension 'ignore'
[1.231s] Level 1:colcon.colcon_core.package_identification:_identify(src/ds4_driver) by extension 'ignore_ament_install'
[1.231s] Level 1:colcon.colcon_core.package_identification:_identify(src/ds4_driver) by extensions ['colcon_pkg']
[1.231s] Level 1:colcon.colcon_core.package_identification:_identify(src/ds4_driver) by extension 'colcon_pkg'
[1.231s] Level 1:colcon.colcon_core.package_identification:_identify(src/ds4_driver) by extensions ['colcon_meta']
[1.231s] Level 1:colcon.colcon_core.package_identification:_identify(src/ds4_driver) by extension 'colcon_meta'
[1.232s] Level 1:colcon.colcon_core.package_identification:_identify(src/ds4_driver) by extensions ['ros']
[1.232s] Level 1:colcon.colcon_core.package_identification:_identify(src/ds4_driver) by extension 'ros'
[1.232s] Level 1:colcon.colcon_core.package_identification:_identify(src/ds4_driver) by extensions ['cmake', 'python']
[1.232s] Level 1:colcon.colcon_core.package_identification:_identify(src/ds4_driver) by extension 'cmake'
[1.232s] Level 1:colcon.colcon_core.package_identification:_identify(src/ds4_driver) by extension 'python'
[1.233s] Level 1:colcon.colcon_core.package_identification:_identify(src/ds4_driver) by extensions ['python_setup_py']
[1.233s] Level 1:colcon.colcon_core.package_identification:_identify(src/ds4_driver) by extension 'python_setup_py'
[1.233s] Level 1:colcon.colcon_core.package_identification:_identify(src/ds4_driver/docker) by extensions ['ignore', 'ignore_ament_install']
[1.234s] Level 1:colcon.colcon_core.package_identification:_identify(src/ds4_driver/docker) by extension 'ignore'
[1.234s] Level 1:colcon.colcon_core.package_identification:_identify(src/ds4_driver/docker) by extension 'ignore_ament_install'
[1.234s] Level 1:colcon.colcon_core.package_identification:_identify(src/ds4_driver/docker) by extensions ['colcon_pkg']
[1.234s] Level 1:colcon.colcon_core.package_identification:_identify(src/ds4_driver/docker) by extension 'colcon_pkg'
[1.234s] Level 1:colcon.colcon_core.package_identification:_identify(src/ds4_driver/docker) by extensions ['colcon_meta']
[1.234s] Level 1:colcon.colcon_core.package_identification:_identify(src/ds4_driver/docker) by extension 'colcon_meta'
[1.235s] Level 1:colcon.colcon_core.package_identification:_identify(src/ds4_driver/docker) by extensions ['ros']
[1.235s] Level 1:colcon.colcon_core.package_identification:_identify(src/ds4_driver/docker) by extension 'ros'
[1.235s] Level 1:colcon.colcon_core.package_identification:_identify(src/ds4_driver/docker) by extensions ['cmake', 'python']
[1.235s] Level 1:colcon.colcon_core.package_identification:_identify(src/ds4_driver/docker) by extension 'cmake'
[1.236s] Level 1:colcon.colcon_core.package_identification:_identify(src/ds4_driver/docker) by extension 'python'
[1.236s] Level 1:colcon.colcon_core.package_identification:_identify(src/ds4_driver/docker) by extensions ['python_setup_py']
[1.236s] Level 1:colcon.colcon_core.package_identification:_identify(src/ds4_driver/docker) by extension 'python_setup_py'
[1.236s] Level 1:colcon.colcon_core.package_identification:_identify(src/ds4_driver/ds4_driver) by extensions ['ignore', 'ignore_ament_install']
[1.237s] Level 1:colcon.colcon_core.package_identification:_identify(src/ds4_driver/ds4_driver) by extension 'ignore'
[1.237s] Level 1:colcon.colcon_core.package_identification:_identify(src/ds4_driver/ds4_driver) by extension 'ignore_ament_install'
[1.237s] Level 1:colcon.colcon_core.package_identification:_identify(src/ds4_driver/ds4_driver) by extensions ['colcon_pkg']
[1.237s] Level 1:colcon.colcon_core.package_identification:_identify(src/ds4_driver/ds4_driver) by extension 'colcon_pkg'
[1.237s] Level 1:colcon.colcon_core.package_identification:_identify(src/ds4_driver/ds4_driver) by extensions ['colcon_meta']
[1.238s] Level 1:colcon.colcon_core.package_identification:_identify(src/ds4_driver/ds4_driver) by extension 'colcon_meta'
[1.238s] Level 1:colcon.colcon_core.package_identification:_identify(src/ds4_driver/ds4_driver) by extensions ['ros']
[1.238s] Level 1:colcon.colcon_core.package_identification:_identify(src/ds4_driver/ds4_driver) by extension 'ros'
[1.247s] DEBUG:colcon.colcon_core.package_identification:Package 'src/ds4_driver/ds4_driver' with type 'ros.ament_cmake' and name 'ds4_driver'
[1.248s] Level 1:colcon.colcon_core.package_identification:_identify(src/ds4_driver/ds4_driver_msgs) by extensions ['ignore', 'ignore_ament_install']
[1.249s] Level 1:colcon.colcon_core.package_identification:_identify(src/ds4_driver/ds4_driver_msgs) by extension 'ignore'
[1.249s] Level 1:colcon.colcon_core.package_identification:_identify(src/ds4_driver/ds4_driver_msgs) by extension 'ignore_ament_install'
[1.249s] Level 1:colcon.colcon_core.package_identification:_identify(src/ds4_driver/ds4_driver_msgs) by extensions ['colcon_pkg']
[1.249s] Level 1:colcon.colcon_core.package_identification:_identify(src/ds4_driver/ds4_driver_msgs) by extension 'colcon_pkg'
[1.250s] Level 1:colcon.colcon_core.package_identification:_identify(src/ds4_driver/ds4_driver_msgs) by extensions ['colcon_meta']
[1.250s] Level 1:colcon.colcon_core.package_identification:_identify(src/ds4_driver/ds4_driver_msgs) by extension 'colcon_meta'
[1.250s] Level 1:colcon.colcon_core.package_identification:_identify(src/ds4_driver/ds4_driver_msgs) by extensions ['ros']
[1.250s] Level 1:colcon.colcon_core.package_identification:_identify(src/ds4_driver/ds4_driver_msgs) by extension 'ros'
[1.253s] DEBUG:colcon.colcon_core.package_identification:Package 'src/ds4_driver/ds4_driver_msgs' with type 'ros.ament_cmake' and name 'ds4_driver_msgs'
[1.253s] Level 1:colcon.colcon_core.package_discovery:discover_packages(recursive) using defaults
[1.253s] Level 1:colcon.colcon_core.package_discovery:discover_packages(ignore) discover
[1.254s] Level 1:colcon.colcon_core.package_discovery:discover_packages(ignore) using defaults
[1.254s] Level 1:colcon.colcon_core.package_discovery:discover_packages(path) discover
[1.254s] Level 1:colcon.colcon_core.package_discovery:discover_packages(path) using defaults
[1.329s] Level 1:colcon.colcon_core.package_discovery:discover_packages(prefix_path) check parameters
[1.329s] Level 1:colcon.colcon_core.package_discovery:discover_packages(prefix_path) discover
[1.342s] DEBUG:colcon.colcon_installed_package_information.package_discovery:Found 270 installed packages in /opt/ros/humble
[1.348s] Level 1:colcon.colcon_core.package_discovery:discover_packages(prefix_path) using defaults
[1.547s] Level 5:colcon.colcon_core.verb:set package 'ds4_driver_msgs' build argument 'cmake_args' from command line to 'None'
[1.547s] Level 5:colcon.colcon_core.verb:set package 'ds4_driver_msgs' build argument 'cmake_target' from command line to 'None'
[1.547s] Level 5:colcon.colcon_core.verb:set package 'ds4_driver_msgs' build argument 'cmake_target_skip_unavailable' from command line to 'False'
[1.547s] Level 5:colcon.colcon_core.verb:set package 'ds4_driver_msgs' build argument 'cmake_clean_cache' from command line to 'False'
[1.548s] Level 5:colcon.colcon_core.verb:set package 'ds4_driver_msgs' build argument 'cmake_clean_first' from command line to 'False'
[1.548s] Level 5:colcon.colcon_core.verb:set package 'ds4_driver_msgs' build argument 'cmake_force_configure' from command line to 'False'
[1.548s] Level 5:colcon.colcon_core.verb:set package 'ds4_driver_msgs' build argument 'ament_cmake_args' from command line to 'None'
[1.548s] Level 5:colcon.colcon_core.verb:set package 'ds4_driver_msgs' build argument 'catkin_cmake_args' from command line to 'None'
[1.548s] Level 5:colcon.colcon_core.verb:set package 'ds4_driver_msgs' build argument 'catkin_skip_building_tests' from command line to 'False'
[1.548s] DEBUG:colcon.colcon_core.verb:Building package 'ds4_driver_msgs' with the following arguments: {'ament_cmake_args': None, 'build_base': '/home/ubuntu/dualshock/build/ds4_driver_msgs', 'catkin_cmake_args': None, 'catkin_skip_building_tests': False, 'cmake_args': None, 'cmake_clean_cache': False, 'cmake_clean_first': False, 'cmake_force_configure': False, 'cmake_target': None, 'cmake_target_skip_unavailable': False, 'install_base': '/home/ubuntu/dualshock/install/ds4_driver_msgs', 'merge_install': False, 'path': '/home/ubuntu/dualshock/src/ds4_driver/ds4_driver_msgs', 'symlink_install': False, 'test_result_base': None}
[1.550s] Level 5:colcon.colcon_core.verb:set package 'ds4_driver' build argument 'cmake_args' from command line to 'None'
[1.550s] Level 5:colcon.colcon_core.verb:set package 'ds4_driver' build argument 'cmake_target' from command line to 'None'
[1.550s] Level 5:colcon.colcon_core.verb:set package 'ds4_driver' build argument 'cmake_target_skip_unavailable' from command line to 'False'
[1.550s] Level 5:colcon.colcon_core.verb:set package 'ds4_driver' build argument 'cmake_clean_cache' from command line to 'False'
[1.550s] Level 5:colcon.colcon_core.verb:set package 'ds4_driver' build argument 'cmake_clean_first' from command line to 'False'
[1.550s] Level 5:colcon.colcon_core.verb:set package 'ds4_driver' build argument 'cmake_force_configure' from command line to 'False'
[1.550s] Level 5:colcon.colcon_core.verb:set package 'ds4_driver' build argument 'ament_cmake_args' from command line to 'None'
[1.550s] Level 5:colcon.colcon_core.verb:set package 'ds4_driver' build argument 'catkin_cmake_args' from command line to 'None'
[1.551s] Level 5:colcon.colcon_core.verb:set package 'ds4_driver' build argument 'catkin_skip_building_tests' from command line to 'False'
[1.551s] DEBUG:colcon.colcon_core.verb:Building package 'ds4_driver' with the following arguments: {'ament_cmake_args': None, 'build_base': '/home/ubuntu/dualshock/build/ds4_driver', 'catkin_cmake_args': None, 'catkin_skip_building_tests': False, 'cmake_args': None, 'cmake_clean_cache': False, 'cmake_clean_first': False, 'cmake_force_configure': False, 'cmake_target': None, 'cmake_target_skip_unavailable': False, 'install_base': '/home/ubuntu/dualshock/install/ds4_driver', 'merge_install': False, 'path': '/home/ubuntu/dualshock/src/ds4_driver/ds4_driver', 'symlink_install': False, 'test_result_base': None}
[1.551s] INFO:colcon.colcon_core.executor:Executing jobs using 'parallel' executor
[1.555s] DEBUG:colcon.colcon_parallel_executor.executor.parallel:run_until_complete
[1.556s] INFO:colcon.colcon_ros.task.ament_cmake.build:Building ROS package in '/home/ubuntu/dualshock/src/ds4_driver/ds4_driver_msgs' with build type 'ament_cmake'
[1.556s] INFO:colcon.colcon_cmake.task.cmake.build:Building CMake package in '/home/ubuntu/dualshock/src/ds4_driver/ds4_driver_msgs'
[1.565s] INFO:colcon.colcon_core.plugin_system:Skipping extension 'colcon_core.shell.bat': Not used on non-Windows systems
[1.566s] INFO:colcon.colcon_core.shell:Skip shell extension 'powershell' for command environment: Not usable outside of PowerShell
[1.566s] DEBUG:colcon.colcon_core.shell:Skip shell extension 'dsv' for command environment
[1.608s] DEBUG:colcon.colcon_core.event_handler.log_command:Invoking command in '/home/ubuntu/dualshock/build/ds4_driver_msgs': CMAKE_PREFIX_PATH=${CMAKE_PREFIX_PATH}:/opt/ros/humble /usr/bin/cmake --build /home/ubuntu/dualshock/build/ds4_driver_msgs -- -j4 -l4
[3.259s] DEBUG:colcon.colcon_core.event_handler.log_command:Invoked command in '/home/ubuntu/dualshock/build/ds4_driver_msgs' returned '0': CMAKE_PREFIX_PATH=${CMAKE_PREFIX_PATH}:/opt/ros/humble /usr/bin/cmake --build /home/ubuntu/dualshock/build/ds4_driver_msgs -- -j4 -l4
[4.001s] DEBUG:colcon.colcon_core.event_handler.log_command:Invoking command in '/home/ubuntu/dualshock/build/ds4_driver_msgs': CMAKE_PREFIX_PATH=${CMAKE_PREFIX_PATH}:/opt/ros/humble /usr/bin/cmake --install /home/ubuntu/dualshock/build/ds4_driver_msgs
[4.282s] Level 1:colcon.colcon_core.environment:create_environment_scripts_only(ds4_driver_msgs)
[4.283s] DEBUG:colcon.colcon_core.event_handler.log_command:Invoked command in '/home/ubuntu/dualshock/build/ds4_driver_msgs' returned '0': CMAKE_PREFIX_PATH=${CMAKE_PREFIX_PATH}:/opt/ros/humble /usr/bin/cmake --install /home/ubuntu/dualshock/build/ds4_driver_msgs
[4.293s] Level 1:colcon.colcon_core.environment:checking '/home/ubuntu/dualshock/install/ds4_driver_msgs' for CMake module files
[4.297s] Level 1:colcon.colcon_core.environment:checking '/home/ubuntu/dualshock/install/ds4_driver_msgs' for CMake config files
[4.302s] Level 1:colcon.colcon_core.shell:create_environment_hook('ds4_driver_msgs', 'cmake_prefix_path')
[4.303s] INFO:colcon.colcon_core.shell:Creating environment hook '/home/ubuntu/dualshock/install/ds4_driver_msgs/share/ds4_driver_msgs/hook/cmake_prefix_path.ps1'
[4.305s] INFO:colcon.colcon_core.shell:Creating environment descriptor '/home/ubuntu/dualshock/install/ds4_driver_msgs/share/ds4_driver_msgs/hook/cmake_prefix_path.dsv'
[4.307s] INFO:colcon.colcon_core.shell:Creating environment hook '/home/ubuntu/dualshock/install/ds4_driver_msgs/share/ds4_driver_msgs/hook/cmake_prefix_path.sh'
[4.311s] Level 1:colcon.colcon_core.environment:checking '/home/ubuntu/dualshock/install/ds4_driver_msgs/lib'
[4.312s] Level 1:colcon.colcon_core.shell:create_environment_hook('ds4_driver_msgs', 'ld_library_path_lib')
[4.313s] INFO:colcon.colcon_core.shell:Creating environment hook '/home/ubuntu/dualshock/install/ds4_driver_msgs/share/ds4_driver_msgs/hook/ld_library_path_lib.ps1'
[4.315s] INFO:colcon.colcon_core.shell:Creating environment descriptor '/home/ubuntu/dualshock/install/ds4_driver_msgs/share/ds4_driver_msgs/hook/ld_library_path_lib.dsv'
[4.317s] INFO:colcon.colcon_core.shell:Creating environment hook '/home/ubuntu/dualshock/install/ds4_driver_msgs/share/ds4_driver_msgs/hook/ld_library_path_lib.sh'
[4.319s] Level 1:colcon.colcon_core.environment:checking '/home/ubuntu/dualshock/install/ds4_driver_msgs/bin'
[4.320s] Level 1:colcon.colcon_core.environment:checking '/home/ubuntu/dualshock/install/ds4_driver_msgs/lib/pkgconfig/ds4_driver_msgs.pc'
[4.321s] Level 1:colcon.colcon_core.environment:checking '/home/ubuntu/dualshock/install/ds4_driver_msgs/lib/python3.10/site-packages'
[4.321s] Level 1:colcon.colcon_core.environment:checking '/home/ubuntu/dualshock/install/ds4_driver_msgs/bin'
[4.323s] INFO:colcon.colcon_core.shell:Creating package script '/home/ubuntu/dualshock/install/ds4_driver_msgs/share/ds4_driver_msgs/package.ps1'
[4.326s] INFO:colcon.colcon_core.shell:Creating package descriptor '/home/ubuntu/dualshock/install/ds4_driver_msgs/share/ds4_driver_msgs/package.dsv'
[4.329s] INFO:colcon.colcon_core.shell:Creating package script '/home/ubuntu/dualshock/install/ds4_driver_msgs/share/ds4_driver_msgs/package.sh'
[4.332s] INFO:colcon.colcon_core.shell:Creating package script '/home/ubuntu/dualshock/install/ds4_driver_msgs/share/ds4_driver_msgs/package.bash'
[4.335s] INFO:colcon.colcon_core.shell:Creating package script '/home/ubuntu/dualshock/install/ds4_driver_msgs/share/ds4_driver_msgs/package.zsh'
[4.338s] Level 1:colcon.colcon_core.environment:create_file_with_runtime_dependencies(/home/ubuntu/dualshock/install/ds4_driver_msgs/share/colcon-core/packages/ds4_driver_msgs)
[5.073s] Level 1:colcon.colcon_core.environment:create_environment_scripts_only(ds4_driver_msgs)
[5.074s] Level 1:colcon.colcon_core.environment:checking '/home/ubuntu/dualshock/install/ds4_driver_msgs' for CMake module files
[5.081s] Level 1:colcon.colcon_core.environment:checking '/home/ubuntu/dualshock/install/ds4_driver_msgs' for CMake config files
[5.086s] Level 1:colcon.colcon_core.shell:create_environment_hook('ds4_driver_msgs', 'cmake_prefix_path')
[5.087s] INFO:colcon.colcon_core.shell:Creating environment hook '/home/ubuntu/dualshock/install/ds4_driver_msgs/share/ds4_driver_msgs/hook/cmake_prefix_path.ps1'
[5.089s] INFO:colcon.colcon_core.shell:Creating environment descriptor '/home/ubuntu/dualshock/install/ds4_driver_msgs/share/ds4_driver_msgs/hook/cmake_prefix_path.dsv'
[5.090s] INFO:colcon.colcon_core.shell:Creating environment hook '/home/ubuntu/dualshock/install/ds4_driver_msgs/share/ds4_driver_msgs/hook/cmake_prefix_path.sh'
[5.093s] Level 1:colcon.colcon_core.environment:checking '/home/ubuntu/dualshock/install/ds4_driver_msgs/lib'
[5.094s] Level 1:colcon.colcon_core.shell:create_environment_hook('ds4_driver_msgs', 'ld_library_path_lib')
[5.094s] INFO:colcon.colcon_core.shell:Creating environment hook '/home/ubuntu/dualshock/install/ds4_driver_msgs/share/ds4_driver_msgs/hook/ld_library_path_lib.ps1'
[5.096s] INFO:colcon.colcon_core.shell:Creating environment descriptor '/home/ubuntu/dualshock/install/ds4_driver_msgs/share/ds4_driver_msgs/hook/ld_library_path_lib.dsv'
[5.098s] INFO:colcon.colcon_core.shell:Creating environment hook '/home/ubuntu/dualshock/install/ds4_driver_msgs/share/ds4_driver_msgs/hook/ld_library_path_lib.sh'
[5.100s] Level 1:colcon.colcon_core.environment:checking '/home/ubuntu/dualshock/install/ds4_driver_msgs/bin'
[5.100s] Level 1:colcon.colcon_core.environment:checking '/home/ubuntu/dualshock/install/ds4_driver_msgs/lib/pkgconfig/ds4_driver_msgs.pc'
[5.101s] Level 1:colcon.colcon_core.environment:checking '/home/ubuntu/dualshock/install/ds4_driver_msgs/lib/python3.10/site-packages'
[5.102s] Level 1:colcon.colcon_core.environment:checking '/home/ubuntu/dualshock/install/ds4_driver_msgs/bin'
[5.104s] INFO:colcon.colcon_core.shell:Creating package script '/home/ubuntu/dualshock/install/ds4_driver_msgs/share/ds4_driver_msgs/package.ps1'
[5.106s] INFO:colcon.colcon_core.shell:Creating package descriptor '/home/ubuntu/dualshock/install/ds4_driver_msgs/share/ds4_driver_msgs/package.dsv'
[5.109s] INFO:colcon.colcon_core.shell:Creating package script '/home/ubuntu/dualshock/install/ds4_driver_msgs/share/ds4_driver_msgs/package.sh'
[5.111s] INFO:colcon.colcon_core.shell:Creating package script '/home/ubuntu/dualshock/install/ds4_driver_msgs/share/ds4_driver_msgs/package.bash'
[5.113s] INFO:colcon.colcon_core.shell:Creating package script '/home/ubuntu/dualshock/install/ds4_driver_msgs/share/ds4_driver_msgs/package.zsh'
[5.115s] Level 1:colcon.colcon_core.environment:create_file_with_runtime_dependencies(/home/ubuntu/dualshock/install/ds4_driver_msgs/share/colcon-core/packages/ds4_driver_msgs)
[5.116s] INFO:colcon.colcon_ros.task.ament_cmake.build:Building ROS package in '/home/ubuntu/dualshock/src/ds4_driver/ds4_driver' with build type 'ament_cmake'
[5.117s] INFO:colcon.colcon_cmake.task.cmake.build:Building CMake package in '/home/ubuntu/dualshock/src/ds4_driver/ds4_driver'
[5.118s] INFO:colcon.colcon_core.shell:Skip shell extension 'powershell' for command environment: Not usable outside of PowerShell
[5.119s] DEBUG:colcon.colcon_core.shell:Skip shell extension 'dsv' for command environment
[5.168s] DEBUG:colcon.colcon_core.event_handler.log_command:Invoking command in '/home/ubuntu/dualshock/build/ds4_driver': AMENT_PREFIX_PATH=/home/ubuntu/dualshock/install/ds4_driver_msgs:${AMENT_PREFIX_PATH} CMAKE_PREFIX_PATH=/home/ubuntu/dualshock/install/ds4_driver_msgs:/home/ubuntu/DynamixelSDK:/opt/ros/humble LD_LIBRARY_PATH=/home/ubuntu/dualshock/install/ds4_driver_msgs/lib:${LD_LIBRARY_PATH} PYTHONPATH=/home/ubuntu/dualshock/install/ds4_driver_msgs/local/lib/python3.10/dist-packages:${PYTHONPATH} /usr/bin/cmake --build /home/ubuntu/dualshock/build/ds4_driver -- -j4 -l4
[10.077s] DEBUG:colcon.colcon_core.event_handler.log_command:Invoked command in '/home/ubuntu/dualshock/build/ds4_driver' returned '0': AMENT_PREFIX_PATH=/home/ubuntu/dualshock/install/ds4_driver_msgs:${AMENT_PREFIX_PATH} CMAKE_PREFIX_PATH=/home/ubuntu/dualshock/install/ds4_driver_msgs:/home/ubuntu/DynamixelSDK:/opt/ros/humble LD_LIBRARY_PATH=/home/ubuntu/dualshock/install/ds4_driver_msgs/lib:${LD_LIBRARY_PATH} PYTHONPATH=/home/ubuntu/dualshock/install/ds4_driver_msgs/local/lib/python3.10/dist-packages:${PYTHONPATH} /usr/bin/cmake --build /home/ubuntu/dualshock/build/ds4_driver -- -j4 -l4
[10.210s] DEBUG:colcon.colcon_core.event_handler.log_command:Invoking command in '/home/ubuntu/dualshock/build/ds4_driver': AMENT_PREFIX_PATH=/home/ubuntu/dualshock/install/ds4_driver_msgs:${AMENT_PREFIX_PATH} CMAKE_PREFIX_PATH=/home/ubuntu/dualshock/install/ds4_driver_msgs:/home/ubuntu/DynamixelSDK:/opt/ros/humble LD_LIBRARY_PATH=/home/ubuntu/dualshock/install/ds4_driver_msgs/lib:${LD_LIBRARY_PATH} PYTHONPATH=/home/ubuntu/dualshock/install/ds4_driver_msgs/local/lib/python3.10/dist-packages:${PYTHONPATH} /usr/bin/cmake --install /home/ubuntu/dualshock/build/ds4_driver
[10.564s] Level 1:colcon.colcon_core.environment:create_environment_scripts_only(ds4_driver)
[10.565s] Level 1:colcon.colcon_core.environment:checking '/home/ubuntu/dualshock/install/ds4_driver' for CMake module files
[10.569s] Level 1:colcon.colcon_core.environment:checking '/home/ubuntu/dualshock/install/ds4_driver' for CMake config files
[10.575s] Level 1:colcon.colcon_core.shell:create_environment_hook('ds4_driver', 'cmake_prefix_path')
[10.576s] INFO:colcon.colcon_core.shell:Creating environment hook '/home/ubuntu/dualshock/install/ds4_driver/share/ds4_driver/hook/cmake_prefix_path.ps1'
[10.579s] INFO:colcon.colcon_core.shell:Creating environment descriptor '/home/ubuntu/dualshock/install/ds4_driver/share/ds4_driver/hook/cmake_prefix_path.dsv'
[10.580s] DEBUG:colcon.colcon_core.event_handler.log_command:Invoked command in '/home/ubuntu/dualshock/build/ds4_driver' returned '0': AMENT_PREFIX_PATH=/home/ubuntu/dualshock/install/ds4_driver_msgs:${AMENT_PREFIX_PATH} CMAKE_PREFIX_PATH=/home/ubuntu/dualshock/install/ds4_driver_msgs:/home/ubuntu/DynamixelSDK:/opt/ros/humble LD_LIBRARY_PATH=/home/ubuntu/dualshock/install/ds4_driver_msgs/lib:${LD_LIBRARY_PATH} PYTHONPATH=/home/ubuntu/dualshock/install/ds4_driver_msgs/local/lib/python3.10/dist-packages:${PYTHONPATH} /usr/bin/cmake --install /home/ubuntu/dualshock/build/ds4_driver
[10.582s] INFO:colcon.colcon_core.shell:Creating environment hook '/home/ubuntu/dualshock/install/ds4_driver/share/ds4_driver/hook/cmake_prefix_path.sh'
[10.586s] Level 1:colcon.colcon_core.environment:checking '/home/ubuntu/dualshock/install/ds4_driver/lib'
[10.586s] Level 1:colcon.colcon_core.environment:checking '/home/ubuntu/dualshock/install/ds4_driver/bin'
[10.587s] Level 1:colcon.colcon_core.environment:checking '/home/ubuntu/dualshock/install/ds4_driver/lib/pkgconfig/ds4_driver.pc'
[10.588s] Level 1:colcon.colcon_core.environment:checking '/home/ubuntu/dualshock/install/ds4_driver/lib/python3.10/site-packages'
[10.591s] Level 1:colcon.colcon_core.environment:checking '/home/ubuntu/dualshock/install/ds4_driver/bin'
[10.594s] INFO:colcon.colcon_core.shell:Creating package script '/home/ubuntu/dualshock/install/ds4_driver/share/ds4_driver/package.ps1'
[10.600s] INFO:colcon.colcon_core.shell:Creating package descriptor '/home/ubuntu/dualshock/install/ds4_driver/share/ds4_driver/package.dsv'
[10.605s] INFO:colcon.colcon_core.shell:Creating package script '/home/ubuntu/dualshock/install/ds4_driver/share/ds4_driver/package.sh'
[10.608s] INFO:colcon.colcon_core.shell:Creating package script '/home/ubuntu/dualshock/install/ds4_driver/share/ds4_driver/package.bash'
[10.610s] INFO:colcon.colcon_core.shell:Creating package script '/home/ubuntu/dualshock/install/ds4_driver/share/ds4_driver/package.zsh'
[10.615s] Level 1:colcon.colcon_core.environment:create_file_with_runtime_dependencies(/home/ubuntu/dualshock/install/ds4_driver/share/colcon-core/packages/ds4_driver)
[10.769s] Level 1:colcon.colcon_core.environment:create_environment_scripts_only(ds4_driver)
[10.770s] Level 1:colcon.colcon_core.environment:checking '/home/ubuntu/dualshock/install/ds4_driver' for CMake module files
[10.774s] Level 1:colcon.colcon_core.environment:checking '/home/ubuntu/dualshock/install/ds4_driver' for CMake config files
[10.778s] Level 1:colcon.colcon_core.shell:create_environment_hook('ds4_driver', 'cmake_prefix_path')
[10.779s] INFO:colcon.colcon_core.shell:Creating environment hook '/home/ubuntu/dualshock/install/ds4_driver/share/ds4_driver/hook/cmake_prefix_path.ps1'
[10.782s] INFO:colcon.colcon_core.shell:Creating environment descriptor '/home/ubuntu/dualshock/install/ds4_driver/share/ds4_driver/hook/cmake_prefix_path.dsv'
[10.785s] INFO:colcon.colcon_core.shell:Creating environment hook '/home/ubuntu/dualshock/install/ds4_driver/share/ds4_driver/hook/cmake_prefix_path.sh'
[10.800s] Level 1:colcon.colcon_core.environment:checking '/home/ubuntu/dualshock/install/ds4_driver/lib'
[10.800s] Level 1:colcon.colcon_core.environment:checking '/home/ubuntu/dualshock/install/ds4_driver/bin'
[10.801s] Level 1:colcon.colcon_core.environment:checking '/home/ubuntu/dualshock/install/ds4_driver/lib/pkgconfig/ds4_driver.pc'
[10.802s] Level 1:colcon.colcon_core.environment:checking '/home/ubuntu/dualshock/install/ds4_driver/lib/python3.10/site-packages'
[10.803s] Level 1:colcon.colcon_core.environment:checking '/home/ubuntu/dualshock/install/ds4_driver/bin'
[10.805s] INFO:colcon.colcon_core.shell:Creating package script '/home/ubuntu/dualshock/install/ds4_driver/share/ds4_driver/package.ps1'
[10.823s] INFO:colcon.colcon_core.shell:Creating package descriptor '/home/ubuntu/dualshock/install/ds4_driver/share/ds4_driver/package.dsv'
[10.827s] INFO:colcon.colcon_core.shell:Creating package script '/home/ubuntu/dualshock/install/ds4_driver/share/ds4_driver/package.sh'
[10.831s] INFO:colcon.colcon_core.shell:Creating package script '/home/ubuntu/dualshock/install/ds4_driver/share/ds4_driver/package.bash'
[10.835s] INFO:colcon.colcon_core.shell:Creating package script '/home/ubuntu/dualshock/install/ds4_driver/share/ds4_driver/package.zsh'
[10.839s] Level 1:colcon.colcon_core.environment:create_file_with_runtime_dependencies(/home/ubuntu/dualshock/install/ds4_driver/share/colcon-core/packages/ds4_driver)
[10.845s] DEBUG:colcon.colcon_parallel_executor.executor.parallel:closing loop
[10.846s] DEBUG:colcon.colcon_parallel_executor.executor.parallel:loop closed
[10.847s] DEBUG:colcon.colcon_parallel_executor.executor.parallel:run_until_complete finished with '0'
[10.847s] DEBUG:colcon.colcon_core.event_reactor:joining thread
[10.876s] INFO:colcon.colcon_core.plugin_system:Skipping extension 'colcon_notification.desktop_notification.notify_send': Could not find 'notify-send'
[10.876s] INFO:colcon.colcon_core.plugin_system:Skipping extension 'colcon_notification.desktop_notification.terminal_notifier': Not used on non-Darwin systems
[10.876s] INFO:colcon.colcon_core.plugin_system:Skipping extension 'colcon_notification.desktop_notification.win32': Not used on non-Windows systems
[10.877s] INFO:colcon.colcon_notification.desktop_notification:Sending desktop notification using 'notify2'
[10.880s] DEBUG:colcon.colcon_notification.desktop_notification.notify2:Failed to initialize notify2: org.freedesktop.DBus.Error.ServiceUnknown: The name org.freedesktop.Notifications was not provided by any .service files
[10.881s] DEBUG:colcon.colcon_core.event_reactor:joined thread
[10.882s] INFO:colcon.colcon_core.shell:Creating prefix script '/home/ubuntu/dualshock/install/local_setup.ps1'
[10.886s] INFO:colcon.colcon_core.shell:Creating prefix util module '/home/ubuntu/dualshock/install/_local_setup_util_ps1.py'
[10.892s] INFO:colcon.colcon_core.shell:Creating prefix chain script '/home/ubuntu/dualshock/install/setup.ps1'
[10.897s] INFO:colcon.colcon_core.shell:Creating prefix script '/home/ubuntu/dualshock/install/local_setup.sh'
[10.900s] INFO:colcon.colcon_core.shell:Creating prefix util module '/home/ubuntu/dualshock/install/_local_setup_util_sh.py'
[10.903s] INFO:colcon.colcon_core.shell:Creating prefix chain script '/home/ubuntu/dualshock/install/setup.sh'
[10.908s] INFO:colcon.colcon_core.shell:Creating prefix script '/home/ubuntu/dualshock/install/local_setup.bash'
[10.911s] INFO:colcon.colcon_core.shell:Creating prefix chain script '/home/ubuntu/dualshock/install/setup.bash'
[10.916s] INFO:colcon.colcon_core.shell:Creating prefix script '/home/ubuntu/dualshock/install/local_setup.zsh'
[10.919s] INFO:colcon.colcon_core.shell:Creating prefix chain script '/home/ubuntu/dualshock/install/setup.zsh'
