[0.084s] Invoking command in '/home/ubuntu/dualshock/build/prototype_motor': CMAKE_PREFIX_PATH=/opt/ros/humble /usr/bin/cmake /home/ubuntu/dualshock/Prototype_Military/prototype_military/src/prototype_motor -DCMAKE_INSTALL_PREFIX=/home/ubuntu/dualshock/install/prototype_motor
[1.130s] -- The C compiler identification is GNU 11.4.0
[1.928s] -- The CXX compiler identification is GNU 11.4.0
[1.980s] -- Detecting C compiler ABI info
[2.359s] -- Detecting C compiler ABI info - done
[2.388s] -- Check for working C compiler: /usr/bin/cc - skipped
[2.391s] -- Detecting C compile features
[2.393s] -- Detecting C compile features - done
[2.411s] -- Detecting CXX compiler ABI info
[2.776s] -- Detecting CXX compiler ABI info - done
[2.805s] -- Check for working CXX compiler: /usr/bin/c++ - skipped
[2.807s] -- Detecting CXX compile features
[2.809s] -- Detecting CXX compile features - done
[2.835s] -- Found ament_cmake: 1.3.10 (/opt/ros/humble/share/ament_cmake/cmake)
[3.709s] -- Found Python3: /usr/bin/python3 (found version "3.10.12") found components: Interpreter 
[4.648s] -- Found rclcpp: 16.0.10 (/opt/ros/humble/share/rclcpp/cmake)
[5.089s] -- Found rosidl_generator_c: 3.1.5 (/opt/ros/humble/share/rosidl_generator_c/cmake)
[5.142s] -- Found rosidl_adapter: 3.1.5 (/opt/ros/humble/share/rosidl_adapter/cmake)
[5.222s] -- Found rosidl_generator_cpp: 3.1.5 (/opt/ros/humble/share/rosidl_generator_cpp/cmake)
[5.325s] -- Using all available rosidl_typesupport_c: rosidl_typesupport_fastrtps_c;rosidl_typesupport_introspection_c
[5.453s] -- Using all available rosidl_typesupport_cpp: rosidl_typesupport_fastrtps_cpp;rosidl_typesupport_introspection_cpp
[5.828s] -- Found rmw_implementation_cmake: 6.1.2 (/opt/ros/humble/share/rmw_implementation_cmake/cmake)
[5.856s] -- Found rmw_fastrtps_cpp: 6.2.7 (/opt/ros/humble/share/rmw_fastrtps_cpp/cmake)
[6.511s] -- Found OpenSSL: /usr/lib/aarch64-linux-gnu/libcrypto.so (found version "3.0.2")  
[6.727s] -- Found FastRTPS: /opt/ros/humble/include  
[7.063s] -- Using RMW implementation 'rmw_fastrtps_cpp' as default
[7.144s] -- Looking for pthread.h
[7.488s] -- Looking for pthread.h - found
[7.490s] -- Performing Test CMAKE_HAVE_LIBC_PTHREAD
[7.815s] -- Performing Test CMAKE_HAVE_LIBC_PTHREAD - Success
[7.819s] -- Found Threads: TRUE  
[8.152s] -- Found sensor_msgs: 4.2.4 (/opt/ros/humble/share/sensor_msgs/cmake)
[8.414s] -- Found Boost: /usr/lib/aarch64-linux-gnu/cmake/Boost-1.74.0/BoostConfig.cmake (found version "1.74.0") found components: system 
[8.446s] -- Found nav_msgs: 4.2.4 (/opt/ros/humble/share/nav_msgs/cmake)
[8.550s] -- Found tf2_ros: 0.25.7 (/opt/ros/humble/share/tf2_ros/cmake)
[9.255s] -- Found ament_lint_auto: 0.12.11 (/opt/ros/humble/share/ament_lint_auto/cmake)
[9.695s] -- Added test 'cppcheck' to perform static code analysis on C / C++ code
[9.696s] -- Configured cppcheck include dirs: /home/ubuntu/dualshock/Prototype_Military/prototype_military/src/prototype_motor/include
[9.697s] -- Configured cppcheck exclude dirs and/or files: 
[9.703s] -- Added test 'lint_cmake' to check CMake code style
[9.710s] -- Added test 'uncrustify' to check C / C++ code style
[9.711s] -- Configured uncrustify additional arguments: 
[9.713s] -- Added test 'xmllint' to check XML markup files
[9.721s] -- Configuring done
[9.798s] -- Generating done
[9.807s] -- Build files have been written to: /home/ubuntu/dualshock/build/prototype_motor
[9.850s] Invoked command in '/home/ubuntu/dualshock/build/prototype_motor' returned '0': CMAKE_PREFIX_PATH=/opt/ros/humble /usr/bin/cmake /home/ubuntu/dualshock/Prototype_Military/prototype_military/src/prototype_motor -DCMAKE_INSTALL_PREFIX=/home/ubuntu/dualshock/install/prototype_motor
[9.857s] Invoking command in '/home/ubuntu/dualshock/build/prototype_motor': CMAKE_PREFIX_PATH=/opt/ros/humble /usr/bin/cmake --build /home/ubuntu/dualshock/build/prototype_motor -- -j4 -l4
[10.059s] [ 50%] [32mBuilding CXX object CMakeFiles/nurimotor.dir/src/nurimotor_control.cpp.o[0m
[54.711s] [100%] [32m[1mLinking CXX executable nurimotor[0m
[57.555s] [100%] Built target nurimotor
[57.591s] Invoked command in '/home/ubuntu/dualshock/build/prototype_motor' returned '0': CMAKE_PREFIX_PATH=/opt/ros/humble /usr/bin/cmake --build /home/ubuntu/dualshock/build/prototype_motor -- -j4 -l4
[57.719s] Invoking command in '/home/ubuntu/dualshock/build/prototype_motor': CMAKE_PREFIX_PATH=/opt/ros/humble /usr/bin/cmake --install /home/ubuntu/dualshock/build/prototype_motor
[57.744s] -- Install configuration: ""
[57.745s] -- Installing: /home/ubuntu/dualshock/install/prototype_motor/lib/prototype_motor/nurimotor
[57.776s] -- Set runtime path of "/home/ubuntu/dualshock/install/prototype_motor/lib/prototype_motor/nurimotor" to ""
[57.777s] -- Installing: /home/ubuntu/dualshock/install/prototype_motor/share/ament_index/resource_index/package_run_dependencies/prototype_motor
[57.779s] -- Installing: /home/ubuntu/dualshock/install/prototype_motor/share/ament_index/resource_index/parent_prefix_path/prototype_motor
[57.780s] -- Installing: /home/ubuntu/dualshock/install/prototype_motor/share/prototype_motor/environment/ament_prefix_path.sh
[57.781s] -- Installing: /home/ubuntu/dualshock/install/prototype_motor/share/prototype_motor/environment/ament_prefix_path.dsv
[57.782s] -- Installing: /home/ubuntu/dualshock/install/prototype_motor/share/prototype_motor/environment/path.sh
[57.783s] -- Installing: /home/ubuntu/dualshock/install/prototype_motor/share/prototype_motor/environment/path.dsv
[57.784s] -- Installing: /home/ubuntu/dualshock/install/prototype_motor/share/prototype_motor/local_setup.bash
[57.785s] -- Installing: /home/ubuntu/dualshock/install/prototype_motor/share/prototype_motor/local_setup.sh
[57.787s] -- Installing: /home/ubuntu/dualshock/install/prototype_motor/share/prototype_motor/local_setup.zsh
[57.788s] -- Installing: /home/ubuntu/dualshock/install/prototype_motor/share/prototype_motor/local_setup.dsv
[57.789s] -- Installing: /home/ubuntu/dualshock/install/prototype_motor/share/prototype_motor/package.dsv
[57.790s] -- Installing: /home/ubuntu/dualshock/install/prototype_motor/share/ament_index/resource_index/packages/prototype_motor
[57.791s] -- Installing: /home/ubuntu/dualshock/install/prototype_motor/share/prototype_motor/cmake/prototype_motorConfig.cmake
[57.792s] -- Installing: /home/ubuntu/dualshock/install/prototype_motor/share/prototype_motor/cmake/prototype_motorConfig-version.cmake
[57.793s] -- Installing: /home/ubuntu/dualshock/install/prototype_motor/share/prototype_motor/package.xml
[57.801s] Invoked command in '/home/ubuntu/dualshock/build/prototype_motor' returned '0': CMAKE_PREFIX_PATH=/opt/ros/humble /usr/bin/cmake --install /home/ubuntu/dualshock/build/prototype_motor
