[0.047s] Invoking command in '/home/ubuntu/dualshock/build/ds4_driver_msgs': CMAKE_PREFIX_PATH=${CMAKE_PREFIX_PATH}:/opt/ros/humble /usr/bin/cmake --build /home/ubuntu/dualshock/build/ds4_driver_msgs -- -j4 -l4
[0.272s] [  1%] Built target ds4_driver_msgs__cpp
[0.285s] [ 12%] Built target ds4_driver_msgs__rosidl_generator_c
[0.346s] [ 12%] Built target ament_cmake_python_copy_ds4_driver_msgs
[0.391s] [ 23%] Built target ds4_driver_msgs__rosidl_typesupport_cpp
[0.405s] [ 34%] Built target ds4_driver_msgs__rosidl_typesupport_fastrtps_cpp
[0.417s] [ 45%] Built target ds4_driver_msgs__rosidl_typesupport_introspection_cpp
[0.484s] [ 56%] Built target ds4_driver_msgs__rosidl_typesupport_fastrtps_c
[0.508s] [ 67%] Built target ds4_driver_msgs__rosidl_typesupport_introspection_c
[0.517s] [ 78%] Built target ds4_driver_msgs__rosidl_typesupport_c
[0.605s] [ 78%] Built target ds4_driver_msgs
[0.693s] [ 80%] Built target ds4_driver_msgs__py
[0.796s] [ 89%] Built target ds4_driver_msgs__rosidl_generator_py
[0.912s] [ 92%] Built target ds4_driver_msgs__rosidl_typesupport_fastrtps_c__pyext
[0.914s] [ 96%] Built target ds4_driver_msgs__rosidl_typesupport_c__pyext
[0.929s] [100%] Built target ds4_driver_msgs__rosidl_typesupport_introspection_c__pyext
[1.582s] running egg_info
[1.586s] writing ds4_driver_msgs.egg-info/PKG-INFO
[1.587s] writing dependency_links to ds4_driver_msgs.egg-info/dependency_links.txt
[1.588s] writing top-level names to ds4_driver_msgs.egg-info/top_level.txt
[1.598s] reading manifest file 'ds4_driver_msgs.egg-info/SOURCES.txt'
[1.601s] writing manifest file 'ds4_driver_msgs.egg-info/SOURCES.txt'
[1.722s] [100%] Built target ament_cmake_python_build_ds4_driver_msgs_egg
[1.766s] Invoked command in '/home/ubuntu/dualshock/build/ds4_driver_msgs' returned '0': CMAKE_PREFIX_PATH=${CMAKE_PREFIX_PATH}:/opt/ros/humble /usr/bin/cmake --build /home/ubuntu/dualshock/build/ds4_driver_msgs -- -j4 -l4
[2.561s] Invoking command in '/home/ubuntu/dualshock/build/ds4_driver_msgs': CMAKE_PREFIX_PATH=${CMAKE_PREFIX_PATH}:/opt/ros/humble /usr/bin/cmake --install /home/ubuntu/dualshock/build/ds4_driver_msgs
[2.592s] -- Install configuration: ""
[2.592s] -- Up-to-date: /home/ubuntu/dualshock/install/ds4_driver_msgs/share/ament_index/resource_index/rosidl_interfaces/ds4_driver_msgs
[2.593s] -- Up-to-date: /home/ubuntu/dualshock/install/ds4_driver_msgs/include/ds4_driver_msgs/ds4_driver_msgs
[2.593s] -- Up-to-date: /home/ubuntu/dualshock/install/ds4_driver_msgs/include/ds4_driver_msgs/ds4_driver_msgs/msg
[2.594s] -- Up-to-date: /home/ubuntu/dualshock/install/ds4_driver_msgs/include/ds4_driver_msgs/ds4_driver_msgs/msg/report.h
[2.594s] -- Up-to-date: /home/ubuntu/dualshock/install/ds4_driver_msgs/include/ds4_driver_msgs/ds4_driver_msgs/msg/feedback.h
[2.594s] -- Up-to-date: /home/ubuntu/dualshock/install/ds4_driver_msgs/include/ds4_driver_msgs/ds4_driver_msgs/msg/status.h
[2.595s] -- Up-to-date: /home/ubuntu/dualshock/install/ds4_driver_msgs/include/ds4_driver_msgs/ds4_driver_msgs/msg/detail
[2.596s] -- Up-to-date: /home/ubuntu/dualshock/install/ds4_driver_msgs/include/ds4_driver_msgs/ds4_driver_msgs/msg/detail/feedback__type_support.h
[2.596s] -- Up-to-date: /home/ubuntu/dualshock/install/ds4_driver_msgs/include/ds4_driver_msgs/ds4_driver_msgs/msg/detail/report__struct.h
[2.596s] -- Up-to-date: /home/ubuntu/dualshock/install/ds4_driver_msgs/include/ds4_driver_msgs/ds4_driver_msgs/msg/detail/feedback__functions.h
[2.597s] -- Up-to-date: /home/ubuntu/dualshock/install/ds4_driver_msgs/include/ds4_driver_msgs/ds4_driver_msgs/msg/detail/status__functions.h
[2.597s] -- Up-to-date: /home/ubuntu/dualshock/install/ds4_driver_msgs/include/ds4_driver_msgs/ds4_driver_msgs/msg/detail/trackpad__functions.h
[2.598s] -- Up-to-date: /home/ubuntu/dualshock/install/ds4_driver_msgs/include/ds4_driver_msgs/ds4_driver_msgs/msg/detail/report__functions.h
[2.598s] -- Up-to-date: /home/ubuntu/dualshock/install/ds4_driver_msgs/include/ds4_driver_msgs/ds4_driver_msgs/msg/detail/report__type_support.h
[2.598s] -- Up-to-date: /home/ubuntu/dualshock/install/ds4_driver_msgs/include/ds4_driver_msgs/ds4_driver_msgs/msg/detail/status__type_support.h
[2.599s] -- Up-to-date: /home/ubuntu/dualshock/install/ds4_driver_msgs/include/ds4_driver_msgs/ds4_driver_msgs/msg/detail/status__functions.c
[2.600s] -- Up-to-date: /home/ubuntu/dualshock/install/ds4_driver_msgs/include/ds4_driver_msgs/ds4_driver_msgs/msg/detail/trackpad__struct.h
[2.600s] -- Up-to-date: /home/ubuntu/dualshock/install/ds4_driver_msgs/include/ds4_driver_msgs/ds4_driver_msgs/msg/detail/feedback__functions.c
[2.601s] -- Up-to-date: /home/ubuntu/dualshock/install/ds4_driver_msgs/include/ds4_driver_msgs/ds4_driver_msgs/msg/detail/status__struct.h
[2.601s] -- Up-to-date: /home/ubuntu/dualshock/install/ds4_driver_msgs/include/ds4_driver_msgs/ds4_driver_msgs/msg/detail/feedback__struct.h
[2.601s] -- Up-to-date: /home/ubuntu/dualshock/install/ds4_driver_msgs/include/ds4_driver_msgs/ds4_driver_msgs/msg/detail/report__functions.c
[2.602s] -- Up-to-date: /home/ubuntu/dualshock/install/ds4_driver_msgs/include/ds4_driver_msgs/ds4_driver_msgs/msg/detail/trackpad__functions.c
[2.602s] -- Up-to-date: /home/ubuntu/dualshock/install/ds4_driver_msgs/include/ds4_driver_msgs/ds4_driver_msgs/msg/detail/trackpad__type_support.h
[2.602s] -- Up-to-date: /home/ubuntu/dualshock/install/ds4_driver_msgs/include/ds4_driver_msgs/ds4_driver_msgs/msg/rosidl_generator_c__visibility_control.h
[2.603s] -- Up-to-date: /home/ubuntu/dualshock/install/ds4_driver_msgs/include/ds4_driver_msgs/ds4_driver_msgs/msg/trackpad.h
[2.604s] -- Up-to-date: /home/ubuntu/dualshock/install/ds4_driver_msgs/share/ds4_driver_msgs/environment/library_path.sh
[2.604s] -- Up-to-date: /home/ubuntu/dualshock/install/ds4_driver_msgs/share/ds4_driver_msgs/environment/library_path.dsv
[2.605s] -- Up-to-date: /home/ubuntu/dualshock/install/ds4_driver_msgs/lib/libds4_driver_msgs__rosidl_generator_c.so
[2.605s] -- Up-to-date: /home/ubuntu/dualshock/install/ds4_driver_msgs/include/ds4_driver_msgs/ds4_driver_msgs
[2.605s] -- Up-to-date: /home/ubuntu/dualshock/install/ds4_driver_msgs/include/ds4_driver_msgs/ds4_driver_msgs/msg
[2.606s] -- Up-to-date: /home/ubuntu/dualshock/install/ds4_driver_msgs/include/ds4_driver_msgs/ds4_driver_msgs/msg/rosidl_typesupport_fastrtps_c__visibility_control.h
[2.606s] -- Up-to-date: /home/ubuntu/dualshock/install/ds4_driver_msgs/include/ds4_driver_msgs/ds4_driver_msgs/msg/detail
[2.607s] -- Up-to-date: /home/ubuntu/dualshock/install/ds4_driver_msgs/include/ds4_driver_msgs/ds4_driver_msgs/msg/detail/trackpad__rosidl_typesupport_fastrtps_c.h
[2.607s] -- Up-to-date: /home/ubuntu/dualshock/install/ds4_driver_msgs/include/ds4_driver_msgs/ds4_driver_msgs/msg/detail/report__rosidl_typesupport_fastrtps_c.h
[2.607s] -- Up-to-date: /home/ubuntu/dualshock/install/ds4_driver_msgs/include/ds4_driver_msgs/ds4_driver_msgs/msg/detail/feedback__rosidl_typesupport_fastrtps_c.h
[2.608s] -- Up-to-date: /home/ubuntu/dualshock/install/ds4_driver_msgs/include/ds4_driver_msgs/ds4_driver_msgs/msg/detail/status__rosidl_typesupport_fastrtps_c.h
[2.608s] -- Up-to-date: /home/ubuntu/dualshock/install/ds4_driver_msgs/lib/libds4_driver_msgs__rosidl_typesupport_fastrtps_c.so
[2.609s] -- Up-to-date: /home/ubuntu/dualshock/install/ds4_driver_msgs/include/ds4_driver_msgs/ds4_driver_msgs
[2.610s] -- Up-to-date: /home/ubuntu/dualshock/install/ds4_driver_msgs/include/ds4_driver_msgs/ds4_driver_msgs/msg
[2.610s] -- Up-to-date: /home/ubuntu/dualshock/install/ds4_driver_msgs/include/ds4_driver_msgs/ds4_driver_msgs/msg/status.hpp
[2.611s] -- Up-to-date: /home/ubuntu/dualshock/install/ds4_driver_msgs/include/ds4_driver_msgs/ds4_driver_msgs/msg/report.hpp
[2.611s] -- Up-to-date: /home/ubuntu/dualshock/install/ds4_driver_msgs/include/ds4_driver_msgs/ds4_driver_msgs/msg/trackpad.hpp
[2.612s] -- Up-to-date: /home/ubuntu/dualshock/install/ds4_driver_msgs/include/ds4_driver_msgs/ds4_driver_msgs/msg/detail
[2.612s] -- Up-to-date: /home/ubuntu/dualshock/install/ds4_driver_msgs/include/ds4_driver_msgs/ds4_driver_msgs/msg/detail/feedback__traits.hpp
[2.613s] -- Up-to-date: /home/ubuntu/dualshock/install/ds4_driver_msgs/include/ds4_driver_msgs/ds4_driver_msgs/msg/detail/feedback__builder.hpp
[2.613s] -- Up-to-date: /home/ubuntu/dualshock/install/ds4_driver_msgs/include/ds4_driver_msgs/ds4_driver_msgs/msg/detail/status__builder.hpp
[2.615s] -- Up-to-date: /home/ubuntu/dualshock/install/ds4_driver_msgs/include/ds4_driver_msgs/ds4_driver_msgs/msg/detail/status__traits.hpp
[2.615s] -- Up-to-date: /home/ubuntu/dualshock/install/ds4_driver_msgs/include/ds4_driver_msgs/ds4_driver_msgs/msg/detail/report__struct.hpp
[2.616s] -- Up-to-date: /home/ubuntu/dualshock/install/ds4_driver_msgs/include/ds4_driver_msgs/ds4_driver_msgs/msg/detail/status__struct.hpp
[2.616s] -- Up-to-date: /home/ubuntu/dualshock/install/ds4_driver_msgs/include/ds4_driver_msgs/ds4_driver_msgs/msg/detail/feedback__struct.hpp
[2.617s] -- Up-to-date: /home/ubuntu/dualshock/install/ds4_driver_msgs/include/ds4_driver_msgs/ds4_driver_msgs/msg/detail/trackpad__struct.hpp
[2.617s] -- Up-to-date: /home/ubuntu/dualshock/install/ds4_driver_msgs/include/ds4_driver_msgs/ds4_driver_msgs/msg/detail/report__builder.hpp
[2.618s] -- Up-to-date: /home/ubuntu/dualshock/install/ds4_driver_msgs/include/ds4_driver_msgs/ds4_driver_msgs/msg/detail/trackpad__traits.hpp
[2.618s] -- Up-to-date: /home/ubuntu/dualshock/install/ds4_driver_msgs/include/ds4_driver_msgs/ds4_driver_msgs/msg/detail/report__traits.hpp
[2.619s] -- Up-to-date: /home/ubuntu/dualshock/install/ds4_driver_msgs/include/ds4_driver_msgs/ds4_driver_msgs/msg/detail/trackpad__builder.hpp
[2.619s] -- Up-to-date: /home/ubuntu/dualshock/install/ds4_driver_msgs/include/ds4_driver_msgs/ds4_driver_msgs/msg/feedback.hpp
[2.620s] -- Up-to-date: /home/ubuntu/dualshock/install/ds4_driver_msgs/include/ds4_driver_msgs/ds4_driver_msgs
[2.620s] -- Up-to-date: /home/ubuntu/dualshock/install/ds4_driver_msgs/include/ds4_driver_msgs/ds4_driver_msgs/msg
[2.621s] -- Up-to-date: /home/ubuntu/dualshock/install/ds4_driver_msgs/include/ds4_driver_msgs/ds4_driver_msgs/msg/rosidl_typesupport_fastrtps_cpp__visibility_control.h
[2.621s] -- Up-to-date: /home/ubuntu/dualshock/install/ds4_driver_msgs/include/ds4_driver_msgs/ds4_driver_msgs/msg/detail
[2.621s] -- Up-to-date: /home/ubuntu/dualshock/install/ds4_driver_msgs/include/ds4_driver_msgs/ds4_driver_msgs/msg/detail/report__rosidl_typesupport_fastrtps_cpp.hpp
[2.622s] -- Up-to-date: /home/ubuntu/dualshock/install/ds4_driver_msgs/include/ds4_driver_msgs/ds4_driver_msgs/msg/detail/dds_fastrtps
[2.622s] -- Up-to-date: /home/ubuntu/dualshock/install/ds4_driver_msgs/include/ds4_driver_msgs/ds4_driver_msgs/msg/detail/feedback__rosidl_typesupport_fastrtps_cpp.hpp
[2.622s] -- Up-to-date: /home/ubuntu/dualshock/install/ds4_driver_msgs/include/ds4_driver_msgs/ds4_driver_msgs/msg/detail/status__rosidl_typesupport_fastrtps_cpp.hpp
[2.623s] -- Up-to-date: /home/ubuntu/dualshock/install/ds4_driver_msgs/include/ds4_driver_msgs/ds4_driver_msgs/msg/detail/trackpad__rosidl_typesupport_fastrtps_cpp.hpp
[2.623s] -- Up-to-date: /home/ubuntu/dualshock/install/ds4_driver_msgs/lib/libds4_driver_msgs__rosidl_typesupport_fastrtps_cpp.so
[2.624s] -- Up-to-date: /home/ubuntu/dualshock/install/ds4_driver_msgs/include/ds4_driver_msgs/ds4_driver_msgs
[2.624s] -- Up-to-date: /home/ubuntu/dualshock/install/ds4_driver_msgs/include/ds4_driver_msgs/ds4_driver_msgs/msg
[2.625s] -- Up-to-date: /home/ubuntu/dualshock/install/ds4_driver_msgs/include/ds4_driver_msgs/ds4_driver_msgs/msg/detail
[2.625s] -- Up-to-date: /home/ubuntu/dualshock/install/ds4_driver_msgs/include/ds4_driver_msgs/ds4_driver_msgs/msg/detail/status__type_support.c
[2.626s] -- Up-to-date: /home/ubuntu/dualshock/install/ds4_driver_msgs/include/ds4_driver_msgs/ds4_driver_msgs/msg/detail/status__rosidl_typesupport_introspection_c.h
[2.626s] -- Up-to-date: /home/ubuntu/dualshock/install/ds4_driver_msgs/include/ds4_driver_msgs/ds4_driver_msgs/msg/detail/feedback__type_support.c
[2.627s] -- Up-to-date: /home/ubuntu/dualshock/install/ds4_driver_msgs/include/ds4_driver_msgs/ds4_driver_msgs/msg/detail/report__rosidl_typesupport_introspection_c.h
[2.627s] -- Up-to-date: /home/ubuntu/dualshock/install/ds4_driver_msgs/include/ds4_driver_msgs/ds4_driver_msgs/msg/detail/trackpad__type_support.c
[2.627s] -- Up-to-date: /home/ubuntu/dualshock/install/ds4_driver_msgs/include/ds4_driver_msgs/ds4_driver_msgs/msg/detail/trackpad__rosidl_typesupport_introspection_c.h
[2.628s] -- Up-to-date: /home/ubuntu/dualshock/install/ds4_driver_msgs/include/ds4_driver_msgs/ds4_driver_msgs/msg/detail/feedback__rosidl_typesupport_introspection_c.h
[2.628s] -- Up-to-date: /home/ubuntu/dualshock/install/ds4_driver_msgs/include/ds4_driver_msgs/ds4_driver_msgs/msg/detail/report__type_support.c
[2.628s] -- Up-to-date: /home/ubuntu/dualshock/install/ds4_driver_msgs/include/ds4_driver_msgs/ds4_driver_msgs/msg/rosidl_typesupport_introspection_c__visibility_control.h
[2.629s] -- Up-to-date: /home/ubuntu/dualshock/install/ds4_driver_msgs/lib/libds4_driver_msgs__rosidl_typesupport_introspection_c.so
[2.629s] -- Up-to-date: /home/ubuntu/dualshock/install/ds4_driver_msgs/lib/libds4_driver_msgs__rosidl_typesupport_c.so
[2.630s] -- Up-to-date: /home/ubuntu/dualshock/install/ds4_driver_msgs/include/ds4_driver_msgs/ds4_driver_msgs
[2.631s] -- Up-to-date: /home/ubuntu/dualshock/install/ds4_driver_msgs/include/ds4_driver_msgs/ds4_driver_msgs/msg
[2.631s] -- Up-to-date: /home/ubuntu/dualshock/install/ds4_driver_msgs/include/ds4_driver_msgs/ds4_driver_msgs/msg/detail
[2.632s] -- Up-to-date: /home/ubuntu/dualshock/install/ds4_driver_msgs/include/ds4_driver_msgs/ds4_driver_msgs/msg/detail/feedback__type_support.cpp
[2.632s] -- Up-to-date: /home/ubuntu/dualshock/install/ds4_driver_msgs/include/ds4_driver_msgs/ds4_driver_msgs/msg/detail/status__type_support.cpp
[2.633s] -- Up-to-date: /home/ubuntu/dualshock/install/ds4_driver_msgs/include/ds4_driver_msgs/ds4_driver_msgs/msg/detail/report__rosidl_typesupport_introspection_cpp.hpp
[2.633s] -- Up-to-date: /home/ubuntu/dualshock/install/ds4_driver_msgs/include/ds4_driver_msgs/ds4_driver_msgs/msg/detail/feedback__rosidl_typesupport_introspection_cpp.hpp
[2.634s] -- Up-to-date: /home/ubuntu/dualshock/install/ds4_driver_msgs/include/ds4_driver_msgs/ds4_driver_msgs/msg/detail/report__type_support.cpp
[2.634s] -- Up-to-date: /home/ubuntu/dualshock/install/ds4_driver_msgs/include/ds4_driver_msgs/ds4_driver_msgs/msg/detail/trackpad__type_support.cpp
[2.634s] -- Up-to-date: /home/ubuntu/dualshock/install/ds4_driver_msgs/include/ds4_driver_msgs/ds4_driver_msgs/msg/detail/status__rosidl_typesupport_introspection_cpp.hpp
[2.635s] -- Up-to-date: /home/ubuntu/dualshock/install/ds4_driver_msgs/include/ds4_driver_msgs/ds4_driver_msgs/msg/detail/trackpad__rosidl_typesupport_introspection_cpp.hpp
[2.635s] -- Up-to-date: /home/ubuntu/dualshock/install/ds4_driver_msgs/lib/libds4_driver_msgs__rosidl_typesupport_introspection_cpp.so
[2.637s] -- Up-to-date: /home/ubuntu/dualshock/install/ds4_driver_msgs/lib/libds4_driver_msgs__rosidl_typesupport_cpp.so
[2.639s] -- Up-to-date: /home/ubuntu/dualshock/install/ds4_driver_msgs/share/ds4_driver_msgs/environment/pythonpath.sh
[2.639s] -- Up-to-date: /home/ubuntu/dualshock/install/ds4_driver_msgs/share/ds4_driver_msgs/environment/pythonpath.dsv
[2.640s] -- Up-to-date: /home/ubuntu/dualshock/install/ds4_driver_msgs/local/lib/python3.10/dist-packages/ds4_driver_msgs-0.0.0-py3.10.egg-info
[2.640s] -- Installing: /home/ubuntu/dualshock/install/ds4_driver_msgs/local/lib/python3.10/dist-packages/ds4_driver_msgs-0.0.0-py3.10.egg-info/SOURCES.txt
[2.641s] -- Installing: /home/ubuntu/dualshock/install/ds4_driver_msgs/local/lib/python3.10/dist-packages/ds4_driver_msgs-0.0.0-py3.10.egg-info/dependency_links.txt
[2.643s] -- Installing: /home/ubuntu/dualshock/install/ds4_driver_msgs/local/lib/python3.10/dist-packages/ds4_driver_msgs-0.0.0-py3.10.egg-info/PKG-INFO
[2.644s] -- Installing: /home/ubuntu/dualshock/install/ds4_driver_msgs/local/lib/python3.10/dist-packages/ds4_driver_msgs-0.0.0-py3.10.egg-info/top_level.txt
[2.646s] -- Up-to-date: /home/ubuntu/dualshock/install/ds4_driver_msgs/local/lib/python3.10/dist-packages/ds4_driver_msgs
[2.646s] -- Up-to-date: /home/ubuntu/dualshock/install/ds4_driver_msgs/local/lib/python3.10/dist-packages/ds4_driver_msgs/__init__.py
[2.647s] -- Up-to-date: /home/ubuntu/dualshock/install/ds4_driver_msgs/local/lib/python3.10/dist-packages/ds4_driver_msgs/ds4_driver_msgs_s__rosidl_typesupport_fastrtps_c.cpython-310-aarch64-linux-gnu.so
[2.647s] -- Up-to-date: /home/ubuntu/dualshock/install/ds4_driver_msgs/local/lib/python3.10/dist-packages/ds4_driver_msgs/_ds4_driver_msgs_s.ep.rosidl_typesupport_c.c
[2.648s] -- Up-to-date: /home/ubuntu/dualshock/install/ds4_driver_msgs/local/lib/python3.10/dist-packages/ds4_driver_msgs/ds4_driver_msgs_s__rosidl_typesupport_c.cpython-310-aarch64-linux-gnu.so
[2.649s] -- Up-to-date: /home/ubuntu/dualshock/install/ds4_driver_msgs/local/lib/python3.10/dist-packages/ds4_driver_msgs/_ds4_driver_msgs_s.ep.rosidl_typesupport_fastrtps_c.c
[2.649s] -- Up-to-date: /home/ubuntu/dualshock/install/ds4_driver_msgs/local/lib/python3.10/dist-packages/ds4_driver_msgs/libds4_driver_msgs__rosidl_generator_py.so
[2.650s] -- Up-to-date: /home/ubuntu/dualshock/install/ds4_driver_msgs/local/lib/python3.10/dist-packages/ds4_driver_msgs/_ds4_driver_msgs_s.ep.rosidl_typesupport_introspection_c.c
[2.650s] -- Up-to-date: /home/ubuntu/dualshock/install/ds4_driver_msgs/local/lib/python3.10/dist-packages/ds4_driver_msgs/msg
[2.651s] -- Up-to-date: /home/ubuntu/dualshock/install/ds4_driver_msgs/local/lib/python3.10/dist-packages/ds4_driver_msgs/msg/__init__.py
[2.651s] -- Up-to-date: /home/ubuntu/dualshock/install/ds4_driver_msgs/local/lib/python3.10/dist-packages/ds4_driver_msgs/msg/_trackpad.py
[2.652s] -- Up-to-date: /home/ubuntu/dualshock/install/ds4_driver_msgs/local/lib/python3.10/dist-packages/ds4_driver_msgs/msg/_trackpad_s.c
[2.652s] -- Up-to-date: /home/ubuntu/dualshock/install/ds4_driver_msgs/local/lib/python3.10/dist-packages/ds4_driver_msgs/msg/_report.py
[2.653s] -- Up-to-date: /home/ubuntu/dualshock/install/ds4_driver_msgs/local/lib/python3.10/dist-packages/ds4_driver_msgs/msg/_feedback_s.c
[2.653s] -- Up-to-date: /home/ubuntu/dualshock/install/ds4_driver_msgs/local/lib/python3.10/dist-packages/ds4_driver_msgs/msg/_report_s.c
[2.654s] -- Up-to-date: /home/ubuntu/dualshock/install/ds4_driver_msgs/local/lib/python3.10/dist-packages/ds4_driver_msgs/msg/_status_s.c
[2.654s] -- Up-to-date: /home/ubuntu/dualshock/install/ds4_driver_msgs/local/lib/python3.10/dist-packages/ds4_driver_msgs/msg/_feedback.py
[2.655s] -- Up-to-date: /home/ubuntu/dualshock/install/ds4_driver_msgs/local/lib/python3.10/dist-packages/ds4_driver_msgs/msg/_status.py
[2.655s] -- Up-to-date: /home/ubuntu/dualshock/install/ds4_driver_msgs/local/lib/python3.10/dist-packages/ds4_driver_msgs/ds4_driver_msgs_s__rosidl_typesupport_introspection_c.cpython-310-aarch64-linux-gnu.so
[2.797s] Listing '/home/ubuntu/dualshock/install/ds4_driver_msgs/local/lib/python3.10/dist-packages/ds4_driver_msgs'...
[2.799s] Listing '/home/ubuntu/dualshock/install/ds4_driver_msgs/local/lib/python3.10/dist-packages/ds4_driver_msgs/msg'...
[2.820s] -- Up-to-date: /home/ubuntu/dualshock/install/ds4_driver_msgs/local/lib/python3.10/dist-packages/ds4_driver_msgs/ds4_driver_msgs_s__rosidl_typesupport_fastrtps_c.cpython-310-aarch64-linux-gnu.so
[2.822s] -- Up-to-date: /home/ubuntu/dualshock/install/ds4_driver_msgs/local/lib/python3.10/dist-packages/ds4_driver_msgs/ds4_driver_msgs_s__rosidl_typesupport_introspection_c.cpython-310-aarch64-linux-gnu.so
[2.825s] -- Up-to-date: /home/ubuntu/dualshock/install/ds4_driver_msgs/local/lib/python3.10/dist-packages/ds4_driver_msgs/ds4_driver_msgs_s__rosidl_typesupport_c.cpython-310-aarch64-linux-gnu.so
[2.827s] -- Up-to-date: /home/ubuntu/dualshock/install/ds4_driver_msgs/lib/libds4_driver_msgs__rosidl_generator_py.so
[2.830s] -- Up-to-date: /home/ubuntu/dualshock/install/ds4_driver_msgs/share/ds4_driver_msgs/msg/Feedback.idl
[2.830s] -- Up-to-date: /home/ubuntu/dualshock/install/ds4_driver_msgs/share/ds4_driver_msgs/msg/Status.idl
[2.831s] -- Up-to-date: /home/ubuntu/dualshock/install/ds4_driver_msgs/share/ds4_driver_msgs/msg/Report.idl
[2.832s] -- Up-to-date: /home/ubuntu/dualshock/install/ds4_driver_msgs/share/ds4_driver_msgs/msg/Trackpad.idl
[2.832s] -- Up-to-date: /home/ubuntu/dualshock/install/ds4_driver_msgs/share/ds4_driver_msgs/msg/Feedback.msg
[2.833s] -- Up-to-date: /home/ubuntu/dualshock/install/ds4_driver_msgs/share/ds4_driver_msgs/msg/Status.msg
[2.833s] -- Up-to-date: /home/ubuntu/dualshock/install/ds4_driver_msgs/share/ds4_driver_msgs/msg/Report.msg
[2.834s] -- Up-to-date: /home/ubuntu/dualshock/install/ds4_driver_msgs/share/ds4_driver_msgs/msg/Trackpad.msg
[2.835s] -- Up-to-date: /home/ubuntu/dualshock/install/ds4_driver_msgs/share/ament_index/resource_index/package_run_dependencies/ds4_driver_msgs
[2.835s] -- Up-to-date: /home/ubuntu/dualshock/install/ds4_driver_msgs/share/ament_index/resource_index/parent_prefix_path/ds4_driver_msgs
[2.836s] -- Up-to-date: /home/ubuntu/dualshock/install/ds4_driver_msgs/share/ds4_driver_msgs/environment/ament_prefix_path.sh
[2.836s] -- Up-to-date: /home/ubuntu/dualshock/install/ds4_driver_msgs/share/ds4_driver_msgs/environment/ament_prefix_path.dsv
[2.837s] -- Up-to-date: /home/ubuntu/dualshock/install/ds4_driver_msgs/share/ds4_driver_msgs/environment/path.sh
[2.838s] -- Up-to-date: /home/ubuntu/dualshock/install/ds4_driver_msgs/share/ds4_driver_msgs/environment/path.dsv
[2.838s] -- Up-to-date: /home/ubuntu/dualshock/install/ds4_driver_msgs/share/ds4_driver_msgs/local_setup.bash
[2.838s] -- Up-to-date: /home/ubuntu/dualshock/install/ds4_driver_msgs/share/ds4_driver_msgs/local_setup.sh
[2.839s] -- Up-to-date: /home/ubuntu/dualshock/install/ds4_driver_msgs/share/ds4_driver_msgs/local_setup.zsh
[2.839s] -- Up-to-date: /home/ubuntu/dualshock/install/ds4_driver_msgs/share/ds4_driver_msgs/local_setup.dsv
[2.840s] -- Installing: /home/ubuntu/dualshock/install/ds4_driver_msgs/share/ds4_driver_msgs/package.dsv
[2.840s] -- Up-to-date: /home/ubuntu/dualshock/install/ds4_driver_msgs/share/ament_index/resource_index/packages/ds4_driver_msgs
[2.841s] -- Up-to-date: /home/ubuntu/dualshock/install/ds4_driver_msgs/share/ds4_driver_msgs/cmake/export_ds4_driver_msgs__rosidl_generator_cExport.cmake
[2.841s] -- Up-to-date: /home/ubuntu/dualshock/install/ds4_driver_msgs/share/ds4_driver_msgs/cmake/export_ds4_driver_msgs__rosidl_generator_cExport-noconfig.cmake
[2.842s] -- Up-to-date: /home/ubuntu/dualshock/install/ds4_driver_msgs/share/ds4_driver_msgs/cmake/export_ds4_driver_msgs__rosidl_typesupport_fastrtps_cExport.cmake
[2.842s] -- Up-to-date: /home/ubuntu/dualshock/install/ds4_driver_msgs/share/ds4_driver_msgs/cmake/export_ds4_driver_msgs__rosidl_typesupport_fastrtps_cExport-noconfig.cmake
[2.843s] -- Up-to-date: /home/ubuntu/dualshock/install/ds4_driver_msgs/share/ds4_driver_msgs/cmake/export_ds4_driver_msgs__rosidl_generator_cppExport.cmake
[2.844s] -- Up-to-date: /home/ubuntu/dualshock/install/ds4_driver_msgs/share/ds4_driver_msgs/cmake/export_ds4_driver_msgs__rosidl_typesupport_fastrtps_cppExport.cmake
[2.845s] -- Up-to-date: /home/ubuntu/dualshock/install/ds4_driver_msgs/share/ds4_driver_msgs/cmake/export_ds4_driver_msgs__rosidl_typesupport_fastrtps_cppExport-noconfig.cmake
[2.846s] -- Up-to-date: /home/ubuntu/dualshock/install/ds4_driver_msgs/share/ds4_driver_msgs/cmake/ds4_driver_msgs__rosidl_typesupport_introspection_cExport.cmake
[2.846s] -- Up-to-date: /home/ubuntu/dualshock/install/ds4_driver_msgs/share/ds4_driver_msgs/cmake/ds4_driver_msgs__rosidl_typesupport_introspection_cExport-noconfig.cmake
[2.847s] -- Up-to-date: /home/ubuntu/dualshock/install/ds4_driver_msgs/share/ds4_driver_msgs/cmake/ds4_driver_msgs__rosidl_typesupport_cExport.cmake
[2.848s] -- Up-to-date: /home/ubuntu/dualshock/install/ds4_driver_msgs/share/ds4_driver_msgs/cmake/ds4_driver_msgs__rosidl_typesupport_cExport-noconfig.cmake
[2.849s] -- Up-to-date: /home/ubuntu/dualshock/install/ds4_driver_msgs/share/ds4_driver_msgs/cmake/ds4_driver_msgs__rosidl_typesupport_introspection_cppExport.cmake
[2.849s] -- Up-to-date: /home/ubuntu/dualshock/install/ds4_driver_msgs/share/ds4_driver_msgs/cmake/ds4_driver_msgs__rosidl_typesupport_introspection_cppExport-noconfig.cmake
[2.850s] -- Up-to-date: /home/ubuntu/dualshock/install/ds4_driver_msgs/share/ds4_driver_msgs/cmake/ds4_driver_msgs__rosidl_typesupport_cppExport.cmake
[2.850s] -- Up-to-date: /home/ubuntu/dualshock/install/ds4_driver_msgs/share/ds4_driver_msgs/cmake/ds4_driver_msgs__rosidl_typesupport_cppExport-noconfig.cmake
[2.851s] -- Up-to-date: /home/ubuntu/dualshock/install/ds4_driver_msgs/share/ds4_driver_msgs/cmake/export_ds4_driver_msgs__rosidl_generator_pyExport.cmake
[2.852s] -- Up-to-date: /home/ubuntu/dualshock/install/ds4_driver_msgs/share/ds4_driver_msgs/cmake/export_ds4_driver_msgs__rosidl_generator_pyExport-noconfig.cmake
[2.853s] -- Up-to-date: /home/ubuntu/dualshock/install/ds4_driver_msgs/share/ds4_driver_msgs/cmake/rosidl_cmake-extras.cmake
[2.853s] -- Up-to-date: /home/ubuntu/dualshock/install/ds4_driver_msgs/share/ds4_driver_msgs/cmake/ament_cmake_export_dependencies-extras.cmake
[2.854s] -- Up-to-date: /home/ubuntu/dualshock/install/ds4_driver_msgs/share/ds4_driver_msgs/cmake/ament_cmake_export_include_directories-extras.cmake
[2.854s] -- Up-to-date: /home/ubuntu/dualshock/install/ds4_driver_msgs/share/ds4_driver_msgs/cmake/ament_cmake_export_libraries-extras.cmake
[2.855s] -- Up-to-date: /home/ubuntu/dualshock/install/ds4_driver_msgs/share/ds4_driver_msgs/cmake/ament_cmake_export_targets-extras.cmake
[2.855s] -- Up-to-date: /home/ubuntu/dualshock/install/ds4_driver_msgs/share/ds4_driver_msgs/cmake/rosidl_cmake_export_typesupport_targets-extras.cmake
[2.856s] -- Up-to-date: /home/ubuntu/dualshock/install/ds4_driver_msgs/share/ds4_driver_msgs/cmake/rosidl_cmake_export_typesupport_libraries-extras.cmake
[2.856s] -- Up-to-date: /home/ubuntu/dualshock/install/ds4_driver_msgs/share/ds4_driver_msgs/cmake/ds4_driver_msgsConfig.cmake
[2.856s] -- Up-to-date: /home/ubuntu/dualshock/install/ds4_driver_msgs/share/ds4_driver_msgs/cmake/ds4_driver_msgsConfig-version.cmake
[2.857s] -- Up-to-date: /home/ubuntu/dualshock/install/ds4_driver_msgs/share/ds4_driver_msgs/package.xml
[2.864s] Invoked command in '/home/ubuntu/dualshock/build/ds4_driver_msgs' returned '0': CMAKE_PREFIX_PATH=${CMAKE_PREFIX_PATH}:/opt/ros/humble /usr/bin/cmake --install /home/ubuntu/dualshock/build/ds4_driver_msgs
