[3.748s] Invoking command in '/home/ubuntu/dualshock/Prototype_Military/prototype_military/src/prototype_move': PYTHONPATH=/home/ubuntu/dualshock/build/prototype_move/prefix_override:/usr/lib/python3/dist-packages/colcon_core/task/python/colcon_distutils_commands:/home/ubuntu/dualshock/install/prototype_move/lib/python3.10/site-packages:${PYTHONPATH} /usr/bin/python3 -W ignore:setup.py install is deprecated setup.py egg_info --egg-base ../../../../build/prototype_move build --build-base /home/ubuntu/dualshock/build/prototype_move/build install --record /home/ubuntu/dualshock/build/prototype_move/install.log --single-version-externally-managed install_data
[5.189s] running egg_info
[5.192s] writing ../../../../build/prototype_move/prototype_move.egg-info/PKG-INFO
[5.193s] writing dependency_links to ../../../../build/prototype_move/prototype_move.egg-info/dependency_links.txt
[5.194s] writing entry points to ../../../../build/prototype_move/prototype_move.egg-info/entry_points.txt
[5.196s] writing requirements to ../../../../build/prototype_move/prototype_move.egg-info/requires.txt
[5.197s] writing top-level names to ../../../../build/prototype_move/prototype_move.egg-info/top_level.txt
[5.206s] reading manifest file '../../../../build/prototype_move/prototype_move.egg-info/SOURCES.txt'
[5.211s] writing manifest file '../../../../build/prototype_move/prototype_move.egg-info/SOURCES.txt'
[5.212s] running build
[5.212s] running build_py
[5.214s] running install
[5.215s] running install_lib
[5.222s] running install_data
[5.223s] running install_egg_info
[5.231s] removing '/home/ubuntu/dualshock/install/prototype_move/lib/python3.10/site-packages/prototype_move-0.0.0-py3.10.egg-info' (and everything under it)
[5.232s] Copying ../../../../build/prototype_move/prototype_move.egg-info to /home/ubuntu/dualshock/install/prototype_move/lib/python3.10/site-packages/prototype_move-0.0.0-py3.10.egg-info
[5.240s] running install_scripts
[5.336s] Installing teleop_keyboard script to /home/ubuntu/dualshock/install/prototype_move/lib/prototype_move
[5.338s] writing list of installed files to '/home/ubuntu/dualshock/build/prototype_move/install.log'
[5.481s] Invoked command in '/home/ubuntu/dualshock/Prototype_Military/prototype_military/src/prototype_move' returned '0': PYTHONPATH=/home/ubuntu/dualshock/build/prototype_move/prefix_override:/usr/lib/python3/dist-packages/colcon_core/task/python/colcon_distutils_commands:/home/ubuntu/dualshock/install/prototype_move/lib/python3.10/site-packages:${PYTHONPATH} /usr/bin/python3 -W ignore:setup.py install is deprecated setup.py egg_info --egg-base ../../../../build/prototype_move build --build-base /home/ubuntu/dualshock/build/prototype_move/build install --record /home/ubuntu/dualshock/build/prototype_move/install.log --single-version-externally-managed install_data
