[0.049s] Invoking command in '/home/ubuntu/dualshock/build/ds4_driver_msgs': CMAKE_PREFIX_PATH=${CMAKE_PREFIX_PATH}:/opt/ros/humble /usr/bin/cmake --build /home/ubuntu/dualshock/build/ds4_driver_msgs -- -j4 -l4
[0.287s] [  5%] Built target ds4_driver_msgs__cpp
[0.288s] [ 12%] Built target ds4_driver_msgs__rosidl_generator_c
[0.346s] [ 12%] Built target ament_cmake_python_copy_ds4_driver_msgs
[0.407s] [ 23%] Built target ds4_driver_msgs__rosidl_typesupport_c
[0.416s] [ 34%] Built target ds4_driver_msgs__rosidl_typesupport_fastrtps_c
[0.437s] [ 45%] Built target ds4_driver_msgs__rosidl_typesupport_introspection_c
[0.499s] [ 56%] Built target ds4_driver_msgs__rosidl_typesupport_introspection_cpp
[0.544s] [ 67%] Built target ds4_driver_msgs__rosidl_typesupport_cpp
[0.558s] [ 78%] Built target ds4_driver_msgs__rosidl_typesupport_fastrtps_cpp
[0.643s] [ 78%] Built target ds4_driver_msgs
[0.734s] [ 80%] Built target ds4_driver_msgs__py
[0.838s] [ 89%] Built target ds4_driver_msgs__rosidl_generator_py
[0.952s] [ 94%] Built target ds4_driver_msgs__rosidl_typesupport_fastrtps_c__pyext
[0.957s] [ 96%] Built target ds4_driver_msgs__rosidl_typesupport_introspection_c__pyext
[0.971s] [100%] Built target ds4_driver_msgs__rosidl_typesupport_c__pyext
[1.673s] running egg_info
[1.676s] writing ds4_driver_msgs.egg-info/PKG-INFO
[1.677s] writing dependency_links to ds4_driver_msgs.egg-info/dependency_links.txt
[1.678s] writing top-level names to ds4_driver_msgs.egg-info/top_level.txt
[1.689s] reading manifest file 'ds4_driver_msgs.egg-info/SOURCES.txt'
[1.692s] writing manifest file 'ds4_driver_msgs.egg-info/SOURCES.txt'
[1.820s] [100%] Built target ament_cmake_python_build_ds4_driver_msgs_egg
[1.869s] Invoked command in '/home/ubuntu/dualshock/build/ds4_driver_msgs' returned '0': CMAKE_PREFIX_PATH=${CMAKE_PREFIX_PATH}:/opt/ros/humble /usr/bin/cmake --build /home/ubuntu/dualshock/build/ds4_driver_msgs -- -j4 -l4
[2.669s] Invoking command in '/home/ubuntu/dualshock/build/ds4_driver_msgs': CMAKE_PREFIX_PATH=${CMAKE_PREFIX_PATH}:/opt/ros/humble /usr/bin/cmake --install /home/ubuntu/dualshock/build/ds4_driver_msgs
[2.700s] -- Install configuration: ""
[2.700s] -- Up-to-date: /home/ubuntu/dualshock/install/ds4_driver_msgs/share/ament_index/resource_index/rosidl_interfaces/ds4_driver_msgs
[2.701s] -- Up-to-date: /home/ubuntu/dualshock/install/ds4_driver_msgs/include/ds4_driver_msgs/ds4_driver_msgs
[2.701s] -- Up-to-date: /home/ubuntu/dualshock/install/ds4_driver_msgs/include/ds4_driver_msgs/ds4_driver_msgs/msg
[2.702s] -- Up-to-date: /home/ubuntu/dualshock/install/ds4_driver_msgs/include/ds4_driver_msgs/ds4_driver_msgs/msg/report.h
[2.702s] -- Up-to-date: /home/ubuntu/dualshock/install/ds4_driver_msgs/include/ds4_driver_msgs/ds4_driver_msgs/msg/feedback.h
[2.703s] -- Up-to-date: /home/ubuntu/dualshock/install/ds4_driver_msgs/include/ds4_driver_msgs/ds4_driver_msgs/msg/status.h
[2.703s] -- Up-to-date: /home/ubuntu/dualshock/install/ds4_driver_msgs/include/ds4_driver_msgs/ds4_driver_msgs/msg/detail
[2.703s] -- Up-to-date: /home/ubuntu/dualshock/install/ds4_driver_msgs/include/ds4_driver_msgs/ds4_driver_msgs/msg/detail/feedback__type_support.h
[2.704s] -- Up-to-date: /home/ubuntu/dualshock/install/ds4_driver_msgs/include/ds4_driver_msgs/ds4_driver_msgs/msg/detail/report__struct.h
[2.704s] -- Up-to-date: /home/ubuntu/dualshock/install/ds4_driver_msgs/include/ds4_driver_msgs/ds4_driver_msgs/msg/detail/feedback__functions.h
[2.705s] -- Up-to-date: /home/ubuntu/dualshock/install/ds4_driver_msgs/include/ds4_driver_msgs/ds4_driver_msgs/msg/detail/status__functions.h
[2.705s] -- Up-to-date: /home/ubuntu/dualshock/install/ds4_driver_msgs/include/ds4_driver_msgs/ds4_driver_msgs/msg/detail/trackpad__functions.h
[2.706s] -- Up-to-date: /home/ubuntu/dualshock/install/ds4_driver_msgs/include/ds4_driver_msgs/ds4_driver_msgs/msg/detail/report__functions.h
[2.706s] -- Up-to-date: /home/ubuntu/dualshock/install/ds4_driver_msgs/include/ds4_driver_msgs/ds4_driver_msgs/msg/detail/report__type_support.h
[2.707s] -- Up-to-date: /home/ubuntu/dualshock/install/ds4_driver_msgs/include/ds4_driver_msgs/ds4_driver_msgs/msg/detail/status__type_support.h
[2.707s] -- Up-to-date: /home/ubuntu/dualshock/install/ds4_driver_msgs/include/ds4_driver_msgs/ds4_driver_msgs/msg/detail/status__functions.c
[2.707s] -- Up-to-date: /home/ubuntu/dualshock/install/ds4_driver_msgs/include/ds4_driver_msgs/ds4_driver_msgs/msg/detail/trackpad__struct.h
[2.708s] -- Up-to-date: /home/ubuntu/dualshock/install/ds4_driver_msgs/include/ds4_driver_msgs/ds4_driver_msgs/msg/detail/feedback__functions.c
[2.708s] -- Up-to-date: /home/ubuntu/dualshock/install/ds4_driver_msgs/include/ds4_driver_msgs/ds4_driver_msgs/msg/detail/status__struct.h
[2.709s] -- Up-to-date: /home/ubuntu/dualshock/install/ds4_driver_msgs/include/ds4_driver_msgs/ds4_driver_msgs/msg/detail/feedback__struct.h
[2.709s] -- Up-to-date: /home/ubuntu/dualshock/install/ds4_driver_msgs/include/ds4_driver_msgs/ds4_driver_msgs/msg/detail/report__functions.c
[2.710s] -- Up-to-date: /home/ubuntu/dualshock/install/ds4_driver_msgs/include/ds4_driver_msgs/ds4_driver_msgs/msg/detail/trackpad__functions.c
[2.710s] -- Up-to-date: /home/ubuntu/dualshock/install/ds4_driver_msgs/include/ds4_driver_msgs/ds4_driver_msgs/msg/detail/trackpad__type_support.h
[2.710s] -- Up-to-date: /home/ubuntu/dualshock/install/ds4_driver_msgs/include/ds4_driver_msgs/ds4_driver_msgs/msg/rosidl_generator_c__visibility_control.h
[2.711s] -- Up-to-date: /home/ubuntu/dualshock/install/ds4_driver_msgs/include/ds4_driver_msgs/ds4_driver_msgs/msg/trackpad.h
[2.712s] -- Up-to-date: /home/ubuntu/dualshock/install/ds4_driver_msgs/share/ds4_driver_msgs/environment/library_path.sh
[2.713s] -- Up-to-date: /home/ubuntu/dualshock/install/ds4_driver_msgs/share/ds4_driver_msgs/environment/library_path.dsv
[2.714s] -- Up-to-date: /home/ubuntu/dualshock/install/ds4_driver_msgs/lib/libds4_driver_msgs__rosidl_generator_c.so
[2.715s] -- Up-to-date: /home/ubuntu/dualshock/install/ds4_driver_msgs/include/ds4_driver_msgs/ds4_driver_msgs
[2.715s] -- Up-to-date: /home/ubuntu/dualshock/install/ds4_driver_msgs/include/ds4_driver_msgs/ds4_driver_msgs/msg
[2.715s] -- Up-to-date: /home/ubuntu/dualshock/install/ds4_driver_msgs/include/ds4_driver_msgs/ds4_driver_msgs/msg/rosidl_typesupport_fastrtps_c__visibility_control.h
[2.717s] -- Up-to-date: /home/ubuntu/dualshock/install/ds4_driver_msgs/include/ds4_driver_msgs/ds4_driver_msgs/msg/detail
[2.717s] -- Up-to-date: /home/ubuntu/dualshock/install/ds4_driver_msgs/include/ds4_driver_msgs/ds4_driver_msgs/msg/detail/trackpad__rosidl_typesupport_fastrtps_c.h
[2.718s] -- Up-to-date: /home/ubuntu/dualshock/install/ds4_driver_msgs/include/ds4_driver_msgs/ds4_driver_msgs/msg/detail/report__rosidl_typesupport_fastrtps_c.h
[2.718s] -- Up-to-date: /home/ubuntu/dualshock/install/ds4_driver_msgs/include/ds4_driver_msgs/ds4_driver_msgs/msg/detail/feedback__rosidl_typesupport_fastrtps_c.h
[2.719s] -- Up-to-date: /home/ubuntu/dualshock/install/ds4_driver_msgs/include/ds4_driver_msgs/ds4_driver_msgs/msg/detail/status__rosidl_typesupport_fastrtps_c.h
[2.720s] -- Up-to-date: /home/ubuntu/dualshock/install/ds4_driver_msgs/lib/libds4_driver_msgs__rosidl_typesupport_fastrtps_c.so
[2.720s] -- Up-to-date: /home/ubuntu/dualshock/install/ds4_driver_msgs/include/ds4_driver_msgs/ds4_driver_msgs
[2.721s] -- Up-to-date: /home/ubuntu/dualshock/install/ds4_driver_msgs/include/ds4_driver_msgs/ds4_driver_msgs/msg
[2.722s] -- Up-to-date: /home/ubuntu/dualshock/install/ds4_driver_msgs/include/ds4_driver_msgs/ds4_driver_msgs/msg/status.hpp
[2.724s] -- Up-to-date: /home/ubuntu/dualshock/install/ds4_driver_msgs/include/ds4_driver_msgs/ds4_driver_msgs/msg/report.hpp
[2.725s] -- Up-to-date: /home/ubuntu/dualshock/install/ds4_driver_msgs/include/ds4_driver_msgs/ds4_driver_msgs/msg/trackpad.hpp
[2.726s] -- Up-to-date: /home/ubuntu/dualshock/install/ds4_driver_msgs/include/ds4_driver_msgs/ds4_driver_msgs/msg/detail
[2.726s] -- Up-to-date: /home/ubuntu/dualshock/install/ds4_driver_msgs/include/ds4_driver_msgs/ds4_driver_msgs/msg/detail/feedback__traits.hpp
[2.727s] -- Up-to-date: /home/ubuntu/dualshock/install/ds4_driver_msgs/include/ds4_driver_msgs/ds4_driver_msgs/msg/detail/feedback__builder.hpp
[2.728s] -- Up-to-date: /home/ubuntu/dualshock/install/ds4_driver_msgs/include/ds4_driver_msgs/ds4_driver_msgs/msg/detail/status__builder.hpp
[2.728s] -- Up-to-date: /home/ubuntu/dualshock/install/ds4_driver_msgs/include/ds4_driver_msgs/ds4_driver_msgs/msg/detail/status__traits.hpp
[2.729s] -- Up-to-date: /home/ubuntu/dualshock/install/ds4_driver_msgs/include/ds4_driver_msgs/ds4_driver_msgs/msg/detail/report__struct.hpp
[2.729s] -- Up-to-date: /home/ubuntu/dualshock/install/ds4_driver_msgs/include/ds4_driver_msgs/ds4_driver_msgs/msg/detail/status__struct.hpp
[2.729s] -- Up-to-date: /home/ubuntu/dualshock/install/ds4_driver_msgs/include/ds4_driver_msgs/ds4_driver_msgs/msg/detail/feedback__struct.hpp
[2.730s] -- Up-to-date: /home/ubuntu/dualshock/install/ds4_driver_msgs/include/ds4_driver_msgs/ds4_driver_msgs/msg/detail/trackpad__struct.hpp
[2.731s] -- Up-to-date: /home/ubuntu/dualshock/install/ds4_driver_msgs/include/ds4_driver_msgs/ds4_driver_msgs/msg/detail/report__builder.hpp
[2.731s] -- Up-to-date: /home/ubuntu/dualshock/install/ds4_driver_msgs/include/ds4_driver_msgs/ds4_driver_msgs/msg/detail/trackpad__traits.hpp
[2.732s] -- Up-to-date: /home/ubuntu/dualshock/install/ds4_driver_msgs/include/ds4_driver_msgs/ds4_driver_msgs/msg/detail/report__traits.hpp
[2.733s] -- Up-to-date: /home/ubuntu/dualshock/install/ds4_driver_msgs/include/ds4_driver_msgs/ds4_driver_msgs/msg/detail/trackpad__builder.hpp
[2.733s] -- Up-to-date: /home/ubuntu/dualshock/install/ds4_driver_msgs/include/ds4_driver_msgs/ds4_driver_msgs/msg/feedback.hpp
[2.734s] -- Up-to-date: /home/ubuntu/dualshock/install/ds4_driver_msgs/include/ds4_driver_msgs/ds4_driver_msgs
[2.734s] -- Up-to-date: /home/ubuntu/dualshock/install/ds4_driver_msgs/include/ds4_driver_msgs/ds4_driver_msgs/msg
[2.735s] -- Up-to-date: /home/ubuntu/dualshock/install/ds4_driver_msgs/include/ds4_driver_msgs/ds4_driver_msgs/msg/rosidl_typesupport_fastrtps_cpp__visibility_control.h
[2.735s] -- Up-to-date: /home/ubuntu/dualshock/install/ds4_driver_msgs/include/ds4_driver_msgs/ds4_driver_msgs/msg/detail
[2.736s] -- Up-to-date: /home/ubuntu/dualshock/install/ds4_driver_msgs/include/ds4_driver_msgs/ds4_driver_msgs/msg/detail/report__rosidl_typesupport_fastrtps_cpp.hpp
[2.736s] -- Up-to-date: /home/ubuntu/dualshock/install/ds4_driver_msgs/include/ds4_driver_msgs/ds4_driver_msgs/msg/detail/dds_fastrtps
[2.736s] -- Up-to-date: /home/ubuntu/dualshock/install/ds4_driver_msgs/include/ds4_driver_msgs/ds4_driver_msgs/msg/detail/feedback__rosidl_typesupport_fastrtps_cpp.hpp
[2.737s] -- Up-to-date: /home/ubuntu/dualshock/install/ds4_driver_msgs/include/ds4_driver_msgs/ds4_driver_msgs/msg/detail/status__rosidl_typesupport_fastrtps_cpp.hpp
[2.738s] -- Up-to-date: /home/ubuntu/dualshock/install/ds4_driver_msgs/include/ds4_driver_msgs/ds4_driver_msgs/msg/detail/trackpad__rosidl_typesupport_fastrtps_cpp.hpp
[2.738s] -- Up-to-date: /home/ubuntu/dualshock/install/ds4_driver_msgs/lib/libds4_driver_msgs__rosidl_typesupport_fastrtps_cpp.so
[2.739s] -- Up-to-date: /home/ubuntu/dualshock/install/ds4_driver_msgs/include/ds4_driver_msgs/ds4_driver_msgs
[2.740s] -- Up-to-date: /home/ubuntu/dualshock/install/ds4_driver_msgs/include/ds4_driver_msgs/ds4_driver_msgs/msg
[2.741s] -- Up-to-date: /home/ubuntu/dualshock/install/ds4_driver_msgs/include/ds4_driver_msgs/ds4_driver_msgs/msg/detail
[2.742s] -- Up-to-date: /home/ubuntu/dualshock/install/ds4_driver_msgs/include/ds4_driver_msgs/ds4_driver_msgs/msg/detail/status__type_support.c
[2.742s] -- Up-to-date: /home/ubuntu/dualshock/install/ds4_driver_msgs/include/ds4_driver_msgs/ds4_driver_msgs/msg/detail/status__rosidl_typesupport_introspection_c.h
[2.743s] -- Up-to-date: /home/ubuntu/dualshock/install/ds4_driver_msgs/include/ds4_driver_msgs/ds4_driver_msgs/msg/detail/feedback__type_support.c
[2.743s] -- Up-to-date: /home/ubuntu/dualshock/install/ds4_driver_msgs/include/ds4_driver_msgs/ds4_driver_msgs/msg/detail/report__rosidl_typesupport_introspection_c.h
[2.743s] -- Up-to-date: /home/ubuntu/dualshock/install/ds4_driver_msgs/include/ds4_driver_msgs/ds4_driver_msgs/msg/detail/trackpad__type_support.c
[2.744s] -- Up-to-date: /home/ubuntu/dualshock/install/ds4_driver_msgs/include/ds4_driver_msgs/ds4_driver_msgs/msg/detail/trackpad__rosidl_typesupport_introspection_c.h
[2.744s] -- Up-to-date: /home/ubuntu/dualshock/install/ds4_driver_msgs/include/ds4_driver_msgs/ds4_driver_msgs/msg/detail/feedback__rosidl_typesupport_introspection_c.h
[2.745s] -- Up-to-date: /home/ubuntu/dualshock/install/ds4_driver_msgs/include/ds4_driver_msgs/ds4_driver_msgs/msg/detail/report__type_support.c
[2.745s] -- Up-to-date: /home/ubuntu/dualshock/install/ds4_driver_msgs/include/ds4_driver_msgs/ds4_driver_msgs/msg/rosidl_typesupport_introspection_c__visibility_control.h
[2.745s] -- Up-to-date: /home/ubuntu/dualshock/install/ds4_driver_msgs/lib/libds4_driver_msgs__rosidl_typesupport_introspection_c.so
[2.746s] -- Up-to-date: /home/ubuntu/dualshock/install/ds4_driver_msgs/lib/libds4_driver_msgs__rosidl_typesupport_c.so
[2.746s] -- Up-to-date: /home/ubuntu/dualshock/install/ds4_driver_msgs/include/ds4_driver_msgs/ds4_driver_msgs
[2.746s] -- Up-to-date: /home/ubuntu/dualshock/install/ds4_driver_msgs/include/ds4_driver_msgs/ds4_driver_msgs/msg
[2.747s] -- Up-to-date: /home/ubuntu/dualshock/install/ds4_driver_msgs/include/ds4_driver_msgs/ds4_driver_msgs/msg/detail
[2.748s] -- Up-to-date: /home/ubuntu/dualshock/install/ds4_driver_msgs/include/ds4_driver_msgs/ds4_driver_msgs/msg/detail/feedback__type_support.cpp
[2.748s] -- Up-to-date: /home/ubuntu/dualshock/install/ds4_driver_msgs/include/ds4_driver_msgs/ds4_driver_msgs/msg/detail/status__type_support.cpp
[2.749s] -- Up-to-date: /home/ubuntu/dualshock/install/ds4_driver_msgs/include/ds4_driver_msgs/ds4_driver_msgs/msg/detail/report__rosidl_typesupport_introspection_cpp.hpp
[2.749s] -- Up-to-date: /home/ubuntu/dualshock/install/ds4_driver_msgs/include/ds4_driver_msgs/ds4_driver_msgs/msg/detail/feedback__rosidl_typesupport_introspection_cpp.hpp
[2.749s] -- Up-to-date: /home/ubuntu/dualshock/install/ds4_driver_msgs/include/ds4_driver_msgs/ds4_driver_msgs/msg/detail/report__type_support.cpp
[2.750s] -- Up-to-date: /home/ubuntu/dualshock/install/ds4_driver_msgs/include/ds4_driver_msgs/ds4_driver_msgs/msg/detail/trackpad__type_support.cpp
[2.750s] -- Up-to-date: /home/ubuntu/dualshock/install/ds4_driver_msgs/include/ds4_driver_msgs/ds4_driver_msgs/msg/detail/status__rosidl_typesupport_introspection_cpp.hpp
[2.751s] -- Up-to-date: /home/ubuntu/dualshock/install/ds4_driver_msgs/include/ds4_driver_msgs/ds4_driver_msgs/msg/detail/trackpad__rosidl_typesupport_introspection_cpp.hpp
[2.751s] -- Up-to-date: /home/ubuntu/dualshock/install/ds4_driver_msgs/lib/libds4_driver_msgs__rosidl_typesupport_introspection_cpp.so
[2.751s] -- Up-to-date: /home/ubuntu/dualshock/install/ds4_driver_msgs/lib/libds4_driver_msgs__rosidl_typesupport_cpp.so
[2.752s] -- Up-to-date: /home/ubuntu/dualshock/install/ds4_driver_msgs/share/ds4_driver_msgs/environment/pythonpath.sh
[2.752s] -- Up-to-date: /home/ubuntu/dualshock/install/ds4_driver_msgs/share/ds4_driver_msgs/environment/pythonpath.dsv
[2.753s] -- Up-to-date: /home/ubuntu/dualshock/install/ds4_driver_msgs/local/lib/python3.10/dist-packages/ds4_driver_msgs-0.0.0-py3.10.egg-info
[2.753s] -- Installing: /home/ubuntu/dualshock/install/ds4_driver_msgs/local/lib/python3.10/dist-packages/ds4_driver_msgs-0.0.0-py3.10.egg-info/SOURCES.txt
[2.753s] -- Installing: /home/ubuntu/dualshock/install/ds4_driver_msgs/local/lib/python3.10/dist-packages/ds4_driver_msgs-0.0.0-py3.10.egg-info/dependency_links.txt
[2.754s] -- Installing: /home/ubuntu/dualshock/install/ds4_driver_msgs/local/lib/python3.10/dist-packages/ds4_driver_msgs-0.0.0-py3.10.egg-info/PKG-INFO
[2.754s] -- Installing: /home/ubuntu/dualshock/install/ds4_driver_msgs/local/lib/python3.10/dist-packages/ds4_driver_msgs-0.0.0-py3.10.egg-info/top_level.txt
[2.755s] -- Up-to-date: /home/ubuntu/dualshock/install/ds4_driver_msgs/local/lib/python3.10/dist-packages/ds4_driver_msgs
[2.755s] -- Up-to-date: /home/ubuntu/dualshock/install/ds4_driver_msgs/local/lib/python3.10/dist-packages/ds4_driver_msgs/__init__.py
[2.756s] -- Up-to-date: /home/ubuntu/dualshock/install/ds4_driver_msgs/local/lib/python3.10/dist-packages/ds4_driver_msgs/ds4_driver_msgs_s__rosidl_typesupport_fastrtps_c.cpython-310-aarch64-linux-gnu.so
[2.757s] -- Up-to-date: /home/ubuntu/dualshock/install/ds4_driver_msgs/local/lib/python3.10/dist-packages/ds4_driver_msgs/_ds4_driver_msgs_s.ep.rosidl_typesupport_c.c
[2.758s] -- Up-to-date: /home/ubuntu/dualshock/install/ds4_driver_msgs/local/lib/python3.10/dist-packages/ds4_driver_msgs/ds4_driver_msgs_s__rosidl_typesupport_c.cpython-310-aarch64-linux-gnu.so
[2.758s] -- Up-to-date: /home/ubuntu/dualshock/install/ds4_driver_msgs/local/lib/python3.10/dist-packages/ds4_driver_msgs/_ds4_driver_msgs_s.ep.rosidl_typesupport_fastrtps_c.c
[2.759s] -- Up-to-date: /home/ubuntu/dualshock/install/ds4_driver_msgs/local/lib/python3.10/dist-packages/ds4_driver_msgs/libds4_driver_msgs__rosidl_generator_py.so
[2.760s] -- Up-to-date: /home/ubuntu/dualshock/install/ds4_driver_msgs/local/lib/python3.10/dist-packages/ds4_driver_msgs/_ds4_driver_msgs_s.ep.rosidl_typesupport_introspection_c.c
[2.760s] -- Up-to-date: /home/ubuntu/dualshock/install/ds4_driver_msgs/local/lib/python3.10/dist-packages/ds4_driver_msgs/msg
[2.761s] -- Up-to-date: /home/ubuntu/dualshock/install/ds4_driver_msgs/local/lib/python3.10/dist-packages/ds4_driver_msgs/msg/__init__.py
[2.761s] -- Up-to-date: /home/ubuntu/dualshock/install/ds4_driver_msgs/local/lib/python3.10/dist-packages/ds4_driver_msgs/msg/_trackpad.py
[2.762s] -- Up-to-date: /home/ubuntu/dualshock/install/ds4_driver_msgs/local/lib/python3.10/dist-packages/ds4_driver_msgs/msg/_trackpad_s.c
[2.762s] -- Up-to-date: /home/ubuntu/dualshock/install/ds4_driver_msgs/local/lib/python3.10/dist-packages/ds4_driver_msgs/msg/_report.py
[2.763s] -- Up-to-date: /home/ubuntu/dualshock/install/ds4_driver_msgs/local/lib/python3.10/dist-packages/ds4_driver_msgs/msg/_feedback_s.c
[2.763s] -- Up-to-date: /home/ubuntu/dualshock/install/ds4_driver_msgs/local/lib/python3.10/dist-packages/ds4_driver_msgs/msg/_report_s.c
[2.764s] -- Up-to-date: /home/ubuntu/dualshock/install/ds4_driver_msgs/local/lib/python3.10/dist-packages/ds4_driver_msgs/msg/_status_s.c
[2.764s] -- Up-to-date: /home/ubuntu/dualshock/install/ds4_driver_msgs/local/lib/python3.10/dist-packages/ds4_driver_msgs/msg/_feedback.py
[2.765s] -- Up-to-date: /home/ubuntu/dualshock/install/ds4_driver_msgs/local/lib/python3.10/dist-packages/ds4_driver_msgs/msg/_status.py
[2.765s] -- Up-to-date: /home/ubuntu/dualshock/install/ds4_driver_msgs/local/lib/python3.10/dist-packages/ds4_driver_msgs/ds4_driver_msgs_s__rosidl_typesupport_introspection_c.cpython-310-aarch64-linux-gnu.so
[2.911s] Listing '/home/ubuntu/dualshock/install/ds4_driver_msgs/local/lib/python3.10/dist-packages/ds4_driver_msgs'...
[2.912s] Listing '/home/ubuntu/dualshock/install/ds4_driver_msgs/local/lib/python3.10/dist-packages/ds4_driver_msgs/msg'...
[2.934s] -- Up-to-date: /home/ubuntu/dualshock/install/ds4_driver_msgs/local/lib/python3.10/dist-packages/ds4_driver_msgs/ds4_driver_msgs_s__rosidl_typesupport_fastrtps_c.cpython-310-aarch64-linux-gnu.so
[2.937s] -- Up-to-date: /home/ubuntu/dualshock/install/ds4_driver_msgs/local/lib/python3.10/dist-packages/ds4_driver_msgs/ds4_driver_msgs_s__rosidl_typesupport_introspection_c.cpython-310-aarch64-linux-gnu.so
[2.939s] -- Up-to-date: /home/ubuntu/dualshock/install/ds4_driver_msgs/local/lib/python3.10/dist-packages/ds4_driver_msgs/ds4_driver_msgs_s__rosidl_typesupport_c.cpython-310-aarch64-linux-gnu.so
[2.942s] -- Up-to-date: /home/ubuntu/dualshock/install/ds4_driver_msgs/lib/libds4_driver_msgs__rosidl_generator_py.so
[2.943s] -- Up-to-date: /home/ubuntu/dualshock/install/ds4_driver_msgs/share/ds4_driver_msgs/msg/Feedback.idl
[2.944s] -- Up-to-date: /home/ubuntu/dualshock/install/ds4_driver_msgs/share/ds4_driver_msgs/msg/Status.idl
[2.944s] -- Up-to-date: /home/ubuntu/dualshock/install/ds4_driver_msgs/share/ds4_driver_msgs/msg/Report.idl
[2.945s] -- Up-to-date: /home/ubuntu/dualshock/install/ds4_driver_msgs/share/ds4_driver_msgs/msg/Trackpad.idl
[2.945s] -- Up-to-date: /home/ubuntu/dualshock/install/ds4_driver_msgs/share/ds4_driver_msgs/msg/Feedback.msg
[2.946s] -- Up-to-date: /home/ubuntu/dualshock/install/ds4_driver_msgs/share/ds4_driver_msgs/msg/Status.msg
[2.946s] -- Up-to-date: /home/ubuntu/dualshock/install/ds4_driver_msgs/share/ds4_driver_msgs/msg/Report.msg
[2.947s] -- Up-to-date: /home/ubuntu/dualshock/install/ds4_driver_msgs/share/ds4_driver_msgs/msg/Trackpad.msg
[2.947s] -- Up-to-date: /home/ubuntu/dualshock/install/ds4_driver_msgs/share/ament_index/resource_index/package_run_dependencies/ds4_driver_msgs
[2.948s] -- Up-to-date: /home/ubuntu/dualshock/install/ds4_driver_msgs/share/ament_index/resource_index/parent_prefix_path/ds4_driver_msgs
[2.948s] -- Up-to-date: /home/ubuntu/dualshock/install/ds4_driver_msgs/share/ds4_driver_msgs/environment/ament_prefix_path.sh
[2.949s] -- Up-to-date: /home/ubuntu/dualshock/install/ds4_driver_msgs/share/ds4_driver_msgs/environment/ament_prefix_path.dsv
[2.949s] -- Up-to-date: /home/ubuntu/dualshock/install/ds4_driver_msgs/share/ds4_driver_msgs/environment/path.sh
[2.950s] -- Up-to-date: /home/ubuntu/dualshock/install/ds4_driver_msgs/share/ds4_driver_msgs/environment/path.dsv
[2.950s] -- Up-to-date: /home/ubuntu/dualshock/install/ds4_driver_msgs/share/ds4_driver_msgs/local_setup.bash
[2.951s] -- Up-to-date: /home/ubuntu/dualshock/install/ds4_driver_msgs/share/ds4_driver_msgs/local_setup.sh
[2.951s] -- Up-to-date: /home/ubuntu/dualshock/install/ds4_driver_msgs/share/ds4_driver_msgs/local_setup.zsh
[2.952s] -- Up-to-date: /home/ubuntu/dualshock/install/ds4_driver_msgs/share/ds4_driver_msgs/local_setup.dsv
[2.952s] -- Installing: /home/ubuntu/dualshock/install/ds4_driver_msgs/share/ds4_driver_msgs/package.dsv
[2.953s] -- Up-to-date: /home/ubuntu/dualshock/install/ds4_driver_msgs/share/ament_index/resource_index/packages/ds4_driver_msgs
[2.954s] -- Up-to-date: /home/ubuntu/dualshock/install/ds4_driver_msgs/share/ds4_driver_msgs/cmake/export_ds4_driver_msgs__rosidl_generator_cExport.cmake
[2.954s] -- Up-to-date: /home/ubuntu/dualshock/install/ds4_driver_msgs/share/ds4_driver_msgs/cmake/export_ds4_driver_msgs__rosidl_generator_cExport-noconfig.cmake
[2.955s] -- Up-to-date: /home/ubuntu/dualshock/install/ds4_driver_msgs/share/ds4_driver_msgs/cmake/export_ds4_driver_msgs__rosidl_typesupport_fastrtps_cExport.cmake
[2.956s] -- Up-to-date: /home/ubuntu/dualshock/install/ds4_driver_msgs/share/ds4_driver_msgs/cmake/export_ds4_driver_msgs__rosidl_typesupport_fastrtps_cExport-noconfig.cmake
[2.956s] -- Up-to-date: /home/ubuntu/dualshock/install/ds4_driver_msgs/share/ds4_driver_msgs/cmake/export_ds4_driver_msgs__rosidl_generator_cppExport.cmake
[2.957s] -- Up-to-date: /home/ubuntu/dualshock/install/ds4_driver_msgs/share/ds4_driver_msgs/cmake/export_ds4_driver_msgs__rosidl_typesupport_fastrtps_cppExport.cmake
[2.958s] -- Up-to-date: /home/ubuntu/dualshock/install/ds4_driver_msgs/share/ds4_driver_msgs/cmake/export_ds4_driver_msgs__rosidl_typesupport_fastrtps_cppExport-noconfig.cmake
[2.959s] -- Up-to-date: /home/ubuntu/dualshock/install/ds4_driver_msgs/share/ds4_driver_msgs/cmake/ds4_driver_msgs__rosidl_typesupport_introspection_cExport.cmake
[2.959s] -- Up-to-date: /home/ubuntu/dualshock/install/ds4_driver_msgs/share/ds4_driver_msgs/cmake/ds4_driver_msgs__rosidl_typesupport_introspection_cExport-noconfig.cmake
[2.960s] -- Up-to-date: /home/ubuntu/dualshock/install/ds4_driver_msgs/share/ds4_driver_msgs/cmake/ds4_driver_msgs__rosidl_typesupport_cExport.cmake
[2.960s] -- Up-to-date: /home/ubuntu/dualshock/install/ds4_driver_msgs/share/ds4_driver_msgs/cmake/ds4_driver_msgs__rosidl_typesupport_cExport-noconfig.cmake
[2.961s] -- Up-to-date: /home/ubuntu/dualshock/install/ds4_driver_msgs/share/ds4_driver_msgs/cmake/ds4_driver_msgs__rosidl_typesupport_introspection_cppExport.cmake
[2.962s] -- Up-to-date: /home/ubuntu/dualshock/install/ds4_driver_msgs/share/ds4_driver_msgs/cmake/ds4_driver_msgs__rosidl_typesupport_introspection_cppExport-noconfig.cmake
[2.963s] -- Up-to-date: /home/ubuntu/dualshock/install/ds4_driver_msgs/share/ds4_driver_msgs/cmake/ds4_driver_msgs__rosidl_typesupport_cppExport.cmake
[2.963s] -- Up-to-date: /home/ubuntu/dualshock/install/ds4_driver_msgs/share/ds4_driver_msgs/cmake/ds4_driver_msgs__rosidl_typesupport_cppExport-noconfig.cmake
[2.964s] -- Up-to-date: /home/ubuntu/dualshock/install/ds4_driver_msgs/share/ds4_driver_msgs/cmake/export_ds4_driver_msgs__rosidl_generator_pyExport.cmake
[2.969s] -- Up-to-date: /home/ubuntu/dualshock/install/ds4_driver_msgs/share/ds4_driver_msgs/cmake/export_ds4_driver_msgs__rosidl_generator_pyExport-noconfig.cmake
[2.969s] -- Up-to-date: /home/ubuntu/dualshock/install/ds4_driver_msgs/share/ds4_driver_msgs/cmake/rosidl_cmake-extras.cmake
[2.970s] -- Up-to-date: /home/ubuntu/dualshock/install/ds4_driver_msgs/share/ds4_driver_msgs/cmake/ament_cmake_export_dependencies-extras.cmake
[2.970s] -- Up-to-date: /home/ubuntu/dualshock/install/ds4_driver_msgs/share/ds4_driver_msgs/cmake/ament_cmake_export_include_directories-extras.cmake
[2.970s] -- Up-to-date: /home/ubuntu/dualshock/install/ds4_driver_msgs/share/ds4_driver_msgs/cmake/ament_cmake_export_libraries-extras.cmake
[2.971s] -- Up-to-date: /home/ubuntu/dualshock/install/ds4_driver_msgs/share/ds4_driver_msgs/cmake/ament_cmake_export_targets-extras.cmake
[2.972s] -- Up-to-date: /home/ubuntu/dualshock/install/ds4_driver_msgs/share/ds4_driver_msgs/cmake/rosidl_cmake_export_typesupport_targets-extras.cmake
[2.972s] -- Up-to-date: /home/ubuntu/dualshock/install/ds4_driver_msgs/share/ds4_driver_msgs/cmake/rosidl_cmake_export_typesupport_libraries-extras.cmake
[2.972s] -- Up-to-date: /home/ubuntu/dualshock/install/ds4_driver_msgs/share/ds4_driver_msgs/cmake/ds4_driver_msgsConfig.cmake
[2.973s] -- Up-to-date: /home/ubuntu/dualshock/install/ds4_driver_msgs/share/ds4_driver_msgs/cmake/ds4_driver_msgsConfig-version.cmake
[2.973s] -- Up-to-date: /home/ubuntu/dualshock/install/ds4_driver_msgs/share/ds4_driver_msgs/package.xml
[2.978s] Invoked command in '/home/ubuntu/dualshock/build/ds4_driver_msgs' returned '0': CMAKE_PREFIX_PATH=${CMAKE_PREFIX_PATH}:/opt/ros/humble /usr/bin/cmake --install /home/ubuntu/dualshock/build/ds4_driver_msgs
