[0.043s] Invoking command in '/home/ubuntu/dualshock/build/ds4_driver': AMENT_PREFIX_PATH=/home/ubuntu/dualshock/install/ds4_driver_msgs:${AMENT_PREFIX_PATH} CMAKE_PREFIX_PATH=/home/ubuntu/dualshock/install/ds4_driver_msgs:/opt/ros/humble LD_LIBRARY_PATH=/home/ubuntu/dualshock/install/ds4_driver_msgs/lib:${LD_LIBRARY_PATH} PYTHONPATH=/home/ubuntu/dualshock/install/ds4_driver_msgs/local/lib/python3.10/dist-packages:${PYTHONPATH} /usr/bin/cmake --build /home/ubuntu/dualshock/build/ds4_driver -- -j4 -l4
[0.267s] Built target ament_cmake_python_copy_ds4_driver
[1.315s] running egg_info
[1.317s] writing ds4_driver.egg-info/PKG-INFO
[1.319s] writing dependency_links to ds4_driver.egg-info/dependency_links.txt
[1.320s] writing top-level names to ds4_driver.egg-info/top_level.txt
[1.329s] reading manifest file 'ds4_driver.egg-info/SOURCES.txt'
[1.331s] writing manifest file 'ds4_driver.egg-info/SOURCES.txt'
[1.450s] Built target ament_cmake_python_build_ds4_driver_egg
[1.487s] Invoked command in '/home/ubuntu/dualshock/build/ds4_driver' returned '0': AMENT_PREFIX_PATH=/home/ubuntu/dualshock/install/ds4_driver_msgs:${AMENT_PREFIX_PATH} CMAKE_PREFIX_PATH=/home/ubuntu/dualshock/install/ds4_driver_msgs:/opt/ros/humble LD_LIBRARY_PATH=/home/ubuntu/dualshock/install/ds4_driver_msgs/lib:${LD_LIBRARY_PATH} PYTHONPATH=/home/ubuntu/dualshock/install/ds4_driver_msgs/local/lib/python3.10/dist-packages:${PYTHONPATH} /usr/bin/cmake --build /home/ubuntu/dualshock/build/ds4_driver -- -j4 -l4
[1.609s] Invoking command in '/home/ubuntu/dualshock/build/ds4_driver': AMENT_PREFIX_PATH=/home/ubuntu/dualshock/install/ds4_driver_msgs:${AMENT_PREFIX_PATH} CMAKE_PREFIX_PATH=/home/ubuntu/dualshock/install/ds4_driver_msgs:/opt/ros/humble LD_LIBRARY_PATH=/home/ubuntu/dualshock/install/ds4_driver_msgs/lib:${LD_LIBRARY_PATH} PYTHONPATH=/home/ubuntu/dualshock/install/ds4_driver_msgs/local/lib/python3.10/dist-packages:${PYTHONPATH} /usr/bin/cmake --install /home/ubuntu/dualshock/build/ds4_driver
[1.635s] -- Install configuration: ""
[1.635s] -- Up-to-date: /home/ubuntu/dualshock/install/ds4_driver/share/ds4_driver/environment/pythonpath.sh
[1.635s] -- Up-to-date: /home/ubuntu/dualshock/install/ds4_driver/share/ds4_driver/environment/pythonpath.dsv
[1.636s] -- Up-to-date: /home/ubuntu/dualshock/install/ds4_driver/local/lib/python3.10/dist-packages/ds4_driver-0.2.1-py3.10.egg-info
[1.636s] -- Installing: /home/ubuntu/dualshock/install/ds4_driver/local/lib/python3.10/dist-packages/ds4_driver-0.2.1-py3.10.egg-info/SOURCES.txt
[1.637s] -- Installing: /home/ubuntu/dualshock/install/ds4_driver/local/lib/python3.10/dist-packages/ds4_driver-0.2.1-py3.10.egg-info/dependency_links.txt
[1.638s] -- Installing: /home/ubuntu/dualshock/install/ds4_driver/local/lib/python3.10/dist-packages/ds4_driver-0.2.1-py3.10.egg-info/PKG-INFO
[1.639s] -- Installing: /home/ubuntu/dualshock/install/ds4_driver/local/lib/python3.10/dist-packages/ds4_driver-0.2.1-py3.10.egg-info/top_level.txt
[1.641s] -- Up-to-date: /home/ubuntu/dualshock/install/ds4_driver/local/lib/python3.10/dist-packages/ds4_driver
[1.641s] -- Up-to-date: /home/ubuntu/dualshock/install/ds4_driver/local/lib/python3.10/dist-packages/ds4_driver/__init__.py
[1.641s] -- Up-to-date: /home/ubuntu/dualshock/install/ds4_driver/local/lib/python3.10/dist-packages/ds4_driver/logger.py
[1.642s] -- Up-to-date: /home/ubuntu/dualshock/install/ds4_driver/local/lib/python3.10/dist-packages/ds4_driver/controller_ros.py
[1.642s] -- Up-to-date: /home/ubuntu/dualshock/install/ds4_driver/local/lib/python3.10/dist-packages/ds4_driver/controller.py
[1.775s] Listing '/home/ubuntu/dualshock/install/ds4_driver/local/lib/python3.10/dist-packages/ds4_driver'...
[1.796s] -- Up-to-date: /home/ubuntu/dualshock/install/ds4_driver/share/ds4_driver//config
[1.796s] -- Up-to-date: /home/ubuntu/dualshock/install/ds4_driver/share/ds4_driver//config/params.yaml
[1.796s] -- Up-to-date: /home/ubuntu/dualshock/install/ds4_driver/share/ds4_driver//config/twist_6dof.yaml
[1.797s] -- Up-to-date: /home/ubuntu/dualshock/install/ds4_driver/share/ds4_driver//config/twist_2dof.yaml
[1.797s] -- Up-to-date: /home/ubuntu/dualshock/install/ds4_driver/share/ds4_driver//launch
[1.798s] -- Up-to-date: /home/ubuntu/dualshock/install/ds4_driver/share/ds4_driver//launch/ds4_driver.launch.xml
[1.798s] -- Up-to-date: /home/ubuntu/dualshock/install/ds4_driver/share/ds4_driver//launch/ds4_twist.launch.xml
[1.798s] -- Up-to-date: /home/ubuntu/dualshock/install/ds4_driver/share/ds4_driver//launch/test.launch.py
[1.799s] -- Up-to-date: /home/ubuntu/dualshock/install/ds4_driver/share/ds4_driver//launch/demo.launch.xml
[1.799s] -- Up-to-date: /home/ubuntu/dualshock/install/ds4_driver/share/ds4_driver//nodes
[1.799s] -- Up-to-date: /home/ubuntu/dualshock/install/ds4_driver/share/ds4_driver//nodes/ds4_driver_node.py
[1.800s] -- Installing: /home/ubuntu/dualshock/install/ds4_driver/share/ds4_driver//nodes/joint_control_node.py
[1.800s] -- Up-to-date: /home/ubuntu/dualshock/install/ds4_driver/share/ds4_driver//nodes/ds4_twist_node.py
[1.801s] -- Up-to-date: /home/ubuntu/dualshock/install/ds4_driver/share/ds4_driver//nodes/ds4_test_node.py
[1.801s] -- Up-to-date: /home/ubuntu/dualshock/install/ds4_driver/share/ds4_driver//nodes/demo.py
[1.801s] -- Up-to-date: /home/ubuntu/dualshock/install/ds4_driver/lib/ds4_driver/demo.py
[1.801s] -- Up-to-date: /home/ubuntu/dualshock/install/ds4_driver/lib/ds4_driver/ds4_driver_node.py
[1.802s] -- Up-to-date: /home/ubuntu/dualshock/install/ds4_driver/lib/ds4_driver/ds4_twist_node.py
[1.802s] -- Up-to-date: /home/ubuntu/dualshock/install/ds4_driver/lib/ds4_driver/ds4_test_node.py
[1.803s] -- Installing: /home/ubuntu/dualshock/install/ds4_driver/lib/ds4_driver/joint_control_node.py
[1.803s] -- Up-to-date: /home/ubuntu/dualshock/install/ds4_driver/share/ament_index/resource_index/package_run_dependencies/ds4_driver
[1.803s] -- Up-to-date: /home/ubuntu/dualshock/install/ds4_driver/share/ament_index/resource_index/parent_prefix_path/ds4_driver
[1.804s] -- Up-to-date: /home/ubuntu/dualshock/install/ds4_driver/share/ds4_driver/environment/ament_prefix_path.sh
[1.804s] -- Up-to-date: /home/ubuntu/dualshock/install/ds4_driver/share/ds4_driver/environment/ament_prefix_path.dsv
[1.805s] -- Up-to-date: /home/ubuntu/dualshock/install/ds4_driver/share/ds4_driver/environment/path.sh
[1.805s] -- Up-to-date: /home/ubuntu/dualshock/install/ds4_driver/share/ds4_driver/environment/path.dsv
[1.805s] -- Up-to-date: /home/ubuntu/dualshock/install/ds4_driver/share/ds4_driver/local_setup.bash
[1.806s] -- Up-to-date: /home/ubuntu/dualshock/install/ds4_driver/share/ds4_driver/local_setup.sh
[1.806s] -- Up-to-date: /home/ubuntu/dualshock/install/ds4_driver/share/ds4_driver/local_setup.zsh
[1.806s] -- Up-to-date: /home/ubuntu/dualshock/install/ds4_driver/share/ds4_driver/local_setup.dsv
[1.807s] -- Installing: /home/ubuntu/dualshock/install/ds4_driver/share/ds4_driver/package.dsv
[1.807s] -- Up-to-date: /home/ubuntu/dualshock/install/ds4_driver/share/ament_index/resource_index/packages/ds4_driver
[1.808s] -- Up-to-date: /home/ubuntu/dualshock/install/ds4_driver/share/ds4_driver/cmake/ds4_driverConfig.cmake
[1.808s] -- Up-to-date: /home/ubuntu/dualshock/install/ds4_driver/share/ds4_driver/cmake/ds4_driverConfig-version.cmake
[1.808s] -- Up-to-date: /home/ubuntu/dualshock/install/ds4_driver/share/ds4_driver/package.xml
[1.816s] Invoked command in '/home/ubuntu/dualshock/build/ds4_driver' returned '0': AMENT_PREFIX_PATH=/home/ubuntu/dualshock/install/ds4_driver_msgs:${AMENT_PREFIX_PATH} CMAKE_PREFIX_PATH=/home/ubuntu/dualshock/install/ds4_driver_msgs:/opt/ros/humble LD_LIBRARY_PATH=/home/ubuntu/dualshock/install/ds4_driver_msgs/lib:${LD_LIBRARY_PATH} PYTHONPATH=/home/ubuntu/dualshock/install/ds4_driver_msgs/local/lib/python3.10/dist-packages:${PYTHONPATH} /usr/bin/cmake --install /home/ubuntu/dualshock/build/ds4_driver
