[0.077s] Invoking command in '/home/ubuntu/dualshock/build/prototype_motor': CMAKE_PREFIX_PATH=/opt/ros/humble /usr/bin/cmake --build /home/ubuntu/dualshock/build/prototype_motor -- -j4 -l4
[0.308s] [35m[1mConsolidate compiler generated dependencies of target nurimotor[0m
[0.542s] [100%] Built target nurimotor
[1.611s] Invoked command in '/home/ubuntu/dualshock/build/prototype_motor' returned '0': CMAKE_PREFIX_PATH=/opt/ros/humble /usr/bin/cmake --build /home/ubuntu/dualshock/build/prototype_motor -- -j4 -l4
[1.769s] Invoking command in '/home/ubuntu/dualshock/build/prototype_motor': CMAKE_PREFIX_PATH=/opt/ros/humble /usr/bin/cmake --install /home/ubuntu/dualshock/build/prototype_motor
[1.798s] -- Install configuration: ""
[1.800s] -- Installing: /home/ubuntu/dualshock/install/prototype_motor/lib/prototype_motor/nurimotor
[1.836s] -- Set runtime path of "/home/ubuntu/dualshock/install/prototype_motor/lib/prototype_motor/nurimotor" to ""
[1.837s] -- Up-to-date: /home/ubuntu/dualshock/install/prototype_motor/share/ament_index/resource_index/package_run_dependencies/prototype_motor
[1.838s] -- Up-to-date: /home/ubuntu/dualshock/install/prototype_motor/share/ament_index/resource_index/parent_prefix_path/prototype_motor
[1.839s] -- Up-to-date: /home/ubuntu/dualshock/install/prototype_motor/share/prototype_motor/environment/ament_prefix_path.sh
[1.839s] -- Up-to-date: /home/ubuntu/dualshock/install/prototype_motor/share/prototype_motor/environment/ament_prefix_path.dsv
[1.840s] -- Up-to-date: /home/ubuntu/dualshock/install/prototype_motor/share/prototype_motor/environment/path.sh
[1.841s] -- Up-to-date: /home/ubuntu/dualshock/install/prototype_motor/share/prototype_motor/environment/path.dsv
[1.842s] -- Up-to-date: /home/ubuntu/dualshock/install/prototype_motor/share/prototype_motor/local_setup.bash
[1.843s] -- Up-to-date: /home/ubuntu/dualshock/install/prototype_motor/share/prototype_motor/local_setup.sh
[1.843s] -- Up-to-date: /home/ubuntu/dualshock/install/prototype_motor/share/prototype_motor/local_setup.zsh
[1.845s] -- Up-to-date: /home/ubuntu/dualshock/install/prototype_motor/share/prototype_motor/local_setup.dsv
[1.846s] -- Installing: /home/ubuntu/dualshock/install/prototype_motor/share/prototype_motor/package.dsv
[1.847s] -- Up-to-date: /home/ubuntu/dualshock/install/prototype_motor/share/ament_index/resource_index/packages/prototype_motor
[1.848s] -- Up-to-date: /home/ubuntu/dualshock/install/prototype_motor/share/prototype_motor/cmake/prototype_motorConfig.cmake
[1.849s] -- Up-to-date: /home/ubuntu/dualshock/install/prototype_motor/share/prototype_motor/cmake/prototype_motorConfig-version.cmake
[1.850s] -- Up-to-date: /home/ubuntu/dualshock/install/prototype_motor/share/prototype_motor/package.xml
[1.865s] Invoked command in '/home/ubuntu/dualshock/build/prototype_motor' returned '0': CMAKE_PREFIX_PATH=/opt/ros/humble /usr/bin/cmake --install /home/ubuntu/dualshock/build/prototype_motor
