[0.072s] Invoking command in '/home/ubuntu/dualshock/build/ds4_driver_msgs': CMAKE_PREFIX_PATH=/opt/ros/humble /usr/bin/cmake --build /home/ubuntu/dualshock/build/ds4_driver_msgs -- -j4 -l4
[0.633s] [  1%] Built target ds4_driver_msgs__cpp
[0.738s] [  1%] Built target ament_cmake_python_copy_ds4_driver_msgs
[0.743s] [ 12%] Built target ds4_driver_msgs__rosidl_generator_c
[0.835s] [ 23%] Built target ds4_driver_msgs__rosidl_typesupport_cpp
[0.838s] [ 34%] Built target ds4_driver_msgs__rosidl_typesupport_fastrtps_cpp
[0.895s] [ 45%] Built target ds4_driver_msgs__rosidl_typesupport_introspection_cpp
[0.973s] [ 56%] Built target ds4_driver_msgs__rosidl_typesupport_introspection_c
[0.977s] [ 67%] Built target ds4_driver_msgs__rosidl_typesupport_fastrtps_c
[1.016s] [ 78%] Built target ds4_driver_msgs__rosidl_typesupport_c
[1.098s] [ 78%] Built target ds4_driver_msgs
[1.186s] [ 80%] Built target ds4_driver_msgs__py
[1.310s] [ 89%] Built target ds4_driver_msgs__rosidl_generator_py
[1.424s] [ 92%] Built target ds4_driver_msgs__rosidl_typesupport_fastrtps_c__pyext
[1.427s] [ 96%] Built target ds4_driver_msgs__rosidl_typesupport_introspection_c__pyext
[1.431s] [100%] Built target ds4_driver_msgs__rosidl_typesupport_c__pyext
[1.969s] running egg_info
[1.973s] writing ds4_driver_msgs.egg-info/PKG-INFO
[1.974s] writing dependency_links to ds4_driver_msgs.egg-info/dependency_links.txt
[1.976s] writing top-level names to ds4_driver_msgs.egg-info/top_level.txt
[1.989s] reading manifest file 'ds4_driver_msgs.egg-info/SOURCES.txt'
[1.993s] writing manifest file 'ds4_driver_msgs.egg-info/SOURCES.txt'
[2.117s] [100%] Built target ament_cmake_python_build_ds4_driver_msgs_egg
[2.158s] Invoked command in '/home/ubuntu/dualshock/build/ds4_driver_msgs' returned '0': CMAKE_PREFIX_PATH=/opt/ros/humble /usr/bin/cmake --build /home/ubuntu/dualshock/build/ds4_driver_msgs -- -j4 -l4
[2.887s] Invoking command in '/home/ubuntu/dualshock/build/ds4_driver_msgs': CMAKE_PREFIX_PATH=/opt/ros/humble /usr/bin/cmake --install /home/ubuntu/dualshock/build/ds4_driver_msgs
[2.917s] -- Install configuration: ""
[2.923s] -- Up-to-date: /home/ubuntu/dualshock/install/ds4_driver_msgs/share/ament_index/resource_index/rosidl_interfaces/ds4_driver_msgs
[2.924s] -- Up-to-date: /home/ubuntu/dualshock/install/ds4_driver_msgs/include/ds4_driver_msgs/ds4_driver_msgs
[2.925s] -- Up-to-date: /home/ubuntu/dualshock/install/ds4_driver_msgs/include/ds4_driver_msgs/ds4_driver_msgs/msg
[2.926s] -- Up-to-date: /home/ubuntu/dualshock/install/ds4_driver_msgs/include/ds4_driver_msgs/ds4_driver_msgs/msg/report.h
[2.927s] -- Up-to-date: /home/ubuntu/dualshock/install/ds4_driver_msgs/include/ds4_driver_msgs/ds4_driver_msgs/msg/feedback.h
[2.927s] -- Up-to-date: /home/ubuntu/dualshock/install/ds4_driver_msgs/include/ds4_driver_msgs/ds4_driver_msgs/msg/status.h
[2.928s] -- Up-to-date: /home/ubuntu/dualshock/install/ds4_driver_msgs/include/ds4_driver_msgs/ds4_driver_msgs/msg/detail
[2.929s] -- Up-to-date: /home/ubuntu/dualshock/install/ds4_driver_msgs/include/ds4_driver_msgs/ds4_driver_msgs/msg/detail/feedback__type_support.h
[2.929s] -- Up-to-date: /home/ubuntu/dualshock/install/ds4_driver_msgs/include/ds4_driver_msgs/ds4_driver_msgs/msg/detail/report__struct.h
[2.930s] -- Up-to-date: /home/ubuntu/dualshock/install/ds4_driver_msgs/include/ds4_driver_msgs/ds4_driver_msgs/msg/detail/feedback__functions.h
[2.930s] -- Up-to-date: /home/ubuntu/dualshock/install/ds4_driver_msgs/include/ds4_driver_msgs/ds4_driver_msgs/msg/detail/status__functions.h
[2.931s] -- Up-to-date: /home/ubuntu/dualshock/install/ds4_driver_msgs/include/ds4_driver_msgs/ds4_driver_msgs/msg/detail/trackpad__functions.h
[2.931s] -- Up-to-date: /home/ubuntu/dualshock/install/ds4_driver_msgs/include/ds4_driver_msgs/ds4_driver_msgs/msg/detail/report__functions.h
[2.932s] -- Up-to-date: /home/ubuntu/dualshock/install/ds4_driver_msgs/include/ds4_driver_msgs/ds4_driver_msgs/msg/detail/report__type_support.h
[2.933s] -- Up-to-date: /home/ubuntu/dualshock/install/ds4_driver_msgs/include/ds4_driver_msgs/ds4_driver_msgs/msg/detail/status__type_support.h
[2.933s] -- Up-to-date: /home/ubuntu/dualshock/install/ds4_driver_msgs/include/ds4_driver_msgs/ds4_driver_msgs/msg/detail/status__functions.c
[2.934s] -- Up-to-date: /home/ubuntu/dualshock/install/ds4_driver_msgs/include/ds4_driver_msgs/ds4_driver_msgs/msg/detail/trackpad__struct.h
[2.935s] -- Up-to-date: /home/ubuntu/dualshock/install/ds4_driver_msgs/include/ds4_driver_msgs/ds4_driver_msgs/msg/detail/feedback__functions.c
[2.935s] -- Up-to-date: /home/ubuntu/dualshock/install/ds4_driver_msgs/include/ds4_driver_msgs/ds4_driver_msgs/msg/detail/status__struct.h
[2.936s] -- Up-to-date: /home/ubuntu/dualshock/install/ds4_driver_msgs/include/ds4_driver_msgs/ds4_driver_msgs/msg/detail/feedback__struct.h
[2.936s] -- Up-to-date: /home/ubuntu/dualshock/install/ds4_driver_msgs/include/ds4_driver_msgs/ds4_driver_msgs/msg/detail/report__functions.c
[2.937s] -- Up-to-date: /home/ubuntu/dualshock/install/ds4_driver_msgs/include/ds4_driver_msgs/ds4_driver_msgs/msg/detail/trackpad__functions.c
[2.938s] -- Up-to-date: /home/ubuntu/dualshock/install/ds4_driver_msgs/include/ds4_driver_msgs/ds4_driver_msgs/msg/detail/trackpad__type_support.h
[2.938s] -- Up-to-date: /home/ubuntu/dualshock/install/ds4_driver_msgs/include/ds4_driver_msgs/ds4_driver_msgs/msg/rosidl_generator_c__visibility_control.h
[2.939s] -- Up-to-date: /home/ubuntu/dualshock/install/ds4_driver_msgs/include/ds4_driver_msgs/ds4_driver_msgs/msg/trackpad.h
[2.939s] -- Up-to-date: /home/ubuntu/dualshock/install/ds4_driver_msgs/share/ds4_driver_msgs/environment/library_path.sh
[2.940s] -- Up-to-date: /home/ubuntu/dualshock/install/ds4_driver_msgs/share/ds4_driver_msgs/environment/library_path.dsv
[2.944s] -- Up-to-date: /home/ubuntu/dualshock/install/ds4_driver_msgs/lib/libds4_driver_msgs__rosidl_generator_c.so
[2.945s] -- Up-to-date: /home/ubuntu/dualshock/install/ds4_driver_msgs/include/ds4_driver_msgs/ds4_driver_msgs
[2.945s] -- Up-to-date: /home/ubuntu/dualshock/install/ds4_driver_msgs/include/ds4_driver_msgs/ds4_driver_msgs/msg
[2.946s] -- Up-to-date: /home/ubuntu/dualshock/install/ds4_driver_msgs/include/ds4_driver_msgs/ds4_driver_msgs/msg/rosidl_typesupport_fastrtps_c__visibility_control.h
[2.946s] -- Up-to-date: /home/ubuntu/dualshock/install/ds4_driver_msgs/include/ds4_driver_msgs/ds4_driver_msgs/msg/detail
[2.947s] -- Up-to-date: /home/ubuntu/dualshock/install/ds4_driver_msgs/include/ds4_driver_msgs/ds4_driver_msgs/msg/detail/trackpad__rosidl_typesupport_fastrtps_c.h
[2.947s] -- Up-to-date: /home/ubuntu/dualshock/install/ds4_driver_msgs/include/ds4_driver_msgs/ds4_driver_msgs/msg/detail/report__rosidl_typesupport_fastrtps_c.h
[2.947s] -- Up-to-date: /home/ubuntu/dualshock/install/ds4_driver_msgs/include/ds4_driver_msgs/ds4_driver_msgs/msg/detail/feedback__rosidl_typesupport_fastrtps_c.h
[2.948s] -- Up-to-date: /home/ubuntu/dualshock/install/ds4_driver_msgs/include/ds4_driver_msgs/ds4_driver_msgs/msg/detail/status__rosidl_typesupport_fastrtps_c.h
[2.951s] -- Up-to-date: /home/ubuntu/dualshock/install/ds4_driver_msgs/lib/libds4_driver_msgs__rosidl_typesupport_fastrtps_c.so
[2.953s] -- Up-to-date: /home/ubuntu/dualshock/install/ds4_driver_msgs/include/ds4_driver_msgs/ds4_driver_msgs
[2.953s] -- Up-to-date: /home/ubuntu/dualshock/install/ds4_driver_msgs/include/ds4_driver_msgs/ds4_driver_msgs/msg
[2.954s] -- Up-to-date: /home/ubuntu/dualshock/install/ds4_driver_msgs/include/ds4_driver_msgs/ds4_driver_msgs/msg/status.hpp
[2.954s] -- Up-to-date: /home/ubuntu/dualshock/install/ds4_driver_msgs/include/ds4_driver_msgs/ds4_driver_msgs/msg/report.hpp
[2.955s] -- Up-to-date: /home/ubuntu/dualshock/install/ds4_driver_msgs/include/ds4_driver_msgs/ds4_driver_msgs/msg/trackpad.hpp
[2.955s] -- Up-to-date: /home/ubuntu/dualshock/install/ds4_driver_msgs/include/ds4_driver_msgs/ds4_driver_msgs/msg/detail
[2.956s] -- Up-to-date: /home/ubuntu/dualshock/install/ds4_driver_msgs/include/ds4_driver_msgs/ds4_driver_msgs/msg/detail/feedback__traits.hpp
[2.956s] -- Up-to-date: /home/ubuntu/dualshock/install/ds4_driver_msgs/include/ds4_driver_msgs/ds4_driver_msgs/msg/detail/feedback__builder.hpp
[2.957s] -- Up-to-date: /home/ubuntu/dualshock/install/ds4_driver_msgs/include/ds4_driver_msgs/ds4_driver_msgs/msg/detail/status__builder.hpp
[2.957s] -- Up-to-date: /home/ubuntu/dualshock/install/ds4_driver_msgs/include/ds4_driver_msgs/ds4_driver_msgs/msg/detail/status__traits.hpp
[2.957s] -- Up-to-date: /home/ubuntu/dualshock/install/ds4_driver_msgs/include/ds4_driver_msgs/ds4_driver_msgs/msg/detail/report__struct.hpp
[2.958s] -- Up-to-date: /home/ubuntu/dualshock/install/ds4_driver_msgs/include/ds4_driver_msgs/ds4_driver_msgs/msg/detail/status__struct.hpp
[2.958s] -- Up-to-date: /home/ubuntu/dualshock/install/ds4_driver_msgs/include/ds4_driver_msgs/ds4_driver_msgs/msg/detail/feedback__struct.hpp
[2.959s] -- Up-to-date: /home/ubuntu/dualshock/install/ds4_driver_msgs/include/ds4_driver_msgs/ds4_driver_msgs/msg/detail/trackpad__struct.hpp
[2.959s] -- Up-to-date: /home/ubuntu/dualshock/install/ds4_driver_msgs/include/ds4_driver_msgs/ds4_driver_msgs/msg/detail/report__builder.hpp
[2.960s] -- Up-to-date: /home/ubuntu/dualshock/install/ds4_driver_msgs/include/ds4_driver_msgs/ds4_driver_msgs/msg/detail/trackpad__traits.hpp
[2.960s] -- Up-to-date: /home/ubuntu/dualshock/install/ds4_driver_msgs/include/ds4_driver_msgs/ds4_driver_msgs/msg/detail/report__traits.hpp
[2.961s] -- Up-to-date: /home/ubuntu/dualshock/install/ds4_driver_msgs/include/ds4_driver_msgs/ds4_driver_msgs/msg/detail/trackpad__builder.hpp
[2.961s] -- Up-to-date: /home/ubuntu/dualshock/install/ds4_driver_msgs/include/ds4_driver_msgs/ds4_driver_msgs/msg/feedback.hpp
[2.962s] -- Up-to-date: /home/ubuntu/dualshock/install/ds4_driver_msgs/include/ds4_driver_msgs/ds4_driver_msgs
[2.962s] -- Up-to-date: /home/ubuntu/dualshock/install/ds4_driver_msgs/include/ds4_driver_msgs/ds4_driver_msgs/msg
[2.962s] -- Up-to-date: /home/ubuntu/dualshock/install/ds4_driver_msgs/include/ds4_driver_msgs/ds4_driver_msgs/msg/rosidl_typesupport_fastrtps_cpp__visibility_control.h
[2.963s] -- Up-to-date: /home/ubuntu/dualshock/install/ds4_driver_msgs/include/ds4_driver_msgs/ds4_driver_msgs/msg/detail
[2.963s] -- Up-to-date: /home/ubuntu/dualshock/install/ds4_driver_msgs/include/ds4_driver_msgs/ds4_driver_msgs/msg/detail/report__rosidl_typesupport_fastrtps_cpp.hpp
[2.964s] -- Up-to-date: /home/ubuntu/dualshock/install/ds4_driver_msgs/include/ds4_driver_msgs/ds4_driver_msgs/msg/detail/dds_fastrtps
[2.964s] -- Up-to-date: /home/ubuntu/dualshock/install/ds4_driver_msgs/include/ds4_driver_msgs/ds4_driver_msgs/msg/detail/feedback__rosidl_typesupport_fastrtps_cpp.hpp
[2.964s] -- Up-to-date: /home/ubuntu/dualshock/install/ds4_driver_msgs/include/ds4_driver_msgs/ds4_driver_msgs/msg/detail/status__rosidl_typesupport_fastrtps_cpp.hpp
[2.965s] -- Up-to-date: /home/ubuntu/dualshock/install/ds4_driver_msgs/include/ds4_driver_msgs/ds4_driver_msgs/msg/detail/trackpad__rosidl_typesupport_fastrtps_cpp.hpp
[2.967s] -- Up-to-date: /home/ubuntu/dualshock/install/ds4_driver_msgs/lib/libds4_driver_msgs__rosidl_typesupport_fastrtps_cpp.so
[2.968s] -- Up-to-date: /home/ubuntu/dualshock/install/ds4_driver_msgs/include/ds4_driver_msgs/ds4_driver_msgs
[2.969s] -- Up-to-date: /home/ubuntu/dualshock/install/ds4_driver_msgs/include/ds4_driver_msgs/ds4_driver_msgs/msg
[2.969s] -- Up-to-date: /home/ubuntu/dualshock/install/ds4_driver_msgs/include/ds4_driver_msgs/ds4_driver_msgs/msg/detail
[2.970s] -- Up-to-date: /home/ubuntu/dualshock/install/ds4_driver_msgs/include/ds4_driver_msgs/ds4_driver_msgs/msg/detail/status__type_support.c
[2.970s] -- Up-to-date: /home/ubuntu/dualshock/install/ds4_driver_msgs/include/ds4_driver_msgs/ds4_driver_msgs/msg/detail/status__rosidl_typesupport_introspection_c.h
[2.971s] -- Up-to-date: /home/ubuntu/dualshock/install/ds4_driver_msgs/include/ds4_driver_msgs/ds4_driver_msgs/msg/detail/feedback__type_support.c
[2.971s] -- Up-to-date: /home/ubuntu/dualshock/install/ds4_driver_msgs/include/ds4_driver_msgs/ds4_driver_msgs/msg/detail/report__rosidl_typesupport_introspection_c.h
[2.971s] -- Up-to-date: /home/ubuntu/dualshock/install/ds4_driver_msgs/include/ds4_driver_msgs/ds4_driver_msgs/msg/detail/trackpad__type_support.c
[2.972s] -- Up-to-date: /home/ubuntu/dualshock/install/ds4_driver_msgs/include/ds4_driver_msgs/ds4_driver_msgs/msg/detail/trackpad__rosidl_typesupport_introspection_c.h
[2.972s] -- Up-to-date: /home/ubuntu/dualshock/install/ds4_driver_msgs/include/ds4_driver_msgs/ds4_driver_msgs/msg/detail/feedback__rosidl_typesupport_introspection_c.h
[2.973s] -- Up-to-date: /home/ubuntu/dualshock/install/ds4_driver_msgs/include/ds4_driver_msgs/ds4_driver_msgs/msg/detail/report__type_support.c
[2.973s] -- Up-to-date: /home/ubuntu/dualshock/install/ds4_driver_msgs/include/ds4_driver_msgs/ds4_driver_msgs/msg/rosidl_typesupport_introspection_c__visibility_control.h
[2.976s] -- Up-to-date: /home/ubuntu/dualshock/install/ds4_driver_msgs/lib/libds4_driver_msgs__rosidl_typesupport_introspection_c.so
[2.980s] -- Up-to-date: /home/ubuntu/dualshock/install/ds4_driver_msgs/lib/libds4_driver_msgs__rosidl_typesupport_c.so
[2.981s] -- Up-to-date: /home/ubuntu/dualshock/install/ds4_driver_msgs/include/ds4_driver_msgs/ds4_driver_msgs
[2.981s] -- Up-to-date: /home/ubuntu/dualshock/install/ds4_driver_msgs/include/ds4_driver_msgs/ds4_driver_msgs/msg
[2.982s] -- Up-to-date: /home/ubuntu/dualshock/install/ds4_driver_msgs/include/ds4_driver_msgs/ds4_driver_msgs/msg/detail
[2.982s] -- Up-to-date: /home/ubuntu/dualshock/install/ds4_driver_msgs/include/ds4_driver_msgs/ds4_driver_msgs/msg/detail/feedback__type_support.cpp
[2.983s] -- Up-to-date: /home/ubuntu/dualshock/install/ds4_driver_msgs/include/ds4_driver_msgs/ds4_driver_msgs/msg/detail/status__type_support.cpp
[2.983s] -- Up-to-date: /home/ubuntu/dualshock/install/ds4_driver_msgs/include/ds4_driver_msgs/ds4_driver_msgs/msg/detail/report__rosidl_typesupport_introspection_cpp.hpp
[2.983s] -- Up-to-date: /home/ubuntu/dualshock/install/ds4_driver_msgs/include/ds4_driver_msgs/ds4_driver_msgs/msg/detail/feedback__rosidl_typesupport_introspection_cpp.hpp
[2.984s] -- Up-to-date: /home/ubuntu/dualshock/install/ds4_driver_msgs/include/ds4_driver_msgs/ds4_driver_msgs/msg/detail/report__type_support.cpp
[2.984s] -- Up-to-date: /home/ubuntu/dualshock/install/ds4_driver_msgs/include/ds4_driver_msgs/ds4_driver_msgs/msg/detail/trackpad__type_support.cpp
[2.985s] -- Up-to-date: /home/ubuntu/dualshock/install/ds4_driver_msgs/include/ds4_driver_msgs/ds4_driver_msgs/msg/detail/status__rosidl_typesupport_introspection_cpp.hpp
[2.985s] -- Up-to-date: /home/ubuntu/dualshock/install/ds4_driver_msgs/include/ds4_driver_msgs/ds4_driver_msgs/msg/detail/trackpad__rosidl_typesupport_introspection_cpp.hpp
[2.989s] -- Up-to-date: /home/ubuntu/dualshock/install/ds4_driver_msgs/lib/libds4_driver_msgs__rosidl_typesupport_introspection_cpp.so
[2.992s] -- Up-to-date: /home/ubuntu/dualshock/install/ds4_driver_msgs/lib/libds4_driver_msgs__rosidl_typesupport_cpp.so
[2.993s] -- Up-to-date: /home/ubuntu/dualshock/install/ds4_driver_msgs/share/ds4_driver_msgs/environment/pythonpath.sh
[2.994s] -- Up-to-date: /home/ubuntu/dualshock/install/ds4_driver_msgs/share/ds4_driver_msgs/environment/pythonpath.dsv
[2.996s] -- Up-to-date: /home/ubuntu/dualshock/install/ds4_driver_msgs/local/lib/python3.10/dist-packages/ds4_driver_msgs-0.0.0-py3.10.egg-info
[2.997s] -- Installing: /home/ubuntu/dualshock/install/ds4_driver_msgs/local/lib/python3.10/dist-packages/ds4_driver_msgs-0.0.0-py3.10.egg-info/SOURCES.txt
[2.999s] -- Installing: /home/ubuntu/dualshock/install/ds4_driver_msgs/local/lib/python3.10/dist-packages/ds4_driver_msgs-0.0.0-py3.10.egg-info/dependency_links.txt
[3.000s] -- Installing: /home/ubuntu/dualshock/install/ds4_driver_msgs/local/lib/python3.10/dist-packages/ds4_driver_msgs-0.0.0-py3.10.egg-info/PKG-INFO
[3.002s] -- Installing: /home/ubuntu/dualshock/install/ds4_driver_msgs/local/lib/python3.10/dist-packages/ds4_driver_msgs-0.0.0-py3.10.egg-info/top_level.txt
[3.003s] -- Up-to-date: /home/ubuntu/dualshock/install/ds4_driver_msgs/local/lib/python3.10/dist-packages/ds4_driver_msgs
[3.005s] -- Up-to-date: /home/ubuntu/dualshock/install/ds4_driver_msgs/local/lib/python3.10/dist-packages/ds4_driver_msgs/__init__.py
[3.005s] -- Up-to-date: /home/ubuntu/dualshock/install/ds4_driver_msgs/local/lib/python3.10/dist-packages/ds4_driver_msgs/ds4_driver_msgs_s__rosidl_typesupport_fastrtps_c.cpython-310-aarch64-linux-gnu.so
[3.005s] -- Up-to-date: /home/ubuntu/dualshock/install/ds4_driver_msgs/local/lib/python3.10/dist-packages/ds4_driver_msgs/_ds4_driver_msgs_s.ep.rosidl_typesupport_c.c
[3.006s] -- Up-to-date: /home/ubuntu/dualshock/install/ds4_driver_msgs/local/lib/python3.10/dist-packages/ds4_driver_msgs/ds4_driver_msgs_s__rosidl_typesupport_c.cpython-310-aarch64-linux-gnu.so
[3.006s] -- Up-to-date: /home/ubuntu/dualshock/install/ds4_driver_msgs/local/lib/python3.10/dist-packages/ds4_driver_msgs/_ds4_driver_msgs_s.ep.rosidl_typesupport_fastrtps_c.c
[3.007s] -- Up-to-date: /home/ubuntu/dualshock/install/ds4_driver_msgs/local/lib/python3.10/dist-packages/ds4_driver_msgs/libds4_driver_msgs__rosidl_generator_py.so
[3.007s] -- Up-to-date: /home/ubuntu/dualshock/install/ds4_driver_msgs/local/lib/python3.10/dist-packages/ds4_driver_msgs/_ds4_driver_msgs_s.ep.rosidl_typesupport_introspection_c.c
[3.008s] -- Up-to-date: /home/ubuntu/dualshock/install/ds4_driver_msgs/local/lib/python3.10/dist-packages/ds4_driver_msgs/msg
[3.009s] -- Up-to-date: /home/ubuntu/dualshock/install/ds4_driver_msgs/local/lib/python3.10/dist-packages/ds4_driver_msgs/msg/__init__.py
[3.009s] -- Up-to-date: /home/ubuntu/dualshock/install/ds4_driver_msgs/local/lib/python3.10/dist-packages/ds4_driver_msgs/msg/_trackpad.py
[3.010s] -- Up-to-date: /home/ubuntu/dualshock/install/ds4_driver_msgs/local/lib/python3.10/dist-packages/ds4_driver_msgs/msg/_trackpad_s.c
[3.010s] -- Up-to-date: /home/ubuntu/dualshock/install/ds4_driver_msgs/local/lib/python3.10/dist-packages/ds4_driver_msgs/msg/_report.py
[3.011s] -- Up-to-date: /home/ubuntu/dualshock/install/ds4_driver_msgs/local/lib/python3.10/dist-packages/ds4_driver_msgs/msg/_feedback_s.c
[3.011s] -- Up-to-date: /home/ubuntu/dualshock/install/ds4_driver_msgs/local/lib/python3.10/dist-packages/ds4_driver_msgs/msg/_report_s.c
[3.012s] -- Up-to-date: /home/ubuntu/dualshock/install/ds4_driver_msgs/local/lib/python3.10/dist-packages/ds4_driver_msgs/msg/_status_s.c
[3.013s] -- Up-to-date: /home/ubuntu/dualshock/install/ds4_driver_msgs/local/lib/python3.10/dist-packages/ds4_driver_msgs/msg/_feedback.py
[3.013s] -- Up-to-date: /home/ubuntu/dualshock/install/ds4_driver_msgs/local/lib/python3.10/dist-packages/ds4_driver_msgs/msg/_status.py
[3.013s] -- Up-to-date: /home/ubuntu/dualshock/install/ds4_driver_msgs/local/lib/python3.10/dist-packages/ds4_driver_msgs/ds4_driver_msgs_s__rosidl_typesupport_introspection_c.cpython-310-aarch64-linux-gnu.so
[3.156s] Listing '/home/ubuntu/dualshock/install/ds4_driver_msgs/local/lib/python3.10/dist-packages/ds4_driver_msgs'...
[3.157s] Listing '/home/ubuntu/dualshock/install/ds4_driver_msgs/local/lib/python3.10/dist-packages/ds4_driver_msgs/msg'...
[3.182s] -- Up-to-date: /home/ubuntu/dualshock/install/ds4_driver_msgs/local/lib/python3.10/dist-packages/ds4_driver_msgs/ds4_driver_msgs_s__rosidl_typesupport_fastrtps_c.cpython-310-aarch64-linux-gnu.so
[3.186s] -- Up-to-date: /home/ubuntu/dualshock/install/ds4_driver_msgs/local/lib/python3.10/dist-packages/ds4_driver_msgs/ds4_driver_msgs_s__rosidl_typesupport_introspection_c.cpython-310-aarch64-linux-gnu.so
[3.190s] -- Up-to-date: /home/ubuntu/dualshock/install/ds4_driver_msgs/local/lib/python3.10/dist-packages/ds4_driver_msgs/ds4_driver_msgs_s__rosidl_typesupport_c.cpython-310-aarch64-linux-gnu.so
[3.194s] -- Up-to-date: /home/ubuntu/dualshock/install/ds4_driver_msgs/lib/libds4_driver_msgs__rosidl_generator_py.so
[3.197s] -- Up-to-date: /home/ubuntu/dualshock/install/ds4_driver_msgs/share/ds4_driver_msgs/msg/Feedback.idl
[3.198s] -- Up-to-date: /home/ubuntu/dualshock/install/ds4_driver_msgs/share/ds4_driver_msgs/msg/Status.idl
[3.198s] -- Up-to-date: /home/ubuntu/dualshock/install/ds4_driver_msgs/share/ds4_driver_msgs/msg/Report.idl
[3.199s] -- Up-to-date: /home/ubuntu/dualshock/install/ds4_driver_msgs/share/ds4_driver_msgs/msg/Trackpad.idl
[3.199s] -- Up-to-date: /home/ubuntu/dualshock/install/ds4_driver_msgs/share/ds4_driver_msgs/msg/Feedback.msg
[3.200s] -- Up-to-date: /home/ubuntu/dualshock/install/ds4_driver_msgs/share/ds4_driver_msgs/msg/Status.msg
[3.200s] -- Up-to-date: /home/ubuntu/dualshock/install/ds4_driver_msgs/share/ds4_driver_msgs/msg/Report.msg
[3.201s] -- Up-to-date: /home/ubuntu/dualshock/install/ds4_driver_msgs/share/ds4_driver_msgs/msg/Trackpad.msg
[3.201s] -- Up-to-date: /home/ubuntu/dualshock/install/ds4_driver_msgs/share/ament_index/resource_index/package_run_dependencies/ds4_driver_msgs
[3.203s] -- Up-to-date: /home/ubuntu/dualshock/install/ds4_driver_msgs/share/ament_index/resource_index/parent_prefix_path/ds4_driver_msgs
[3.203s] -- Up-to-date: /home/ubuntu/dualshock/install/ds4_driver_msgs/share/ds4_driver_msgs/environment/ament_prefix_path.sh
[3.204s] -- Up-to-date: /home/ubuntu/dualshock/install/ds4_driver_msgs/share/ds4_driver_msgs/environment/ament_prefix_path.dsv
[3.204s] -- Up-to-date: /home/ubuntu/dualshock/install/ds4_driver_msgs/share/ds4_driver_msgs/environment/path.sh
[3.205s] -- Up-to-date: /home/ubuntu/dualshock/install/ds4_driver_msgs/share/ds4_driver_msgs/environment/path.dsv
[3.205s] -- Up-to-date: /home/ubuntu/dualshock/install/ds4_driver_msgs/share/ds4_driver_msgs/local_setup.bash
[3.206s] -- Up-to-date: /home/ubuntu/dualshock/install/ds4_driver_msgs/share/ds4_driver_msgs/local_setup.sh
[3.206s] -- Up-to-date: /home/ubuntu/dualshock/install/ds4_driver_msgs/share/ds4_driver_msgs/local_setup.zsh
[3.207s] -- Up-to-date: /home/ubuntu/dualshock/install/ds4_driver_msgs/share/ds4_driver_msgs/local_setup.dsv
[3.207s] -- Installing: /home/ubuntu/dualshock/install/ds4_driver_msgs/share/ds4_driver_msgs/package.dsv
[3.210s] -- Up-to-date: /home/ubuntu/dualshock/install/ds4_driver_msgs/share/ament_index/resource_index/packages/ds4_driver_msgs
[3.215s] -- Up-to-date: /home/ubuntu/dualshock/install/ds4_driver_msgs/share/ds4_driver_msgs/cmake/export_ds4_driver_msgs__rosidl_generator_cExport.cmake
[3.216s] -- Up-to-date: /home/ubuntu/dualshock/install/ds4_driver_msgs/share/ds4_driver_msgs/cmake/export_ds4_driver_msgs__rosidl_generator_cExport-noconfig.cmake
[3.218s] -- Up-to-date: /home/ubuntu/dualshock/install/ds4_driver_msgs/share/ds4_driver_msgs/cmake/export_ds4_driver_msgs__rosidl_typesupport_fastrtps_cExport.cmake
[3.219s] -- Up-to-date: /home/ubuntu/dualshock/install/ds4_driver_msgs/share/ds4_driver_msgs/cmake/export_ds4_driver_msgs__rosidl_typesupport_fastrtps_cExport-noconfig.cmake
[3.221s] -- Up-to-date: /home/ubuntu/dualshock/install/ds4_driver_msgs/share/ds4_driver_msgs/cmake/export_ds4_driver_msgs__rosidl_generator_cppExport.cmake
[3.223s] -- Up-to-date: /home/ubuntu/dualshock/install/ds4_driver_msgs/share/ds4_driver_msgs/cmake/export_ds4_driver_msgs__rosidl_typesupport_fastrtps_cppExport.cmake
[3.224s] -- Up-to-date: /home/ubuntu/dualshock/install/ds4_driver_msgs/share/ds4_driver_msgs/cmake/export_ds4_driver_msgs__rosidl_typesupport_fastrtps_cppExport-noconfig.cmake
[3.227s] -- Up-to-date: /home/ubuntu/dualshock/install/ds4_driver_msgs/share/ds4_driver_msgs/cmake/ds4_driver_msgs__rosidl_typesupport_introspection_cExport.cmake
[3.227s] -- Up-to-date: /home/ubuntu/dualshock/install/ds4_driver_msgs/share/ds4_driver_msgs/cmake/ds4_driver_msgs__rosidl_typesupport_introspection_cExport-noconfig.cmake
[3.230s] -- Up-to-date: /home/ubuntu/dualshock/install/ds4_driver_msgs/share/ds4_driver_msgs/cmake/ds4_driver_msgs__rosidl_typesupport_cExport.cmake
[3.231s] -- Up-to-date: /home/ubuntu/dualshock/install/ds4_driver_msgs/share/ds4_driver_msgs/cmake/ds4_driver_msgs__rosidl_typesupport_cExport-noconfig.cmake
[3.233s] -- Up-to-date: /home/ubuntu/dualshock/install/ds4_driver_msgs/share/ds4_driver_msgs/cmake/ds4_driver_msgs__rosidl_typesupport_introspection_cppExport.cmake
[3.234s] -- Up-to-date: /home/ubuntu/dualshock/install/ds4_driver_msgs/share/ds4_driver_msgs/cmake/ds4_driver_msgs__rosidl_typesupport_introspection_cppExport-noconfig.cmake
[3.236s] -- Up-to-date: /home/ubuntu/dualshock/install/ds4_driver_msgs/share/ds4_driver_msgs/cmake/ds4_driver_msgs__rosidl_typesupport_cppExport.cmake
[3.237s] -- Up-to-date: /home/ubuntu/dualshock/install/ds4_driver_msgs/share/ds4_driver_msgs/cmake/ds4_driver_msgs__rosidl_typesupport_cppExport-noconfig.cmake
[3.239s] -- Up-to-date: /home/ubuntu/dualshock/install/ds4_driver_msgs/share/ds4_driver_msgs/cmake/export_ds4_driver_msgs__rosidl_generator_pyExport.cmake
[3.240s] -- Up-to-date: /home/ubuntu/dualshock/install/ds4_driver_msgs/share/ds4_driver_msgs/cmake/export_ds4_driver_msgs__rosidl_generator_pyExport-noconfig.cmake
[3.240s] -- Up-to-date: /home/ubuntu/dualshock/install/ds4_driver_msgs/share/ds4_driver_msgs/cmake/rosidl_cmake-extras.cmake
[3.241s] -- Up-to-date: /home/ubuntu/dualshock/install/ds4_driver_msgs/share/ds4_driver_msgs/cmake/ament_cmake_export_dependencies-extras.cmake
[3.241s] -- Up-to-date: /home/ubuntu/dualshock/install/ds4_driver_msgs/share/ds4_driver_msgs/cmake/ament_cmake_export_include_directories-extras.cmake
[3.242s] -- Up-to-date: /home/ubuntu/dualshock/install/ds4_driver_msgs/share/ds4_driver_msgs/cmake/ament_cmake_export_libraries-extras.cmake
[3.242s] -- Up-to-date: /home/ubuntu/dualshock/install/ds4_driver_msgs/share/ds4_driver_msgs/cmake/ament_cmake_export_targets-extras.cmake
[3.243s] -- Up-to-date: /home/ubuntu/dualshock/install/ds4_driver_msgs/share/ds4_driver_msgs/cmake/rosidl_cmake_export_typesupport_targets-extras.cmake
[3.243s] -- Up-to-date: /home/ubuntu/dualshock/install/ds4_driver_msgs/share/ds4_driver_msgs/cmake/rosidl_cmake_export_typesupport_libraries-extras.cmake
[3.244s] -- Up-to-date: /home/ubuntu/dualshock/install/ds4_driver_msgs/share/ds4_driver_msgs/cmake/ds4_driver_msgsConfig.cmake
[3.245s] -- Up-to-date: /home/ubuntu/dualshock/install/ds4_driver_msgs/share/ds4_driver_msgs/cmake/ds4_driver_msgsConfig-version.cmake
[3.245s] -- Up-to-date: /home/ubuntu/dualshock/install/ds4_driver_msgs/share/ds4_driver_msgs/package.xml
[3.254s] Invoked command in '/home/ubuntu/dualshock/build/ds4_driver_msgs' returned '0': CMAKE_PREFIX_PATH=/opt/ros/humble /usr/bin/cmake --install /home/ubuntu/dualshock/build/ds4_driver_msgs
