[0.459s] DEBUG:colcon:Command line arguments: ['/usr/bin/colcon', 'build']
[0.459s] DEBUG:colcon:Parsed command line arguments: Namespace(log_base=None, log_level=None, verb_name='build', build_base='build', install_base='install', merge_install=False, symlink_install=False, test_result_base=None, continue_on_error=False, executor='parallel', parallel_workers=4, event_handlers=None, ignore_user_meta=False, metas=['./colcon.meta'], base_paths=['.'], packages_ignore=None, packages_ignore_regex=None, paths=None, packages_up_to=None, packages_up_to_regex=None, packages_above=None, packages_above_and_dependencies=None, packages_above_depth=None, packages_select_by_dep=None, packages_skip_by_dep=None, packages_skip_up_to=None, packages_select_build_failed=False, packages_skip_build_finished=False, packages_select_test_failures=False, packages_skip_test_passed=False, packages_select=None, packages_skip=None, packages_select_regex=None, packages_skip_regex=None, packages_start=None, packages_end=None, allow_overriding=[], cmake_args=None, cmake_target=None, cmake_target_skip_unavailable=False, cmake_clean_cache=False, cmake_clean_first=False, cmake_force_configure=False, ament_cmake_args=None, catkin_cmake_args=None, catkin_skip_building_tests=False, verb_parser=<colcon_defaults.argument_parser.defaults.DefaultArgumentsDecorator object at 0xffff9b823f70>, verb_extension=<colcon_core.verb.build.BuildVerb object at 0xffff9b9655a0>, main=<bound method BuildVerb.main of <colcon_core.verb.build.BuildVerb object at 0xffff9b9655a0>>)
[1.258s] Level 1:colcon.colcon_core.package_discovery:discover_packages(colcon_meta) check parameters
[1.258s] Level 1:colcon.colcon_core.package_discovery:discover_packages(recursive) check parameters
[1.258s] Level 1:colcon.colcon_core.package_discovery:discover_packages(ignore) check parameters
[1.258s] Level 1:colcon.colcon_core.package_discovery:discover_packages(path) check parameters
[1.259s] Level 1:colcon.colcon_core.package_discovery:discover_packages(colcon_meta) discover
[1.259s] Level 1:colcon.colcon_core.package_discovery:discover_packages(recursive) discover
[1.259s] INFO:colcon.colcon_core.package_discovery:Crawling recursively for packages in '/home/ubuntu/dualshock'
[1.259s] Level 1:colcon.colcon_core.package_identification:_identify(.) by extensions ['ignore', 'ignore_ament_install']
[1.260s] Level 1:colcon.colcon_core.package_identification:_identify(.) by extension 'ignore'
[1.260s] Level 1:colcon.colcon_core.package_identification:_identify(.) by extension 'ignore_ament_install'
[1.260s] Level 1:colcon.colcon_core.package_identification:_identify(.) by extensions ['colcon_pkg']
[1.260s] Level 1:colcon.colcon_core.package_identification:_identify(.) by extension 'colcon_pkg'
[1.261s] Level 1:colcon.colcon_core.package_identification:_identify(.) by extensions ['colcon_meta']
[1.261s] Level 1:colcon.colcon_core.package_identification:_identify(.) by extension 'colcon_meta'
[1.261s] Level 1:colcon.colcon_core.package_identification:_identify(.) by extensions ['ros']
[1.261s] Level 1:colcon.colcon_core.package_identification:_identify(.) by extension 'ros'
[1.307s] Level 1:colcon.colcon_core.package_identification:_identify(.) by extensions ['cmake', 'python']
[1.307s] Level 1:colcon.colcon_core.package_identification:_identify(.) by extension 'cmake'
[1.308s] Level 1:colcon.colcon_core.package_identification:_identify(.) by extension 'python'
[1.308s] Level 1:colcon.colcon_core.package_identification:_identify(.) by extensions ['python_setup_py']
[1.308s] Level 1:colcon.colcon_core.package_identification:_identify(.) by extension 'python_setup_py'
[1.308s] Level 1:colcon.colcon_core.package_identification:_identify(build) by extensions ['ignore', 'ignore_ament_install']
[1.314s] Level 1:colcon.colcon_core.package_identification:_identify(build) by extension 'ignore'
[1.314s] Level 1:colcon.colcon_core.package_identification:_identify(build) ignored
[1.315s] Level 1:colcon.colcon_core.package_identification:_identify(install) by extensions ['ignore', 'ignore_ament_install']
[1.315s] Level 1:colcon.colcon_core.package_identification:_identify(install) by extension 'ignore'
[1.316s] Level 1:colcon.colcon_core.package_identification:_identify(install) ignored
[1.317s] Level 1:colcon.colcon_core.package_identification:_identify(log) by extensions ['ignore', 'ignore_ament_install']
[1.317s] Level 1:colcon.colcon_core.package_identification:_identify(log) by extension 'ignore'
[1.317s] Level 1:colcon.colcon_core.package_identification:_identify(log) ignored
[1.318s] Level 1:colcon.colcon_core.package_identification:_identify(src) by extensions ['ignore', 'ignore_ament_install']
[1.318s] Level 1:colcon.colcon_core.package_identification:_identify(src) by extension 'ignore'
[1.318s] Level 1:colcon.colcon_core.package_identification:_identify(src) by extension 'ignore_ament_install'
[1.319s] Level 1:colcon.colcon_core.package_identification:_identify(src) by extensions ['colcon_pkg']
[1.319s] Level 1:colcon.colcon_core.package_identification:_identify(src) by extension 'colcon_pkg'
[1.319s] Level 1:colcon.colcon_core.package_identification:_identify(src) by extensions ['colcon_meta']
[1.320s] Level 1:colcon.colcon_core.package_identification:_identify(src) by extension 'colcon_meta'
[1.320s] Level 1:colcon.colcon_core.package_identification:_identify(src) by extensions ['ros']
[1.320s] Level 1:colcon.colcon_core.package_identification:_identify(src) by extension 'ros'
[1.321s] Level 1:colcon.colcon_core.package_identification:_identify(src) by extensions ['cmake', 'python']
[1.321s] Level 1:colcon.colcon_core.package_identification:_identify(src) by extension 'cmake'
[1.321s] Level 1:colcon.colcon_core.package_identification:_identify(src) by extension 'python'
[1.321s] Level 1:colcon.colcon_core.package_identification:_identify(src) by extensions ['python_setup_py']
[1.321s] Level 1:colcon.colcon_core.package_identification:_identify(src) by extension 'python_setup_py'
[1.322s] Level 1:colcon.colcon_core.package_identification:_identify(src/ds4_driver) by extensions ['ignore', 'ignore_ament_install']
[1.322s] Level 1:colcon.colcon_core.package_identification:_identify(src/ds4_driver) by extension 'ignore'
[1.323s] Level 1:colcon.colcon_core.package_identification:_identify(src/ds4_driver) by extension 'ignore_ament_install'
[1.323s] Level 1:colcon.colcon_core.package_identification:_identify(src/ds4_driver) by extensions ['colcon_pkg']
[1.323s] Level 1:colcon.colcon_core.package_identification:_identify(src/ds4_driver) by extension 'colcon_pkg'
[1.323s] Level 1:colcon.colcon_core.package_identification:_identify(src/ds4_driver) by extensions ['colcon_meta']
[1.323s] Level 1:colcon.colcon_core.package_identification:_identify(src/ds4_driver) by extension 'colcon_meta'
[1.324s] Level 1:colcon.colcon_core.package_identification:_identify(src/ds4_driver) by extensions ['ros']
[1.324s] Level 1:colcon.colcon_core.package_identification:_identify(src/ds4_driver) by extension 'ros'
[1.324s] Level 1:colcon.colcon_core.package_identification:_identify(src/ds4_driver) by extensions ['cmake', 'python']
[1.324s] Level 1:colcon.colcon_core.package_identification:_identify(src/ds4_driver) by extension 'cmake'
[1.325s] Level 1:colcon.colcon_core.package_identification:_identify(src/ds4_driver) by extension 'python'
[1.325s] Level 1:colcon.colcon_core.package_identification:_identify(src/ds4_driver) by extensions ['python_setup_py']
[1.325s] Level 1:colcon.colcon_core.package_identification:_identify(src/ds4_driver) by extension 'python_setup_py'
[1.325s] Level 1:colcon.colcon_core.package_identification:_identify(src/ds4_driver/docker) by extensions ['ignore', 'ignore_ament_install']
[1.326s] Level 1:colcon.colcon_core.package_identification:_identify(src/ds4_driver/docker) by extension 'ignore'
[1.326s] Level 1:colcon.colcon_core.package_identification:_identify(src/ds4_driver/docker) by extension 'ignore_ament_install'
[1.326s] Level 1:colcon.colcon_core.package_identification:_identify(src/ds4_driver/docker) by extensions ['colcon_pkg']
[1.326s] Level 1:colcon.colcon_core.package_identification:_identify(src/ds4_driver/docker) by extension 'colcon_pkg'
[1.327s] Level 1:colcon.colcon_core.package_identification:_identify(src/ds4_driver/docker) by extensions ['colcon_meta']
[1.327s] Level 1:colcon.colcon_core.package_identification:_identify(src/ds4_driver/docker) by extension 'colcon_meta'
[1.327s] Level 1:colcon.colcon_core.package_identification:_identify(src/ds4_driver/docker) by extensions ['ros']
[1.327s] Level 1:colcon.colcon_core.package_identification:_identify(src/ds4_driver/docker) by extension 'ros'
[1.327s] Level 1:colcon.colcon_core.package_identification:_identify(src/ds4_driver/docker) by extensions ['cmake', 'python']
[1.328s] Level 1:colcon.colcon_core.package_identification:_identify(src/ds4_driver/docker) by extension 'cmake'
[1.328s] Level 1:colcon.colcon_core.package_identification:_identify(src/ds4_driver/docker) by extension 'python'
[1.328s] Level 1:colcon.colcon_core.package_identification:_identify(src/ds4_driver/docker) by extensions ['python_setup_py']
[1.328s] Level 1:colcon.colcon_core.package_identification:_identify(src/ds4_driver/docker) by extension 'python_setup_py'
[1.329s] Level 1:colcon.colcon_core.package_identification:_identify(src/ds4_driver/ds4_driver) by extensions ['ignore', 'ignore_ament_install']
[1.329s] Level 1:colcon.colcon_core.package_identification:_identify(src/ds4_driver/ds4_driver) by extension 'ignore'
[1.329s] Level 1:colcon.colcon_core.package_identification:_identify(src/ds4_driver/ds4_driver) by extension 'ignore_ament_install'
[1.330s] Level 1:colcon.colcon_core.package_identification:_identify(src/ds4_driver/ds4_driver) by extensions ['colcon_pkg']
[1.330s] Level 1:colcon.colcon_core.package_identification:_identify(src/ds4_driver/ds4_driver) by extension 'colcon_pkg'
[1.330s] Level 1:colcon.colcon_core.package_identification:_identify(src/ds4_driver/ds4_driver) by extensions ['colcon_meta']
[1.330s] Level 1:colcon.colcon_core.package_identification:_identify(src/ds4_driver/ds4_driver) by extension 'colcon_meta'
[1.330s] Level 1:colcon.colcon_core.package_identification:_identify(src/ds4_driver/ds4_driver) by extensions ['ros']
[1.330s] Level 1:colcon.colcon_core.package_identification:_identify(src/ds4_driver/ds4_driver) by extension 'ros'
[1.340s] DEBUG:colcon.colcon_core.package_identification:Package 'src/ds4_driver/ds4_driver' with type 'ros.ament_cmake' and name 'ds4_driver'
[1.341s] Level 1:colcon.colcon_core.package_identification:_identify(src/ds4_driver/ds4_driver_msgs) by extensions ['ignore', 'ignore_ament_install']
[1.341s] Level 1:colcon.colcon_core.package_identification:_identify(src/ds4_driver/ds4_driver_msgs) by extension 'ignore'
[1.341s] Level 1:colcon.colcon_core.package_identification:_identify(src/ds4_driver/ds4_driver_msgs) by extension 'ignore_ament_install'
[1.342s] Level 1:colcon.colcon_core.package_identification:_identify(src/ds4_driver/ds4_driver_msgs) by extensions ['colcon_pkg']
[1.342s] Level 1:colcon.colcon_core.package_identification:_identify(src/ds4_driver/ds4_driver_msgs) by extension 'colcon_pkg'
[1.342s] Level 1:colcon.colcon_core.package_identification:_identify(src/ds4_driver/ds4_driver_msgs) by extensions ['colcon_meta']
[1.342s] Level 1:colcon.colcon_core.package_identification:_identify(src/ds4_driver/ds4_driver_msgs) by extension 'colcon_meta'
[1.343s] Level 1:colcon.colcon_core.package_identification:_identify(src/ds4_driver/ds4_driver_msgs) by extensions ['ros']
[1.343s] Level 1:colcon.colcon_core.package_identification:_identify(src/ds4_driver/ds4_driver_msgs) by extension 'ros'
[1.345s] DEBUG:colcon.colcon_core.package_identification:Package 'src/ds4_driver/ds4_driver_msgs' with type 'ros.ament_cmake' and name 'ds4_driver_msgs'
[1.346s] Level 1:colcon.colcon_core.package_discovery:discover_packages(recursive) using defaults
[1.347s] Level 1:colcon.colcon_core.package_discovery:discover_packages(ignore) discover
[1.347s] Level 1:colcon.colcon_core.package_discovery:discover_packages(ignore) using defaults
[1.347s] Level 1:colcon.colcon_core.package_discovery:discover_packages(path) discover
[1.347s] Level 1:colcon.colcon_core.package_discovery:discover_packages(path) using defaults
[1.425s] Level 1:colcon.colcon_core.package_discovery:discover_packages(prefix_path) check parameters
[1.425s] Level 1:colcon.colcon_core.package_discovery:discover_packages(prefix_path) discover
[1.434s] DEBUG:colcon.colcon_installed_package_information.package_discovery:Found 2 installed packages in /home/ubuntu/dualshock/install
[1.442s] DEBUG:colcon.colcon_installed_package_information.package_discovery:Found 271 installed packages in /opt/ros/humble
[1.449s] Level 1:colcon.colcon_core.package_discovery:discover_packages(prefix_path) using defaults
[1.661s] Level 5:colcon.colcon_core.verb:set package 'ds4_driver_msgs' build argument 'cmake_args' from command line to 'None'
[1.661s] Level 5:colcon.colcon_core.verb:set package 'ds4_driver_msgs' build argument 'cmake_target' from command line to 'None'
[1.661s] Level 5:colcon.colcon_core.verb:set package 'ds4_driver_msgs' build argument 'cmake_target_skip_unavailable' from command line to 'False'
[1.662s] Level 5:colcon.colcon_core.verb:set package 'ds4_driver_msgs' build argument 'cmake_clean_cache' from command line to 'False'
[1.662s] Level 5:colcon.colcon_core.verb:set package 'ds4_driver_msgs' build argument 'cmake_clean_first' from command line to 'False'
[1.662s] Level 5:colcon.colcon_core.verb:set package 'ds4_driver_msgs' build argument 'cmake_force_configure' from command line to 'False'
[1.662s] Level 5:colcon.colcon_core.verb:set package 'ds4_driver_msgs' build argument 'ament_cmake_args' from command line to 'None'
[1.662s] Level 5:colcon.colcon_core.verb:set package 'ds4_driver_msgs' build argument 'catkin_cmake_args' from command line to 'None'
[1.662s] Level 5:colcon.colcon_core.verb:set package 'ds4_driver_msgs' build argument 'catkin_skip_building_tests' from command line to 'False'
[1.662s] DEBUG:colcon.colcon_core.verb:Building package 'ds4_driver_msgs' with the following arguments: {'ament_cmake_args': None, 'build_base': '/home/ubuntu/dualshock/build/ds4_driver_msgs', 'catkin_cmake_args': None, 'catkin_skip_building_tests': False, 'cmake_args': None, 'cmake_clean_cache': False, 'cmake_clean_first': False, 'cmake_force_configure': False, 'cmake_target': None, 'cmake_target_skip_unavailable': False, 'install_base': '/home/ubuntu/dualshock/install/ds4_driver_msgs', 'merge_install': False, 'path': '/home/ubuntu/dualshock/src/ds4_driver/ds4_driver_msgs', 'symlink_install': False, 'test_result_base': None}
[1.664s] Level 5:colcon.colcon_core.verb:set package 'ds4_driver' build argument 'cmake_args' from command line to 'None'
[1.664s] Level 5:colcon.colcon_core.verb:set package 'ds4_driver' build argument 'cmake_target' from command line to 'None'
[1.664s] Level 5:colcon.colcon_core.verb:set package 'ds4_driver' build argument 'cmake_target_skip_unavailable' from command line to 'False'
[1.664s] Level 5:colcon.colcon_core.verb:set package 'ds4_driver' build argument 'cmake_clean_cache' from command line to 'False'
[1.664s] Level 5:colcon.colcon_core.verb:set package 'ds4_driver' build argument 'cmake_clean_first' from command line to 'False'
[1.664s] Level 5:colcon.colcon_core.verb:set package 'ds4_driver' build argument 'cmake_force_configure' from command line to 'False'
[1.664s] Level 5:colcon.colcon_core.verb:set package 'ds4_driver' build argument 'ament_cmake_args' from command line to 'None'
[1.665s] Level 5:colcon.colcon_core.verb:set package 'ds4_driver' build argument 'catkin_cmake_args' from command line to 'None'
[1.665s] Level 5:colcon.colcon_core.verb:set package 'ds4_driver' build argument 'catkin_skip_building_tests' from command line to 'False'
[1.665s] DEBUG:colcon.colcon_core.verb:Building package 'ds4_driver' with the following arguments: {'ament_cmake_args': None, 'build_base': '/home/ubuntu/dualshock/build/ds4_driver', 'catkin_cmake_args': None, 'catkin_skip_building_tests': False, 'cmake_args': None, 'cmake_clean_cache': False, 'cmake_clean_first': False, 'cmake_force_configure': False, 'cmake_target': None, 'cmake_target_skip_unavailable': False, 'install_base': '/home/ubuntu/dualshock/install/ds4_driver', 'merge_install': False, 'path': '/home/ubuntu/dualshock/src/ds4_driver/ds4_driver', 'symlink_install': False, 'test_result_base': None}
[1.665s] INFO:colcon.colcon_core.executor:Executing jobs using 'parallel' executor
[1.669s] DEBUG:colcon.colcon_parallel_executor.executor.parallel:run_until_complete
[1.670s] INFO:colcon.colcon_ros.task.ament_cmake.build:Building ROS package in '/home/ubuntu/dualshock/src/ds4_driver/ds4_driver_msgs' with build type 'ament_cmake'
[1.670s] INFO:colcon.colcon_cmake.task.cmake.build:Building CMake package in '/home/ubuntu/dualshock/src/ds4_driver/ds4_driver_msgs'
[1.680s] INFO:colcon.colcon_core.plugin_system:Skipping extension 'colcon_core.shell.bat': Not used on non-Windows systems
[1.681s] INFO:colcon.colcon_core.shell:Skip shell extension 'powershell' for command environment: Not usable outside of PowerShell
[1.681s] DEBUG:colcon.colcon_core.shell:Skip shell extension 'dsv' for command environment
[1.726s] DEBUG:colcon.colcon_core.event_handler.log_command:Invoking command in '/home/ubuntu/dualshock/build/ds4_driver_msgs': CMAKE_PREFIX_PATH=${CMAKE_PREFIX_PATH}:/opt/ros/humble /usr/bin/cmake --build /home/ubuntu/dualshock/build/ds4_driver_msgs -- -j4 -l4
[3.525s] DEBUG:colcon.colcon_core.event_handler.log_command:Invoked command in '/home/ubuntu/dualshock/build/ds4_driver_msgs' returned '0': CMAKE_PREFIX_PATH=${CMAKE_PREFIX_PATH}:/opt/ros/humble /usr/bin/cmake --build /home/ubuntu/dualshock/build/ds4_driver_msgs -- -j4 -l4
[4.322s] DEBUG:colcon.colcon_core.event_handler.log_command:Invoking command in '/home/ubuntu/dualshock/build/ds4_driver_msgs': CMAKE_PREFIX_PATH=${CMAKE_PREFIX_PATH}:/opt/ros/humble /usr/bin/cmake --install /home/ubuntu/dualshock/build/ds4_driver_msgs
[4.635s] Level 1:colcon.colcon_core.environment:create_environment_scripts_only(ds4_driver_msgs)
[4.636s] DEBUG:colcon.colcon_core.event_handler.log_command:Invoked command in '/home/ubuntu/dualshock/build/ds4_driver_msgs' returned '0': CMAKE_PREFIX_PATH=${CMAKE_PREFIX_PATH}:/opt/ros/humble /usr/bin/cmake --install /home/ubuntu/dualshock/build/ds4_driver_msgs
[4.647s] Level 1:colcon.colcon_core.environment:checking '/home/ubuntu/dualshock/install/ds4_driver_msgs' for CMake module files
[4.652s] Level 1:colcon.colcon_core.environment:checking '/home/ubuntu/dualshock/install/ds4_driver_msgs' for CMake config files
[4.656s] Level 1:colcon.colcon_core.shell:create_environment_hook('ds4_driver_msgs', 'cmake_prefix_path')
[4.658s] INFO:colcon.colcon_core.shell:Creating environment hook '/home/ubuntu/dualshock/install/ds4_driver_msgs/share/ds4_driver_msgs/hook/cmake_prefix_path.ps1'
[4.660s] INFO:colcon.colcon_core.shell:Creating environment descriptor '/home/ubuntu/dualshock/install/ds4_driver_msgs/share/ds4_driver_msgs/hook/cmake_prefix_path.dsv'
[4.662s] INFO:colcon.colcon_core.shell:Creating environment hook '/home/ubuntu/dualshock/install/ds4_driver_msgs/share/ds4_driver_msgs/hook/cmake_prefix_path.sh'
[4.666s] Level 1:colcon.colcon_core.environment:checking '/home/ubuntu/dualshock/install/ds4_driver_msgs/lib'
[4.667s] Level 1:colcon.colcon_core.shell:create_environment_hook('ds4_driver_msgs', 'ld_library_path_lib')
[4.668s] INFO:colcon.colcon_core.shell:Creating environment hook '/home/ubuntu/dualshock/install/ds4_driver_msgs/share/ds4_driver_msgs/hook/ld_library_path_lib.ps1'
[4.670s] INFO:colcon.colcon_core.shell:Creating environment descriptor '/home/ubuntu/dualshock/install/ds4_driver_msgs/share/ds4_driver_msgs/hook/ld_library_path_lib.dsv'
[4.672s] INFO:colcon.colcon_core.shell:Creating environment hook '/home/ubuntu/dualshock/install/ds4_driver_msgs/share/ds4_driver_msgs/hook/ld_library_path_lib.sh'
[4.674s] Level 1:colcon.colcon_core.environment:checking '/home/ubuntu/dualshock/install/ds4_driver_msgs/bin'
[4.675s] Level 1:colcon.colcon_core.environment:checking '/home/ubuntu/dualshock/install/ds4_driver_msgs/lib/pkgconfig/ds4_driver_msgs.pc'
[4.676s] Level 1:colcon.colcon_core.environment:checking '/home/ubuntu/dualshock/install/ds4_driver_msgs/lib/python3.10/site-packages'
[4.677s] Level 1:colcon.colcon_core.environment:checking '/home/ubuntu/dualshock/install/ds4_driver_msgs/bin'
[4.678s] INFO:colcon.colcon_core.shell:Creating package script '/home/ubuntu/dualshock/install/ds4_driver_msgs/share/ds4_driver_msgs/package.ps1'
[4.681s] INFO:colcon.colcon_core.shell:Creating package descriptor '/home/ubuntu/dualshock/install/ds4_driver_msgs/share/ds4_driver_msgs/package.dsv'
[4.684s] INFO:colcon.colcon_core.shell:Creating package script '/home/ubuntu/dualshock/install/ds4_driver_msgs/share/ds4_driver_msgs/package.sh'
[4.688s] INFO:colcon.colcon_core.shell:Creating package script '/home/ubuntu/dualshock/install/ds4_driver_msgs/share/ds4_driver_msgs/package.bash'
[4.692s] INFO:colcon.colcon_core.shell:Creating package script '/home/ubuntu/dualshock/install/ds4_driver_msgs/share/ds4_driver_msgs/package.zsh'
[4.695s] Level 1:colcon.colcon_core.environment:create_file_with_runtime_dependencies(/home/ubuntu/dualshock/install/ds4_driver_msgs/share/colcon-core/packages/ds4_driver_msgs)
[5.453s] Level 1:colcon.colcon_core.environment:create_environment_scripts_only(ds4_driver_msgs)
[5.455s] Level 1:colcon.colcon_core.environment:checking '/home/ubuntu/dualshock/install/ds4_driver_msgs' for CMake module files
[5.460s] Level 1:colcon.colcon_core.environment:checking '/home/ubuntu/dualshock/install/ds4_driver_msgs' for CMake config files
[5.467s] Level 1:colcon.colcon_core.shell:create_environment_hook('ds4_driver_msgs', 'cmake_prefix_path')
[5.468s] INFO:colcon.colcon_core.shell:Creating environment hook '/home/ubuntu/dualshock/install/ds4_driver_msgs/share/ds4_driver_msgs/hook/cmake_prefix_path.ps1'
[5.470s] INFO:colcon.colcon_core.shell:Creating environment descriptor '/home/ubuntu/dualshock/install/ds4_driver_msgs/share/ds4_driver_msgs/hook/cmake_prefix_path.dsv'
[5.472s] INFO:colcon.colcon_core.shell:Creating environment hook '/home/ubuntu/dualshock/install/ds4_driver_msgs/share/ds4_driver_msgs/hook/cmake_prefix_path.sh'
[5.474s] Level 1:colcon.colcon_core.environment:checking '/home/ubuntu/dualshock/install/ds4_driver_msgs/lib'
[5.475s] Level 1:colcon.colcon_core.shell:create_environment_hook('ds4_driver_msgs', 'ld_library_path_lib')
[5.476s] INFO:colcon.colcon_core.shell:Creating environment hook '/home/ubuntu/dualshock/install/ds4_driver_msgs/share/ds4_driver_msgs/hook/ld_library_path_lib.ps1'
[5.478s] INFO:colcon.colcon_core.shell:Creating environment descriptor '/home/ubuntu/dualshock/install/ds4_driver_msgs/share/ds4_driver_msgs/hook/ld_library_path_lib.dsv'
[5.480s] INFO:colcon.colcon_core.shell:Creating environment hook '/home/ubuntu/dualshock/install/ds4_driver_msgs/share/ds4_driver_msgs/hook/ld_library_path_lib.sh'
[5.482s] Level 1:colcon.colcon_core.environment:checking '/home/ubuntu/dualshock/install/ds4_driver_msgs/bin'
[5.482s] Level 1:colcon.colcon_core.environment:checking '/home/ubuntu/dualshock/install/ds4_driver_msgs/lib/pkgconfig/ds4_driver_msgs.pc'
[5.483s] Level 1:colcon.colcon_core.environment:checking '/home/ubuntu/dualshock/install/ds4_driver_msgs/lib/python3.10/site-packages'
[5.484s] Level 1:colcon.colcon_core.environment:checking '/home/ubuntu/dualshock/install/ds4_driver_msgs/bin'
[5.486s] INFO:colcon.colcon_core.shell:Creating package script '/home/ubuntu/dualshock/install/ds4_driver_msgs/share/ds4_driver_msgs/package.ps1'
[5.488s] INFO:colcon.colcon_core.shell:Creating package descriptor '/home/ubuntu/dualshock/install/ds4_driver_msgs/share/ds4_driver_msgs/package.dsv'
[5.491s] INFO:colcon.colcon_core.shell:Creating package script '/home/ubuntu/dualshock/install/ds4_driver_msgs/share/ds4_driver_msgs/package.sh'
[5.494s] INFO:colcon.colcon_core.shell:Creating package script '/home/ubuntu/dualshock/install/ds4_driver_msgs/share/ds4_driver_msgs/package.bash'
[5.496s] INFO:colcon.colcon_core.shell:Creating package script '/home/ubuntu/dualshock/install/ds4_driver_msgs/share/ds4_driver_msgs/package.zsh'
[5.498s] Level 1:colcon.colcon_core.environment:create_file_with_runtime_dependencies(/home/ubuntu/dualshock/install/ds4_driver_msgs/share/colcon-core/packages/ds4_driver_msgs)
[5.500s] INFO:colcon.colcon_ros.task.ament_cmake.build:Building ROS package in '/home/ubuntu/dualshock/src/ds4_driver/ds4_driver' with build type 'ament_cmake'
[5.500s] INFO:colcon.colcon_cmake.task.cmake.build:Building CMake package in '/home/ubuntu/dualshock/src/ds4_driver/ds4_driver'
[5.501s] INFO:colcon.colcon_core.shell:Skip shell extension 'powershell' for command environment: Not usable outside of PowerShell
[5.502s] DEBUG:colcon.colcon_core.shell:Skip shell extension 'dsv' for command environment
[5.555s] DEBUG:colcon.colcon_core.event_handler.log_command:Invoking command in '/home/ubuntu/dualshock/build/ds4_driver': CMAKE_PREFIX_PATH=/home/ubuntu/dualshock/install/ds4_driver_msgs:/home/ubuntu/dualshock/install/ds4_driver:/opt/ros/humble /usr/bin/cmake --build /home/ubuntu/dualshock/build/ds4_driver -- -j4 -l4
[7.097s] DEBUG:colcon.colcon_core.event_handler.log_command:Invoked command in '/home/ubuntu/dualshock/build/ds4_driver' returned '0': CMAKE_PREFIX_PATH=/home/ubuntu/dualshock/install/ds4_driver_msgs:/home/ubuntu/dualshock/install/ds4_driver:/opt/ros/humble /usr/bin/cmake --build /home/ubuntu/dualshock/build/ds4_driver -- -j4 -l4
[7.231s] DEBUG:colcon.colcon_core.event_handler.log_command:Invoking command in '/home/ubuntu/dualshock/build/ds4_driver': CMAKE_PREFIX_PATH=/home/ubuntu/dualshock/install/ds4_driver_msgs:/home/ubuntu/dualshock/install/ds4_driver:/opt/ros/humble /usr/bin/cmake --install /home/ubuntu/dualshock/build/ds4_driver
[7.455s] Level 1:colcon.colcon_core.environment:create_environment_scripts_only(ds4_driver)
[7.456s] Level 1:colcon.colcon_core.environment:checking '/home/ubuntu/dualshock/install/ds4_driver' for CMake module files
[7.458s] DEBUG:colcon.colcon_core.event_handler.log_command:Invoked command in '/home/ubuntu/dualshock/build/ds4_driver' returned '0': CMAKE_PREFIX_PATH=/home/ubuntu/dualshock/install/ds4_driver_msgs:/home/ubuntu/dualshock/install/ds4_driver:/opt/ros/humble /usr/bin/cmake --install /home/ubuntu/dualshock/build/ds4_driver
[7.461s] Level 1:colcon.colcon_core.environment:checking '/home/ubuntu/dualshock/install/ds4_driver' for CMake config files
[7.464s] Level 1:colcon.colcon_core.shell:create_environment_hook('ds4_driver', 'cmake_prefix_path')
[7.465s] INFO:colcon.colcon_core.shell:Creating environment hook '/home/ubuntu/dualshock/install/ds4_driver/share/ds4_driver/hook/cmake_prefix_path.ps1'
[7.467s] INFO:colcon.colcon_core.shell:Creating environment descriptor '/home/ubuntu/dualshock/install/ds4_driver/share/ds4_driver/hook/cmake_prefix_path.dsv'
[7.469s] INFO:colcon.colcon_core.shell:Creating environment hook '/home/ubuntu/dualshock/install/ds4_driver/share/ds4_driver/hook/cmake_prefix_path.sh'
[7.472s] Level 1:colcon.colcon_core.environment:checking '/home/ubuntu/dualshock/install/ds4_driver/lib'
[7.473s] Level 1:colcon.colcon_core.environment:checking '/home/ubuntu/dualshock/install/ds4_driver/bin'
[7.473s] Level 1:colcon.colcon_core.environment:checking '/home/ubuntu/dualshock/install/ds4_driver/lib/pkgconfig/ds4_driver.pc'
[7.474s] Level 1:colcon.colcon_core.environment:checking '/home/ubuntu/dualshock/install/ds4_driver/lib/python3.10/site-packages'
[7.475s] Level 1:colcon.colcon_core.environment:checking '/home/ubuntu/dualshock/install/ds4_driver/bin'
[7.476s] INFO:colcon.colcon_core.shell:Creating package script '/home/ubuntu/dualshock/install/ds4_driver/share/ds4_driver/package.ps1'
[7.479s] INFO:colcon.colcon_core.shell:Creating package descriptor '/home/ubuntu/dualshock/install/ds4_driver/share/ds4_driver/package.dsv'
[7.481s] INFO:colcon.colcon_core.shell:Creating package script '/home/ubuntu/dualshock/install/ds4_driver/share/ds4_driver/package.sh'
[7.483s] INFO:colcon.colcon_core.shell:Creating package script '/home/ubuntu/dualshock/install/ds4_driver/share/ds4_driver/package.bash'
[7.485s] INFO:colcon.colcon_core.shell:Creating package script '/home/ubuntu/dualshock/install/ds4_driver/share/ds4_driver/package.zsh'
[7.487s] Level 1:colcon.colcon_core.environment:create_file_with_runtime_dependencies(/home/ubuntu/dualshock/install/ds4_driver/share/colcon-core/packages/ds4_driver)
[7.603s] Level 1:colcon.colcon_core.environment:create_environment_scripts_only(ds4_driver)
[7.604s] Level 1:colcon.colcon_core.environment:checking '/home/ubuntu/dualshock/install/ds4_driver' for CMake module files
[7.609s] Level 1:colcon.colcon_core.environment:checking '/home/ubuntu/dualshock/install/ds4_driver' for CMake config files
[7.613s] Level 1:colcon.colcon_core.shell:create_environment_hook('ds4_driver', 'cmake_prefix_path')
[7.614s] INFO:colcon.colcon_core.shell:Creating environment hook '/home/ubuntu/dualshock/install/ds4_driver/share/ds4_driver/hook/cmake_prefix_path.ps1'
[7.617s] INFO:colcon.colcon_core.shell:Creating environment descriptor '/home/ubuntu/dualshock/install/ds4_driver/share/ds4_driver/hook/cmake_prefix_path.dsv'
[7.618s] INFO:colcon.colcon_core.shell:Creating environment hook '/home/ubuntu/dualshock/install/ds4_driver/share/ds4_driver/hook/cmake_prefix_path.sh'
[7.621s] Level 1:colcon.colcon_core.environment:checking '/home/ubuntu/dualshock/install/ds4_driver/lib'
[7.622s] Level 1:colcon.colcon_core.environment:checking '/home/ubuntu/dualshock/install/ds4_driver/bin'
[7.622s] Level 1:colcon.colcon_core.environment:checking '/home/ubuntu/dualshock/install/ds4_driver/lib/pkgconfig/ds4_driver.pc'
[7.623s] Level 1:colcon.colcon_core.environment:checking '/home/ubuntu/dualshock/install/ds4_driver/lib/python3.10/site-packages'
[7.624s] Level 1:colcon.colcon_core.environment:checking '/home/ubuntu/dualshock/install/ds4_driver/bin'
[7.625s] INFO:colcon.colcon_core.shell:Creating package script '/home/ubuntu/dualshock/install/ds4_driver/share/ds4_driver/package.ps1'
[7.628s] INFO:colcon.colcon_core.shell:Creating package descriptor '/home/ubuntu/dualshock/install/ds4_driver/share/ds4_driver/package.dsv'
[7.630s] INFO:colcon.colcon_core.shell:Creating package script '/home/ubuntu/dualshock/install/ds4_driver/share/ds4_driver/package.sh'
[7.633s] INFO:colcon.colcon_core.shell:Creating package script '/home/ubuntu/dualshock/install/ds4_driver/share/ds4_driver/package.bash'
[7.635s] INFO:colcon.colcon_core.shell:Creating package script '/home/ubuntu/dualshock/install/ds4_driver/share/ds4_driver/package.zsh'
[7.638s] Level 1:colcon.colcon_core.environment:create_file_with_runtime_dependencies(/home/ubuntu/dualshock/install/ds4_driver/share/colcon-core/packages/ds4_driver)
[7.639s] DEBUG:colcon.colcon_parallel_executor.executor.parallel:closing loop
[7.640s] DEBUG:colcon.colcon_parallel_executor.executor.parallel:loop closed
[7.641s] DEBUG:colcon.colcon_parallel_executor.executor.parallel:run_until_complete finished with '0'
[7.641s] DEBUG:colcon.colcon_core.event_reactor:joining thread
[7.663s] INFO:colcon.colcon_core.plugin_system:Skipping extension 'colcon_notification.desktop_notification.notify_send': Could not find 'notify-send'
[7.664s] INFO:colcon.colcon_core.plugin_system:Skipping extension 'colcon_notification.desktop_notification.terminal_notifier': Not used on non-Darwin systems
[7.664s] INFO:colcon.colcon_core.plugin_system:Skipping extension 'colcon_notification.desktop_notification.win32': Not used on non-Windows systems
[7.664s] INFO:colcon.colcon_notification.desktop_notification:Sending desktop notification using 'notify2'
[7.667s] DEBUG:colcon.colcon_notification.desktop_notification.notify2:Failed to initialize notify2: org.freedesktop.DBus.Error.ServiceUnknown: The name org.freedesktop.Notifications was not provided by any .service files
[7.668s] DEBUG:colcon.colcon_core.event_reactor:joined thread
[7.668s] INFO:colcon.colcon_core.shell:Creating prefix script '/home/ubuntu/dualshock/install/local_setup.ps1'
[7.672s] INFO:colcon.colcon_core.shell:Creating prefix util module '/home/ubuntu/dualshock/install/_local_setup_util_ps1.py'
[7.678s] INFO:colcon.colcon_core.shell:Creating prefix chain script '/home/ubuntu/dualshock/install/setup.ps1'
[7.682s] INFO:colcon.colcon_core.shell:Creating prefix script '/home/ubuntu/dualshock/install/local_setup.sh'
[7.685s] INFO:colcon.colcon_core.shell:Creating prefix util module '/home/ubuntu/dualshock/install/_local_setup_util_sh.py'
[7.687s] INFO:colcon.colcon_core.shell:Creating prefix chain script '/home/ubuntu/dualshock/install/setup.sh'
[7.692s] INFO:colcon.colcon_core.shell:Creating prefix script '/home/ubuntu/dualshock/install/local_setup.bash'
[7.694s] INFO:colcon.colcon_core.shell:Creating prefix chain script '/home/ubuntu/dualshock/install/setup.bash'
[7.699s] INFO:colcon.colcon_core.shell:Creating prefix script '/home/ubuntu/dualshock/install/local_setup.zsh'
[7.702s] INFO:colcon.colcon_core.shell:Creating prefix chain script '/home/ubuntu/dualshock/install/setup.zsh'
